2024-05-17 11:01:13.976119	[INFO]	user_manager.py	响应时间:5092ms	江苏省	苏州市	这里是日志信息......
2024-05-17 11:01:13.976119	[INFO]	user_manager.py	响应时间:658ms	北京市	昌平区	这里是日志信息......
2024-05-17 11:01:13.976119	[WARN]	user_manager.py	响应时间:331ms	广东省	深圳市	这里是日志信息......
2024-05-17 11:01:13.976119	[INFO]	shop_manager.py	响应时间:896ms	北京市	昌平区	这里是日志信息......
2024-05-17 11:01:13.976119	[INFO]	orders_service.py	响应时间:500ms	湖南省	长沙市	这里是日志信息......
2024-05-17 11:01:13.976119	[INFO]	orders_service.py	响应时间:993ms	湖北省	十堰市	这里是日志信息......
2024-05-17 11:01:13.977008	[WARN]	orders_service.py	响应时间:784ms	上海市	徐汇区	这里是日志信息......
2024-05-17 11:01:13.977008	[INFO]	event.py	响应时间:866ms	广东省	广州市	这里是日志信息......
2024-05-17 11:01:13.977008	[INFO]	goods_manager.py	响应时间:170ms	湖南省	益阳市	这里是日志信息......
2024-05-17 11:01:13.977008	[INFO]	event.py	响应时间:157ms	安徽省	阜阳市	这里是日志信息......
2024-05-17 11:01:13.977008	[INFO]	barcode_service.py	响应时间:510ms	重庆市	万州区	这里是日志信息......
2024-05-17 11:01:13.977008	[ERROR]	orders_service.py	响应时间:109ms	湖北省	武汉市	这里是日志信息......
2024-05-17 11:01:13.977008	[INFO]	barcode_service.py	响应时间:1718ms	湖北省	十堰市	这里是日志信息......
2024-05-17 11:01:13.977008	[INFO]	shop_manager.py	响应时间:232ms	江苏省	张家港市	这里是日志信息......
2024-05-17 11:01:13.977008	[INFO]	event.py	响应时间:216ms	广东省	广州市	这里是日志信息......
2024-05-17 11:01:13.977008	[WARN]	goods_manager.py	响应时间:4ms	湖南省	长沙市	这里是日志信息......
2024-05-17 11:01:13.977008	[WARN]	user_manager.py	响应时间:468ms	山东省	济南市	这里是日志信息......
2024-05-17 11:01:13.977008	[INFO]	shop_manager.py	响应时间:211ms	湖南省	长沙市	这里是日志信息......
2024-05-17 11:01:13.977008	[INFO]	event.py	响应时间:175ms	湖北省	荆州市	这里是日志信息......
2024-05-17 11:01:13.977008	[INFO]	base_network.py	响应时间:312ms	江苏省	张家港市	这里是日志信息......
2024-05-17 11:01:13.977008	[INFO]	shop_manager.py	响应时间:951ms	安徽省	合肥市	这里是日志信息......
2024-05-17 11:01:13.977008	[INFO]	base_network.py	响应时间:867ms	湖北省	武汉市	这里是日志信息......
2024-05-17 11:01:13.977008	[INFO]	orders_service.py	响应时间:883ms	江苏省	南京市	这里是日志信息......
2024-05-17 11:01:13.977008	[INFO]	goods_manager.py	响应时间:507ms	浙江省	丽水市	这里是日志信息......
2024-05-17 11:01:13.977008	[WARN]	goods_manager.py	响应时间:120ms	浙江省	丽水市	这里是日志信息......
2024-05-17 11:01:13.977008	[ERROR]	user_manager.py	响应时间:329ms	北京市	怀柔区	这里是日志信息......
2024-05-17 11:01:13.977008	[INFO]	orders_service.py	响应时间:713ms	江苏省	无锡市	这里是日志信息......
2024-05-17 11:01:13.977008	[INFO]	event.py	响应时间:391ms	重庆市	南岸区	这里是日志信息......
2024-05-17 11:01:13.977008	[INFO]	orders_service.py	响应时间:672ms	湖南省	张家界市	这里是日志信息......
2024-05-17 11:01:13.977008	[INFO]	orders_service.py	响应时间:718ms	江苏省	无锡市	这里是日志信息......
2024-05-17 11:01:13.977008	[INFO]	barcode_service.py	响应时间:130ms	天津市	河东区	这里是日志信息......
2024-05-17 11:01:13.977008	[INFO]	goods_manager.py	响应时间:269ms	安徽省	合肥市	这里是日志信息......
2024-05-17 11:01:13.977008	[INFO]	base_network.py	响应时间:454ms	重庆市	万州区	这里是日志信息......
2024-05-17 11:01:13.977008	[WARN]	user_manager.py	响应时间:638ms	江苏省	苏州市	这里是日志信息......
2024-05-17 11:01:13.977008	[INFO]	orders_service.py	响应时间:209ms	山东省	菏泽市	这里是日志信息......
2024-05-17 11:01:13.977008	[INFO]	orders_service.py	响应时间:861ms	北京市	怀柔区	这里是日志信息......
2024-05-17 11:01:13.977008	[INFO]	user_manager.py	响应时间:700ms	湖南省	长沙市	这里是日志信息......
2024-05-17 11:01:13.977008	[INFO]	user_manager.py	响应时间:665ms	湖南省	长沙市	这里是日志信息......
2024-05-17 11:01:13.977008	[INFO]	event.py	响应时间:733ms	广东省	广州市	这里是日志信息......
2024-05-17 11:01:13.977008	[INFO]	base_network.py	响应时间:729ms	湖北省	荆州市	这里是日志信息......
2024-05-17 11:01:13.977008	[INFO]	user_manager.py	响应时间:76ms	湖北省	荆州市	这里是日志信息......
2024-05-17 11:01:13.977008	[INFO]	goods_manager.py	响应时间:163ms	湖北省	荆州市	这里是日志信息......
2024-05-17 11:01:13.977008	[INFO]	orders_service.py	响应时间:648ms	重庆市	万州区	这里是日志信息......
2024-05-17 11:01:13.977008	[WARN]	event.py	响应时间:622ms	浙江省	丽水市	这里是日志信息......
2024-05-17 11:01:13.977008	[ERROR]	barcode_service.py	响应时间:195ms	上海市	浦东新区	这里是日志信息......
2024-05-17 11:01:13.977008	[INFO]	event.py	响应时间:137ms	浙江省	湖州市	这里是日志信息......
2024-05-17 11:01:13.977008	[INFO]	shop_manager.py	响应时间:519ms	重庆市	渝中区	这里是日志信息......
2024-05-17 11:01:13.977008	[WARN]	goods_manager.py	响应时间:448ms	湖南省	长沙市	这里是日志信息......
2024-05-17 11:01:13.977008	[INFO]	event.py	响应时间:976ms	浙江省	嘉兴市	这里是日志信息......
2024-05-17 11:01:13.977008	[INFO]	shop_manager.py	响应时间:427ms	重庆市	涪陵区	这里是日志信息......
2024-05-17 11:01:13.977008	[INFO]	orders_service.py	响应时间:9745ms	广东省	珠海市	这里是日志信息......
2024-05-17 11:01:13.977008	[ERROR]	shop_manager.py	响应时间:752ms	重庆市	万州区	这里是日志信息......
2024-05-17 11:01:13.977008	[INFO]	event.py	响应时间:453ms	山东省	济南市	这里是日志信息......
2024-05-17 11:01:13.977008	[INFO]	barcode_service.py	响应时间:864ms	广东省	深圳市	这里是日志信息......
2024-05-17 11:01:13.977008	[INFO]	barcode_service.py	响应时间:518ms	上海市	普陀区	这里是日志信息......
2024-05-17 11:01:13.977008	[INFO]	goods_manager.py	响应时间:600ms	山东省	青岛市	这里是日志信息......
2024-05-17 11:01:13.977008	[INFO]	orders_service.py	响应时间:97ms	广东省	珠海市	这里是日志信息......
2024-05-17 11:01:13.977008	[INFO]	barcode_service.py	响应时间:184ms	北京市	怀柔区	这里是日志信息......
2024-05-17 11:01:13.977008	[INFO]	event.py	响应时间:592ms	北京市	朝阳区	这里是日志信息......
2024-05-17 11:01:13.977008	[INFO]	event.py	响应时间:144ms	安徽省	合肥市	这里是日志信息......
2024-05-17 11:01:13.977008	[INFO]	user_manager.py	响应时间:871ms	天津市	武清区	这里是日志信息......
2024-05-17 11:01:13.977008	[WARN]	goods_manager.py	响应时间:671ms	上海市	浦东新区	这里是日志信息......
2024-05-17 11:01:13.977008	[INFO]	orders_service.py	响应时间:865ms	山东省	青岛市	这里是日志信息......
2024-05-17 11:01:13.977008	[INFO]	base_network.py	响应时间:763ms	上海市	杨浦区	这里是日志信息......
2024-05-17 11:01:13.977008	[INFO]	goods_manager.py	响应时间:710ms	江苏省	南京市	这里是日志信息......
2024-05-17 11:01:13.977008	[INFO]	goods_manager.py	响应时间:710ms	湖北省	十堰市	这里是日志信息......
2024-05-17 11:01:13.977008	[WARN]	goods_manager.py	响应时间:425ms	重庆市	万州区	这里是日志信息......
2024-05-17 11:01:13.977008	[INFO]	user_manager.py	响应时间:515ms	北京市	朝阳区	这里是日志信息......
2024-05-17 11:01:13.977008	[INFO]	goods_manager.py	响应时间:779ms	重庆市	万州区	这里是日志信息......
2024-05-17 11:01:13.977008	[INFO]	event.py	响应时间:161ms	天津市	宝坻区	这里是日志信息......
2024-05-17 11:01:13.977008	[INFO]	event.py	响应时间:49ms	天津市	和平区	这里是日志信息......
2024-05-17 11:01:13.978010	[WARN]	event.py	响应时间:883ms	广东省	深圳市	这里是日志信息......
2024-05-17 11:01:13.978010	[INFO]	goods_manager.py	响应时间:8ms	天津市	宝坻区	这里是日志信息......
2024-05-17 11:01:13.978010	[INFO]	goods_manager.py	响应时间:264ms	湖北省	武汉市	这里是日志信息......
2024-05-17 11:01:13.978010	[INFO]	orders_service.py	响应时间:986ms	山东省	济南市	这里是日志信息......
2024-05-17 11:01:13.978010	[INFO]	event.py	响应时间:444ms	广东省	深圳市	这里是日志信息......
2024-05-17 11:01:13.978010	[INFO]	goods_manager.py	响应时间:607ms	北京市	丰台区	这里是日志信息......
2024-05-17 11:01:13.978010	[ERROR]	goods_manager.py	响应时间:988ms	江苏省	常州市	这里是日志信息......
2024-05-17 11:01:13.978010	[INFO]	event.py	响应时间:52ms	重庆市	沙坪坝区	这里是日志信息......
2024-05-17 11:01:13.978010	[INFO]	orders_service.py	响应时间:576ms	安徽省	合肥市	这里是日志信息......
2024-05-17 11:01:13.978010	[INFO]	event.py	响应时间:446ms	重庆市	涪陵区	这里是日志信息......
2024-05-17 11:01:13.978010	[WARN]	orders_service.py	响应时间:799ms	天津市	和平区	这里是日志信息......
2024-05-17 11:01:13.978010	[INFO]	goods_manager.py	响应时间:691ms	北京市	海淀区	这里是日志信息......
2024-05-17 11:01:13.978010	[INFO]	user_manager.py	响应时间:999ms	安徽省	合肥市	这里是日志信息......
2024-05-17 11:01:13.978010	[INFO]	orders_service.py	响应时间:739ms	山东省	济南市	这里是日志信息......
2024-05-17 11:01:13.978010	[INFO]	barcode_service.py	响应时间:421ms	安徽省	合肥市	这里是日志信息......
2024-05-17 11:01:13.978010	[INFO]	orders_service.py	响应时间:441ms	湖南省	长沙市	这里是日志信息......
2024-05-17 11:01:13.978010	[INFO]	goods_manager.py	响应时间:833ms	浙江省	杭州市	这里是日志信息......
2024-05-17 11:01:13.978010	[INFO]	barcode_service.py	响应时间:562ms	江苏省	常州市	这里是日志信息......
2024-05-17 11:01:13.978010	[INFO]	goods_manager.py	响应时间:499ms	重庆市	九龙坡区	这里是日志信息......
2024-05-17 11:01:13.978010	[INFO]	user_manager.py	响应时间:310ms	重庆市	渝中区	这里是日志信息......
2024-05-17 11:01:13.978010	[INFO]	goods_manager.py	响应时间:216ms	天津市	武清区	这里是日志信息......
2024-05-17 11:01:13.978010	[INFO]	user_manager.py	响应时间:873ms	安徽省	合肥市	这里是日志信息......
2024-05-17 11:01:13.978010	[INFO]	orders_service.py	响应时间:682ms	江苏省	张家港市	这里是日志信息......
2024-05-17 11:01:13.978010	[INFO]	user_manager.py	响应时间:50ms	江苏省	无锡市	这里是日志信息......
2024-05-17 11:01:13.978010	[INFO]	base_network.py	响应时间:5514ms	安徽省	铜陵市	这里是日志信息......
2024-05-17 11:01:13.978010	[INFO]	goods_manager.py	响应时间:911ms	广东省	广州市	这里是日志信息......
2024-05-17 11:01:13.978010	[INFO]	base_network.py	响应时间:513ms	广东省	深圳市	这里是日志信息......
2024-05-17 11:01:13.978010	[INFO]	user_manager.py	响应时间:840ms	重庆市	沙坪坝区	这里是日志信息......
2024-05-17 11:01:13.978010	[INFO]	orders_service.py	响应时间:878ms	上海市	普陀区	这里是日志信息......
2024-05-17 11:01:13.978010	[INFO]	barcode_service.py	响应时间:141ms	重庆市	万州区	这里是日志信息......
2024-05-17 11:01:13.978010	[INFO]	event.py	响应时间:693ms	广东省	深圳市	这里是日志信息......
2024-05-17 11:01:13.978010	[INFO]	event.py	响应时间:807ms	安徽省	合肥市	这里是日志信息......
2024-05-17 11:01:13.978010	[INFO]	base_network.py	响应时间:809ms	湖南省	株洲市	这里是日志信息......
2024-05-17 11:01:13.978010	[INFO]	orders_service.py	响应时间:924ms	重庆市	万州区	这里是日志信息......
2024-05-17 11:01:13.978010	[INFO]	goods_manager.py	响应时间:181ms	湖南省	长沙市	这里是日志信息......
2024-05-17 11:01:13.978010	[INFO]	event.py	响应时间:160ms	湖北省	恩施土家族苗族自治州	这里是日志信息......
2024-05-17 11:01:13.978010	[INFO]	goods_manager.py	响应时间:36ms	广东省	珠海市	这里是日志信息......
2024-05-17 11:01:13.978010	[INFO]	goods_manager.py	响应时间:153ms	江苏省	南京市	这里是日志信息......
2024-05-17 11:01:13.978010	[INFO]	barcode_service.py	响应时间:360ms	山东省	济南市	这里是日志信息......
2024-05-17 11:01:13.978010	[ERROR]	event.py	响应时间:73ms	天津市	和平区	这里是日志信息......
2024-05-17 11:01:13.978010	[INFO]	goods_manager.py	响应时间:19ms	广东省	深圳市	这里是日志信息......
2024-05-17 11:01:13.978010	[INFO]	user_manager.py	响应时间:510ms	湖北省	荆州市	这里是日志信息......
2024-05-17 11:01:13.978010	[INFO]	shop_manager.py	响应时间:875ms	湖南省	张家界市	这里是日志信息......
2024-05-17 11:01:13.978010	[WARN]	barcode_service.py	响应时间:984ms	天津市	武清区	这里是日志信息......
2024-05-17 11:01:13.978010	[INFO]	base_network.py	响应时间:325ms	山东省	菏泽市	这里是日志信息......
2024-05-17 11:01:13.978010	[INFO]	user_manager.py	响应时间:207ms	山东省	菏泽市	这里是日志信息......
2024-05-17 11:01:13.978010	[INFO]	event.py	响应时间:830ms	上海市	宝山区	这里是日志信息......
2024-05-17 11:01:13.978010	[INFO]	orders_service.py	响应时间:602ms	湖北省	十堰市	这里是日志信息......
2024-05-17 11:01:13.978010	[INFO]	goods_manager.py	响应时间:523ms	重庆市	万州区	这里是日志信息......
2024-05-17 11:01:13.978010	[INFO]	orders_service.py	响应时间:526ms	湖北省	武汉市	这里是日志信息......
2024-05-17 11:01:13.978010	[INFO]	shop_manager.py	响应时间:115ms	重庆市	万州区	这里是日志信息......
2024-05-17 11:01:13.978010	[INFO]	event.py	响应时间:587ms	广东省	广州市	这里是日志信息......
2024-05-17 11:01:13.978010	[INFO]	orders_service.py	响应时间:560ms	上海市	静安区	这里是日志信息......
2024-05-17 11:01:13.978010	[INFO]	user_manager.py	响应时间:621ms	江苏省	无锡市	这里是日志信息......
2024-05-17 11:01:13.978010	[WARN]	event.py	响应时间:223ms	山东省	青岛市	这里是日志信息......
2024-05-17 11:01:13.978010	[INFO]	goods_manager.py	响应时间:326ms	天津市	宝坻区	这里是日志信息......
2024-05-17 11:01:13.978010	[INFO]	user_manager.py	响应时间:6994ms	重庆市	南岸区	这里是日志信息......
2024-05-17 11:01:13.978010	[INFO]	shop_manager.py	响应时间:818ms	上海市	普陀区	这里是日志信息......
2024-05-17 11:01:13.978010	[INFO]	event.py	响应时间:602ms	上海市	静安区	这里是日志信息......
2024-05-17 11:01:13.978010	[INFO]	event.py	响应时间:502ms	上海市	普陀区	这里是日志信息......
2024-05-17 11:01:13.978010	[INFO]	orders_service.py	响应时间:586ms	重庆市	万州区	这里是日志信息......
2024-05-17 11:01:13.978010	[INFO]	event.py	响应时间:668ms	湖北省	武汉市	这里是日志信息......
2024-05-17 11:01:13.978010	[INFO]	orders_service.py	响应时间:204ms	湖北省	荆州市	这里是日志信息......
2024-05-17 11:01:13.978010	[WARN]	barcode_service.py	响应时间:907ms	安徽省	阜阳市	这里是日志信息......
2024-05-17 11:01:13.978010	[INFO]	barcode_service.py	响应时间:848ms	重庆市	九龙坡区	这里是日志信息......
2024-05-17 11:01:13.978010	[INFO]	orders_service.py	响应时间:161ms	江苏省	常州市	这里是日志信息......
2024-05-17 11:01:13.978010	[INFO]	event.py	响应时间:893ms	上海市	浦东新区	这里是日志信息......
2024-05-17 11:01:13.978010	[WARN]	barcode_service.py	响应时间:777ms	湖北省	恩施土家族苗族自治州	这里是日志信息......
2024-05-17 11:01:13.978010	[INFO]	shop_manager.py	响应时间:730ms	安徽省	池州市	这里是日志信息......
2024-05-17 11:01:13.978010	[INFO]	shop_manager.py	响应时间:506ms	湖南省	长沙市	这里是日志信息......
2024-05-17 11:01:13.978010	[INFO]	barcode_service.py	响应时间:309ms	湖南省	张家界市	这里是日志信息......
2024-05-17 11:01:13.978010	[WARN]	event.py	响应时间:302ms	湖南省	长沙市	这里是日志信息......
2024-05-17 11:01:13.978010	[INFO]	event.py	响应时间:532ms	重庆市	九龙坡区	这里是日志信息......
2024-05-17 11:01:13.978010	[WARN]	barcode_service.py	响应时间:79ms	上海市	静安区	这里是日志信息......
2024-05-17 11:01:13.978010	[INFO]	base_network.py	响应时间:332ms	浙江省	丽水市	这里是日志信息......
2024-05-17 11:01:13.978010	[INFO]	goods_manager.py	响应时间:461ms	重庆市	万州区	这里是日志信息......
2024-05-17 11:01:13.978010	[INFO]	barcode_service.py	响应时间:538ms	北京市	昌平区	这里是日志信息......
2024-05-17 11:01:13.978010	[INFO]	goods_manager.py	响应时间:776ms	湖北省	武汉市	这里是日志信息......
2024-05-17 11:01:13.978010	[WARN]	shop_manager.py	响应时间:738ms	广东省	深圳市	这里是日志信息......
2024-05-17 11:01:13.978010	[INFO]	shop_manager.py	响应时间:191ms	湖北省	武汉市	这里是日志信息......
2024-05-17 11:01:13.978010	[INFO]	shop_manager.py	响应时间:240ms	上海市	徐汇区	这里是日志信息......
2024-05-17 11:01:13.978994	[INFO]	event.py	响应时间:750ms	湖南省	长沙市	这里是日志信息......
2024-05-17 11:01:13.978994	[INFO]	shop_manager.py	响应时间:669ms	山东省	济南市	这里是日志信息......
2024-05-17 11:01:13.978994	[INFO]	event.py	响应时间:968ms	上海市	静安区	这里是日志信息......
2024-05-17 11:01:13.978994	[ERROR]	event.py	响应时间:556ms	上海市	杨浦区	这里是日志信息......
2024-05-17 11:01:13.978994	[INFO]	orders_service.py	响应时间:422ms	北京市	海淀区	这里是日志信息......
2024-05-17 11:01:13.978994	[INFO]	shop_manager.py	响应时间:195ms	上海市	杨浦区	这里是日志信息......
2024-05-17 11:01:13.978994	[INFO]	event.py	响应时间:151ms	广东省	珠海市	这里是日志信息......
2024-05-17 11:01:13.978994	[ERROR]	user_manager.py	响应时间:753ms	浙江省	嘉兴市	这里是日志信息......
2024-05-17 11:01:13.978994	[INFO]	orders_service.py	响应时间:695ms	上海市	浦东新区	这里是日志信息......
2024-05-17 11:01:13.978994	[INFO]	shop_manager.py	响应时间:321ms	山东省	青岛市	这里是日志信息......
2024-05-17 11:01:13.978994	[INFO]	orders_service.py	响应时间:166ms	湖南省	长沙市	这里是日志信息......
2024-05-17 11:01:13.978994	[INFO]	orders_service.py	响应时间:441ms	安徽省	合肥市	这里是日志信息......
2024-05-17 11:01:13.978994	[INFO]	user_manager.py	响应时间:830ms	北京市	丰台区	这里是日志信息......
2024-05-17 11:01:13.978994	[INFO]	barcode_service.py	响应时间:699ms	上海市	杨浦区	这里是日志信息......
2024-05-17 11:01:13.978994	[INFO]	orders_service.py	响应时间:734ms	湖北省	武汉市	这里是日志信息......
2024-05-17 11:01:13.978994	[INFO]	user_manager.py	响应时间:457ms	江苏省	无锡市	这里是日志信息......
2024-05-17 11:01:13.978994	[INFO]	event.py	响应时间:249ms	湖北省	十堰市	这里是日志信息......
2024-05-17 11:01:13.978994	[INFO]	barcode_service.py	响应时间:163ms	湖南省	株洲市	这里是日志信息......
2024-05-17 11:01:13.978994	[INFO]	event.py	响应时间:619ms	安徽省	合肥市	这里是日志信息......
2024-05-17 11:01:13.978994	[INFO]	barcode_service.py	响应时间:428ms	重庆市	渝中区	这里是日志信息......
2024-05-17 11:01:13.978994	[INFO]	event.py	响应时间:798ms	浙江省	杭州市	这里是日志信息......
2024-05-17 11:01:13.978994	[INFO]	shop_manager.py	响应时间:5455ms	天津市	和平区	这里是日志信息......
2024-05-17 11:01:13.978994	[INFO]	goods_manager.py	响应时间:967ms	湖南省	株洲市	这里是日志信息......
2024-05-17 11:01:13.978994	[WARN]	orders_service.py	响应时间:998ms	江苏省	南京市	这里是日志信息......
2024-05-17 11:01:13.978994	[INFO]	event.py	响应时间:326ms	天津市	武清区	这里是日志信息......
2024-05-17 11:01:13.978994	[INFO]	user_manager.py	响应时间:572ms	安徽省	合肥市	这里是日志信息......
2024-05-17 11:01:13.978994	[INFO]	event.py	响应时间:75ms	安徽省	合肥市	这里是日志信息......
2024-05-17 11:01:13.978994	[INFO]	event.py	响应时间:5460ms	湖南省	长沙市	这里是日志信息......
2024-05-17 11:01:13.978994	[INFO]	user_manager.py	响应时间:477ms	江苏省	宿迁市	这里是日志信息......
2024-05-17 11:01:13.978994	[INFO]	event.py	响应时间:591ms	湖北省	恩施土家族苗族自治州	这里是日志信息......
2024-05-17 11:01:13.978994	[INFO]	barcode_service.py	响应时间:864ms	湖北省	武汉市	这里是日志信息......
2024-05-17 11:01:13.978994	[INFO]	event.py	响应时间:653ms	山东省	青岛市	这里是日志信息......
2024-05-17 11:01:13.978994	[INFO]	event.py	响应时间:805ms	安徽省	铜陵市	这里是日志信息......
2024-05-17 11:01:13.978994	[INFO]	orders_service.py	响应时间:183ms	浙江省	嘉兴市	这里是日志信息......
2024-05-17 11:01:13.978994	[INFO]	user_manager.py	响应时间:84ms	山东省	青岛市	这里是日志信息......
2024-05-17 11:01:13.978994	[INFO]	base_network.py	响应时间:4854ms	湖南省	长沙市	这里是日志信息......
2024-05-17 11:01:13.978994	[INFO]	orders_service.py	响应时间:116ms	安徽省	铜陵市	这里是日志信息......
2024-05-17 11:01:13.978994	[INFO]	event.py	响应时间:660ms	湖北省	十堰市	这里是日志信息......
2024-05-17 11:01:13.978994	[INFO]	goods_manager.py	响应时间:100ms	广东省	广州市	这里是日志信息......
2024-05-17 11:01:13.978994	[INFO]	goods_manager.py	响应时间:8470ms	安徽省	合肥市	这里是日志信息......
2024-05-17 11:01:13.978994	[INFO]	event.py	响应时间:866ms	北京市	昌平区	这里是日志信息......
2024-05-17 11:01:13.978994	[INFO]	orders_service.py	响应时间:146ms	天津市	和平区	这里是日志信息......
2024-05-17 11:01:13.978994	[INFO]	barcode_service.py	响应时间:376ms	天津市	宝坻区	这里是日志信息......
2024-05-17 11:01:13.978994	[INFO]	goods_manager.py	响应时间:9082ms	上海市	宝山区	这里是日志信息......
2024-05-17 11:01:13.978994	[INFO]	orders_service.py	响应时间:450ms	重庆市	万州区	这里是日志信息......
2024-05-17 11:01:13.978994	[INFO]	user_manager.py	响应时间:581ms	北京市	昌平区	这里是日志信息......
2024-05-17 11:01:13.978994	[INFO]	goods_manager.py	响应时间:788ms	天津市	河西区	这里是日志信息......
2024-05-17 11:01:13.978994	[INFO]	barcode_service.py	响应时间:565ms	江苏省	宿迁市	这里是日志信息......
2024-05-17 11:01:13.978994	[INFO]	event.py	响应时间:870ms	天津市	武清区	这里是日志信息......
2024-05-17 11:01:13.978994	[WARN]	event.py	响应时间:96ms	安徽省	阜阳市	这里是日志信息......
2024-05-17 11:01:13.978994	[INFO]	orders_service.py	响应时间:169ms	上海市	黄浦区	这里是日志信息......
2024-05-17 11:01:13.978994	[ERROR]	barcode_service.py	响应时间:6022ms	广东省	广州市	这里是日志信息......
2024-05-17 11:01:13.978994	[WARN]	barcode_service.py	响应时间:987ms	上海市	浦东新区	这里是日志信息......
2024-05-17 11:01:13.978994	[INFO]	orders_service.py	响应时间:297ms	上海市	徐汇区	这里是日志信息......
2024-05-17 11:01:13.978994	[INFO]	event.py	响应时间:692ms	北京市	大兴区	这里是日志信息......
2024-05-17 11:01:13.978994	[WARN]	event.py	响应时间:246ms	浙江省	舟山市	这里是日志信息......
2024-05-17 11:01:13.978994	[WARN]	orders_service.py	响应时间:155ms	重庆市	万州区	这里是日志信息......
2024-05-17 11:01:13.978994	[INFO]	goods_manager.py	响应时间:498ms	浙江省	杭州市	这里是日志信息......
2024-05-17 11:01:13.978994	[INFO]	shop_manager.py	响应时间:270ms	天津市	河东区	这里是日志信息......
2024-05-17 11:01:13.978994	[INFO]	event.py	响应时间:240ms	重庆市	九龙坡区	这里是日志信息......
2024-05-17 11:01:13.978994	[ERROR]	event.py	响应时间:137ms	浙江省	金华市	这里是日志信息......
2024-05-17 11:01:13.978994	[INFO]	event.py	响应时间:864ms	湖南省	长沙市	这里是日志信息......
2024-05-17 11:01:13.978994	[INFO]	goods_manager.py	响应时间:698ms	天津市	河东区	这里是日志信息......
2024-05-17 11:01:13.978994	[INFO]	goods_manager.py	响应时间:724ms	江苏省	无锡市	这里是日志信息......
2024-05-17 11:01:13.978994	[INFO]	orders_service.py	响应时间:364ms	广东省	深圳市	这里是日志信息......
2024-05-17 11:01:13.978994	[INFO]	barcode_service.py	响应时间:363ms	安徽省	合肥市	这里是日志信息......
2024-05-17 11:01:13.978994	[INFO]	base_network.py	响应时间:812ms	北京市	海淀区	这里是日志信息......
2024-05-17 11:01:13.978994	[INFO]	goods_manager.py	响应时间:96ms	湖北省	恩施土家族苗族自治州	这里是日志信息......
2024-05-17 11:01:13.978994	[INFO]	orders_service.py	响应时间:360ms	天津市	河东区	这里是日志信息......
2024-05-17 11:01:13.978994	[INFO]	goods_manager.py	响应时间:717ms	重庆市	南岸区	这里是日志信息......
2024-05-17 11:01:13.978994	[INFO]	shop_manager.py	响应时间:614ms	江苏省	苏州市	这里是日志信息......
2024-05-17 11:01:13.978994	[WARN]	goods_manager.py	响应时间:327ms	浙江省	湖州市	这里是日志信息......
2024-05-17 11:01:13.978994	[INFO]	orders_service.py	响应时间:620ms	北京市	大兴区	这里是日志信息......
2024-05-17 11:01:13.978994	[INFO]	goods_manager.py	响应时间:6212ms	重庆市	渝中区	这里是日志信息......
2024-05-17 11:01:13.978994	[INFO]	user_manager.py	响应时间:494ms	浙江省	湖州市	这里是日志信息......
2024-05-17 11:01:13.978994	[INFO]	user_manager.py	响应时间:216ms	重庆市	渝中区	这里是日志信息......
2024-05-17 11:01:13.978994	[WARN]	user_manager.py	响应时间:812ms	安徽省	芜湖市	这里是日志信息......
2024-05-17 11:01:13.978994	[WARN]	shop_manager.py	响应时间:699ms	北京市	大兴区	这里是日志信息......
2024-05-17 11:01:13.978994	[INFO]	goods_manager.py	响应时间:771ms	江苏省	宿迁市	这里是日志信息......
2024-05-17 11:01:13.978994	[INFO]	base_network.py	响应时间:17ms	山东省	济南市	这里是日志信息......
2024-05-17 11:01:13.978994	[INFO]	base_network.py	响应时间:430ms	湖南省	长沙市	这里是日志信息......
2024-05-17 11:01:13.978994	[INFO]	event.py	响应时间:841ms	湖南省	长沙市	这里是日志信息......
2024-05-17 11:01:13.978994	[INFO]	goods_manager.py	响应时间:973ms	山东省	济南市	这里是日志信息......
2024-05-17 11:01:13.978994	[WARN]	orders_service.py	响应时间:8520ms	安徽省	合肥市	这里是日志信息......
2024-05-17 11:01:13.978994	[INFO]	event.py	响应时间:2475ms	浙江省	杭州市	这里是日志信息......
2024-05-17 11:01:13.978994	[INFO]	goods_manager.py	响应时间:555ms	上海市	徐汇区	这里是日志信息......
2024-05-17 11:01:13.978994	[INFO]	goods_manager.py	响应时间:54ms	浙江省	嘉兴市	这里是日志信息......
2024-05-17 11:01:13.978994	[WARN]	event.py	响应时间:5110ms	上海市	静安区	这里是日志信息......
2024-05-17 11:01:13.978994	[INFO]	event.py	响应时间:411ms	天津市	和平区	这里是日志信息......
2024-05-17 11:01:13.978994	[INFO]	event.py	响应时间:422ms	上海市	徐汇区	这里是日志信息......
2024-05-17 11:01:13.978994	[INFO]	goods_manager.py	响应时间:613ms	江苏省	无锡市	这里是日志信息......
2024-05-17 11:01:13.978994	[INFO]	user_manager.py	响应时间:624ms	北京市	怀柔区	这里是日志信息......
2024-05-17 11:01:13.978994	[WARN]	orders_service.py	响应时间:765ms	上海市	宝山区	这里是日志信息......
2024-05-17 11:01:13.978994	[INFO]	goods_manager.py	响应时间:497ms	重庆市	万州区	这里是日志信息......
2024-05-17 11:01:13.978994	[INFO]	orders_service.py	响应时间:120ms	安徽省	铜陵市	这里是日志信息......
2024-05-17 11:01:13.978994	[INFO]	event.py	响应时间:722ms	浙江省	金华市	这里是日志信息......
2024-05-17 11:01:13.978994	[WARN]	event.py	响应时间:448ms	湖北省	武汉市	这里是日志信息......
2024-05-17 11:01:13.978994	[INFO]	goods_manager.py	响应时间:985ms	重庆市	九龙坡区	这里是日志信息......
2024-05-17 11:01:13.978994	[INFO]	barcode_service.py	响应时间:2496ms	安徽省	阜阳市	这里是日志信息......
2024-05-17 11:01:13.978994	[INFO]	goods_manager.py	响应时间:394ms	山东省	青岛市	这里是日志信息......
2024-05-17 11:01:13.978994	[INFO]	shop_manager.py	响应时间:220ms	浙江省	嘉兴市	这里是日志信息......
2024-05-17 11:01:13.978994	[INFO]	goods_manager.py	响应时间:164ms	湖南省	长沙市	这里是日志信息......
2024-05-17 11:01:13.978994	[INFO]	orders_service.py	响应时间:390ms	重庆市	九龙坡区	这里是日志信息......
2024-05-17 11:01:13.978994	[INFO]	barcode_service.py	响应时间:345ms	湖北省	荆州市	这里是日志信息......
2024-05-17 11:01:13.978994	[INFO]	event.py	响应时间:740ms	湖北省	十堰市	这里是日志信息......
2024-05-17 11:01:13.978994	[INFO]	event.py	响应时间:803ms	广东省	广州市	这里是日志信息......
2024-05-17 11:01:13.978994	[INFO]	barcode_service.py	响应时间:579ms	浙江省	嘉兴市	这里是日志信息......
2024-05-17 11:01:13.980087	[INFO]	shop_manager.py	响应时间:853ms	湖北省	武汉市	这里是日志信息......
2024-05-17 11:01:13.980087	[INFO]	goods_manager.py	响应时间:702ms	湖南省	长沙市	这里是日志信息......
2024-05-17 11:01:13.980087	[INFO]	event.py	响应时间:456ms	广东省	深圳市	这里是日志信息......
2024-05-17 11:01:13.980087	[INFO]	base_network.py	响应时间:784ms	安徽省	阜阳市	这里是日志信息......
2024-05-17 11:01:13.980087	[INFO]	goods_manager.py	响应时间:543ms	上海市	宝山区	这里是日志信息......
2024-05-17 11:01:13.980087	[INFO]	user_manager.py	响应时间:551ms	浙江省	嘉兴市	这里是日志信息......
2024-05-17 11:01:13.980087	[INFO]	shop_manager.py	响应时间:203ms	广东省	珠海市	这里是日志信息......
2024-05-17 11:01:13.980087	[INFO]	user_manager.py	响应时间:442ms	北京市	海淀区	这里是日志信息......
2024-05-17 11:01:13.980087	[INFO]	event.py	响应时间:725ms	湖北省	十堰市	这里是日志信息......
2024-05-17 11:01:13.980087	[INFO]	event.py	响应时间:384ms	江苏省	常州市	这里是日志信息......
2024-05-17 11:01:13.980087	[INFO]	base_network.py	响应时间:655ms	重庆市	沙坪坝区	这里是日志信息......
2024-05-17 11:01:13.980087	[INFO]	goods_manager.py	响应时间:448ms	安徽省	池州市	这里是日志信息......
2024-05-17 11:01:13.980087	[INFO]	orders_service.py	响应时间:320ms	浙江省	杭州市	这里是日志信息......
2024-05-17 11:01:13.980087	[INFO]	event.py	响应时间:702ms	湖南省	长沙市	这里是日志信息......
2024-05-17 11:01:13.980087	[INFO]	event.py	响应时间:502ms	浙江省	杭州市	这里是日志信息......
2024-05-17 11:01:13.980087	[INFO]	event.py	响应时间:494ms	山东省	菏泽市	这里是日志信息......
2024-05-17 11:01:13.980087	[INFO]	barcode_service.py	响应时间:27ms	湖南省	益阳市	这里是日志信息......
2024-05-17 11:01:13.980087	[INFO]	user_manager.py	响应时间:304ms	湖南省	长沙市	这里是日志信息......
2024-05-17 11:01:13.980087	[INFO]	event.py	响应时间:773ms	广东省	深圳市	这里是日志信息......
2024-05-17 11:01:13.980087	[INFO]	goods_manager.py	响应时间:963ms	天津市	和平区	这里是日志信息......
2024-05-17 11:01:13.980087	[INFO]	goods_manager.py	响应时间:78ms	江苏省	南京市	这里是日志信息......
2024-05-17 11:01:13.980087	[INFO]	orders_service.py	响应时间:908ms	天津市	宝坻区	这里是日志信息......
2024-05-17 11:01:13.980087	[INFO]	event.py	响应时间:814ms	江苏省	常州市	这里是日志信息......
2024-05-17 11:01:13.980087	[INFO]	event.py	响应时间:7883ms	山东省	青岛市	这里是日志信息......
2024-05-17 11:01:13.980087	[INFO]	event.py	响应时间:613ms	北京市	海淀区	这里是日志信息......
2024-05-17 11:01:13.980087	[INFO]	event.py	响应时间:187ms	重庆市	涪陵区	这里是日志信息......
2024-05-17 11:01:13.980087	[ERROR]	barcode_service.py	响应时间:99ms	北京市	昌平区	这里是日志信息......
2024-05-17 11:01:13.980087	[INFO]	orders_service.py	响应时间:7989ms	北京市	丰台区	这里是日志信息......
2024-05-17 11:01:13.980087	[INFO]	base_network.py	响应时间:139ms	湖北省	武汉市	这里是日志信息......
2024-05-17 11:01:13.980087	[INFO]	goods_manager.py	响应时间:224ms	安徽省	合肥市	这里是日志信息......
2024-05-17 11:01:13.980087	[WARN]	orders_service.py	响应时间:31ms	天津市	武清区	这里是日志信息......
2024-05-17 11:01:13.980087	[INFO]	barcode_service.py	响应时间:823ms	山东省	青岛市	这里是日志信息......
2024-05-17 11:01:13.980087	[INFO]	event.py	响应时间:172ms	广东省	广州市	这里是日志信息......
2024-05-17 11:01:13.980087	[INFO]	goods_manager.py	响应时间:207ms	江苏省	南京市	这里是日志信息......
2024-05-17 11:01:13.980087	[INFO]	goods_manager.py	响应时间:573ms	上海市	静安区	这里是日志信息......
2024-05-17 11:01:13.980087	[INFO]	base_network.py	响应时间:854ms	安徽省	合肥市	这里是日志信息......
2024-05-17 11:01:13.980087	[ERROR]	user_manager.py	响应时间:282ms	安徽省	阜阳市	这里是日志信息......
2024-05-17 11:01:13.980087	[INFO]	orders_service.py	响应时间:766ms	重庆市	南岸区	这里是日志信息......
2024-05-17 11:01:13.980087	[ERROR]	user_manager.py	响应时间:953ms	北京市	朝阳区	这里是日志信息......
2024-05-17 11:01:13.980087	[INFO]	orders_service.py	响应时间:672ms	广东省	深圳市	这里是日志信息......
2024-05-17 11:01:13.980087	[INFO]	user_manager.py	响应时间:134ms	湖北省	荆州市	这里是日志信息......
2024-05-17 11:01:13.980087	[INFO]	barcode_service.py	响应时间:875ms	浙江省	杭州市	这里是日志信息......
2024-05-17 11:01:13.980087	[INFO]	user_manager.py	响应时间:927ms	安徽省	阜阳市	这里是日志信息......
2024-05-17 11:01:13.980087	[ERROR]	event.py	响应时间:661ms	湖北省	恩施土家族苗族自治州	这里是日志信息......
2024-05-17 11:01:13.980087	[ERROR]	base_network.py	响应时间:192ms	山东省	青岛市	这里是日志信息......
2024-05-17 11:01:13.980087	[WARN]	event.py	响应时间:234ms	北京市	怀柔区	这里是日志信息......
2024-05-17 11:01:13.980087	[INFO]	event.py	响应时间:260ms	浙江省	绍兴市	这里是日志信息......
2024-05-17 11:01:13.980087	[INFO]	barcode_service.py	响应时间:248ms	湖北省	武汉市	这里是日志信息......
2024-05-17 11:01:13.980087	[INFO]	goods_manager.py	响应时间:110ms	湖南省	长沙市	这里是日志信息......
2024-05-17 11:01:13.980087	[INFO]	orders_service.py	响应时间:94ms	北京市	朝阳区	这里是日志信息......
2024-05-17 11:01:13.980087	[WARN]	user_manager.py	响应时间:441ms	江苏省	宿迁市	这里是日志信息......
2024-05-17 11:01:13.980087	[WARN]	event.py	响应时间:686ms	北京市	丰台区	这里是日志信息......
2024-05-17 11:01:13.980087	[INFO]	user_manager.py	响应时间:224ms	天津市	宝坻区	这里是日志信息......
2024-05-17 11:01:13.980087	[INFO]	shop_manager.py	响应时间:512ms	山东省	青岛市	这里是日志信息......
2024-05-17 11:01:13.980087	[INFO]	event.py	响应时间:3510ms	山东省	济南市	这里是日志信息......
2024-05-17 11:01:13.980087	[INFO]	user_manager.py	响应时间:385ms	江苏省	南京市	这里是日志信息......
2024-05-17 11:01:13.980087	[INFO]	goods_manager.py	响应时间:886ms	湖南省	长沙市	这里是日志信息......
2024-05-17 11:01:13.980087	[INFO]	goods_manager.py	响应时间:685ms	北京市	朝阳区	这里是日志信息......
2024-05-17 11:01:13.980087	[INFO]	orders_service.py	响应时间:984ms	上海市	杨浦区	这里是日志信息......
2024-05-17 11:01:13.980087	[INFO]	event.py	响应时间:515ms	湖南省	常德市	这里是日志信息......
2024-05-17 11:01:13.980087	[INFO]	user_manager.py	响应时间:341ms	山东省	菏泽市	这里是日志信息......
2024-05-17 11:01:13.980087	[INFO]	event.py	响应时间:648ms	山东省	菏泽市	这里是日志信息......
2024-05-17 11:01:13.980087	[INFO]	event.py	响应时间:471ms	山东省	青岛市	这里是日志信息......
2024-05-17 11:01:13.980087	[INFO]	shop_manager.py	响应时间:767ms	湖南省	株洲市	这里是日志信息......
2024-05-17 11:01:13.980087	[INFO]	goods_manager.py	响应时间:153ms	上海市	杨浦区	这里是日志信息......
2024-05-17 11:01:13.980087	[WARN]	shop_manager.py	响应时间:450ms	湖南省	张家界市	这里是日志信息......
2024-05-17 11:01:13.980087	[INFO]	event.py	响应时间:846ms	广东省	广州市	这里是日志信息......
2024-05-17 11:01:13.980087	[INFO]	event.py	响应时间:23ms	安徽省	铜陵市	这里是日志信息......
2024-05-17 11:01:13.980087	[INFO]	goods_manager.py	响应时间:625ms	安徽省	合肥市	这里是日志信息......
2024-05-17 11:01:13.980087	[INFO]	goods_manager.py	响应时间:802ms	浙江省	舟山市	这里是日志信息......
2024-05-17 11:01:13.980087	[INFO]	orders_service.py	响应时间:161ms	北京市	海淀区	这里是日志信息......
2024-05-17 11:01:13.980087	[INFO]	orders_service.py	响应时间:963ms	安徽省	合肥市	这里是日志信息......
2024-05-17 11:01:13.980087	[INFO]	event.py	响应时间:347ms	安徽省	阜阳市	这里是日志信息......
2024-05-17 11:01:13.980087	[INFO]	goods_manager.py	响应时间:993ms	山东省	济南市	这里是日志信息......
2024-05-17 11:01:13.980087	[INFO]	event.py	响应时间:781ms	天津市	和平区	这里是日志信息......
2024-05-17 11:01:13.980087	[INFO]	event.py	响应时间:469ms	湖南省	长沙市	这里是日志信息......
2024-05-17 11:01:13.980087	[WARN]	base_network.py	响应时间:989ms	湖北省	武汉市	这里是日志信息......
2024-05-17 11:01:13.980087	[INFO]	user_manager.py	响应时间:701ms	山东省	菏泽市	这里是日志信息......
2024-05-17 11:01:13.980087	[INFO]	user_manager.py	响应时间:936ms	山东省	青岛市	这里是日志信息......
2024-05-17 11:01:13.980087	[INFO]	orders_service.py	响应时间:87ms	湖南省	长沙市	这里是日志信息......
2024-05-17 11:01:13.980087	[INFO]	goods_manager.py	响应时间:224ms	浙江省	舟山市	这里是日志信息......
2024-05-17 11:01:13.980087	[INFO]	user_manager.py	响应时间:229ms	山东省	青岛市	这里是日志信息......
2024-05-17 11:01:13.980087	[INFO]	event.py	响应时间:432ms	山东省	青岛市	这里是日志信息......
2024-05-17 11:01:13.980087	[INFO]	event.py	响应时间:162ms	湖南省	张家界市	这里是日志信息......
2024-05-17 11:01:13.980087	[INFO]	event.py	响应时间:459ms	浙江省	舟山市	这里是日志信息......
2024-05-17 11:01:13.980087	[INFO]	event.py	响应时间:5543ms	山东省	菏泽市	这里是日志信息......
2024-05-17 11:01:13.980087	[INFO]	goods_manager.py	响应时间:12ms	山东省	青岛市	这里是日志信息......
2024-05-17 11:01:13.980087	[INFO]	base_network.py	响应时间:904ms	上海市	黄浦区	这里是日志信息......
2024-05-17 11:01:13.980087	[INFO]	event.py	响应时间:330ms	上海市	宝山区	这里是日志信息......
2024-05-17 11:01:13.980087	[INFO]	event.py	响应时间:291ms	广东省	深圳市	这里是日志信息......
2024-05-17 11:01:13.980087	[INFO]	user_manager.py	响应时间:641ms	江苏省	张家港市	这里是日志信息......
2024-05-17 11:01:13.980087	[INFO]	event.py	响应时间:724ms	天津市	和平区	这里是日志信息......
2024-05-17 11:01:13.981075	[INFO]	orders_service.py	响应时间:943ms	北京市	朝阳区	这里是日志信息......
2024-05-17 11:01:13.981075	[INFO]	event.py	响应时间:405ms	浙江省	舟山市	这里是日志信息......
2024-05-17 11:01:13.981075	[INFO]	goods_manager.py	响应时间:810ms	广东省	深圳市	这里是日志信息......
2024-05-17 11:01:13.981075	[INFO]	orders_service.py	响应时间:516ms	山东省	青岛市	这里是日志信息......
2024-05-17 11:01:13.981075	[INFO]	orders_service.py	响应时间:645ms	湖北省	荆州市	这里是日志信息......
2024-05-17 11:01:13.981075	[INFO]	goods_manager.py	响应时间:249ms	上海市	杨浦区	这里是日志信息......
2024-05-17 11:01:13.981075	[INFO]	orders_service.py	响应时间:555ms	广东省	广州市	这里是日志信息......
2024-05-17 11:01:13.981075	[INFO]	orders_service.py	响应时间:741ms	江苏省	无锡市	这里是日志信息......
2024-05-17 11:01:13.981075	[INFO]	goods_manager.py	响应时间:913ms	山东省	济南市	这里是日志信息......
2024-05-17 11:01:13.981075	[INFO]	barcode_service.py	响应时间:20ms	江苏省	南京市	这里是日志信息......
2024-05-17 11:01:13.981075	[INFO]	shop_manager.py	响应时间:581ms	江苏省	南京市	这里是日志信息......
2024-05-17 11:01:13.981075	[INFO]	orders_service.py	响应时间:573ms	山东省	青岛市	这里是日志信息......
2024-05-17 11:01:13.981075	[INFO]	barcode_service.py	响应时间:399ms	湖北省	恩施土家族苗族自治州	这里是日志信息......
2024-05-17 11:01:13.981075	[INFO]	user_manager.py	响应时间:742ms	重庆市	沙坪坝区	这里是日志信息......
2024-05-17 11:01:13.981075	[INFO]	goods_manager.py	响应时间:222ms	山东省	青岛市	这里是日志信息......
2024-05-17 11:01:13.981075	[INFO]	shop_manager.py	响应时间:690ms	湖北省	荆州市	这里是日志信息......
2024-05-17 11:01:13.981075	[INFO]	goods_manager.py	响应时间:648ms	山东省	济南市	这里是日志信息......
2024-05-17 11:01:13.981075	[INFO]	barcode_service.py	响应时间:94ms	湖北省	武汉市	这里是日志信息......
2024-05-17 11:01:13.981075	[INFO]	goods_manager.py	响应时间:667ms	浙江省	杭州市	这里是日志信息......
2024-05-17 11:01:13.981075	[INFO]	barcode_service.py	响应时间:551ms	重庆市	涪陵区	这里是日志信息......
2024-05-17 11:01:13.981075	[INFO]	event.py	响应时间:191ms	江苏省	宿迁市	这里是日志信息......
2024-05-17 11:01:13.981075	[INFO]	user_manager.py	响应时间:103ms	浙江省	绍兴市	这里是日志信息......
2024-05-17 11:01:13.981075	[INFO]	user_manager.py	响应时间:339ms	广东省	深圳市	这里是日志信息......
2024-05-17 11:01:13.981075	[INFO]	orders_service.py	响应时间:101ms	浙江省	嘉兴市	这里是日志信息......
2024-05-17 11:01:13.981075	[WARN]	user_manager.py	响应时间:295ms	湖北省	武汉市	这里是日志信息......
2024-05-17 11:01:13.981075	[INFO]	orders_service.py	响应时间:264ms	山东省	菏泽市	这里是日志信息......
2024-05-17 11:01:13.981075	[INFO]	orders_service.py	响应时间:149ms	广东省	深圳市	这里是日志信息......
2024-05-17 11:01:13.981075	[INFO]	goods_manager.py	响应时间:557ms	浙江省	绍兴市	这里是日志信息......
2024-05-17 11:01:13.981075	[INFO]	goods_manager.py	响应时间:7441ms	江苏省	张家港市	这里是日志信息......
2024-05-17 11:01:13.981075	[WARN]	event.py	响应时间:8609ms	广东省	珠海市	这里是日志信息......
2024-05-17 11:01:13.981075	[INFO]	goods_manager.py	响应时间:543ms	江苏省	南京市	这里是日志信息......
2024-05-17 11:01:13.981075	[INFO]	goods_manager.py	响应时间:663ms	北京市	丰台区	这里是日志信息......
2024-05-17 11:01:13.981075	[INFO]	shop_manager.py	响应时间:820ms	湖南省	长沙市	这里是日志信息......
2024-05-17 11:01:13.981075	[INFO]	event.py	响应时间:370ms	广东省	深圳市	这里是日志信息......
2024-05-17 11:01:13.981075	[INFO]	base_network.py	响应时间:825ms	湖北省	武汉市	这里是日志信息......
2024-05-17 11:01:13.981075	[INFO]	orders_service.py	响应时间:907ms	上海市	普陀区	这里是日志信息......
2024-05-17 11:01:13.981075	[INFO]	base_network.py	响应时间:992ms	广东省	广州市	这里是日志信息......
2024-05-17 11:01:13.981075	[INFO]	user_manager.py	响应时间:45ms	安徽省	合肥市	这里是日志信息......
2024-05-17 11:01:13.981075	[INFO]	goods_manager.py	响应时间:750ms	山东省	青岛市	这里是日志信息......
2024-05-17 11:01:13.981075	[INFO]	goods_manager.py	响应时间:4507ms	北京市	大兴区	这里是日志信息......
2024-05-17 11:01:13.981075	[INFO]	orders_service.py	响应时间:9013ms	天津市	和平区	这里是日志信息......
2024-05-17 11:01:13.981075	[INFO]	user_manager.py	响应时间:493ms	安徽省	合肥市	这里是日志信息......
2024-05-17 11:01:13.981075	[INFO]	barcode_service.py	响应时间:805ms	重庆市	万州区	这里是日志信息......
2024-05-17 11:01:13.981075	[INFO]	goods_manager.py	响应时间:586ms	浙江省	杭州市	这里是日志信息......
2024-05-17 11:01:13.981075	[INFO]	orders_service.py	响应时间:506ms	上海市	黄浦区	这里是日志信息......
2024-05-17 11:01:13.981075	[INFO]	event.py	响应时间:632ms	山东省	青岛市	这里是日志信息......
2024-05-17 11:01:13.981075	[INFO]	goods_manager.py	响应时间:11ms	山东省	青岛市	这里是日志信息......
2024-05-17 11:01:13.981075	[INFO]	user_manager.py	响应时间:850ms	湖北省	十堰市	这里是日志信息......
2024-05-17 11:01:13.981075	[INFO]	event.py	响应时间:316ms	浙江省	杭州市	这里是日志信息......
2024-05-17 11:01:13.981075	[INFO]	event.py	响应时间:528ms	湖南省	长沙市	这里是日志信息......
2024-05-17 11:01:13.981075	[INFO]	orders_service.py	响应时间:6883ms	湖南省	长沙市	这里是日志信息......
2024-05-17 11:01:13.981075	[INFO]	event.py	响应时间:192ms	湖北省	武汉市	这里是日志信息......
2024-05-17 11:01:13.981075	[INFO]	shop_manager.py	响应时间:651ms	湖北省	武汉市	这里是日志信息......
2024-05-17 11:01:13.981075	[INFO]	event.py	响应时间:767ms	天津市	武清区	这里是日志信息......
2024-05-17 11:01:13.981075	[INFO]	base_network.py	响应时间:249ms	北京市	朝阳区	这里是日志信息......
2024-05-17 11:01:13.981075	[INFO]	goods_manager.py	响应时间:300ms	北京市	大兴区	这里是日志信息......
2024-05-17 11:01:13.981075	[INFO]	event.py	响应时间:874ms	北京市	大兴区	这里是日志信息......
2024-05-17 11:01:13.981075	[INFO]	user_manager.py	响应时间:668ms	重庆市	九龙坡区	这里是日志信息......
2024-05-17 11:01:13.981075	[INFO]	event.py	响应时间:256ms	上海市	浦东新区	这里是日志信息......
2024-05-17 11:01:13.981075	[INFO]	orders_service.py	响应时间:937ms	山东省	青岛市	这里是日志信息......
2024-05-17 11:01:13.981075	[INFO]	shop_manager.py	响应时间:824ms	山东省	济南市	这里是日志信息......
2024-05-17 11:01:13.981075	[INFO]	shop_manager.py	响应时间:920ms	安徽省	合肥市	这里是日志信息......
2024-05-17 11:01:13.981075	[INFO]	barcode_service.py	响应时间:837ms	北京市	海淀区	这里是日志信息......
2024-05-17 11:01:13.981075	[WARN]	event.py	响应时间:295ms	天津市	宝坻区	这里是日志信息......
2024-05-17 11:01:13.981075	[INFO]	goods_manager.py	响应时间:186ms	北京市	怀柔区	这里是日志信息......
2024-05-17 11:01:13.981075	[INFO]	orders_service.py	响应时间:313ms	安徽省	合肥市	这里是日志信息......
2024-05-17 11:01:13.981075	[INFO]	user_manager.py	响应时间:0ms	广东省	广州市	这里是日志信息......
2024-05-17 11:01:13.981075	[WARN]	event.py	响应时间:812ms	天津市	宝坻区	这里是日志信息......
2024-05-17 11:01:13.981075	[INFO]	event.py	响应时间:432ms	北京市	朝阳区	这里是日志信息......
2024-05-17 11:01:13.981075	[WARN]	user_manager.py	响应时间:559ms	浙江省	杭州市	这里是日志信息......
2024-05-17 11:01:13.981075	[INFO]	event.py	响应时间:917ms	湖北省	武汉市	这里是日志信息......
2024-05-17 11:01:13.981075	[WARN]	barcode_service.py	响应时间:665ms	上海市	宝山区	这里是日志信息......
2024-05-17 11:01:13.981075	[INFO]	barcode_service.py	响应时间:335ms	山东省	济南市	这里是日志信息......
2024-05-17 11:01:13.981075	[INFO]	goods_manager.py	响应时间:943ms	天津市	武清区	这里是日志信息......
2024-05-17 11:01:13.981075	[INFO]	event.py	响应时间:757ms	广东省	深圳市	这里是日志信息......
2024-05-17 11:01:13.981075	[INFO]	orders_service.py	响应时间:705ms	天津市	武清区	这里是日志信息......
2024-05-17 11:01:13.981075	[INFO]	event.py	响应时间:187ms	江苏省	苏州市	这里是日志信息......
2024-05-17 11:01:13.981075	[INFO]	orders_service.py	响应时间:9813ms	江苏省	宿迁市	这里是日志信息......
2024-05-17 11:01:13.981075	[INFO]	event.py	响应时间:26ms	北京市	朝阳区	这里是日志信息......
2024-05-17 11:01:13.981075	[ERROR]	orders_service.py	响应时间:497ms	湖北省	武汉市	这里是日志信息......
2024-05-17 11:01:13.981075	[INFO]	shop_manager.py	响应时间:826ms	重庆市	万州区	这里是日志信息......
2024-05-17 11:01:13.981075	[INFO]	orders_service.py	响应时间:625ms	上海市	普陀区	这里是日志信息......
2024-05-17 11:01:13.981075	[INFO]	user_manager.py	响应时间:200ms	浙江省	金华市	这里是日志信息......
2024-05-17 11:01:13.981075	[INFO]	goods_manager.py	响应时间:110ms	安徽省	芜湖市	这里是日志信息......
2024-05-17 11:01:13.981075	[INFO]	shop_manager.py	响应时间:863ms	上海市	普陀区	这里是日志信息......
2024-05-17 11:01:13.981075	[INFO]	event.py	响应时间:953ms	广东省	珠海市	这里是日志信息......
2024-05-17 11:01:13.981075	[INFO]	goods_manager.py	响应时间:36ms	湖北省	荆州市	这里是日志信息......
2024-05-17 11:01:13.981075	[INFO]	goods_manager.py	响应时间:54ms	安徽省	池州市	这里是日志信息......
2024-05-17 11:01:13.981075	[INFO]	event.py	响应时间:479ms	天津市	河东区	这里是日志信息......
2024-05-17 11:01:13.981075	[INFO]	orders_service.py	响应时间:5470ms	安徽省	池州市	这里是日志信息......
2024-05-17 11:01:13.981075	[INFO]	goods_manager.py	响应时间:5954ms	湖南省	长沙市	这里是日志信息......
2024-05-17 11:01:13.981075	[INFO]	shop_manager.py	响应时间:146ms	重庆市	万州区	这里是日志信息......
2024-05-17 11:01:13.981075	[INFO]	event.py	响应时间:601ms	山东省	菏泽市	这里是日志信息......
2024-05-17 11:01:13.981075	[ERROR]	user_manager.py	响应时间:2383ms	湖北省	十堰市	这里是日志信息......
2024-05-17 11:01:13.981075	[WARN]	event.py	响应时间:618ms	北京市	怀柔区	这里是日志信息......
2024-05-17 11:01:13.981075	[INFO]	goods_manager.py	响应时间:512ms	湖北省	恩施土家族苗族自治州	这里是日志信息......
2024-05-17 11:01:13.981075	[INFO]	orders_service.py	响应时间:770ms	广东省	广州市	这里是日志信息......
2024-05-17 11:01:13.981075	[INFO]	event.py	响应时间:1192ms	湖北省	武汉市	这里是日志信息......
2024-05-17 11:01:13.982083	[ERROR]	user_manager.py	响应时间:478ms	广东省	广州市	这里是日志信息......
2024-05-17 11:01:13.982083	[INFO]	event.py	响应时间:527ms	广东省	深圳市	这里是日志信息......
2024-05-17 11:01:13.982083	[INFO]	event.py	响应时间:506ms	浙江省	杭州市	这里是日志信息......
2024-05-17 11:01:13.982083	[INFO]	shop_manager.py	响应时间:920ms	安徽省	阜阳市	这里是日志信息......
2024-05-17 11:01:13.982083	[INFO]	event.py	响应时间:988ms	山东省	济南市	这里是日志信息......
2024-05-17 11:01:13.982083	[INFO]	orders_service.py	响应时间:92ms	重庆市	南岸区	这里是日志信息......
2024-05-17 11:01:13.982083	[INFO]	event.py	响应时间:255ms	湖北省	武汉市	这里是日志信息......
2024-05-17 11:01:13.982083	[INFO]	event.py	响应时间:675ms	北京市	大兴区	这里是日志信息......
2024-05-17 11:01:13.982083	[INFO]	event.py	响应时间:992ms	重庆市	万州区	这里是日志信息......
2024-05-17 11:01:13.982083	[INFO]	barcode_service.py	响应时间:492ms	江苏省	南京市	这里是日志信息......
2024-05-17 11:01:13.982083	[WARN]	shop_manager.py	响应时间:653ms	湖北省	恩施土家族苗族自治州	这里是日志信息......
2024-05-17 11:01:13.982083	[INFO]	orders_service.py	响应时间:340ms	山东省	青岛市	这里是日志信息......
2024-05-17 11:01:13.982083	[WARN]	orders_service.py	响应时间:767ms	江苏省	宿迁市	这里是日志信息......
2024-05-17 11:01:13.982083	[WARN]	barcode_service.py	响应时间:667ms	天津市	和平区	这里是日志信息......
2024-05-17 11:01:13.982083	[INFO]	event.py	响应时间:102ms	北京市	丰台区	这里是日志信息......
2024-05-17 11:01:13.982083	[INFO]	user_manager.py	响应时间:2081ms	重庆市	沙坪坝区	这里是日志信息......
2024-05-17 11:01:13.982083	[INFO]	base_network.py	响应时间:457ms	天津市	武清区	这里是日志信息......
2024-05-17 11:01:13.982083	[INFO]	orders_service.py	响应时间:939ms	浙江省	嘉兴市	这里是日志信息......
2024-05-17 11:01:13.982083	[INFO]	barcode_service.py	响应时间:18ms	安徽省	池州市	这里是日志信息......
2024-05-17 11:01:13.982083	[INFO]	base_network.py	响应时间:938ms	安徽省	阜阳市	这里是日志信息......
2024-05-17 11:01:13.982083	[INFO]	base_network.py	响应时间:911ms	湖南省	长沙市	这里是日志信息......
2024-05-17 11:01:13.982083	[INFO]	shop_manager.py	响应时间:366ms	山东省	青岛市	这里是日志信息......
2024-05-17 11:01:13.982083	[INFO]	barcode_service.py	响应时间:675ms	北京市	昌平区	这里是日志信息......
2024-05-17 11:01:13.982083	[INFO]	event.py	响应时间:339ms	山东省	青岛市	这里是日志信息......
2024-05-17 11:01:13.982083	[INFO]	orders_service.py	响应时间:305ms	上海市	宝山区	这里是日志信息......
2024-05-17 11:01:13.982083	[INFO]	base_network.py	响应时间:934ms	湖北省	十堰市	这里是日志信息......
2024-05-17 11:01:13.982083	[INFO]	user_manager.py	响应时间:768ms	北京市	朝阳区	这里是日志信息......
2024-05-17 11:01:13.982083	[INFO]	barcode_service.py	响应时间:46ms	浙江省	嘉兴市	这里是日志信息......
2024-05-17 11:01:13.982083	[INFO]	base_network.py	响应时间:171ms	广东省	广州市	这里是日志信息......
2024-05-17 11:01:13.982083	[INFO]	event.py	响应时间:721ms	江苏省	南京市	这里是日志信息......
2024-05-17 11:01:13.982083	[INFO]	event.py	响应时间:255ms	湖北省	武汉市	这里是日志信息......
2024-05-17 11:01:13.982083	[INFO]	event.py	响应时间:550ms	山东省	济南市	这里是日志信息......
2024-05-17 11:01:13.982083	[INFO]	base_network.py	响应时间:758ms	浙江省	丽水市	这里是日志信息......
2024-05-17 11:01:13.982083	[INFO]	user_manager.py	响应时间:639ms	安徽省	阜阳市	这里是日志信息......
2024-05-17 11:01:13.982083	[INFO]	orders_service.py	响应时间:1974ms	湖南省	长沙市	这里是日志信息......
2024-05-17 11:01:13.982083	[INFO]	shop_manager.py	响应时间:295ms	天津市	宝坻区	这里是日志信息......
2024-05-17 11:01:13.982083	[INFO]	event.py	响应时间:336ms	天津市	河西区	这里是日志信息......
2024-05-17 11:01:13.982083	[INFO]	orders_service.py	响应时间:824ms	浙江省	金华市	这里是日志信息......
2024-05-17 11:01:13.982083	[INFO]	shop_manager.py	响应时间:383ms	湖南省	长沙市	这里是日志信息......
2024-05-17 11:01:13.982083	[INFO]	barcode_service.py	响应时间:521ms	广东省	珠海市	这里是日志信息......
2024-05-17 11:01:13.982083	[INFO]	goods_manager.py	响应时间:579ms	广东省	广州市	这里是日志信息......
2024-05-17 11:01:13.982083	[INFO]	event.py	响应时间:729ms	天津市	和平区	这里是日志信息......
2024-05-17 11:01:13.982083	[INFO]	orders_service.py	响应时间:371ms	江苏省	南京市	这里是日志信息......
2024-05-17 11:01:13.982083	[WARN]	base_network.py	响应时间:481ms	重庆市	渝中区	这里是日志信息......
2024-05-17 11:01:13.982083	[INFO]	barcode_service.py	响应时间:933ms	上海市	宝山区	这里是日志信息......
2024-05-17 11:01:13.982083	[INFO]	orders_service.py	响应时间:47ms	江苏省	张家港市	这里是日志信息......
2024-05-17 11:01:13.982083	[INFO]	orders_service.py	响应时间:0ms	重庆市	涪陵区	这里是日志信息......
2024-05-17 11:01:13.982083	[INFO]	base_network.py	响应时间:295ms	江苏省	南京市	这里是日志信息......
2024-05-17 11:01:13.982083	[INFO]	event.py	响应时间:173ms	湖北省	武汉市	这里是日志信息......
2024-05-17 11:01:13.982083	[WARN]	orders_service.py	响应时间:152ms	湖南省	长沙市	这里是日志信息......
2024-05-17 11:01:13.982083	[INFO]	barcode_service.py	响应时间:71ms	上海市	徐汇区	这里是日志信息......
2024-05-17 11:01:13.982083	[INFO]	event.py	响应时间:396ms	天津市	宝坻区	这里是日志信息......
2024-05-17 11:01:13.982083	[ERROR]	event.py	响应时间:7428ms	上海市	浦东新区	这里是日志信息......
2024-05-17 11:01:13.982083	[INFO]	goods_manager.py	响应时间:876ms	广东省	珠海市	这里是日志信息......
2024-05-17 11:01:13.982083	[WARN]	event.py	响应时间:226ms	山东省	青岛市	这里是日志信息......
2024-05-17 11:01:13.982083	[INFO]	barcode_service.py	响应时间:265ms	江苏省	苏州市	这里是日志信息......
2024-05-17 11:01:13.982083	[INFO]	goods_manager.py	响应时间:196ms	湖北省	十堰市	这里是日志信息......
2024-05-17 11:01:13.982083	[INFO]	event.py	响应时间:6ms	广东省	深圳市	这里是日志信息......
2024-05-17 11:01:13.982083	[INFO]	shop_manager.py	响应时间:13ms	山东省	青岛市	这里是日志信息......
2024-05-17 11:01:13.982083	[INFO]	goods_manager.py	响应时间:566ms	湖北省	武汉市	这里是日志信息......
2024-05-17 11:01:13.982083	[INFO]	barcode_service.py	响应时间:885ms	重庆市	九龙坡区	这里是日志信息......
2024-05-17 11:01:13.982083	[INFO]	orders_service.py	响应时间:492ms	重庆市	沙坪坝区	这里是日志信息......
2024-05-17 11:01:13.982083	[INFO]	shop_manager.py	响应时间:144ms	江苏省	无锡市	这里是日志信息......
2024-05-17 11:01:13.982083	[ERROR]	event.py	响应时间:662ms	北京市	海淀区	这里是日志信息......
2024-05-17 11:01:13.982083	[INFO]	event.py	响应时间:943ms	上海市	杨浦区	这里是日志信息......
2024-05-17 11:01:13.982083	[INFO]	goods_manager.py	响应时间:559ms	重庆市	万州区	这里是日志信息......
2024-05-17 11:01:13.982083	[INFO]	orders_service.py	响应时间:255ms	天津市	宝坻区	这里是日志信息......
2024-05-17 11:01:13.982083	[WARN]	orders_service.py	响应时间:49ms	安徽省	芜湖市	这里是日志信息......
2024-05-17 11:01:13.982083	[INFO]	barcode_service.py	响应时间:315ms	浙江省	金华市	这里是日志信息......
2024-05-17 11:01:13.982083	[INFO]	event.py	响应时间:696ms	广东省	深圳市	这里是日志信息......
2024-05-17 11:01:13.982083	[INFO]	goods_manager.py	响应时间:276ms	重庆市	沙坪坝区	这里是日志信息......
2024-05-17 11:01:13.982083	[INFO]	base_network.py	响应时间:337ms	湖北省	武汉市	这里是日志信息......
2024-05-17 11:01:13.982083	[INFO]	orders_service.py	响应时间:767ms	江苏省	苏州市	这里是日志信息......
2024-05-17 11:01:13.982083	[INFO]	goods_manager.py	响应时间:641ms	上海市	普陀区	这里是日志信息......
2024-05-17 11:01:13.982083	[INFO]	barcode_service.py	响应时间:235ms	湖南省	长沙市	这里是日志信息......
2024-05-17 11:01:13.982083	[INFO]	event.py	响应时间:475ms	江苏省	宿迁市	这里是日志信息......
2024-05-17 11:01:13.982083	[INFO]	event.py	响应时间:49ms	天津市	和平区	这里是日志信息......
2024-05-17 11:01:13.982083	[INFO]	orders_service.py	响应时间:285ms	重庆市	万州区	这里是日志信息......
2024-05-17 11:01:13.982083	[INFO]	event.py	响应时间:407ms	广东省	深圳市	这里是日志信息......
2024-05-17 11:01:13.982083	[WARN]	user_manager.py	响应时间:230ms	天津市	武清区	这里是日志信息......
2024-05-17 11:01:13.982083	[INFO]	barcode_service.py	响应时间:634ms	浙江省	丽水市	这里是日志信息......
2024-05-17 11:01:13.982083	[INFO]	goods_manager.py	响应时间:195ms	上海市	浦东新区	这里是日志信息......
2024-05-17 11:01:13.982083	[WARN]	event.py	响应时间:771ms	湖南省	益阳市	这里是日志信息......
2024-05-17 11:01:13.982083	[INFO]	base_network.py	响应时间:559ms	广东省	深圳市	这里是日志信息......
2024-05-17 11:01:13.982083	[INFO]	event.py	响应时间:390ms	浙江省	舟山市	这里是日志信息......
2024-05-17 11:01:13.982083	[WARN]	goods_manager.py	响应时间:780ms	安徽省	阜阳市	这里是日志信息......
2024-05-17 11:01:13.982083	[INFO]	event.py	响应时间:750ms	天津市	武清区	这里是日志信息......
2024-05-17 11:01:13.982083	[ERROR]	event.py	响应时间:888ms	北京市	丰台区	这里是日志信息......
2024-05-17 11:01:13.982083	[INFO]	event.py	响应时间:542ms	湖北省	武汉市	这里是日志信息......
2024-05-17 11:01:13.982083	[INFO]	orders_service.py	响应时间:542ms	湖南省	长沙市	这里是日志信息......
2024-05-17 11:01:13.982083	[INFO]	event.py	响应时间:944ms	重庆市	沙坪坝区	这里是日志信息......
2024-05-17 11:01:13.982083	[INFO]	event.py	响应时间:950ms	湖南省	张家界市	这里是日志信息......
2024-05-17 11:01:13.982083	[INFO]	event.py	响应时间:235ms	安徽省	芜湖市	这里是日志信息......
2024-05-17 11:01:13.982083	[INFO]	barcode_service.py	响应时间:720ms	安徽省	合肥市	这里是日志信息......
2024-05-17 11:01:13.982083	[INFO]	orders_service.py	响应时间:728ms	安徽省	六安市	这里是日志信息......
2024-05-17 11:01:13.982083	[INFO]	goods_manager.py	响应时间:785ms	广东省	深圳市	这里是日志信息......
2024-05-17 11:01:13.982083	[WARN]	goods_manager.py	响应时间:283ms	北京市	大兴区	这里是日志信息......
2024-05-17 11:01:13.983076	[INFO]	user_manager.py	响应时间:900ms	广东省	广州市	这里是日志信息......
2024-05-17 11:01:13.983076	[INFO]	barcode_service.py	响应时间:462ms	山东省	济南市	这里是日志信息......
2024-05-17 11:01:13.983076	[WARN]	user_manager.py	响应时间:98ms	北京市	昌平区	这里是日志信息......
2024-05-17 11:01:13.983076	[ERROR]	goods_manager.py	响应时间:930ms	安徽省	合肥市	这里是日志信息......
2024-05-17 11:01:13.983076	[INFO]	event.py	响应时间:646ms	北京市	朝阳区	这里是日志信息......
2024-05-17 11:01:13.983076	[WARN]	user_manager.py	响应时间:498ms	重庆市	南岸区	这里是日志信息......
2024-05-17 11:01:13.983076	[INFO]	barcode_service.py	响应时间:607ms	湖南省	长沙市	这里是日志信息......
2024-05-17 11:01:13.983076	[INFO]	barcode_service.py	响应时间:414ms	江苏省	南京市	这里是日志信息......
2024-05-17 11:01:13.983076	[INFO]	barcode_service.py	响应时间:984ms	重庆市	九龙坡区	这里是日志信息......
2024-05-17 11:01:13.983076	[WARN]	goods_manager.py	响应时间:463ms	上海市	杨浦区	这里是日志信息......
2024-05-17 11:01:13.983076	[INFO]	barcode_service.py	响应时间:951ms	湖北省	荆州市	这里是日志信息......
2024-05-17 11:01:13.983076	[INFO]	orders_service.py	响应时间:601ms	江苏省	苏州市	这里是日志信息......
2024-05-17 11:01:13.983076	[INFO]	shop_manager.py	响应时间:528ms	天津市	河西区	这里是日志信息......
2024-05-17 11:01:13.983076	[INFO]	shop_manager.py	响应时间:820ms	广东省	广州市	这里是日志信息......
2024-05-17 11:01:13.983076	[INFO]	barcode_service.py	响应时间:895ms	北京市	海淀区	这里是日志信息......
2024-05-17 11:01:13.983076	[INFO]	user_manager.py	响应时间:647ms	天津市	宝坻区	这里是日志信息......
2024-05-17 11:01:13.983076	[WARN]	orders_service.py	响应时间:803ms	北京市	丰台区	这里是日志信息......
2024-05-17 11:01:13.983076	[INFO]	goods_manager.py	响应时间:877ms	天津市	河西区	这里是日志信息......
2024-05-17 11:01:13.983076	[INFO]	goods_manager.py	响应时间:735ms	上海市	黄浦区	这里是日志信息......
2024-05-17 11:01:13.983076	[INFO]	orders_service.py	响应时间:477ms	天津市	宝坻区	这里是日志信息......
2024-05-17 11:01:13.983076	[WARN]	user_manager.py	响应时间:959ms	山东省	菏泽市	这里是日志信息......
2024-05-17 11:01:13.983076	[INFO]	barcode_service.py	响应时间:360ms	湖南省	益阳市	这里是日志信息......
2024-05-17 11:01:13.983076	[INFO]	user_manager.py	响应时间:67ms	山东省	青岛市	这里是日志信息......
2024-05-17 11:01:13.983076	[INFO]	barcode_service.py	响应时间:523ms	湖北省	十堰市	这里是日志信息......
2024-05-17 11:01:13.983076	[INFO]	base_network.py	响应时间:161ms	北京市	昌平区	这里是日志信息......
2024-05-17 11:01:13.983076	[INFO]	event.py	响应时间:127ms	湖北省	恩施土家族苗族自治州	这里是日志信息......
2024-05-17 11:01:13.983076	[INFO]	event.py	响应时间:465ms	北京市	海淀区	这里是日志信息......
2024-05-17 11:01:13.983076	[INFO]	shop_manager.py	响应时间:396ms	上海市	静安区	这里是日志信息......
2024-05-17 11:01:13.983076	[INFO]	shop_manager.py	响应时间:175ms	湖南省	长沙市	这里是日志信息......
2024-05-17 11:01:13.983076	[INFO]	event.py	响应时间:165ms	山东省	济南市	这里是日志信息......
2024-05-17 11:01:13.983076	[INFO]	event.py	响应时间:700ms	浙江省	丽水市	这里是日志信息......
2024-05-17 11:01:13.983076	[INFO]	event.py	响应时间:912ms	浙江省	嘉兴市	这里是日志信息......
2024-05-17 11:01:13.983076	[INFO]	shop_manager.py	响应时间:443ms	重庆市	万州区	这里是日志信息......
2024-05-17 11:01:13.983076	[INFO]	goods_manager.py	响应时间:767ms	广东省	广州市	这里是日志信息......
2024-05-17 11:01:13.983076	[INFO]	goods_manager.py	响应时间:222ms	山东省	青岛市	这里是日志信息......
2024-05-17 11:01:13.983076	[INFO]	event.py	响应时间:50ms	北京市	朝阳区	这里是日志信息......
2024-05-17 11:01:13.983076	[INFO]	event.py	响应时间:254ms	浙江省	丽水市	这里是日志信息......
2024-05-17 11:01:13.983076	[INFO]	goods_manager.py	响应时间:281ms	湖南省	长沙市	这里是日志信息......
2024-05-17 11:01:13.983076	[INFO]	base_network.py	响应时间:743ms	广东省	深圳市	这里是日志信息......
2024-05-17 11:01:13.983076	[INFO]	barcode_service.py	响应时间:8ms	广东省	珠海市	这里是日志信息......
2024-05-17 11:01:13.983076	[INFO]	event.py	响应时间:263ms	重庆市	渝中区	这里是日志信息......
2024-05-17 11:01:13.983076	[INFO]	barcode_service.py	响应时间:150ms	上海市	杨浦区	这里是日志信息......
2024-05-17 11:01:13.983076	[INFO]	goods_manager.py	响应时间:561ms	广东省	深圳市	这里是日志信息......
2024-05-17 11:01:13.983076	[INFO]	event.py	响应时间:628ms	湖南省	长沙市	这里是日志信息......
2024-05-17 11:01:13.983076	[INFO]	user_manager.py	响应时间:144ms	江苏省	南京市	这里是日志信息......
2024-05-17 11:01:13.983076	[INFO]	shop_manager.py	响应时间:137ms	天津市	和平区	这里是日志信息......
2024-05-17 11:01:13.983076	[INFO]	goods_manager.py	响应时间:403ms	浙江省	金华市	这里是日志信息......
2024-05-17 11:01:13.983076	[INFO]	goods_manager.py	响应时间:456ms	安徽省	六安市	这里是日志信息......
2024-05-17 11:01:13.983076	[INFO]	shop_manager.py	响应时间:744ms	广东省	深圳市	这里是日志信息......
2024-05-17 11:01:13.983076	[ERROR]	barcode_service.py	响应时间:209ms	天津市	和平区	这里是日志信息......
2024-05-17 11:01:13.983076	[WARN]	shop_manager.py	响应时间:922ms	浙江省	绍兴市	这里是日志信息......
2024-05-17 11:01:13.983076	[INFO]	event.py	响应时间:92ms	重庆市	沙坪坝区	这里是日志信息......
2024-05-17 11:01:13.983076	[WARN]	orders_service.py	响应时间:622ms	江苏省	宿迁市	这里是日志信息......
2024-05-17 11:01:13.983076	[INFO]	barcode_service.py	响应时间:574ms	重庆市	万州区	这里是日志信息......
2024-05-17 11:01:13.983076	[ERROR]	orders_service.py	响应时间:996ms	浙江省	嘉兴市	这里是日志信息......
2024-05-17 11:01:13.983076	[INFO]	event.py	响应时间:90ms	天津市	和平区	这里是日志信息......
2024-05-17 11:01:13.983076	[INFO]	event.py	响应时间:369ms	天津市	和平区	这里是日志信息......
2024-05-17 11:01:13.983076	[INFO]	orders_service.py	响应时间:55ms	江苏省	苏州市	这里是日志信息......
2024-05-17 11:01:13.983076	[WARN]	orders_service.py	响应时间:597ms	天津市	和平区	这里是日志信息......
2024-05-17 11:01:13.983076	[INFO]	barcode_service.py	响应时间:763ms	湖北省	武汉市	这里是日志信息......
2024-05-17 11:01:13.983076	[INFO]	barcode_service.py	响应时间:5ms	广东省	广州市	这里是日志信息......
2024-05-17 11:01:13.983076	[INFO]	barcode_service.py	响应时间:500ms	广东省	广州市	这里是日志信息......
2024-05-17 11:01:13.983076	[INFO]	goods_manager.py	响应时间:800ms	湖南省	株洲市	这里是日志信息......
2024-05-17 11:01:13.983076	[INFO]	event.py	响应时间:800ms	广东省	广州市	这里是日志信息......
2024-05-17 11:01:13.983076	[WARN]	goods_manager.py	响应时间:906ms	浙江省	杭州市	这里是日志信息......
2024-05-17 11:01:13.983076	[INFO]	orders_service.py	响应时间:656ms	湖北省	十堰市	这里是日志信息......
2024-05-17 11:01:13.983076	[INFO]	goods_manager.py	响应时间:68ms	湖南省	益阳市	这里是日志信息......
2024-05-17 11:01:13.983076	[INFO]	event.py	响应时间:225ms	天津市	宝坻区	这里是日志信息......
2024-05-17 11:01:13.983076	[WARN]	orders_service.py	响应时间:488ms	山东省	济南市	这里是日志信息......
2024-05-17 11:01:13.983076	[INFO]	event.py	响应时间:924ms	北京市	大兴区	这里是日志信息......
2024-05-17 11:01:13.983076	[INFO]	event.py	响应时间:505ms	安徽省	六安市	这里是日志信息......
2024-05-17 11:01:13.983076	[WARN]	event.py	响应时间:519ms	湖南省	张家界市	这里是日志信息......
2024-05-17 11:01:13.983076	[INFO]	event.py	响应时间:334ms	浙江省	杭州市	这里是日志信息......
2024-05-17 11:01:13.983076	[INFO]	event.py	响应时间:900ms	重庆市	万州区	这里是日志信息......
2024-05-17 11:01:13.983076	[INFO]	event.py	响应时间:850ms	重庆市	万州区	这里是日志信息......
2024-05-17 11:01:13.983076	[INFO]	orders_service.py	响应时间:365ms	山东省	青岛市	这里是日志信息......
2024-05-17 11:01:13.983076	[INFO]	event.py	响应时间:881ms	湖南省	长沙市	这里是日志信息......
2024-05-17 11:01:13.983076	[INFO]	barcode_service.py	响应时间:163ms	天津市	和平区	这里是日志信息......
2024-05-17 11:01:13.983076	[INFO]	base_network.py	响应时间:454ms	湖南省	长沙市	这里是日志信息......
2024-05-17 11:01:13.983076	[INFO]	user_manager.py	响应时间:719ms	北京市	海淀区	这里是日志信息......
2024-05-17 11:01:13.983076	[INFO]	goods_manager.py	响应时间:837ms	山东省	青岛市	这里是日志信息......
2024-05-17 11:01:13.983076	[INFO]	user_manager.py	响应时间:923ms	天津市	和平区	这里是日志信息......
2024-05-17 11:01:13.983076	[INFO]	goods_manager.py	响应时间:107ms	安徽省	芜湖市	这里是日志信息......
2024-05-17 11:01:13.983076	[INFO]	goods_manager.py	响应时间:924ms	天津市	武清区	这里是日志信息......
2024-05-17 11:01:13.983076	[INFO]	orders_service.py	响应时间:82ms	北京市	昌平区	这里是日志信息......
2024-05-17 11:01:13.983076	[INFO]	base_network.py	响应时间:790ms	湖南省	长沙市	这里是日志信息......
2024-05-17 11:01:13.983076	[INFO]	base_network.py	响应时间:989ms	重庆市	涪陵区	这里是日志信息......
2024-05-17 11:01:13.983076	[INFO]	orders_service.py	响应时间:156ms	广东省	深圳市	这里是日志信息......
2024-05-17 11:01:13.983076	[INFO]	goods_manager.py	响应时间:894ms	湖南省	长沙市	这里是日志信息......
2024-05-17 11:01:13.983076	[ERROR]	orders_service.py	响应时间:977ms	浙江省	金华市	这里是日志信息......
2024-05-17 11:01:13.983076	[INFO]	user_manager.py	响应时间:600ms	广东省	珠海市	这里是日志信息......
2024-05-17 11:01:13.983076	[INFO]	event.py	响应时间:104ms	湖南省	株洲市	这里是日志信息......
2024-05-17 11:01:13.983076	[INFO]	event.py	响应时间:691ms	天津市	和平区	这里是日志信息......
2024-05-17 11:01:13.983076	[WARN]	goods_manager.py	响应时间:7518ms	北京市	昌平区	这里是日志信息......
2024-05-17 11:01:13.983076	[INFO]	user_manager.py	响应时间:414ms	浙江省	舟山市	这里是日志信息......
2024-05-17 11:01:13.983076	[INFO]	goods_manager.py	响应时间:426ms	湖南省	长沙市	这里是日志信息......
2024-05-17 11:01:13.984080	[INFO]	orders_service.py	响应时间:930ms	山东省	青岛市	这里是日志信息......
2024-05-17 11:01:13.984080	[INFO]	barcode_service.py	响应时间:792ms	浙江省	杭州市	这里是日志信息......
2024-05-17 11:01:13.984080	[INFO]	orders_service.py	响应时间:287ms	重庆市	九龙坡区	这里是日志信息......
2024-05-17 11:01:13.984080	[INFO]	shop_manager.py	响应时间:58ms	天津市	武清区	这里是日志信息......
2024-05-17 11:01:13.984080	[WARN]	event.py	响应时间:53ms	天津市	宝坻区	这里是日志信息......
2024-05-17 11:01:13.984080	[INFO]	barcode_service.py	响应时间:980ms	上海市	杨浦区	这里是日志信息......
2024-05-17 11:01:13.984080	[INFO]	goods_manager.py	响应时间:158ms	重庆市	渝中区	这里是日志信息......
2024-05-17 11:01:13.984080	[INFO]	user_manager.py	响应时间:37ms	湖北省	武汉市	这里是日志信息......
2024-05-17 11:01:13.984080	[WARN]	event.py	响应时间:617ms	山东省	菏泽市	这里是日志信息......
2024-05-17 11:01:13.984080	[INFO]	goods_manager.py	响应时间:385ms	湖南省	株洲市	这里是日志信息......
2024-05-17 11:01:13.984080	[INFO]	goods_manager.py	响应时间:11ms	浙江省	杭州市	这里是日志信息......
2024-05-17 11:01:13.984080	[WARN]	shop_manager.py	响应时间:368ms	北京市	海淀区	这里是日志信息......
2024-05-17 11:01:13.984080	[INFO]	event.py	响应时间:801ms	重庆市	九龙坡区	这里是日志信息......
2024-05-17 11:01:13.984080	[INFO]	barcode_service.py	响应时间:100ms	浙江省	杭州市	这里是日志信息......
2024-05-17 11:01:13.984080	[INFO]	shop_manager.py	响应时间:844ms	江苏省	南京市	这里是日志信息......
2024-05-17 11:01:13.984080	[WARN]	orders_service.py	响应时间:803ms	江苏省	常州市	这里是日志信息......
2024-05-17 11:01:13.984080	[WARN]	event.py	响应时间:865ms	上海市	宝山区	这里是日志信息......
2024-05-17 11:01:13.984080	[INFO]	goods_manager.py	响应时间:160ms	湖北省	十堰市	这里是日志信息......
2024-05-17 11:01:13.984080	[INFO]	goods_manager.py	响应时间:544ms	江苏省	常州市	这里是日志信息......
2024-05-17 11:01:13.984080	[INFO]	user_manager.py	响应时间:666ms	浙江省	绍兴市	这里是日志信息......
2024-05-17 11:01:13.984080	[INFO]	user_manager.py	响应时间:1156ms	广东省	广州市	这里是日志信息......
2024-05-17 11:01:13.984080	[INFO]	event.py	响应时间:146ms	湖南省	株洲市	这里是日志信息......
2024-05-17 11:01:13.984080	[INFO]	event.py	响应时间:345ms	江苏省	南京市	这里是日志信息......
2024-05-17 11:01:13.984080	[INFO]	shop_manager.py	响应时间:351ms	北京市	昌平区	这里是日志信息......
2024-05-17 11:01:13.984080	[INFO]	shop_manager.py	响应时间:242ms	浙江省	杭州市	这里是日志信息......
2024-05-17 11:01:13.984080	[WARN]	goods_manager.py	响应时间:899ms	浙江省	嘉兴市	这里是日志信息......
2024-05-17 11:01:13.984080	[INFO]	event.py	响应时间:554ms	江苏省	苏州市	这里是日志信息......
2024-05-17 11:01:13.984080	[INFO]	orders_service.py	响应时间:570ms	北京市	大兴区	这里是日志信息......
2024-05-17 11:01:13.984080	[WARN]	base_network.py	响应时间:964ms	天津市	宝坻区	这里是日志信息......
2024-05-17 11:01:13.984080	[INFO]	event.py	响应时间:313ms	山东省	青岛市	这里是日志信息......
2024-05-17 11:01:13.984080	[INFO]	event.py	响应时间:246ms	广东省	广州市	这里是日志信息......
2024-05-17 11:01:13.984080	[INFO]	base_network.py	响应时间:196ms	天津市	河西区	这里是日志信息......
2024-05-17 11:01:13.984080	[WARN]	goods_manager.py	响应时间:584ms	重庆市	九龙坡区	这里是日志信息......
2024-05-17 11:01:13.984080	[INFO]	orders_service.py	响应时间:857ms	广东省	广州市	这里是日志信息......
2024-05-17 11:01:13.984080	[INFO]	goods_manager.py	响应时间:469ms	江苏省	常州市	这里是日志信息......
2024-05-17 11:01:13.984080	[INFO]	event.py	响应时间:882ms	浙江省	杭州市	这里是日志信息......
2024-05-17 11:01:13.984080	[INFO]	event.py	响应时间:846ms	广东省	深圳市	这里是日志信息......
2024-05-17 11:01:13.984080	[INFO]	barcode_service.py	响应时间:1ms	安徽省	六安市	这里是日志信息......
2024-05-17 11:01:13.984080	[INFO]	event.py	响应时间:908ms	重庆市	万州区	这里是日志信息......
2024-05-17 11:01:13.984080	[INFO]	event.py	响应时间:81ms	浙江省	舟山市	这里是日志信息......
2024-05-17 11:01:13.984080	[INFO]	orders_service.py	响应时间:204ms	重庆市	涪陵区	这里是日志信息......
2024-05-17 11:01:13.984080	[WARN]	barcode_service.py	响应时间:756ms	山东省	菏泽市	这里是日志信息......
2024-05-17 11:01:13.984080	[INFO]	event.py	响应时间:359ms	重庆市	渝中区	这里是日志信息......
2024-05-17 11:01:13.984080	[WARN]	event.py	响应时间:169ms	湖北省	武汉市	这里是日志信息......
2024-05-17 11:01:13.984080	[INFO]	event.py	响应时间:785ms	湖北省	十堰市	这里是日志信息......
2024-05-17 11:01:13.984080	[INFO]	shop_manager.py	响应时间:503ms	浙江省	杭州市	这里是日志信息......
2024-05-17 11:01:13.984080	[INFO]	event.py	响应时间:787ms	上海市	浦东新区	这里是日志信息......
2024-05-17 11:01:13.984080	[INFO]	goods_manager.py	响应时间:850ms	湖北省	恩施土家族苗族自治州	这里是日志信息......
2024-05-17 11:01:13.984080	[INFO]	user_manager.py	响应时间:941ms	湖南省	长沙市	这里是日志信息......
2024-05-17 11:01:13.984080	[WARN]	user_manager.py	响应时间:411ms	广东省	深圳市	这里是日志信息......
2024-05-17 11:01:13.984080	[INFO]	orders_service.py	响应时间:490ms	山东省	济南市	这里是日志信息......
2024-05-17 11:01:13.984080	[INFO]	goods_manager.py	响应时间:542ms	北京市	朝阳区	这里是日志信息......
2024-05-17 11:01:13.984080	[INFO]	event.py	响应时间:127ms	上海市	宝山区	这里是日志信息......
2024-05-17 11:01:13.984080	[INFO]	user_manager.py	响应时间:904ms	江苏省	苏州市	这里是日志信息......
2024-05-17 11:01:13.984080	[WARN]	event.py	响应时间:16ms	天津市	河西区	这里是日志信息......
2024-05-17 11:01:13.984080	[INFO]	barcode_service.py	响应时间:588ms	湖南省	株洲市	这里是日志信息......
2024-05-17 11:01:13.984080	[INFO]	barcode_service.py	响应时间:6144ms	天津市	河东区	这里是日志信息......
2024-05-17 11:01:13.984080	[INFO]	goods_manager.py	响应时间:836ms	广东省	广州市	这里是日志信息......
2024-05-17 11:01:13.984080	[INFO]	base_network.py	响应时间:5ms	江苏省	南京市	这里是日志信息......
2024-05-17 11:01:13.984080	[WARN]	barcode_service.py	响应时间:418ms	江苏省	南京市	这里是日志信息......
2024-05-17 11:01:13.984080	[INFO]	orders_service.py	响应时间:884ms	浙江省	湖州市	这里是日志信息......
2024-05-17 11:01:13.984080	[INFO]	goods_manager.py	响应时间:985ms	湖南省	长沙市	这里是日志信息......
2024-05-17 11:01:13.984080	[INFO]	user_manager.py	响应时间:837ms	重庆市	九龙坡区	这里是日志信息......
2024-05-17 11:01:13.984080	[ERROR]	orders_service.py	响应时间:55ms	江苏省	南京市	这里是日志信息......
2024-05-17 11:01:13.984080	[INFO]	event.py	响应时间:817ms	浙江省	杭州市	这里是日志信息......
2024-05-17 11:01:13.984080	[INFO]	event.py	响应时间:13ms	广东省	珠海市	这里是日志信息......
2024-05-17 11:01:13.984080	[WARN]	user_manager.py	响应时间:897ms	湖北省	武汉市	这里是日志信息......
2024-05-17 11:01:13.984080	[INFO]	event.py	响应时间:4ms	浙江省	嘉兴市	这里是日志信息......
2024-05-17 11:01:13.984080	[INFO]	orders_service.py	响应时间:400ms	山东省	青岛市	这里是日志信息......
2024-05-17 11:01:13.984080	[INFO]	event.py	响应时间:342ms	山东省	济南市	这里是日志信息......
2024-05-17 11:01:13.984080	[INFO]	goods_manager.py	响应时间:136ms	北京市	大兴区	这里是日志信息......
2024-05-17 11:01:13.984080	[INFO]	base_network.py	响应时间:871ms	广东省	广州市	这里是日志信息......
2024-05-17 11:01:13.984080	[INFO]	orders_service.py	响应时间:26ms	北京市	怀柔区	这里是日志信息......
2024-05-17 11:01:13.984080	[INFO]	goods_manager.py	响应时间:407ms	重庆市	万州区	这里是日志信息......
2024-05-17 11:01:13.984080	[INFO]	goods_manager.py	响应时间:186ms	江苏省	无锡市	这里是日志信息......
2024-05-17 11:01:13.984080	[INFO]	shop_manager.py	响应时间:871ms	湖北省	武汉市	这里是日志信息......
2024-05-17 11:01:13.984080	[INFO]	goods_manager.py	响应时间:390ms	江苏省	张家港市	这里是日志信息......
2024-05-17 11:01:13.984080	[INFO]	barcode_service.py	响应时间:516ms	湖北省	武汉市	这里是日志信息......
2024-05-17 11:01:13.984080	[INFO]	event.py	响应时间:673ms	广东省	深圳市	这里是日志信息......
2024-05-17 11:01:13.984080	[INFO]	orders_service.py	响应时间:350ms	上海市	浦东新区	这里是日志信息......
2024-05-17 11:01:13.984080	[ERROR]	base_network.py	响应时间:665ms	广东省	深圳市	这里是日志信息......
2024-05-17 11:01:13.984080	[INFO]	goods_manager.py	响应时间:41ms	江苏省	南京市	这里是日志信息......
2024-05-17 11:01:13.984080	[INFO]	base_network.py	响应时间:332ms	湖北省	荆州市	这里是日志信息......
2024-05-17 11:01:13.984080	[WARN]	shop_manager.py	响应时间:444ms	广东省	珠海市	这里是日志信息......
2024-05-17 11:01:13.984080	[INFO]	barcode_service.py	响应时间:1705ms	天津市	武清区	这里是日志信息......
2024-05-17 11:01:13.984080	[INFO]	base_network.py	响应时间:797ms	安徽省	六安市	这里是日志信息......
2024-05-17 11:01:13.984080	[INFO]	event.py	响应时间:587ms	上海市	徐汇区	这里是日志信息......
2024-05-17 11:01:13.984080	[INFO]	orders_service.py	响应时间:769ms	浙江省	湖州市	这里是日志信息......
2024-05-17 11:01:13.984080	[INFO]	barcode_service.py	响应时间:813ms	上海市	普陀区	这里是日志信息......
2024-05-17 11:01:13.984080	[WARN]	barcode_service.py	响应时间:690ms	湖南省	益阳市	这里是日志信息......
2024-05-17 11:01:13.984080	[INFO]	barcode_service.py	响应时间:557ms	广东省	深圳市	这里是日志信息......
2024-05-17 11:01:13.984080	[INFO]	goods_manager.py	响应时间:701ms	江苏省	南京市	这里是日志信息......
2024-05-17 11:01:13.984080	[INFO]	event.py	响应时间:826ms	山东省	青岛市	这里是日志信息......
2024-05-17 11:01:13.984080	[INFO]	base_network.py	响应时间:325ms	广东省	深圳市	这里是日志信息......
2024-05-17 11:01:13.984080	[INFO]	barcode_service.py	响应时间:63ms	重庆市	涪陵区	这里是日志信息......
2024-05-17 11:01:13.984080	[INFO]	user_manager.py	响应时间:52ms	重庆市	万州区	这里是日志信息......
2024-05-17 11:01:13.984080	[INFO]	orders_service.py	响应时间:157ms	重庆市	南岸区	这里是日志信息......
2024-05-17 11:01:13.984080	[INFO]	shop_manager.py	响应时间:517ms	湖南省	张家界市	这里是日志信息......
2024-05-17 11:01:13.985074	[INFO]	barcode_service.py	响应时间:320ms	江苏省	南京市	这里是日志信息......
2024-05-17 11:01:13.985074	[INFO]	event.py	响应时间:53ms	山东省	菏泽市	这里是日志信息......
2024-05-17 11:01:13.985074	[INFO]	goods_manager.py	响应时间:699ms	江苏省	南京市	这里是日志信息......
2024-05-17 11:01:13.985074	[INFO]	user_manager.py	响应时间:717ms	湖北省	武汉市	这里是日志信息......
2024-05-17 11:01:13.985074	[INFO]	goods_manager.py	响应时间:177ms	江苏省	苏州市	这里是日志信息......
2024-05-17 11:01:13.985074	[WARN]	event.py	响应时间:109ms	江苏省	南京市	这里是日志信息......
2024-05-17 11:01:13.985074	[INFO]	base_network.py	响应时间:502ms	江苏省	苏州市	这里是日志信息......
2024-05-17 11:01:13.985074	[INFO]	orders_service.py	响应时间:132ms	湖北省	恩施土家族苗族自治州	这里是日志信息......
2024-05-17 11:01:13.985074	[INFO]	user_manager.py	响应时间:18ms	山东省	青岛市	这里是日志信息......
2024-05-17 11:01:13.985074	[WARN]	barcode_service.py	响应时间:4500ms	天津市	河西区	这里是日志信息......
2024-05-17 11:01:13.985074	[INFO]	orders_service.py	响应时间:366ms	江苏省	南京市	这里是日志信息......
2024-05-17 11:01:13.985074	[INFO]	base_network.py	响应时间:44ms	山东省	菏泽市	这里是日志信息......
2024-05-17 11:01:13.985074	[INFO]	user_manager.py	响应时间:432ms	湖北省	武汉市	这里是日志信息......
2024-05-17 11:01:13.985074	[INFO]	goods_manager.py	响应时间:693ms	湖北省	荆州市	这里是日志信息......
2024-05-17 11:01:13.985074	[INFO]	user_manager.py	响应时间:287ms	山东省	济南市	这里是日志信息......
2024-05-17 11:01:13.985074	[INFO]	goods_manager.py	响应时间:805ms	广东省	广州市	这里是日志信息......
2024-05-17 11:01:13.985074	[INFO]	barcode_service.py	响应时间:472ms	山东省	青岛市	这里是日志信息......
2024-05-17 11:01:13.985074	[INFO]	base_network.py	响应时间:894ms	江苏省	张家港市	这里是日志信息......
2024-05-17 11:01:13.985074	[INFO]	goods_manager.py	响应时间:599ms	湖南省	长沙市	这里是日志信息......
2024-05-17 11:01:13.985074	[INFO]	event.py	响应时间:825ms	北京市	海淀区	这里是日志信息......
2024-05-17 11:01:13.985074	[INFO]	orders_service.py	响应时间:337ms	北京市	海淀区	这里是日志信息......
2024-05-17 11:01:13.985074	[INFO]	orders_service.py	响应时间:551ms	天津市	和平区	这里是日志信息......
2024-05-17 11:01:13.985074	[INFO]	event.py	响应时间:582ms	山东省	青岛市	这里是日志信息......
2024-05-17 11:01:13.985074	[INFO]	orders_service.py	响应时间:69ms	安徽省	合肥市	这里是日志信息......
2024-05-17 11:01:13.985074	[INFO]	user_manager.py	响应时间:540ms	浙江省	丽水市	这里是日志信息......
2024-05-17 11:01:13.985074	[INFO]	orders_service.py	响应时间:56ms	广东省	广州市	这里是日志信息......
2024-05-17 11:01:13.985074	[INFO]	orders_service.py	响应时间:504ms	天津市	宝坻区	这里是日志信息......
2024-05-17 11:01:13.985074	[INFO]	shop_manager.py	响应时间:63ms	重庆市	九龙坡区	这里是日志信息......
2024-05-17 11:01:13.985074	[WARN]	orders_service.py	响应时间:338ms	重庆市	南岸区	这里是日志信息......
2024-05-17 11:01:13.985074	[INFO]	user_manager.py	响应时间:682ms	天津市	河东区	这里是日志信息......
2024-05-17 11:01:13.985074	[INFO]	event.py	响应时间:508ms	浙江省	绍兴市	这里是日志信息......
2024-05-17 11:01:13.985074	[INFO]	barcode_service.py	响应时间:255ms	北京市	大兴区	这里是日志信息......
2024-05-17 11:01:13.985074	[INFO]	user_manager.py	响应时间:441ms	安徽省	阜阳市	这里是日志信息......
2024-05-17 11:01:13.985074	[INFO]	base_network.py	响应时间:725ms	天津市	武清区	这里是日志信息......
2024-05-17 11:01:13.985074	[INFO]	orders_service.py	响应时间:267ms	天津市	和平区	这里是日志信息......
2024-05-17 11:01:13.985074	[INFO]	user_manager.py	响应时间:308ms	上海市	静安区	这里是日志信息......
2024-05-17 11:01:13.985074	[INFO]	barcode_service.py	响应时间:689ms	浙江省	湖州市	这里是日志信息......
2024-05-17 11:01:13.985074	[INFO]	barcode_service.py	响应时间:946ms	山东省	青岛市	这里是日志信息......
2024-05-17 11:01:13.985074	[INFO]	event.py	响应时间:367ms	山东省	青岛市	这里是日志信息......
2024-05-17 11:01:13.985074	[INFO]	base_network.py	响应时间:636ms	山东省	青岛市	这里是日志信息......
2024-05-17 11:01:13.985074	[WARN]	orders_service.py	响应时间:891ms	湖北省	恩施土家族苗族自治州	这里是日志信息......
2024-05-17 11:01:13.985074	[INFO]	orders_service.py	响应时间:561ms	重庆市	南岸区	这里是日志信息......
2024-05-17 11:01:13.985074	[INFO]	barcode_service.py	响应时间:407ms	湖南省	长沙市	这里是日志信息......
2024-05-17 11:01:13.985074	[INFO]	event.py	响应时间:676ms	北京市	朝阳区	这里是日志信息......
2024-05-17 11:01:13.985074	[INFO]	event.py	响应时间:345ms	湖北省	十堰市	这里是日志信息......
2024-05-17 11:01:13.985074	[INFO]	goods_manager.py	响应时间:566ms	山东省	青岛市	这里是日志信息......
2024-05-17 11:01:13.985074	[WARN]	event.py	响应时间:326ms	江苏省	常州市	这里是日志信息......
2024-05-17 11:01:13.985074	[INFO]	shop_manager.py	响应时间:781ms	广东省	深圳市	这里是日志信息......
2024-05-17 11:01:13.985074	[INFO]	event.py	响应时间:444ms	北京市	朝阳区	这里是日志信息......
2024-05-17 11:01:13.985074	[INFO]	shop_manager.py	响应时间:909ms	重庆市	九龙坡区	这里是日志信息......
2024-05-17 11:01:13.985074	[INFO]	barcode_service.py	响应时间:461ms	江苏省	苏州市	这里是日志信息......
2024-05-17 11:01:13.985074	[INFO]	orders_service.py	响应时间:709ms	北京市	朝阳区	这里是日志信息......
2024-05-17 11:01:13.985074	[INFO]	event.py	响应时间:421ms	湖北省	十堰市	这里是日志信息......
2024-05-17 11:01:13.985074	[ERROR]	goods_manager.py	响应时间:810ms	安徽省	池州市	这里是日志信息......
2024-05-17 11:01:13.985074	[INFO]	event.py	响应时间:738ms	江苏省	常州市	这里是日志信息......
2024-05-17 11:01:13.985074	[INFO]	event.py	响应时间:669ms	江苏省	无锡市	这里是日志信息......
2024-05-17 11:01:13.985074	[INFO]	base_network.py	响应时间:587ms	广东省	深圳市	这里是日志信息......
2024-05-17 11:01:13.985074	[WARN]	goods_manager.py	响应时间:714ms	重庆市	涪陵区	这里是日志信息......
2024-05-17 11:01:13.985074	[WARN]	barcode_service.py	响应时间:141ms	浙江省	丽水市	这里是日志信息......
2024-05-17 11:01:13.985074	[INFO]	user_manager.py	响应时间:295ms	山东省	济南市	这里是日志信息......
2024-05-17 11:01:13.985074	[INFO]	orders_service.py	响应时间:947ms	重庆市	万州区	这里是日志信息......
2024-05-17 11:01:13.985074	[INFO]	orders_service.py	响应时间:238ms	江苏省	张家港市	这里是日志信息......
2024-05-17 11:01:13.985074	[INFO]	shop_manager.py	响应时间:267ms	天津市	宝坻区	这里是日志信息......
2024-05-17 11:01:13.985074	[INFO]	barcode_service.py	响应时间:1185ms	北京市	大兴区	这里是日志信息......
2024-05-17 11:01:13.985074	[INFO]	base_network.py	响应时间:594ms	山东省	青岛市	这里是日志信息......
2024-05-17 11:01:13.985074	[INFO]	event.py	响应时间:394ms	广东省	深圳市	这里是日志信息......
2024-05-17 11:01:13.985074	[INFO]	user_manager.py	响应时间:124ms	安徽省	合肥市	这里是日志信息......
2024-05-17 11:01:13.985074	[INFO]	user_manager.py	响应时间:522ms	山东省	青岛市	这里是日志信息......
2024-05-17 11:01:13.985074	[INFO]	orders_service.py	响应时间:794ms	浙江省	绍兴市	这里是日志信息......
2024-05-17 11:01:13.985074	[ERROR]	orders_service.py	响应时间:662ms	江苏省	无锡市	这里是日志信息......
2024-05-17 11:01:13.985074	[INFO]	goods_manager.py	响应时间:484ms	浙江省	杭州市	这里是日志信息......
2024-05-17 11:01:13.985074	[INFO]	orders_service.py	响应时间:879ms	湖南省	长沙市	这里是日志信息......
2024-05-17 11:01:13.985074	[INFO]	orders_service.py	响应时间:266ms	天津市	和平区	这里是日志信息......
2024-05-17 11:01:13.985074	[INFO]	goods_manager.py	响应时间:708ms	天津市	武清区	这里是日志信息......
2024-05-17 11:01:13.985074	[INFO]	base_network.py	响应时间:862ms	北京市	海淀区	这里是日志信息......
2024-05-17 11:01:13.985074	[WARN]	user_manager.py	响应时间:308ms	天津市	河西区	这里是日志信息......
2024-05-17 11:01:13.985074	[INFO]	user_manager.py	响应时间:946ms	湖南省	长沙市	这里是日志信息......
2024-05-17 11:01:13.985074	[INFO]	event.py	响应时间:177ms	浙江省	杭州市	这里是日志信息......
2024-05-17 11:01:13.985074	[WARN]	base_network.py	响应时间:234ms	江苏省	张家港市	这里是日志信息......
2024-05-17 11:01:13.985074	[INFO]	orders_service.py	响应时间:18ms	天津市	河西区	这里是日志信息......
2024-05-17 11:01:13.985074	[INFO]	orders_service.py	响应时间:450ms	江苏省	苏州市	这里是日志信息......
2024-05-17 11:01:13.985074	[INFO]	goods_manager.py	响应时间:422ms	湖北省	武汉市	这里是日志信息......
2024-05-17 11:01:13.985074	[INFO]	shop_manager.py	响应时间:714ms	湖北省	恩施土家族苗族自治州	这里是日志信息......
2024-05-17 11:01:13.985074	[WARN]	barcode_service.py	响应时间:667ms	山东省	青岛市	这里是日志信息......
2024-05-17 11:01:13.985074	[INFO]	user_manager.py	响应时间:860ms	湖南省	株洲市	这里是日志信息......
2024-05-17 11:01:13.985074	[INFO]	goods_manager.py	响应时间:965ms	天津市	和平区	这里是日志信息......
2024-05-17 11:01:13.985074	[INFO]	goods_manager.py	响应时间:572ms	江苏省	苏州市	这里是日志信息......
2024-05-17 11:01:13.985074	[INFO]	orders_service.py	响应时间:556ms	湖南省	长沙市	这里是日志信息......
2024-05-17 11:01:13.985074	[INFO]	orders_service.py	响应时间:327ms	江苏省	宿迁市	这里是日志信息......
2024-05-17 11:01:13.985074	[INFO]	orders_service.py	响应时间:961ms	山东省	济南市	这里是日志信息......
2024-05-17 11:01:13.985074	[INFO]	barcode_service.py	响应时间:732ms	北京市	丰台区	这里是日志信息......
2024-05-17 11:01:13.985074	[INFO]	goods_manager.py	响应时间:102ms	江苏省	张家港市	这里是日志信息......
2024-05-17 11:01:13.985074	[INFO]	barcode_service.py	响应时间:940ms	安徽省	合肥市	这里是日志信息......
2024-05-17 11:01:13.985074	[INFO]	barcode_service.py	响应时间:257ms	北京市	海淀区	这里是日志信息......
2024-05-17 11:01:13.985074	[INFO]	event.py	响应时间:137ms	广东省	广州市	这里是日志信息......
2024-05-17 11:01:13.985074	[INFO]	event.py	响应时间:861ms	山东省	济南市	这里是日志信息......
2024-05-17 11:01:13.985074	[INFO]	shop_manager.py	响应时间:965ms	广东省	广州市	这里是日志信息......
2024-05-17 11:01:13.985074	[INFO]	event.py	响应时间:778ms	北京市	丰台区	这里是日志信息......
2024-05-17 11:01:13.985074	[INFO]	shop_manager.py	响应时间:807ms	重庆市	万州区	这里是日志信息......
2024-05-17 11:01:13.985074	[INFO]	goods_manager.py	响应时间:675ms	湖南省	益阳市	这里是日志信息......
2024-05-17 11:01:13.986080	[INFO]	goods_manager.py	响应时间:858ms	广东省	广州市	这里是日志信息......
2024-05-17 11:01:13.986080	[INFO]	base_network.py	响应时间:541ms	湖北省	武汉市	这里是日志信息......
2024-05-17 11:01:13.986080	[INFO]	orders_service.py	响应时间:592ms	天津市	河西区	这里是日志信息......
2024-05-17 11:01:13.986080	[INFO]	event.py	响应时间:340ms	北京市	海淀区	这里是日志信息......
2024-05-17 11:01:13.986080	[INFO]	goods_manager.py	响应时间:507ms	广东省	广州市	这里是日志信息......
2024-05-17 11:01:13.986080	[INFO]	goods_manager.py	响应时间:180ms	江苏省	南京市	这里是日志信息......
2024-05-17 11:01:13.986080	[INFO]	event.py	响应时间:87ms	湖北省	武汉市	这里是日志信息......
2024-05-17 11:01:13.986080	[INFO]	user_manager.py	响应时间:276ms	广东省	深圳市	这里是日志信息......
2024-05-17 11:01:13.986080	[INFO]	goods_manager.py	响应时间:688ms	湖北省	武汉市	这里是日志信息......
2024-05-17 11:01:13.986080	[INFO]	barcode_service.py	响应时间:697ms	山东省	青岛市	这里是日志信息......
2024-05-17 11:01:13.986080	[INFO]	shop_manager.py	响应时间:405ms	广东省	深圳市	这里是日志信息......
2024-05-17 11:01:13.986080	[INFO]	orders_service.py	响应时间:931ms	山东省	济南市	这里是日志信息......
2024-05-17 11:01:13.986080	[INFO]	event.py	响应时间:974ms	广东省	广州市	这里是日志信息......
2024-05-17 11:01:13.986080	[INFO]	event.py	响应时间:442ms	广东省	珠海市	这里是日志信息......
2024-05-17 11:01:13.986080	[INFO]	orders_service.py	响应时间:272ms	湖南省	张家界市	这里是日志信息......
2024-05-17 11:01:13.986080	[INFO]	event.py	响应时间:981ms	广东省	深圳市	这里是日志信息......
2024-05-17 11:01:13.986080	[WARN]	shop_manager.py	响应时间:720ms	天津市	河西区	这里是日志信息......
2024-05-17 11:01:13.986080	[INFO]	orders_service.py	响应时间:299ms	湖南省	株洲市	这里是日志信息......
2024-05-17 11:01:13.986080	[INFO]	event.py	响应时间:585ms	上海市	宝山区	这里是日志信息......
2024-05-17 11:01:13.986080	[INFO]	barcode_service.py	响应时间:787ms	天津市	宝坻区	这里是日志信息......
2024-05-17 11:01:13.986080	[INFO]	base_network.py	响应时间:852ms	上海市	普陀区	这里是日志信息......
2024-05-17 11:01:13.986080	[INFO]	event.py	响应时间:507ms	广东省	深圳市	这里是日志信息......
2024-05-17 11:01:13.986080	[INFO]	orders_service.py	响应时间:97ms	天津市	和平区	这里是日志信息......
2024-05-17 11:01:13.986080	[INFO]	event.py	响应时间:99ms	江苏省	南京市	这里是日志信息......
2024-05-17 11:01:13.986080	[ERROR]	shop_manager.py	响应时间:7784ms	安徽省	合肥市	这里是日志信息......
2024-05-17 11:01:13.986080	[INFO]	orders_service.py	响应时间:490ms	北京市	海淀区	这里是日志信息......
2024-05-17 11:01:13.986080	[INFO]	base_network.py	响应时间:969ms	山东省	济南市	这里是日志信息......
2024-05-17 11:01:13.986080	[INFO]	event.py	响应时间:211ms	山东省	菏泽市	这里是日志信息......
2024-05-17 11:01:13.986080	[INFO]	goods_manager.py	响应时间:4699ms	重庆市	涪陵区	这里是日志信息......
2024-05-17 11:01:13.986080	[INFO]	event.py	响应时间:81ms	天津市	宝坻区	这里是日志信息......
2024-05-17 11:01:13.986080	[INFO]	shop_manager.py	响应时间:928ms	安徽省	合肥市	这里是日志信息......
2024-05-17 11:01:13.986080	[INFO]	event.py	响应时间:950ms	天津市	河西区	这里是日志信息......
2024-05-17 11:01:13.986080	[INFO]	orders_service.py	响应时间:421ms	安徽省	阜阳市	这里是日志信息......
2024-05-17 11:01:13.986080	[INFO]	goods_manager.py	响应时间:634ms	广东省	深圳市	这里是日志信息......
2024-05-17 11:01:13.986080	[INFO]	orders_service.py	响应时间:48ms	浙江省	丽水市	这里是日志信息......
2024-05-17 11:01:13.986080	[INFO]	goods_manager.py	响应时间:431ms	浙江省	湖州市	这里是日志信息......
2024-05-17 11:01:13.986080	[INFO]	event.py	响应时间:792ms	安徽省	阜阳市	这里是日志信息......
2024-05-17 11:01:13.986080	[ERROR]	event.py	响应时间:916ms	安徽省	六安市	这里是日志信息......
2024-05-17 11:01:13.986080	[WARN]	event.py	响应时间:472ms	山东省	青岛市	这里是日志信息......
2024-05-17 11:01:13.986080	[WARN]	goods_manager.py	响应时间:894ms	天津市	宝坻区	这里是日志信息......
2024-05-17 11:01:13.986080	[INFO]	user_manager.py	响应时间:563ms	山东省	济南市	这里是日志信息......
2024-05-17 11:01:13.986080	[INFO]	shop_manager.py	响应时间:4353ms	安徽省	阜阳市	这里是日志信息......
2024-05-17 11:01:13.986080	[INFO]	base_network.py	响应时间:691ms	江苏省	宿迁市	这里是日志信息......
2024-05-17 11:01:13.986080	[WARN]	goods_manager.py	响应时间:959ms	北京市	昌平区	这里是日志信息......
2024-05-17 11:01:13.986080	[INFO]	orders_service.py	响应时间:567ms	江苏省	宿迁市	这里是日志信息......
2024-05-17 11:01:13.986080	[WARN]	base_network.py	响应时间:40ms	上海市	宝山区	这里是日志信息......
2024-05-17 11:01:13.986080	[INFO]	event.py	响应时间:569ms	安徽省	六安市	这里是日志信息......
2024-05-17 11:01:13.986080	[INFO]	event.py	响应时间:682ms	天津市	河东区	这里是日志信息......
2024-05-17 11:01:13.986080	[INFO]	barcode_service.py	响应时间:392ms	浙江省	嘉兴市	这里是日志信息......
2024-05-17 11:01:13.986080	[INFO]	goods_manager.py	响应时间:292ms	安徽省	合肥市	这里是日志信息......
2024-05-17 11:01:13.986080	[INFO]	orders_service.py	响应时间:588ms	江苏省	常州市	这里是日志信息......
2024-05-17 11:01:13.986080	[INFO]	event.py	响应时间:276ms	安徽省	六安市	这里是日志信息......
2024-05-17 11:01:13.986080	[INFO]	goods_manager.py	响应时间:852ms	天津市	武清区	这里是日志信息......
2024-05-17 11:01:13.986080	[WARN]	user_manager.py	响应时间:24ms	江苏省	苏州市	这里是日志信息......
2024-05-17 11:01:13.986080	[INFO]	barcode_service.py	响应时间:252ms	湖南省	张家界市	这里是日志信息......
2024-05-17 11:01:13.986080	[INFO]	user_manager.py	响应时间:910ms	广东省	广州市	这里是日志信息......
2024-05-17 11:01:13.986080	[INFO]	user_manager.py	响应时间:283ms	北京市	怀柔区	这里是日志信息......
2024-05-17 11:01:13.986080	[INFO]	goods_manager.py	响应时间:659ms	江苏省	苏州市	这里是日志信息......
2024-05-17 11:01:13.986080	[INFO]	event.py	响应时间:366ms	安徽省	芜湖市	这里是日志信息......
2024-05-17 11:01:13.986080	[INFO]	event.py	响应时间:1004ms	浙江省	杭州市	这里是日志信息......
2024-05-17 11:01:13.986080	[INFO]	shop_manager.py	响应时间:599ms	广东省	广州市	这里是日志信息......
2024-05-17 11:01:13.986080	[INFO]	event.py	响应时间:513ms	天津市	和平区	这里是日志信息......
2024-05-17 11:01:13.986080	[INFO]	user_manager.py	响应时间:237ms	江苏省	无锡市	这里是日志信息......
2024-05-17 11:01:13.986080	[INFO]	user_manager.py	响应时间:358ms	山东省	青岛市	这里是日志信息......
2024-05-17 11:01:13.986080	[INFO]	orders_service.py	响应时间:660ms	江苏省	无锡市	这里是日志信息......
2024-05-17 11:01:13.986080	[INFO]	user_manager.py	响应时间:917ms	湖南省	长沙市	这里是日志信息......
2024-05-17 11:01:13.986080	[INFO]	orders_service.py	响应时间:618ms	安徽省	六安市	这里是日志信息......
2024-05-17 11:01:13.986080	[INFO]	barcode_service.py	响应时间:530ms	江苏省	南京市	这里是日志信息......
2024-05-17 11:01:13.986080	[INFO]	orders_service.py	响应时间:517ms	安徽省	芜湖市	这里是日志信息......
2024-05-17 11:01:13.986080	[WARN]	goods_manager.py	响应时间:510ms	上海市	普陀区	这里是日志信息......
2024-05-17 11:01:13.986080	[ERROR]	goods_manager.py	响应时间:827ms	广东省	珠海市	这里是日志信息......
2024-05-17 11:01:13.986080	[INFO]	orders_service.py	响应时间:400ms	北京市	丰台区	这里是日志信息......
2024-05-17 11:01:13.986080	[INFO]	base_network.py	响应时间:92ms	北京市	怀柔区	这里是日志信息......
2024-05-17 11:01:13.986080	[INFO]	orders_service.py	响应时间:712ms	江苏省	张家港市	这里是日志信息......
2024-05-17 11:01:13.986080	[INFO]	goods_manager.py	响应时间:28ms	湖北省	荆州市	这里是日志信息......
2024-05-17 11:01:13.986080	[INFO]	shop_manager.py	响应时间:126ms	天津市	宝坻区	这里是日志信息......
2024-05-17 11:01:13.986080	[INFO]	user_manager.py	响应时间:907ms	湖北省	武汉市	这里是日志信息......
2024-05-17 11:01:13.986080	[WARN]	orders_service.py	响应时间:417ms	湖北省	武汉市	这里是日志信息......
2024-05-17 11:01:13.986080	[INFO]	barcode_service.py	响应时间:422ms	天津市	和平区	这里是日志信息......
2024-05-17 11:01:13.986080	[INFO]	user_manager.py	响应时间:941ms	山东省	青岛市	这里是日志信息......
2024-05-17 11:01:13.986080	[INFO]	event.py	响应时间:277ms	北京市	丰台区	这里是日志信息......
2024-05-17 11:01:13.986080	[INFO]	user_manager.py	响应时间:110ms	山东省	青岛市	这里是日志信息......
2024-05-17 11:01:13.986080	[INFO]	event.py	响应时间:586ms	浙江省	嘉兴市	这里是日志信息......
2024-05-17 11:01:13.986080	[INFO]	orders_service.py	响应时间:230ms	安徽省	芜湖市	这里是日志信息......
2024-05-17 11:01:13.986080	[INFO]	shop_manager.py	响应时间:448ms	重庆市	南岸区	这里是日志信息......
2024-05-17 11:01:13.986080	[INFO]	base_network.py	响应时间:236ms	北京市	丰台区	这里是日志信息......
2024-05-17 11:01:13.986080	[INFO]	event.py	响应时间:383ms	湖南省	长沙市	这里是日志信息......
2024-05-17 11:01:13.986080	[INFO]	event.py	响应时间:401ms	湖北省	荆州市	这里是日志信息......
2024-05-17 11:01:13.986080	[INFO]	shop_manager.py	响应时间:2941ms	浙江省	丽水市	这里是日志信息......
2024-05-17 11:01:13.986080	[INFO]	event.py	响应时间:328ms	湖南省	常德市	这里是日志信息......
2024-05-17 11:01:13.986080	[INFO]	goods_manager.py	响应时间:178ms	浙江省	丽水市	这里是日志信息......
2024-05-17 11:01:13.986080	[WARN]	orders_service.py	响应时间:196ms	广东省	珠海市	这里是日志信息......
2024-05-17 11:01:13.986080	[INFO]	orders_service.py	响应时间:433ms	北京市	怀柔区	这里是日志信息......
2024-05-17 11:01:13.986080	[INFO]	orders_service.py	响应时间:10ms	天津市	和平区	这里是日志信息......
2024-05-17 11:01:13.986080	[INFO]	event.py	响应时间:7ms	广东省	深圳市	这里是日志信息......
2024-05-17 11:01:13.986080	[INFO]	goods_manager.py	响应时间:980ms	湖南省	张家界市	这里是日志信息......
2024-05-17 11:01:13.986080	[INFO]	orders_service.py	响应时间:589ms	江苏省	宿迁市	这里是日志信息......
2024-05-17 11:01:13.986080	[INFO]	goods_manager.py	响应时间:466ms	上海市	浦东新区	这里是日志信息......
2024-05-17 11:01:13.986080	[INFO]	event.py	响应时间:581ms	浙江省	湖州市	这里是日志信息......
2024-05-17 11:01:13.986080	[INFO]	orders_service.py	响应时间:807ms	湖南省	常德市	这里是日志信息......
2024-05-17 11:01:13.987096	[INFO]	goods_manager.py	响应时间:828ms	浙江省	杭州市	这里是日志信息......
2024-05-17 11:01:13.987096	[ERROR]	user_manager.py	响应时间:91ms	浙江省	杭州市	这里是日志信息......
2024-05-17 11:01:13.987096	[WARN]	barcode_service.py	响应时间:746ms	天津市	和平区	这里是日志信息......
2024-05-17 11:01:13.987096	[INFO]	user_manager.py	响应时间:622ms	湖北省	武汉市	这里是日志信息......
2024-05-17 11:01:13.987096	[WARN]	base_network.py	响应时间:724ms	湖南省	长沙市	这里是日志信息......
2024-05-17 11:01:13.987096	[INFO]	barcode_service.py	响应时间:363ms	上海市	黄浦区	这里是日志信息......
2024-05-17 11:01:13.987096	[INFO]	user_manager.py	响应时间:996ms	广东省	深圳市	这里是日志信息......
2024-05-17 11:01:13.987096	[WARN]	barcode_service.py	响应时间:229ms	安徽省	合肥市	这里是日志信息......
2024-05-17 11:01:13.987096	[INFO]	base_network.py	响应时间:563ms	湖南省	长沙市	这里是日志信息......
2024-05-17 11:01:13.987096	[INFO]	user_manager.py	响应时间:796ms	湖南省	株洲市	这里是日志信息......
2024-05-17 11:01:13.987096	[INFO]	orders_service.py	响应时间:483ms	安徽省	池州市	这里是日志信息......
2024-05-17 11:01:13.987096	[INFO]	orders_service.py	响应时间:473ms	广东省	深圳市	这里是日志信息......
2024-05-17 11:01:13.987096	[INFO]	goods_manager.py	响应时间:5063ms	江苏省	南京市	这里是日志信息......
2024-05-17 11:01:13.987096	[ERROR]	goods_manager.py	响应时间:963ms	安徽省	芜湖市	这里是日志信息......
2024-05-17 11:01:13.987096	[INFO]	goods_manager.py	响应时间:287ms	浙江省	杭州市	这里是日志信息......
2024-05-17 11:01:13.987096	[INFO]	orders_service.py	响应时间:4292ms	浙江省	绍兴市	这里是日志信息......
2024-05-17 11:01:13.987096	[INFO]	goods_manager.py	响应时间:103ms	上海市	普陀区	这里是日志信息......
2024-05-17 11:01:13.987096	[INFO]	base_network.py	响应时间:423ms	湖北省	武汉市	这里是日志信息......
2024-05-17 11:01:13.987096	[INFO]	goods_manager.py	响应时间:313ms	浙江省	湖州市	这里是日志信息......
2024-05-17 11:01:13.987096	[INFO]	event.py	响应时间:559ms	山东省	青岛市	这里是日志信息......
2024-05-17 11:01:13.987096	[INFO]	event.py	响应时间:401ms	安徽省	阜阳市	这里是日志信息......
2024-05-17 11:01:13.987096	[INFO]	barcode_service.py	响应时间:61ms	江苏省	常州市	这里是日志信息......
2024-05-17 11:01:13.987096	[INFO]	orders_service.py	响应时间:54ms	江苏省	常州市	这里是日志信息......
2024-05-17 11:01:13.987096	[ERROR]	goods_manager.py	响应时间:768ms	安徽省	合肥市	这里是日志信息......
2024-05-17 11:01:13.987096	[INFO]	event.py	响应时间:995ms	上海市	静安区	这里是日志信息......
2024-05-17 11:01:13.987096	[INFO]	orders_service.py	响应时间:212ms	安徽省	芜湖市	这里是日志信息......
2024-05-17 11:01:13.987096	[ERROR]	goods_manager.py	响应时间:799ms	湖南省	长沙市	这里是日志信息......
2024-05-17 11:01:13.987096	[INFO]	orders_service.py	响应时间:437ms	山东省	青岛市	这里是日志信息......
2024-05-17 11:01:13.987096	[INFO]	event.py	响应时间:54ms	安徽省	六安市	这里是日志信息......
2024-05-17 11:01:13.987096	[INFO]	orders_service.py	响应时间:62ms	江苏省	南京市	这里是日志信息......
2024-05-17 11:01:13.987096	[INFO]	orders_service.py	响应时间:914ms	安徽省	阜阳市	这里是日志信息......
2024-05-17 11:01:13.987096	[INFO]	base_network.py	响应时间:799ms	湖北省	武汉市	这里是日志信息......
2024-05-17 11:01:13.987096	[INFO]	goods_manager.py	响应时间:640ms	天津市	河西区	这里是日志信息......
2024-05-17 11:01:13.987096	[INFO]	barcode_service.py	响应时间:7ms	浙江省	杭州市	这里是日志信息......
2024-05-17 11:01:13.987096	[INFO]	orders_service.py	响应时间:244ms	上海市	静安区	这里是日志信息......
2024-05-17 11:01:13.987096	[INFO]	base_network.py	响应时间:308ms	天津市	河东区	这里是日志信息......
2024-05-17 11:01:13.987096	[INFO]	base_network.py	响应时间:5902ms	重庆市	涪陵区	这里是日志信息......
2024-05-17 11:01:13.987096	[INFO]	barcode_service.py	响应时间:620ms	上海市	普陀区	这里是日志信息......
2024-05-17 11:01:13.987096	[INFO]	base_network.py	响应时间:864ms	上海市	浦东新区	这里是日志信息......
2024-05-17 11:01:13.987096	[INFO]	goods_manager.py	响应时间:215ms	上海市	浦东新区	这里是日志信息......
2024-05-17 11:01:13.987096	[INFO]	shop_manager.py	响应时间:393ms	湖南省	益阳市	这里是日志信息......
2024-05-17 11:01:13.987096	[INFO]	user_manager.py	响应时间:265ms	湖北省	武汉市	这里是日志信息......
2024-05-17 11:01:13.987096	[INFO]	user_manager.py	响应时间:389ms	北京市	昌平区	这里是日志信息......
2024-05-17 11:01:13.987096	[INFO]	event.py	响应时间:57ms	湖北省	十堰市	这里是日志信息......
2024-05-17 11:01:13.987096	[INFO]	goods_manager.py	响应时间:681ms	江苏省	南京市	这里是日志信息......
2024-05-17 11:01:13.987096	[INFO]	shop_manager.py	响应时间:750ms	重庆市	渝中区	这里是日志信息......
2024-05-17 11:01:13.987096	[INFO]	user_manager.py	响应时间:26ms	北京市	怀柔区	这里是日志信息......
2024-05-17 11:01:13.987096	[INFO]	goods_manager.py	响应时间:599ms	广东省	深圳市	这里是日志信息......
2024-05-17 11:01:13.987096	[INFO]	goods_manager.py	响应时间:867ms	湖南省	长沙市	这里是日志信息......
2024-05-17 11:01:13.987096	[INFO]	goods_manager.py	响应时间:924ms	重庆市	涪陵区	这里是日志信息......
2024-05-17 11:01:13.987096	[WARN]	barcode_service.py	响应时间:523ms	浙江省	嘉兴市	这里是日志信息......
2024-05-17 11:01:13.987096	[INFO]	orders_service.py	响应时间:181ms	湖北省	武汉市	这里是日志信息......
2024-05-17 11:01:13.987096	[INFO]	orders_service.py	响应时间:614ms	江苏省	南京市	这里是日志信息......
2024-05-17 11:01:13.987096	[INFO]	event.py	响应时间:824ms	山东省	济南市	这里是日志信息......
2024-05-17 11:01:13.987096	[INFO]	event.py	响应时间:266ms	湖南省	长沙市	这里是日志信息......
2024-05-17 11:01:13.987096	[INFO]	event.py	响应时间:957ms	北京市	丰台区	这里是日志信息......
2024-05-17 11:01:13.987096	[ERROR]	barcode_service.py	响应时间:590ms	北京市	怀柔区	这里是日志信息......
2024-05-17 11:01:13.987096	[INFO]	orders_service.py	响应时间:481ms	广东省	广州市	这里是日志信息......
2024-05-17 11:01:13.987096	[INFO]	orders_service.py	响应时间:242ms	湖南省	常德市	这里是日志信息......
2024-05-17 11:01:13.987096	[INFO]	barcode_service.py	响应时间:756ms	安徽省	合肥市	这里是日志信息......
2024-05-17 11:01:13.987096	[WARN]	orders_service.py	响应时间:716ms	湖北省	武汉市	这里是日志信息......
2024-05-17 11:01:13.987096	[INFO]	event.py	响应时间:730ms	天津市	河东区	这里是日志信息......
2024-05-17 11:01:13.987096	[WARN]	shop_manager.py	响应时间:931ms	重庆市	沙坪坝区	这里是日志信息......
2024-05-17 11:01:13.987096	[INFO]	orders_service.py	响应时间:491ms	北京市	海淀区	这里是日志信息......
2024-05-17 11:01:13.987096	[INFO]	orders_service.py	响应时间:787ms	山东省	青岛市	这里是日志信息......
2024-05-17 11:01:13.987096	[INFO]	barcode_service.py	响应时间:268ms	天津市	河西区	这里是日志信息......
2024-05-17 11:01:13.987096	[INFO]	user_manager.py	响应时间:423ms	天津市	河西区	这里是日志信息......
2024-05-17 11:01:13.987096	[INFO]	orders_service.py	响应时间:980ms	重庆市	涪陵区	这里是日志信息......
2024-05-17 11:01:13.987096	[INFO]	goods_manager.py	响应时间:763ms	重庆市	南岸区	这里是日志信息......
2024-05-17 11:01:13.987096	[INFO]	goods_manager.py	响应时间:282ms	重庆市	万州区	这里是日志信息......
2024-05-17 11:01:13.987096	[WARN]	user_manager.py	响应时间:276ms	广东省	深圳市	这里是日志信息......
2024-05-17 11:01:13.987096	[INFO]	user_manager.py	响应时间:158ms	天津市	河东区	这里是日志信息......
2024-05-17 11:01:13.987096	[INFO]	goods_manager.py	响应时间:723ms	重庆市	九龙坡区	这里是日志信息......
2024-05-17 11:01:13.987096	[INFO]	event.py	响应时间:838ms	山东省	青岛市	这里是日志信息......
2024-05-17 11:01:13.987096	[INFO]	shop_manager.py	响应时间:153ms	上海市	宝山区	这里是日志信息......
2024-05-17 11:01:13.987096	[INFO]	barcode_service.py	响应时间:190ms	湖南省	常德市	这里是日志信息......
2024-05-17 11:01:13.987096	[INFO]	goods_manager.py	响应时间:801ms	重庆市	渝中区	这里是日志信息......
2024-05-17 11:01:13.987096	[INFO]	event.py	响应时间:438ms	江苏省	苏州市	这里是日志信息......
2024-05-17 11:01:13.987096	[INFO]	goods_manager.py	响应时间:260ms	安徽省	阜阳市	这里是日志信息......
2024-05-17 11:01:13.987096	[INFO]	barcode_service.py	响应时间:618ms	山东省	青岛市	这里是日志信息......
2024-05-17 11:01:13.987096	[INFO]	event.py	响应时间:562ms	浙江省	湖州市	这里是日志信息......
2024-05-17 11:01:13.987096	[INFO]	event.py	响应时间:892ms	安徽省	合肥市	这里是日志信息......
2024-05-17 11:01:13.987096	[INFO]	orders_service.py	响应时间:145ms	安徽省	合肥市	这里是日志信息......
2024-05-17 11:01:13.987096	[INFO]	barcode_service.py	响应时间:221ms	重庆市	九龙坡区	这里是日志信息......
