2024-05-17 11:01:11.940984	[INFO]	event.py	响应时间:1210ms	重庆市	涪陵区	这里是日志信息......
2024-05-17 11:01:11.940984	[INFO]	barcode_service.py	响应时间:587ms	上海市	杨浦区	这里是日志信息......
2024-05-17 11:01:11.940984	[INFO]	orders_service.py	响应时间:461ms	江苏省	南京市	这里是日志信息......
2024-05-17 11:01:11.940984	[INFO]	user_manager.py	响应时间:225ms	湖南省	长沙市	这里是日志信息......
2024-05-17 11:01:11.940984	[WARN]	base_network.py	响应时间:607ms	天津市	和平区	这里是日志信息......
2024-05-17 11:01:11.940984	[INFO]	goods_manager.py	响应时间:994ms	北京市	丰台区	这里是日志信息......
2024-05-17 11:01:11.940984	[WARN]	goods_manager.py	响应时间:775ms	湖北省	武汉市	这里是日志信息......
2024-05-17 11:01:11.940984	[INFO]	orders_service.py	响应时间:316ms	安徽省	六安市	这里是日志信息......
2024-05-17 11:01:11.940984	[INFO]	goods_manager.py	响应时间:696ms	安徽省	合肥市	这里是日志信息......
2024-05-17 11:01:11.940984	[ERROR]	shop_manager.py	响应时间:255ms	江苏省	常州市	这里是日志信息......
2024-05-17 11:01:11.940984	[INFO]	user_manager.py	响应时间:187ms	北京市	大兴区	这里是日志信息......
2024-05-17 11:01:11.940984	[INFO]	orders_service.py	响应时间:50ms	重庆市	万州区	这里是日志信息......
2024-05-17 11:01:11.940984	[INFO]	event.py	响应时间:945ms	安徽省	合肥市	这里是日志信息......
2024-05-17 11:01:11.940984	[INFO]	orders_service.py	响应时间:631ms	广东省	深圳市	这里是日志信息......
2024-05-17 11:01:11.940984	[INFO]	goods_manager.py	响应时间:835ms	上海市	静安区	这里是日志信息......
2024-05-17 11:01:11.940984	[WARN]	shop_manager.py	响应时间:196ms	山东省	青岛市	这里是日志信息......
2024-05-17 11:01:11.940984	[INFO]	goods_manager.py	响应时间:863ms	浙江省	舟山市	这里是日志信息......
2024-05-17 11:01:11.940984	[INFO]	goods_manager.py	响应时间:263ms	安徽省	池州市	这里是日志信息......
2024-05-17 11:01:11.940984	[INFO]	orders_service.py	响应时间:379ms	北京市	丰台区	这里是日志信息......
2024-05-17 11:01:11.940984	[INFO]	base_network.py	响应时间:4ms	湖南省	益阳市	这里是日志信息......
2024-05-17 11:01:11.940984	[INFO]	event.py	响应时间:434ms	上海市	浦东新区	这里是日志信息......
2024-05-17 11:01:11.940984	[INFO]	event.py	响应时间:947ms	江苏省	无锡市	这里是日志信息......
2024-05-17 11:01:11.940984	[INFO]	orders_service.py	响应时间:421ms	安徽省	阜阳市	这里是日志信息......
2024-05-17 11:01:11.940984	[ERROR]	goods_manager.py	响应时间:250ms	天津市	河西区	这里是日志信息......
2024-05-17 11:01:11.940984	[INFO]	goods_manager.py	响应时间:626ms	广东省	珠海市	这里是日志信息......
2024-05-17 11:01:11.940984	[WARN]	barcode_service.py	响应时间:133ms	重庆市	沙坪坝区	这里是日志信息......
2024-05-17 11:01:11.940984	[INFO]	goods_manager.py	响应时间:393ms	上海市	浦东新区	这里是日志信息......
2024-05-17 11:01:11.940984	[WARN]	orders_service.py	响应时间:506ms	安徽省	芜湖市	这里是日志信息......
2024-05-17 11:01:11.940984	[INFO]	base_network.py	响应时间:294ms	上海市	宝山区	这里是日志信息......
2024-05-17 11:01:11.940984	[INFO]	goods_manager.py	响应时间:219ms	山东省	菏泽市	这里是日志信息......
2024-05-17 11:01:11.940984	[INFO]	goods_manager.py	响应时间:684ms	浙江省	杭州市	这里是日志信息......
2024-05-17 11:01:11.940984	[INFO]	orders_service.py	响应时间:824ms	北京市	大兴区	这里是日志信息......
2024-05-17 11:01:11.940984	[WARN]	base_network.py	响应时间:156ms	上海市	宝山区	这里是日志信息......
2024-05-17 11:01:11.940984	[INFO]	orders_service.py	响应时间:459ms	湖北省	恩施土家族苗族自治州	这里是日志信息......
2024-05-17 11:01:11.940984	[INFO]	event.py	响应时间:251ms	山东省	济南市	这里是日志信息......
2024-05-17 11:01:11.940984	[INFO]	user_manager.py	响应时间:788ms	上海市	徐汇区	这里是日志信息......
2024-05-17 11:01:11.940984	[INFO]	goods_manager.py	响应时间:976ms	广东省	广州市	这里是日志信息......
2024-05-17 11:01:11.940984	[INFO]	orders_service.py	响应时间:8453ms	广东省	深圳市	这里是日志信息......
2024-05-17 11:01:11.940984	[INFO]	event.py	响应时间:792ms	上海市	黄浦区	这里是日志信息......
2024-05-17 11:01:11.940984	[INFO]	base_network.py	响应时间:212ms	上海市	普陀区	这里是日志信息......
2024-05-17 11:01:11.940984	[INFO]	goods_manager.py	响应时间:281ms	湖南省	长沙市	这里是日志信息......
2024-05-17 11:01:11.940984	[INFO]	barcode_service.py	响应时间:339ms	湖南省	常德市	这里是日志信息......
2024-05-17 11:01:11.940984	[INFO]	barcode_service.py	响应时间:570ms	上海市	普陀区	这里是日志信息......
2024-05-17 11:01:11.940984	[INFO]	orders_service.py	响应时间:966ms	安徽省	六安市	这里是日志信息......
2024-05-17 11:01:11.940984	[INFO]	user_manager.py	响应时间:672ms	天津市	河东区	这里是日志信息......
2024-05-17 11:01:11.940984	[INFO]	event.py	响应时间:360ms	上海市	徐汇区	这里是日志信息......
2024-05-17 11:01:11.940984	[INFO]	event.py	响应时间:8ms	重庆市	万州区	这里是日志信息......
2024-05-17 11:01:11.940984	[INFO]	base_network.py	响应时间:406ms	广东省	深圳市	这里是日志信息......
2024-05-17 11:01:11.940984	[INFO]	goods_manager.py	响应时间:358ms	浙江省	杭州市	这里是日志信息......
2024-05-17 11:01:11.940984	[INFO]	barcode_service.py	响应时间:205ms	湖南省	长沙市	这里是日志信息......
2024-05-17 11:01:11.940984	[WARN]	goods_manager.py	响应时间:350ms	广东省	广州市	这里是日志信息......
2024-05-17 11:01:11.940984	[INFO]	barcode_service.py	响应时间:430ms	上海市	浦东新区	这里是日志信息......
2024-05-17 11:01:11.940984	[INFO]	event.py	响应时间:926ms	上海市	普陀区	这里是日志信息......
2024-05-17 11:01:11.940984	[INFO]	event.py	响应时间:269ms	湖北省	武汉市	这里是日志信息......
2024-05-17 11:01:11.940984	[ERROR]	user_manager.py	响应时间:625ms	广东省	广州市	这里是日志信息......
2024-05-17 11:01:11.940984	[INFO]	user_manager.py	响应时间:467ms	天津市	宝坻区	这里是日志信息......
2024-05-17 11:01:11.940984	[INFO]	event.py	响应时间:2620ms	湖北省	武汉市	这里是日志信息......
2024-05-17 11:01:11.940984	[WARN]	event.py	响应时间:22ms	浙江省	杭州市	这里是日志信息......
2024-05-17 11:01:11.940984	[INFO]	goods_manager.py	响应时间:26ms	广东省	珠海市	这里是日志信息......
2024-05-17 11:01:11.940984	[WARN]	user_manager.py	响应时间:272ms	上海市	浦东新区	这里是日志信息......
2024-05-17 11:01:11.940984	[INFO]	orders_service.py	响应时间:689ms	湖北省	恩施土家族苗族自治州	这里是日志信息......
2024-05-17 11:01:11.940984	[INFO]	goods_manager.py	响应时间:544ms	安徽省	芜湖市	这里是日志信息......
2024-05-17 11:01:11.941983	[INFO]	barcode_service.py	响应时间:214ms	上海市	黄浦区	这里是日志信息......
2024-05-17 11:01:11.941983	[INFO]	event.py	响应时间:603ms	浙江省	丽水市	这里是日志信息......
2024-05-17 11:01:11.941983	[WARN]	user_manager.py	响应时间:779ms	浙江省	湖州市	这里是日志信息......
2024-05-17 11:01:11.941983	[INFO]	base_network.py	响应时间:467ms	重庆市	万州区	这里是日志信息......
2024-05-17 11:01:11.941983	[INFO]	goods_manager.py	响应时间:968ms	广东省	深圳市	这里是日志信息......
2024-05-17 11:01:11.941983	[WARN]	goods_manager.py	响应时间:575ms	安徽省	阜阳市	这里是日志信息......
2024-05-17 11:01:11.941983	[WARN]	shop_manager.py	响应时间:849ms	天津市	河西区	这里是日志信息......
2024-05-17 11:01:11.941983	[INFO]	goods_manager.py	响应时间:370ms	重庆市	涪陵区	这里是日志信息......
2024-05-17 11:01:11.941983	[INFO]	barcode_service.py	响应时间:76ms	北京市	昌平区	这里是日志信息......
2024-05-17 11:01:11.941983	[INFO]	event.py	响应时间:776ms	湖北省	武汉市	这里是日志信息......
2024-05-17 11:01:11.941983	[INFO]	orders_service.py	响应时间:571ms	北京市	怀柔区	这里是日志信息......
2024-05-17 11:01:11.941983	[INFO]	orders_service.py	响应时间:503ms	浙江省	丽水市	这里是日志信息......
2024-05-17 11:01:11.941983	[INFO]	orders_service.py	响应时间:212ms	上海市	浦东新区	这里是日志信息......
2024-05-17 11:01:11.941983	[INFO]	user_manager.py	响应时间:304ms	上海市	浦东新区	这里是日志信息......
2024-05-17 11:01:11.941983	[INFO]	base_network.py	响应时间:994ms	北京市	大兴区	这里是日志信息......
2024-05-17 11:01:11.941983	[INFO]	user_manager.py	响应时间:135ms	广东省	深圳市	这里是日志信息......
2024-05-17 11:01:11.941983	[INFO]	event.py	响应时间:633ms	广东省	珠海市	这里是日志信息......
2024-05-17 11:01:11.941983	[INFO]	event.py	响应时间:570ms	浙江省	金华市	这里是日志信息......
2024-05-17 11:01:11.941983	[INFO]	user_manager.py	响应时间:126ms	湖南省	长沙市	这里是日志信息......
2024-05-17 11:01:11.941983	[INFO]	barcode_service.py	响应时间:679ms	重庆市	涪陵区	这里是日志信息......
2024-05-17 11:01:11.941983	[INFO]	barcode_service.py	响应时间:12ms	天津市	武清区	这里是日志信息......
2024-05-17 11:01:11.941983	[INFO]	orders_service.py	响应时间:337ms	广东省	广州市	这里是日志信息......
2024-05-17 11:01:11.941983	[INFO]	goods_manager.py	响应时间:852ms	江苏省	南京市	这里是日志信息......
2024-05-17 11:01:11.941983	[WARN]	orders_service.py	响应时间:196ms	安徽省	阜阳市	这里是日志信息......
2024-05-17 11:01:11.941983	[INFO]	event.py	响应时间:214ms	浙江省	丽水市	这里是日志信息......
2024-05-17 11:01:11.941983	[WARN]	user_manager.py	响应时间:7480ms	湖北省	荆州市	这里是日志信息......
2024-05-17 11:01:11.941983	[INFO]	event.py	响应时间:503ms	山东省	青岛市	这里是日志信息......
2024-05-17 11:01:11.941983	[INFO]	goods_manager.py	响应时间:95ms	天津市	武清区	这里是日志信息......
2024-05-17 11:01:11.941983	[INFO]	user_manager.py	响应时间:75ms	山东省	青岛市	这里是日志信息......
2024-05-17 11:01:11.941983	[INFO]	orders_service.py	响应时间:533ms	天津市	河西区	这里是日志信息......
2024-05-17 11:01:11.941983	[INFO]	barcode_service.py	响应时间:306ms	北京市	丰台区	这里是日志信息......
2024-05-17 11:01:11.941983	[INFO]	event.py	响应时间:984ms	湖南省	长沙市	这里是日志信息......
2024-05-17 11:01:11.941983	[INFO]	event.py	响应时间:289ms	湖南省	长沙市	这里是日志信息......
2024-05-17 11:01:11.941983	[INFO]	event.py	响应时间:315ms	上海市	黄浦区	这里是日志信息......
2024-05-17 11:01:11.941983	[INFO]	event.py	响应时间:894ms	北京市	大兴区	这里是日志信息......
2024-05-17 11:01:11.941983	[INFO]	orders_service.py	响应时间:883ms	天津市	武清区	这里是日志信息......
2024-05-17 11:01:11.941983	[INFO]	goods_manager.py	响应时间:796ms	浙江省	杭州市	这里是日志信息......
2024-05-17 11:01:11.941983	[INFO]	user_manager.py	响应时间:398ms	安徽省	芜湖市	这里是日志信息......
2024-05-17 11:01:11.941983	[INFO]	orders_service.py	响应时间:652ms	重庆市	南岸区	这里是日志信息......
2024-05-17 11:01:11.941983	[INFO]	event.py	响应时间:779ms	山东省	青岛市	这里是日志信息......
2024-05-17 11:01:11.941983	[INFO]	goods_manager.py	响应时间:953ms	天津市	和平区	这里是日志信息......
2024-05-17 11:01:11.941983	[INFO]	barcode_service.py	响应时间:632ms	湖南省	长沙市	这里是日志信息......
2024-05-17 11:01:11.941983	[INFO]	event.py	响应时间:692ms	安徽省	合肥市	这里是日志信息......
2024-05-17 11:01:11.941983	[WARN]	orders_service.py	响应时间:995ms	浙江省	嘉兴市	这里是日志信息......
2024-05-17 11:01:11.941983	[ERROR]	event.py	响应时间:343ms	江苏省	苏州市	这里是日志信息......
2024-05-17 11:01:11.941983	[WARN]	event.py	响应时间:106ms	重庆市	南岸区	这里是日志信息......
2024-05-17 11:01:11.941983	[INFO]	goods_manager.py	响应时间:248ms	上海市	普陀区	这里是日志信息......
2024-05-17 11:01:11.941983	[INFO]	goods_manager.py	响应时间:798ms	上海市	宝山区	这里是日志信息......
2024-05-17 11:01:11.941983	[INFO]	goods_manager.py	响应时间:680ms	湖北省	十堰市	这里是日志信息......
2024-05-17 11:01:11.941983	[INFO]	goods_manager.py	响应时间:671ms	天津市	宝坻区	这里是日志信息......
2024-05-17 11:01:11.941983	[INFO]	shop_manager.py	响应时间:992ms	广东省	广州市	这里是日志信息......
2024-05-17 11:01:11.941983	[INFO]	orders_service.py	响应时间:997ms	天津市	宝坻区	这里是日志信息......
2024-05-17 11:01:11.941983	[WARN]	event.py	响应时间:293ms	天津市	宝坻区	这里是日志信息......
2024-05-17 11:01:11.941983	[INFO]	event.py	响应时间:1729ms	重庆市	渝中区	这里是日志信息......
2024-05-17 11:01:11.941983	[WARN]	orders_service.py	响应时间:50ms	上海市	普陀区	这里是日志信息......
2024-05-17 11:01:11.941983	[INFO]	orders_service.py	响应时间:813ms	山东省	济南市	这里是日志信息......
2024-05-17 11:01:11.941983	[INFO]	goods_manager.py	响应时间:819ms	北京市	海淀区	这里是日志信息......
2024-05-17 11:01:11.941983	[INFO]	event.py	响应时间:888ms	重庆市	九龙坡区	这里是日志信息......
2024-05-17 11:01:11.941983	[WARN]	base_network.py	响应时间:819ms	湖南省	长沙市	这里是日志信息......
2024-05-17 11:01:11.941983	[INFO]	user_manager.py	响应时间:133ms	湖北省	武汉市	这里是日志信息......
2024-05-17 11:01:11.941983	[INFO]	orders_service.py	响应时间:540ms	广东省	珠海市	这里是日志信息......
2024-05-17 11:01:11.941983	[INFO]	shop_manager.py	响应时间:952ms	安徽省	铜陵市	这里是日志信息......
2024-05-17 11:01:11.941983	[INFO]	event.py	响应时间:310ms	湖南省	长沙市	这里是日志信息......
2024-05-17 11:01:11.941983	[INFO]	event.py	响应时间:540ms	北京市	丰台区	这里是日志信息......
2024-05-17 11:01:11.941983	[INFO]	event.py	响应时间:699ms	山东省	济南市	这里是日志信息......
2024-05-17 11:01:11.941983	[INFO]	goods_manager.py	响应时间:321ms	安徽省	芜湖市	这里是日志信息......
2024-05-17 11:01:11.941983	[INFO]	goods_manager.py	响应时间:982ms	上海市	浦东新区	这里是日志信息......
2024-05-17 11:01:11.941983	[INFO]	orders_service.py	响应时间:806ms	安徽省	六安市	这里是日志信息......
2024-05-17 11:01:11.941983	[INFO]	orders_service.py	响应时间:291ms	重庆市	万州区	这里是日志信息......
2024-05-17 11:01:11.941983	[INFO]	goods_manager.py	响应时间:801ms	天津市	宝坻区	这里是日志信息......
2024-05-17 11:01:11.941983	[INFO]	event.py	响应时间:755ms	天津市	河西区	这里是日志信息......
2024-05-17 11:01:11.941983	[INFO]	base_network.py	响应时间:880ms	湖南省	株洲市	这里是日志信息......
2024-05-17 11:01:11.941983	[INFO]	user_manager.py	响应时间:922ms	广东省	广州市	这里是日志信息......
2024-05-17 11:01:11.941983	[INFO]	event.py	响应时间:323ms	湖北省	武汉市	这里是日志信息......
2024-05-17 11:01:11.941983	[INFO]	shop_manager.py	响应时间:47ms	北京市	丰台区	这里是日志信息......
2024-05-17 11:01:11.941983	[INFO]	orders_service.py	响应时间:718ms	湖北省	武汉市	这里是日志信息......
2024-05-17 11:01:11.941983	[INFO]	goods_manager.py	响应时间:1ms	重庆市	九龙坡区	这里是日志信息......
2024-05-17 11:01:11.941983	[INFO]	user_manager.py	响应时间:520ms	浙江省	杭州市	这里是日志信息......
2024-05-17 11:01:11.941983	[INFO]	orders_service.py	响应时间:471ms	广东省	深圳市	这里是日志信息......
2024-05-17 11:01:11.941983	[INFO]	barcode_service.py	响应时间:886ms	浙江省	丽水市	这里是日志信息......
2024-05-17 11:01:11.941983	[INFO]	orders_service.py	响应时间:102ms	江苏省	南京市	这里是日志信息......
2024-05-17 11:01:11.941983	[INFO]	goods_manager.py	响应时间:491ms	北京市	大兴区	这里是日志信息......
2024-05-17 11:01:11.941983	[WARN]	goods_manager.py	响应时间:269ms	浙江省	杭州市	这里是日志信息......
2024-05-17 11:01:11.941983	[INFO]	goods_manager.py	响应时间:656ms	天津市	宝坻区	这里是日志信息......
2024-05-17 11:01:11.941983	[INFO]	event.py	响应时间:3499ms	上海市	黄浦区	这里是日志信息......
2024-05-17 11:01:11.942983	[INFO]	goods_manager.py	响应时间:154ms	湖北省	武汉市	这里是日志信息......
2024-05-17 11:01:11.942983	[INFO]	goods_manager.py	响应时间:972ms	湖南省	长沙市	这里是日志信息......
2024-05-17 11:01:11.942983	[INFO]	goods_manager.py	响应时间:131ms	重庆市	沙坪坝区	这里是日志信息......
2024-05-17 11:01:11.942983	[INFO]	event.py	响应时间:7528ms	重庆市	沙坪坝区	这里是日志信息......
2024-05-17 11:01:11.942983	[INFO]	barcode_service.py	响应时间:108ms	上海市	宝山区	这里是日志信息......
2024-05-17 11:01:11.942983	[INFO]	event.py	响应时间:83ms	湖南省	张家界市	这里是日志信息......
2024-05-17 11:01:11.942983	[INFO]	user_manager.py	响应时间:579ms	上海市	徐汇区	这里是日志信息......
2024-05-17 11:01:11.942983	[INFO]	event.py	响应时间:254ms	安徽省	合肥市	这里是日志信息......
2024-05-17 11:01:11.942983	[INFO]	shop_manager.py	响应时间:196ms	天津市	和平区	这里是日志信息......
2024-05-17 11:01:11.942983	[INFO]	event.py	响应时间:644ms	北京市	大兴区	这里是日志信息......
2024-05-17 11:01:11.942983	[INFO]	shop_manager.py	响应时间:418ms	天津市	和平区	这里是日志信息......
2024-05-17 11:01:11.942983	[WARN]	goods_manager.py	响应时间:72ms	湖南省	长沙市	这里是日志信息......
2024-05-17 11:01:11.942983	[INFO]	event.py	响应时间:858ms	浙江省	杭州市	这里是日志信息......
2024-05-17 11:01:11.942983	[WARN]	goods_manager.py	响应时间:986ms	广东省	广州市	这里是日志信息......
2024-05-17 11:01:11.942983	[INFO]	event.py	响应时间:36ms	浙江省	湖州市	这里是日志信息......
2024-05-17 11:01:11.942983	[INFO]	barcode_service.py	响应时间:647ms	江苏省	南京市	这里是日志信息......
2024-05-17 11:01:11.942983	[INFO]	orders_service.py	响应时间:783ms	浙江省	丽水市	这里是日志信息......
2024-05-17 11:01:11.942983	[INFO]	orders_service.py	响应时间:125ms	湖北省	武汉市	这里是日志信息......
2024-05-17 11:01:11.942983	[INFO]	event.py	响应时间:519ms	湖北省	恩施土家族苗族自治州	这里是日志信息......
2024-05-17 11:01:11.942983	[INFO]	goods_manager.py	响应时间:731ms	湖南省	长沙市	这里是日志信息......
2024-05-17 11:01:11.942983	[INFO]	orders_service.py	响应时间:723ms	广东省	深圳市	这里是日志信息......
2024-05-17 11:01:11.942983	[INFO]	goods_manager.py	响应时间:314ms	浙江省	杭州市	这里是日志信息......
2024-05-17 11:01:11.942983	[INFO]	event.py	响应时间:494ms	重庆市	南岸区	这里是日志信息......
2024-05-17 11:01:11.942983	[INFO]	orders_service.py	响应时间:214ms	山东省	青岛市	这里是日志信息......
2024-05-17 11:01:11.942983	[INFO]	user_manager.py	响应时间:618ms	广东省	深圳市	这里是日志信息......
2024-05-17 11:01:11.942983	[WARN]	event.py	响应时间:724ms	上海市	浦东新区	这里是日志信息......
2024-05-17 11:01:11.942983	[INFO]	event.py	响应时间:587ms	安徽省	合肥市	这里是日志信息......
2024-05-17 11:01:11.942983	[INFO]	goods_manager.py	响应时间:61ms	北京市	丰台区	这里是日志信息......
2024-05-17 11:01:11.942983	[INFO]	shop_manager.py	响应时间:104ms	北京市	怀柔区	这里是日志信息......
2024-05-17 11:01:11.942983	[INFO]	barcode_service.py	响应时间:529ms	湖北省	武汉市	这里是日志信息......
2024-05-17 11:01:11.942983	[INFO]	event.py	响应时间:473ms	山东省	济南市	这里是日志信息......
2024-05-17 11:01:11.942983	[WARN]	base_network.py	响应时间:777ms	广东省	广州市	这里是日志信息......
2024-05-17 11:01:11.942983	[INFO]	base_network.py	响应时间:967ms	浙江省	舟山市	这里是日志信息......
2024-05-17 11:01:11.942983	[WARN]	orders_service.py	响应时间:472ms	湖南省	长沙市	这里是日志信息......
2024-05-17 11:01:11.942983	[INFO]	event.py	响应时间:450ms	湖南省	长沙市	这里是日志信息......
2024-05-17 11:01:11.942983	[INFO]	barcode_service.py	响应时间:155ms	上海市	杨浦区	这里是日志信息......
2024-05-17 11:01:11.942983	[ERROR]	base_network.py	响应时间:3456ms	安徽省	合肥市	这里是日志信息......
2024-05-17 11:01:11.942983	[INFO]	orders_service.py	响应时间:744ms	重庆市	万州区	这里是日志信息......
2024-05-17 11:01:11.942983	[INFO]	event.py	响应时间:116ms	天津市	武清区	这里是日志信息......
2024-05-17 11:01:11.942983	[INFO]	event.py	响应时间:465ms	北京市	朝阳区	这里是日志信息......
2024-05-17 11:01:11.942983	[INFO]	orders_service.py	响应时间:176ms	北京市	海淀区	这里是日志信息......
2024-05-17 11:01:11.942983	[INFO]	barcode_service.py	响应时间:526ms	安徽省	合肥市	这里是日志信息......
2024-05-17 11:01:11.942983	[INFO]	event.py	响应时间:572ms	天津市	河东区	这里是日志信息......
2024-05-17 11:01:11.942983	[INFO]	event.py	响应时间:862ms	重庆市	南岸区	这里是日志信息......
2024-05-17 11:01:11.942983	[ERROR]	orders_service.py	响应时间:339ms	重庆市	万州区	这里是日志信息......
2024-05-17 11:01:11.942983	[INFO]	event.py	响应时间:924ms	天津市	河西区	这里是日志信息......
2024-05-17 11:01:11.942983	[INFO]	orders_service.py	响应时间:9917ms	天津市	河西区	这里是日志信息......
2024-05-17 11:01:11.942983	[INFO]	base_network.py	响应时间:140ms	重庆市	万州区	这里是日志信息......
2024-05-17 11:01:11.942983	[INFO]	event.py	响应时间:42ms	上海市	浦东新区	这里是日志信息......
2024-05-17 11:01:11.942983	[INFO]	orders_service.py	响应时间:876ms	安徽省	池州市	这里是日志信息......
2024-05-17 11:01:11.942983	[WARN]	orders_service.py	响应时间:853ms	重庆市	沙坪坝区	这里是日志信息......
2024-05-17 11:01:11.942983	[WARN]	goods_manager.py	响应时间:372ms	湖北省	恩施土家族苗族自治州	这里是日志信息......
2024-05-17 11:01:11.942983	[INFO]	goods_manager.py	响应时间:242ms	天津市	和平区	这里是日志信息......
2024-05-17 11:01:11.942983	[INFO]	event.py	响应时间:672ms	江苏省	无锡市	这里是日志信息......
2024-05-17 11:01:11.942983	[INFO]	orders_service.py	响应时间:875ms	天津市	河东区	这里是日志信息......
2024-05-17 11:01:11.942983	[INFO]	event.py	响应时间:552ms	重庆市	万州区	这里是日志信息......
2024-05-17 11:01:11.942983	[INFO]	goods_manager.py	响应时间:918ms	北京市	海淀区	这里是日志信息......
2024-05-17 11:01:11.942983	[INFO]	goods_manager.py	响应时间:372ms	湖南省	长沙市	这里是日志信息......
2024-05-17 11:01:11.942983	[INFO]	orders_service.py	响应时间:315ms	湖南省	常德市	这里是日志信息......
2024-05-17 11:01:11.942983	[WARN]	base_network.py	响应时间:305ms	江苏省	南京市	这里是日志信息......
2024-05-17 11:01:11.942983	[ERROR]	orders_service.py	响应时间:365ms	上海市	徐汇区	这里是日志信息......
2024-05-17 11:01:11.942983	[INFO]	orders_service.py	响应时间:938ms	湖南省	常德市	这里是日志信息......
2024-05-17 11:01:11.942983	[INFO]	goods_manager.py	响应时间:241ms	安徽省	合肥市	这里是日志信息......
2024-05-17 11:01:11.942983	[INFO]	barcode_service.py	响应时间:853ms	安徽省	芜湖市	这里是日志信息......
2024-05-17 11:01:11.942983	[INFO]	goods_manager.py	响应时间:185ms	北京市	丰台区	这里是日志信息......
2024-05-17 11:01:11.942983	[INFO]	user_manager.py	响应时间:727ms	江苏省	宿迁市	这里是日志信息......
2024-05-17 11:01:11.942983	[INFO]	event.py	响应时间:401ms	广东省	深圳市	这里是日志信息......
2024-05-17 11:01:11.942983	[WARN]	barcode_service.py	响应时间:889ms	上海市	浦东新区	这里是日志信息......
2024-05-17 11:01:11.942983	[INFO]	orders_service.py	响应时间:499ms	上海市	普陀区	这里是日志信息......
2024-05-17 11:01:11.942983	[INFO]	event.py	响应时间:268ms	湖南省	益阳市	这里是日志信息......
2024-05-17 11:01:11.942983	[INFO]	user_manager.py	响应时间:166ms	上海市	黄浦区	这里是日志信息......
2024-05-17 11:01:11.942983	[INFO]	base_network.py	响应时间:517ms	上海市	浦东新区	这里是日志信息......
2024-05-17 11:01:11.942983	[INFO]	user_manager.py	响应时间:108ms	江苏省	苏州市	这里是日志信息......
2024-05-17 11:01:11.942983	[INFO]	orders_service.py	响应时间:967ms	湖南省	长沙市	这里是日志信息......
2024-05-17 11:01:11.942983	[INFO]	base_network.py	响应时间:10ms	上海市	宝山区	这里是日志信息......
2024-05-17 11:01:11.942983	[INFO]	base_network.py	响应时间:951ms	上海市	浦东新区	这里是日志信息......
2024-05-17 11:01:11.942983	[INFO]	barcode_service.py	响应时间:633ms	上海市	黄浦区	这里是日志信息......
2024-05-17 11:01:11.942983	[INFO]	event.py	响应时间:189ms	安徽省	铜陵市	这里是日志信息......
2024-05-17 11:01:11.942983	[INFO]	event.py	响应时间:547ms	北京市	丰台区	这里是日志信息......
2024-05-17 11:01:11.942983	[INFO]	goods_manager.py	响应时间:368ms	湖北省	十堰市	这里是日志信息......
2024-05-17 11:01:11.942983	[INFO]	goods_manager.py	响应时间:680ms	安徽省	合肥市	这里是日志信息......
2024-05-17 11:01:11.942983	[INFO]	goods_manager.py	响应时间:657ms	江苏省	南京市	这里是日志信息......
2024-05-17 11:01:11.942983	[INFO]	goods_manager.py	响应时间:546ms	重庆市	涪陵区	这里是日志信息......
2024-05-17 11:01:11.942983	[INFO]	goods_manager.py	响应时间:7824ms	天津市	河东区	这里是日志信息......
2024-05-17 11:01:11.942983	[INFO]	event.py	响应时间:491ms	湖南省	常德市	这里是日志信息......
2024-05-17 11:01:11.942983	[WARN]	event.py	响应时间:928ms	浙江省	杭州市	这里是日志信息......
2024-05-17 11:01:11.942983	[INFO]	goods_manager.py	响应时间:54ms	浙江省	绍兴市	这里是日志信息......
2024-05-17 11:01:11.942983	[INFO]	barcode_service.py	响应时间:723ms	天津市	河西区	这里是日志信息......
2024-05-17 11:01:11.942983	[INFO]	goods_manager.py	响应时间:173ms	上海市	普陀区	这里是日志信息......
2024-05-17 11:01:11.942983	[INFO]	goods_manager.py	响应时间:513ms	安徽省	铜陵市	这里是日志信息......
2024-05-17 11:01:11.942983	[WARN]	orders_service.py	响应时间:213ms	重庆市	沙坪坝区	这里是日志信息......
2024-05-17 11:01:11.942983	[INFO]	user_manager.py	响应时间:823ms	重庆市	九龙坡区	这里是日志信息......
2024-05-17 11:01:11.942983	[INFO]	orders_service.py	响应时间:926ms	广东省	珠海市	这里是日志信息......
2024-05-17 11:01:11.942983	[INFO]	goods_manager.py	响应时间:589ms	湖南省	张家界市	这里是日志信息......
2024-05-17 11:01:11.942983	[INFO]	user_manager.py	响应时间:813ms	天津市	河东区	这里是日志信息......
2024-05-17 11:01:11.942983	[INFO]	goods_manager.py	响应时间:407ms	重庆市	渝中区	这里是日志信息......
2024-05-17 11:01:11.942983	[INFO]	user_manager.py	响应时间:715ms	湖北省	武汉市	这里是日志信息......
2024-05-17 11:01:11.942983	[WARN]	event.py	响应时间:758ms	湖北省	恩施土家族苗族自治州	这里是日志信息......
2024-05-17 11:01:11.943982	[INFO]	goods_manager.py	响应时间:91ms	湖北省	恩施土家族苗族自治州	这里是日志信息......
2024-05-17 11:01:11.943982	[INFO]	base_network.py	响应时间:844ms	浙江省	杭州市	这里是日志信息......
2024-05-17 11:01:11.943982	[INFO]	event.py	响应时间:333ms	湖北省	十堰市	这里是日志信息......
2024-05-17 11:01:11.943982	[INFO]	orders_service.py	响应时间:868ms	北京市	怀柔区	这里是日志信息......
2024-05-17 11:01:11.943982	[INFO]	user_manager.py	响应时间:134ms	上海市	浦东新区	这里是日志信息......
2024-05-17 11:01:11.943982	[INFO]	orders_service.py	响应时间:570ms	湖北省	武汉市	这里是日志信息......
2024-05-17 11:01:11.943982	[INFO]	user_manager.py	响应时间:855ms	江苏省	无锡市	这里是日志信息......
2024-05-17 11:01:11.943982	[INFO]	base_network.py	响应时间:767ms	重庆市	九龙坡区	这里是日志信息......
2024-05-17 11:01:11.943982	[INFO]	event.py	响应时间:207ms	湖北省	荆州市	这里是日志信息......
2024-05-17 11:01:11.943982	[INFO]	barcode_service.py	响应时间:558ms	江苏省	常州市	这里是日志信息......
2024-05-17 11:01:11.943982	[INFO]	event.py	响应时间:943ms	北京市	海淀区	这里是日志信息......
2024-05-17 11:01:11.943982	[WARN]	event.py	响应时间:847ms	重庆市	万州区	这里是日志信息......
2024-05-17 11:01:11.943982	[INFO]	orders_service.py	响应时间:888ms	北京市	丰台区	这里是日志信息......
2024-05-17 11:01:11.943982	[INFO]	orders_service.py	响应时间:214ms	上海市	宝山区	这里是日志信息......
2024-05-17 11:01:11.943982	[INFO]	orders_service.py	响应时间:985ms	重庆市	万州区	这里是日志信息......
2024-05-17 11:01:11.943982	[INFO]	event.py	响应时间:353ms	浙江省	丽水市	这里是日志信息......
2024-05-17 11:01:11.943982	[INFO]	barcode_service.py	响应时间:218ms	上海市	浦东新区	这里是日志信息......
2024-05-17 11:01:11.943982	[INFO]	orders_service.py	响应时间:980ms	湖南省	长沙市	这里是日志信息......
2024-05-17 11:01:11.943982	[ERROR]	user_manager.py	响应时间:30ms	上海市	静安区	这里是日志信息......
2024-05-17 11:01:11.943982	[INFO]	shop_manager.py	响应时间:475ms	江苏省	张家港市	这里是日志信息......
2024-05-17 11:01:11.943982	[INFO]	user_manager.py	响应时间:738ms	北京市	朝阳区	这里是日志信息......
2024-05-17 11:01:11.943982	[INFO]	orders_service.py	响应时间:402ms	山东省	济南市	这里是日志信息......
2024-05-17 11:01:11.943982	[WARN]	base_network.py	响应时间:205ms	上海市	静安区	这里是日志信息......
2024-05-17 11:01:11.943982	[INFO]	shop_manager.py	响应时间:498ms	浙江省	舟山市	这里是日志信息......
2024-05-17 11:01:11.943982	[INFO]	goods_manager.py	响应时间:508ms	天津市	河东区	这里是日志信息......
2024-05-17 11:01:11.943982	[INFO]	goods_manager.py	响应时间:70ms	浙江省	丽水市	这里是日志信息......
2024-05-17 11:01:11.943982	[INFO]	shop_manager.py	响应时间:102ms	湖南省	益阳市	这里是日志信息......
2024-05-17 11:01:11.943982	[INFO]	barcode_service.py	响应时间:243ms	重庆市	沙坪坝区	这里是日志信息......
2024-05-17 11:01:11.943982	[INFO]	orders_service.py	响应时间:205ms	湖南省	长沙市	这里是日志信息......
2024-05-17 11:01:11.943982	[INFO]	base_network.py	响应时间:312ms	山东省	菏泽市	这里是日志信息......
2024-05-17 11:01:11.943982	[INFO]	base_network.py	响应时间:150ms	上海市	黄浦区	这里是日志信息......
2024-05-17 11:01:11.943982	[INFO]	goods_manager.py	响应时间:26ms	上海市	浦东新区	这里是日志信息......
2024-05-17 11:01:11.943982	[INFO]	goods_manager.py	响应时间:919ms	上海市	宝山区	这里是日志信息......
2024-05-17 11:01:11.943982	[INFO]	orders_service.py	响应时间:753ms	山东省	菏泽市	这里是日志信息......
2024-05-17 11:01:11.943982	[INFO]	user_manager.py	响应时间:570ms	上海市	浦东新区	这里是日志信息......
2024-05-17 11:01:11.943982	[INFO]	goods_manager.py	响应时间:858ms	上海市	静安区	这里是日志信息......
2024-05-17 11:01:11.943982	[INFO]	orders_service.py	响应时间:994ms	安徽省	六安市	这里是日志信息......
2024-05-17 11:01:11.943982	[WARN]	barcode_service.py	响应时间:997ms	上海市	静安区	这里是日志信息......
2024-05-17 11:01:11.943982	[WARN]	event.py	响应时间:147ms	北京市	怀柔区	这里是日志信息......
2024-05-17 11:01:11.943982	[INFO]	barcode_service.py	响应时间:919ms	江苏省	苏州市	这里是日志信息......
2024-05-17 11:01:11.943982	[WARN]	event.py	响应时间:417ms	湖南省	长沙市	这里是日志信息......
2024-05-17 11:01:11.943982	[WARN]	event.py	响应时间:91ms	天津市	和平区	这里是日志信息......
2024-05-17 11:01:11.943982	[INFO]	event.py	响应时间:83ms	山东省	青岛市	这里是日志信息......
2024-05-17 11:01:11.943982	[INFO]	orders_service.py	响应时间:558ms	浙江省	嘉兴市	这里是日志信息......
2024-05-17 11:01:11.943982	[ERROR]	shop_manager.py	响应时间:5159ms	山东省	青岛市	这里是日志信息......
2024-05-17 11:01:11.943982	[INFO]	user_manager.py	响应时间:320ms	江苏省	苏州市	这里是日志信息......
2024-05-17 11:01:11.943982	[INFO]	goods_manager.py	响应时间:973ms	北京市	怀柔区	这里是日志信息......
2024-05-17 11:01:11.943982	[INFO]	orders_service.py	响应时间:239ms	天津市	和平区	这里是日志信息......
2024-05-17 11:01:11.943982	[INFO]	orders_service.py	响应时间:573ms	重庆市	万州区	这里是日志信息......
2024-05-17 11:01:11.943982	[INFO]	orders_service.py	响应时间:214ms	重庆市	南岸区	这里是日志信息......
2024-05-17 11:01:11.943982	[INFO]	barcode_service.py	响应时间:465ms	重庆市	涪陵区	这里是日志信息......
2024-05-17 11:01:11.943982	[INFO]	orders_service.py	响应时间:880ms	湖南省	长沙市	这里是日志信息......
2024-05-17 11:01:11.943982	[INFO]	orders_service.py	响应时间:178ms	安徽省	六安市	这里是日志信息......
2024-05-17 11:01:11.943982	[INFO]	shop_manager.py	响应时间:574ms	浙江省	杭州市	这里是日志信息......
2024-05-17 11:01:11.943982	[INFO]	event.py	响应时间:466ms	安徽省	池州市	这里是日志信息......
2024-05-17 11:01:11.943982	[INFO]	event.py	响应时间:645ms	湖北省	武汉市	这里是日志信息......
2024-05-17 11:01:11.943982	[WARN]	goods_manager.py	响应时间:755ms	重庆市	涪陵区	这里是日志信息......
2024-05-17 11:01:11.943982	[INFO]	user_manager.py	响应时间:103ms	广东省	深圳市	这里是日志信息......
2024-05-17 11:01:11.943982	[INFO]	orders_service.py	响应时间:570ms	上海市	静安区	这里是日志信息......
2024-05-17 11:01:11.943982	[INFO]	barcode_service.py	响应时间:654ms	江苏省	无锡市	这里是日志信息......
2024-05-17 11:01:11.943982	[INFO]	goods_manager.py	响应时间:759ms	重庆市	万州区	这里是日志信息......
2024-05-17 11:01:11.943982	[INFO]	barcode_service.py	响应时间:529ms	北京市	怀柔区	这里是日志信息......
2024-05-17 11:01:11.943982	[INFO]	orders_service.py	响应时间:297ms	江苏省	常州市	这里是日志信息......
2024-05-17 11:01:11.943982	[INFO]	goods_manager.py	响应时间:299ms	广东省	深圳市	这里是日志信息......
2024-05-17 11:01:11.943982	[INFO]	goods_manager.py	响应时间:487ms	广东省	广州市	这里是日志信息......
2024-05-17 11:01:11.943982	[INFO]	event.py	响应时间:830ms	上海市	宝山区	这里是日志信息......
2024-05-17 11:01:11.943982	[INFO]	event.py	响应时间:979ms	广东省	广州市	这里是日志信息......
2024-05-17 11:01:11.943982	[ERROR]	orders_service.py	响应时间:9582ms	上海市	宝山区	这里是日志信息......
2024-05-17 11:01:11.943982	[INFO]	goods_manager.py	响应时间:131ms	安徽省	合肥市	这里是日志信息......
2024-05-17 11:01:11.943982	[INFO]	event.py	响应时间:285ms	湖南省	长沙市	这里是日志信息......
2024-05-17 11:01:11.943982	[WARN]	user_manager.py	响应时间:932ms	天津市	宝坻区	这里是日志信息......
2024-05-17 11:01:11.943982	[INFO]	goods_manager.py	响应时间:77ms	湖北省	武汉市	这里是日志信息......
2024-05-17 11:01:11.943982	[INFO]	orders_service.py	响应时间:309ms	上海市	杨浦区	这里是日志信息......
2024-05-17 11:01:11.943982	[INFO]	orders_service.py	响应时间:556ms	广东省	珠海市	这里是日志信息......
2024-05-17 11:01:11.943982	[INFO]	event.py	响应时间:300ms	湖北省	武汉市	这里是日志信息......
2024-05-17 11:01:11.943982	[INFO]	barcode_service.py	响应时间:334ms	北京市	怀柔区	这里是日志信息......
2024-05-17 11:01:11.943982	[INFO]	orders_service.py	响应时间:483ms	江苏省	南京市	这里是日志信息......
2024-05-17 11:01:11.943982	[INFO]	goods_manager.py	响应时间:926ms	湖北省	武汉市	这里是日志信息......
2024-05-17 11:01:11.943982	[INFO]	orders_service.py	响应时间:870ms	安徽省	芜湖市	这里是日志信息......
2024-05-17 11:01:11.943982	[INFO]	goods_manager.py	响应时间:419ms	江苏省	南京市	这里是日志信息......
2024-05-17 11:01:11.943982	[INFO]	goods_manager.py	响应时间:947ms	北京市	海淀区	这里是日志信息......
2024-05-17 11:01:11.943982	[INFO]	orders_service.py	响应时间:807ms	湖南省	益阳市	这里是日志信息......
2024-05-17 11:01:11.943982	[INFO]	goods_manager.py	响应时间:514ms	天津市	河东区	这里是日志信息......
2024-05-17 11:01:11.943982	[INFO]	orders_service.py	响应时间:433ms	北京市	怀柔区	这里是日志信息......
2024-05-17 11:01:11.943982	[INFO]	orders_service.py	响应时间:238ms	湖南省	长沙市	这里是日志信息......
2024-05-17 11:01:11.943982	[INFO]	orders_service.py	响应时间:475ms	湖南省	长沙市	这里是日志信息......
2024-05-17 11:01:11.943982	[INFO]	event.py	响应时间:397ms	重庆市	涪陵区	这里是日志信息......
2024-05-17 11:01:11.943982	[INFO]	base_network.py	响应时间:222ms	安徽省	铜陵市	这里是日志信息......
2024-05-17 11:01:11.943982	[INFO]	shop_manager.py	响应时间:2501ms	天津市	宝坻区	这里是日志信息......
2024-05-17 11:01:11.943982	[INFO]	barcode_service.py	响应时间:833ms	重庆市	涪陵区	这里是日志信息......
2024-05-17 11:01:11.943982	[INFO]	orders_service.py	响应时间:821ms	山东省	菏泽市	这里是日志信息......
2024-05-17 11:01:11.943982	[INFO]	orders_service.py	响应时间:317ms	浙江省	杭州市	这里是日志信息......
2024-05-17 11:01:11.943982	[INFO]	event.py	响应时间:873ms	天津市	宝坻区	这里是日志信息......
2024-05-17 11:01:11.943982	[INFO]	event.py	响应时间:968ms	山东省	济南市	这里是日志信息......
2024-05-17 11:01:11.943982	[INFO]	goods_manager.py	响应时间:206ms	天津市	和平区	这里是日志信息......
2024-05-17 11:01:11.944982	[INFO]	event.py	响应时间:3495ms	安徽省	合肥市	这里是日志信息......
2024-05-17 11:01:11.944982	[INFO]	user_manager.py	响应时间:904ms	北京市	怀柔区	这里是日志信息......
2024-05-17 11:01:11.944982	[INFO]	event.py	响应时间:499ms	广东省	广州市	这里是日志信息......
2024-05-17 11:01:11.944982	[INFO]	base_network.py	响应时间:129ms	重庆市	沙坪坝区	这里是日志信息......
2024-05-17 11:01:11.944982	[INFO]	goods_manager.py	响应时间:319ms	浙江省	杭州市	这里是日志信息......
2024-05-17 11:01:11.944982	[INFO]	barcode_service.py	响应时间:672ms	上海市	普陀区	这里是日志信息......
2024-05-17 11:01:11.944982	[INFO]	event.py	响应时间:313ms	天津市	武清区	这里是日志信息......
2024-05-17 11:01:11.944982	[INFO]	base_network.py	响应时间:977ms	天津市	宝坻区	这里是日志信息......
2024-05-17 11:01:11.944982	[INFO]	shop_manager.py	响应时间:40ms	重庆市	沙坪坝区	这里是日志信息......
2024-05-17 11:01:11.944982	[INFO]	orders_service.py	响应时间:404ms	山东省	济南市	这里是日志信息......
2024-05-17 11:01:11.944982	[INFO]	event.py	响应时间:2ms	山东省	济南市	这里是日志信息......
2024-05-17 11:01:11.944982	[WARN]	shop_manager.py	响应时间:888ms	重庆市	万州区	这里是日志信息......
2024-05-17 11:01:11.944982	[INFO]	barcode_service.py	响应时间:709ms	湖南省	长沙市	这里是日志信息......
2024-05-17 11:01:11.944982	[INFO]	orders_service.py	响应时间:772ms	天津市	和平区	这里是日志信息......
2024-05-17 11:01:11.944982	[INFO]	user_manager.py	响应时间:213ms	湖南省	益阳市	这里是日志信息......
2024-05-17 11:01:11.944982	[INFO]	event.py	响应时间:357ms	浙江省	丽水市	这里是日志信息......
2024-05-17 11:01:11.944982	[INFO]	barcode_service.py	响应时间:338ms	湖北省	荆州市	这里是日志信息......
2024-05-17 11:01:11.944982	[INFO]	goods_manager.py	响应时间:775ms	湖南省	长沙市	这里是日志信息......
2024-05-17 11:01:11.944982	[WARN]	goods_manager.py	响应时间:832ms	湖南省	长沙市	这里是日志信息......
2024-05-17 11:01:11.944982	[INFO]	base_network.py	响应时间:853ms	安徽省	池州市	这里是日志信息......
2024-05-17 11:01:11.944982	[INFO]	base_network.py	响应时间:950ms	上海市	浦东新区	这里是日志信息......
2024-05-17 11:01:11.944982	[INFO]	orders_service.py	响应时间:34ms	湖南省	益阳市	这里是日志信息......
2024-05-17 11:01:11.944982	[WARN]	orders_service.py	响应时间:578ms	北京市	怀柔区	这里是日志信息......
2024-05-17 11:01:11.944982	[INFO]	event.py	响应时间:608ms	广东省	深圳市	这里是日志信息......
2024-05-17 11:01:11.944982	[INFO]	base_network.py	响应时间:738ms	重庆市	万州区	这里是日志信息......
2024-05-17 11:01:11.944982	[INFO]	event.py	响应时间:101ms	天津市	河西区	这里是日志信息......
2024-05-17 11:01:11.944982	[INFO]	user_manager.py	响应时间:348ms	天津市	武清区	这里是日志信息......
2024-05-17 11:01:11.944982	[INFO]	shop_manager.py	响应时间:649ms	浙江省	丽水市	这里是日志信息......
2024-05-17 11:01:11.944982	[WARN]	goods_manager.py	响应时间:934ms	广东省	珠海市	这里是日志信息......
2024-05-17 11:01:11.944982	[INFO]	goods_manager.py	响应时间:230ms	广东省	深圳市	这里是日志信息......
2024-05-17 11:01:11.944982	[INFO]	orders_service.py	响应时间:446ms	浙江省	杭州市	这里是日志信息......
2024-05-17 11:01:11.944982	[INFO]	orders_service.py	响应时间:558ms	广东省	广州市	这里是日志信息......
2024-05-17 11:01:11.944982	[INFO]	orders_service.py	响应时间:1952ms	天津市	和平区	这里是日志信息......
2024-05-17 11:01:11.944982	[WARN]	user_manager.py	响应时间:4ms	山东省	青岛市	这里是日志信息......
2024-05-17 11:01:11.944982	[WARN]	orders_service.py	响应时间:848ms	浙江省	湖州市	这里是日志信息......
2024-05-17 11:01:11.944982	[WARN]	event.py	响应时间:700ms	北京市	海淀区	这里是日志信息......
2024-05-17 11:01:11.944982	[INFO]	orders_service.py	响应时间:717ms	湖南省	长沙市	这里是日志信息......
2024-05-17 11:01:11.944982	[INFO]	goods_manager.py	响应时间:648ms	天津市	河东区	这里是日志信息......
2024-05-17 11:01:11.944982	[WARN]	barcode_service.py	响应时间:679ms	湖北省	武汉市	这里是日志信息......
2024-05-17 11:01:11.944982	[ERROR]	goods_manager.py	响应时间:554ms	山东省	菏泽市	这里是日志信息......
2024-05-17 11:01:11.944982	[INFO]	barcode_service.py	响应时间:90ms	湖南省	长沙市	这里是日志信息......
2024-05-17 11:01:11.944982	[INFO]	goods_manager.py	响应时间:919ms	天津市	河西区	这里是日志信息......
2024-05-17 11:01:11.944982	[INFO]	goods_manager.py	响应时间:123ms	湖南省	长沙市	这里是日志信息......
2024-05-17 11:01:11.944982	[INFO]	orders_service.py	响应时间:851ms	安徽省	六安市	这里是日志信息......
2024-05-17 11:01:11.944982	[INFO]	event.py	响应时间:777ms	江苏省	张家港市	这里是日志信息......
2024-05-17 11:01:11.944982	[WARN]	orders_service.py	响应时间:14ms	北京市	海淀区	这里是日志信息......
2024-05-17 11:01:11.944982	[INFO]	goods_manager.py	响应时间:676ms	浙江省	舟山市	这里是日志信息......
2024-05-17 11:01:11.944982	[WARN]	goods_manager.py	响应时间:320ms	天津市	宝坻区	这里是日志信息......
2024-05-17 11:01:11.944982	[INFO]	goods_manager.py	响应时间:565ms	天津市	宝坻区	这里是日志信息......
2024-05-17 11:01:11.944982	[INFO]	orders_service.py	响应时间:789ms	北京市	大兴区	这里是日志信息......
2024-05-17 11:01:11.944982	[INFO]	goods_manager.py	响应时间:25ms	重庆市	万州区	这里是日志信息......
2024-05-17 11:01:11.944982	[WARN]	orders_service.py	响应时间:261ms	浙江省	金华市	这里是日志信息......
2024-05-17 11:01:11.944982	[INFO]	goods_manager.py	响应时间:506ms	湖南省	益阳市	这里是日志信息......
2024-05-17 11:01:11.944982	[INFO]	base_network.py	响应时间:652ms	上海市	黄浦区	这里是日志信息......
2024-05-17 11:01:11.944982	[INFO]	goods_manager.py	响应时间:403ms	湖北省	武汉市	这里是日志信息......
2024-05-17 11:01:11.944982	[INFO]	event.py	响应时间:239ms	广东省	广州市	这里是日志信息......
2024-05-17 11:01:11.944982	[INFO]	barcode_service.py	响应时间:984ms	广东省	广州市	这里是日志信息......
2024-05-17 11:01:11.944982	[INFO]	orders_service.py	响应时间:393ms	湖南省	长沙市	这里是日志信息......
2024-05-17 11:01:11.944982	[INFO]	event.py	响应时间:830ms	重庆市	南岸区	这里是日志信息......
2024-05-17 11:01:11.944982	[INFO]	event.py	响应时间:969ms	广东省	深圳市	这里是日志信息......
2024-05-17 11:01:11.944982	[INFO]	barcode_service.py	响应时间:853ms	上海市	静安区	这里是日志信息......
2024-05-17 11:01:11.944982	[WARN]	event.py	响应时间:3516ms	天津市	和平区	这里是日志信息......
2024-05-17 11:01:11.944982	[INFO]	orders_service.py	响应时间:435ms	江苏省	南京市	这里是日志信息......
2024-05-17 11:01:11.944982	[ERROR]	barcode_service.py	响应时间:549ms	天津市	和平区	这里是日志信息......
2024-05-17 11:01:11.944982	[INFO]	event.py	响应时间:998ms	湖北省	武汉市	这里是日志信息......
2024-05-17 11:01:11.944982	[INFO]	goods_manager.py	响应时间:28ms	浙江省	湖州市	这里是日志信息......
2024-05-17 11:01:11.944982	[WARN]	user_manager.py	响应时间:927ms	湖北省	十堰市	这里是日志信息......
2024-05-17 11:01:11.944982	[INFO]	goods_manager.py	响应时间:584ms	广东省	广州市	这里是日志信息......
2024-05-17 11:01:11.944982	[INFO]	orders_service.py	响应时间:413ms	浙江省	湖州市	这里是日志信息......
2024-05-17 11:01:11.944982	[INFO]	shop_manager.py	响应时间:976ms	重庆市	万州区	这里是日志信息......
2024-05-17 11:01:11.944982	[WARN]	barcode_service.py	响应时间:396ms	重庆市	涪陵区	这里是日志信息......
2024-05-17 11:01:11.944982	[INFO]	user_manager.py	响应时间:791ms	北京市	海淀区	这里是日志信息......
2024-05-17 11:01:11.944982	[INFO]	orders_service.py	响应时间:1410ms	安徽省	芜湖市	这里是日志信息......
2024-05-17 11:01:11.944982	[INFO]	event.py	响应时间:478ms	广东省	广州市	这里是日志信息......
2024-05-17 11:01:11.944982	[WARN]	user_manager.py	响应时间:123ms	重庆市	万州区	这里是日志信息......
2024-05-17 11:01:11.944982	[INFO]	orders_service.py	响应时间:966ms	北京市	大兴区	这里是日志信息......
2024-05-17 11:01:11.944982	[INFO]	orders_service.py	响应时间:683ms	广东省	珠海市	这里是日志信息......
2024-05-17 11:01:11.944982	[INFO]	barcode_service.py	响应时间:92ms	江苏省	南京市	这里是日志信息......
2024-05-17 11:01:11.944982	[INFO]	orders_service.py	响应时间:894ms	浙江省	舟山市	这里是日志信息......
2024-05-17 11:01:11.944982	[WARN]	goods_manager.py	响应时间:858ms	安徽省	铜陵市	这里是日志信息......
2024-05-17 11:01:11.944982	[INFO]	goods_manager.py	响应时间:243ms	天津市	武清区	这里是日志信息......
2024-05-17 11:01:11.944982	[INFO]	shop_manager.py	响应时间:301ms	北京市	大兴区	这里是日志信息......
2024-05-17 11:01:11.944982	[WARN]	base_network.py	响应时间:699ms	广东省	广州市	这里是日志信息......
2024-05-17 11:01:11.944982	[INFO]	event.py	响应时间:270ms	广东省	深圳市	这里是日志信息......
2024-05-17 11:01:11.944982	[INFO]	orders_service.py	响应时间:149ms	天津市	和平区	这里是日志信息......
2024-05-17 11:01:11.944982	[INFO]	shop_manager.py	响应时间:169ms	湖北省	武汉市	这里是日志信息......
2024-05-17 11:01:11.944982	[WARN]	event.py	响应时间:422ms	安徽省	合肥市	这里是日志信息......
2024-05-17 11:01:11.944982	[INFO]	user_manager.py	响应时间:801ms	重庆市	万州区	这里是日志信息......
2024-05-17 11:01:11.944982	[INFO]	goods_manager.py	响应时间:95ms	湖北省	武汉市	这里是日志信息......
2024-05-17 11:01:11.944982	[INFO]	barcode_service.py	响应时间:542ms	浙江省	金华市	这里是日志信息......
2024-05-17 11:01:11.944982	[INFO]	event.py	响应时间:746ms	重庆市	南岸区	这里是日志信息......
2024-05-17 11:01:11.944982	[INFO]	goods_manager.py	响应时间:37ms	湖北省	武汉市	这里是日志信息......
2024-05-17 11:01:11.944982	[INFO]	orders_service.py	响应时间:373ms	天津市	和平区	这里是日志信息......
2024-05-17 11:01:11.945982	[INFO]	event.py	响应时间:669ms	安徽省	六安市	这里是日志信息......
2024-05-17 11:01:11.945982	[INFO]	orders_service.py	响应时间:739ms	湖南省	长沙市	这里是日志信息......
2024-05-17 11:01:11.945982	[INFO]	barcode_service.py	响应时间:8214ms	重庆市	南岸区	这里是日志信息......
2024-05-17 11:01:11.945982	[INFO]	orders_service.py	响应时间:56ms	广东省	广州市	这里是日志信息......
2024-05-17 11:01:11.945982	[INFO]	barcode_service.py	响应时间:239ms	广东省	深圳市	这里是日志信息......
2024-05-17 11:01:11.945982	[INFO]	user_manager.py	响应时间:157ms	天津市	河西区	这里是日志信息......
2024-05-17 11:01:11.945982	[INFO]	event.py	响应时间:203ms	浙江省	湖州市	这里是日志信息......
2024-05-17 11:01:11.945982	[WARN]	orders_service.py	响应时间:614ms	上海市	宝山区	这里是日志信息......
2024-05-17 11:01:11.945982	[INFO]	base_network.py	响应时间:123ms	北京市	海淀区	这里是日志信息......
2024-05-17 11:01:11.945982	[INFO]	barcode_service.py	响应时间:267ms	广东省	广州市	这里是日志信息......
2024-05-17 11:01:11.945982	[INFO]	orders_service.py	响应时间:635ms	广东省	珠海市	这里是日志信息......
2024-05-17 11:01:11.945982	[INFO]	orders_service.py	响应时间:678ms	湖南省	株洲市	这里是日志信息......
2024-05-17 11:01:11.945982	[INFO]	event.py	响应时间:291ms	广东省	珠海市	这里是日志信息......
2024-05-17 11:01:11.945982	[WARN]	goods_manager.py	响应时间:208ms	北京市	海淀区	这里是日志信息......
2024-05-17 11:01:11.945982	[INFO]	goods_manager.py	响应时间:812ms	湖南省	长沙市	这里是日志信息......
2024-05-17 11:01:11.945982	[INFO]	goods_manager.py	响应时间:671ms	湖南省	株洲市	这里是日志信息......
2024-05-17 11:01:11.945982	[INFO]	orders_service.py	响应时间:400ms	浙江省	金华市	这里是日志信息......
2024-05-17 11:01:11.945982	[WARN]	goods_manager.py	响应时间:209ms	上海市	宝山区	这里是日志信息......
2024-05-17 11:01:11.945982	[INFO]	event.py	响应时间:407ms	上海市	静安区	这里是日志信息......
2024-05-17 11:01:11.945982	[INFO]	goods_manager.py	响应时间:472ms	重庆市	南岸区	这里是日志信息......
2024-05-17 11:01:11.945982	[INFO]	base_network.py	响应时间:861ms	江苏省	苏州市	这里是日志信息......
2024-05-17 11:01:11.945982	[INFO]	user_manager.py	响应时间:421ms	江苏省	南京市	这里是日志信息......
2024-05-17 11:01:11.945982	[INFO]	event.py	响应时间:775ms	山东省	青岛市	这里是日志信息......
2024-05-17 11:01:11.945982	[INFO]	barcode_service.py	响应时间:283ms	山东省	菏泽市	这里是日志信息......
2024-05-17 11:01:11.945982	[INFO]	event.py	响应时间:466ms	湖南省	长沙市	这里是日志信息......
2024-05-17 11:01:11.945982	[INFO]	user_manager.py	响应时间:145ms	天津市	武清区	这里是日志信息......
2024-05-17 11:01:11.945982	[INFO]	orders_service.py	响应时间:859ms	北京市	朝阳区	这里是日志信息......
2024-05-17 11:01:11.945982	[INFO]	goods_manager.py	响应时间:518ms	山东省	青岛市	这里是日志信息......
2024-05-17 11:01:11.945982	[INFO]	event.py	响应时间:251ms	浙江省	湖州市	这里是日志信息......
2024-05-17 11:01:11.945982	[INFO]	goods_manager.py	响应时间:746ms	广东省	广州市	这里是日志信息......
2024-05-17 11:01:11.945982	[INFO]	goods_manager.py	响应时间:440ms	重庆市	万州区	这里是日志信息......
2024-05-17 11:01:11.945982	[INFO]	user_manager.py	响应时间:933ms	重庆市	涪陵区	这里是日志信息......
2024-05-17 11:01:11.945982	[INFO]	barcode_service.py	响应时间:178ms	广东省	珠海市	这里是日志信息......
2024-05-17 11:01:11.945982	[INFO]	event.py	响应时间:902ms	广东省	广州市	这里是日志信息......
2024-05-17 11:01:11.945982	[INFO]	orders_service.py	响应时间:538ms	天津市	和平区	这里是日志信息......
2024-05-17 11:01:11.945982	[WARN]	barcode_service.py	响应时间:442ms	湖北省	武汉市	这里是日志信息......
2024-05-17 11:01:11.945982	[INFO]	user_manager.py	响应时间:836ms	重庆市	万州区	这里是日志信息......
2024-05-17 11:01:11.945982	[INFO]	base_network.py	响应时间:734ms	广东省	深圳市	这里是日志信息......
2024-05-17 11:01:11.945982	[INFO]	goods_manager.py	响应时间:454ms	浙江省	杭州市	这里是日志信息......
2024-05-17 11:01:11.945982	[INFO]	user_manager.py	响应时间:423ms	山东省	青岛市	这里是日志信息......
2024-05-17 11:01:11.945982	[INFO]	user_manager.py	响应时间:652ms	浙江省	杭州市	这里是日志信息......
2024-05-17 11:01:11.945982	[WARN]	user_manager.py	响应时间:112ms	山东省	青岛市	这里是日志信息......
2024-05-17 11:01:11.945982	[ERROR]	barcode_service.py	响应时间:779ms	上海市	杨浦区	这里是日志信息......
2024-05-17 11:01:11.945982	[INFO]	user_manager.py	响应时间:560ms	安徽省	芜湖市	这里是日志信息......
2024-05-17 11:01:11.945982	[INFO]	goods_manager.py	响应时间:830ms	上海市	浦东新区	这里是日志信息......
2024-05-17 11:01:11.945982	[INFO]	orders_service.py	响应时间:551ms	广东省	广州市	这里是日志信息......
2024-05-17 11:01:11.945982	[INFO]	goods_manager.py	响应时间:817ms	湖南省	张家界市	这里是日志信息......
2024-05-17 11:01:11.945982	[INFO]	orders_service.py	响应时间:260ms	广东省	珠海市	这里是日志信息......
2024-05-17 11:01:11.945982	[INFO]	shop_manager.py	响应时间:606ms	湖南省	益阳市	这里是日志信息......
2024-05-17 11:01:11.945982	[INFO]	event.py	响应时间:742ms	广东省	深圳市	这里是日志信息......
2024-05-17 11:01:11.945982	[INFO]	user_manager.py	响应时间:50ms	广东省	深圳市	这里是日志信息......
2024-05-17 11:01:11.945982	[INFO]	event.py	响应时间:344ms	重庆市	沙坪坝区	这里是日志信息......
2024-05-17 11:01:11.945982	[WARN]	event.py	响应时间:320ms	广东省	深圳市	这里是日志信息......
2024-05-17 11:01:11.945982	[INFO]	barcode_service.py	响应时间:301ms	山东省	菏泽市	这里是日志信息......
2024-05-17 11:01:11.945982	[INFO]	event.py	响应时间:841ms	广东省	广州市	这里是日志信息......
2024-05-17 11:01:11.945982	[INFO]	goods_manager.py	响应时间:860ms	浙江省	湖州市	这里是日志信息......
2024-05-17 11:01:11.945982	[WARN]	event.py	响应时间:993ms	山东省	济南市	这里是日志信息......
2024-05-17 11:01:11.945982	[INFO]	goods_manager.py	响应时间:401ms	天津市	和平区	这里是日志信息......
2024-05-17 11:01:11.945982	[INFO]	event.py	响应时间:851ms	天津市	河西区	这里是日志信息......
2024-05-17 11:01:11.945982	[INFO]	barcode_service.py	响应时间:345ms	重庆市	万州区	这里是日志信息......
2024-05-17 11:01:11.945982	[INFO]	goods_manager.py	响应时间:40ms	湖南省	张家界市	这里是日志信息......
2024-05-17 11:01:11.945982	[INFO]	event.py	响应时间:657ms	浙江省	嘉兴市	这里是日志信息......
2024-05-17 11:01:11.945982	[INFO]	goods_manager.py	响应时间:240ms	湖南省	常德市	这里是日志信息......
2024-05-17 11:01:11.945982	[INFO]	base_network.py	响应时间:3360ms	湖北省	十堰市	这里是日志信息......
2024-05-17 11:01:11.945982	[INFO]	shop_manager.py	响应时间:903ms	北京市	怀柔区	这里是日志信息......
2024-05-17 11:01:11.945982	[INFO]	event.py	响应时间:407ms	重庆市	涪陵区	这里是日志信息......
2024-05-17 11:01:11.945982	[INFO]	goods_manager.py	响应时间:208ms	上海市	宝山区	这里是日志信息......
2024-05-17 11:01:11.945982	[INFO]	event.py	响应时间:9677ms	上海市	徐汇区	这里是日志信息......
2024-05-17 11:01:11.945982	[INFO]	goods_manager.py	响应时间:706ms	江苏省	南京市	这里是日志信息......
2024-05-17 11:01:11.945982	[INFO]	barcode_service.py	响应时间:312ms	浙江省	丽水市	这里是日志信息......
2024-05-17 11:01:11.945982	[INFO]	barcode_service.py	响应时间:202ms	广东省	广州市	这里是日志信息......
2024-05-17 11:01:11.945982	[INFO]	event.py	响应时间:207ms	安徽省	铜陵市	这里是日志信息......
2024-05-17 11:01:11.945982	[ERROR]	barcode_service.py	响应时间:832ms	上海市	宝山区	这里是日志信息......
2024-05-17 11:01:11.945982	[INFO]	event.py	响应时间:66ms	重庆市	涪陵区	这里是日志信息......
2024-05-17 11:01:11.945982	[INFO]	goods_manager.py	响应时间:335ms	上海市	黄浦区	这里是日志信息......
2024-05-17 11:01:11.945982	[INFO]	barcode_service.py	响应时间:464ms	山东省	青岛市	这里是日志信息......
2024-05-17 11:01:11.945982	[INFO]	event.py	响应时间:170ms	浙江省	杭州市	这里是日志信息......
2024-05-17 11:01:11.945982	[INFO]	barcode_service.py	响应时间:987ms	湖南省	长沙市	这里是日志信息......
2024-05-17 11:01:11.945982	[INFO]	goods_manager.py	响应时间:541ms	北京市	海淀区	这里是日志信息......
2024-05-17 11:01:11.945982	[INFO]	barcode_service.py	响应时间:615ms	湖北省	武汉市	这里是日志信息......
2024-05-17 11:01:11.945982	[INFO]	user_manager.py	响应时间:703ms	重庆市	沙坪坝区	这里是日志信息......
2024-05-17 11:01:11.945982	[ERROR]	event.py	响应时间:510ms	湖南省	长沙市	这里是日志信息......
2024-05-17 11:01:11.945982	[INFO]	orders_service.py	响应时间:546ms	湖北省	武汉市	这里是日志信息......
2024-05-17 11:01:11.945982	[INFO]	user_manager.py	响应时间:519ms	北京市	怀柔区	这里是日志信息......
2024-05-17 11:01:11.945982	[WARN]	orders_service.py	响应时间:581ms	上海市	浦东新区	这里是日志信息......
2024-05-17 11:01:11.945982	[WARN]	goods_manager.py	响应时间:264ms	天津市	宝坻区	这里是日志信息......
2024-05-17 11:01:11.945982	[INFO]	orders_service.py	响应时间:557ms	重庆市	万州区	这里是日志信息......
2024-05-17 11:01:11.945982	[WARN]	orders_service.py	响应时间:84ms	湖北省	荆州市	这里是日志信息......
2024-05-17 11:01:11.945982	[INFO]	base_network.py	响应时间:306ms	安徽省	阜阳市	这里是日志信息......
2024-05-17 11:01:11.945982	[INFO]	event.py	响应时间:777ms	天津市	河东区	这里是日志信息......
2024-05-17 11:01:11.945982	[INFO]	base_network.py	响应时间:164ms	山东省	青岛市	这里是日志信息......
2024-05-17 11:01:11.945982	[ERROR]	goods_manager.py	响应时间:947ms	北京市	昌平区	这里是日志信息......
2024-05-17 11:01:11.945982	[INFO]	goods_manager.py	响应时间:521ms	上海市	徐汇区	这里是日志信息......
2024-05-17 11:01:11.945982	[INFO]	user_manager.py	响应时间:821ms	山东省	菏泽市	这里是日志信息......
2024-05-17 11:01:11.945982	[INFO]	goods_manager.py	响应时间:213ms	重庆市	南岸区	这里是日志信息......
2024-05-17 11:01:11.945982	[INFO]	goods_manager.py	响应时间:990ms	天津市	和平区	这里是日志信息......
2024-05-17 11:01:11.945982	[INFO]	base_network.py	响应时间:722ms	天津市	河西区	这里是日志信息......
2024-05-17 11:01:11.945982	[INFO]	event.py	响应时间:97ms	上海市	浦东新区	这里是日志信息......
2024-05-17 11:01:11.946982	[INFO]	event.py	响应时间:46ms	北京市	怀柔区	这里是日志信息......
2024-05-17 11:01:11.946982	[INFO]	barcode_service.py	响应时间:688ms	湖北省	恩施土家族苗族自治州	这里是日志信息......
2024-05-17 11:01:11.946982	[INFO]	goods_manager.py	响应时间:366ms	山东省	青岛市	这里是日志信息......
2024-05-17 11:01:11.946982	[INFO]	orders_service.py	响应时间:83ms	安徽省	六安市	这里是日志信息......
2024-05-17 11:01:11.946982	[WARN]	event.py	响应时间:288ms	重庆市	万州区	这里是日志信息......
2024-05-17 11:01:11.946982	[INFO]	event.py	响应时间:820ms	浙江省	杭州市	这里是日志信息......
2024-05-17 11:01:11.946982	[WARN]	goods_manager.py	响应时间:563ms	湖北省	武汉市	这里是日志信息......
2024-05-17 11:01:11.946982	[INFO]	shop_manager.py	响应时间:38ms	北京市	大兴区	这里是日志信息......
2024-05-17 11:01:11.946982	[INFO]	orders_service.py	响应时间:61ms	湖南省	益阳市	这里是日志信息......
2024-05-17 11:01:11.946982	[INFO]	event.py	响应时间:722ms	山东省	济南市	这里是日志信息......
2024-05-17 11:01:11.946982	[INFO]	orders_service.py	响应时间:312ms	浙江省	杭州市	这里是日志信息......
2024-05-17 11:01:11.946982	[INFO]	goods_manager.py	响应时间:499ms	北京市	海淀区	这里是日志信息......
2024-05-17 11:01:11.946982	[INFO]	user_manager.py	响应时间:3157ms	广东省	深圳市	这里是日志信息......
2024-05-17 11:01:11.946982	[INFO]	event.py	响应时间:34ms	山东省	青岛市	这里是日志信息......
2024-05-17 11:01:11.946982	[WARN]	event.py	响应时间:328ms	安徽省	铜陵市	这里是日志信息......
2024-05-17 11:01:11.946982	[INFO]	event.py	响应时间:985ms	山东省	济南市	这里是日志信息......
2024-05-17 11:01:11.946982	[INFO]	barcode_service.py	响应时间:439ms	山东省	青岛市	这里是日志信息......
2024-05-17 11:01:11.946982	[INFO]	orders_service.py	响应时间:160ms	山东省	济南市	这里是日志信息......
2024-05-17 11:01:11.946982	[INFO]	user_manager.py	响应时间:298ms	湖北省	恩施土家族苗族自治州	这里是日志信息......
2024-05-17 11:01:11.946982	[WARN]	base_network.py	响应时间:503ms	湖南省	长沙市	这里是日志信息......
2024-05-17 11:01:11.946982	[WARN]	event.py	响应时间:850ms	重庆市	渝中区	这里是日志信息......
2024-05-17 11:01:11.946982	[INFO]	event.py	响应时间:224ms	天津市	河东区	这里是日志信息......
2024-05-17 11:01:11.946982	[WARN]	goods_manager.py	响应时间:736ms	广东省	广州市	这里是日志信息......
2024-05-17 11:01:11.946982	[WARN]	orders_service.py	响应时间:715ms	安徽省	合肥市	这里是日志信息......
2024-05-17 11:01:11.946982	[INFO]	user_manager.py	响应时间:232ms	安徽省	铜陵市	这里是日志信息......
2024-05-17 11:01:11.946982	[INFO]	barcode_service.py	响应时间:330ms	安徽省	芜湖市	这里是日志信息......
2024-05-17 11:01:11.946982	[INFO]	event.py	响应时间:1514ms	安徽省	六安市	这里是日志信息......
2024-05-17 11:01:11.946982	[INFO]	user_manager.py	响应时间:31ms	天津市	武清区	这里是日志信息......
2024-05-17 11:01:11.946982	[INFO]	shop_manager.py	响应时间:516ms	天津市	宝坻区	这里是日志信息......
2024-05-17 11:01:11.946982	[INFO]	event.py	响应时间:183ms	天津市	宝坻区	这里是日志信息......
2024-05-17 11:01:11.946982	[INFO]	orders_service.py	响应时间:667ms	安徽省	合肥市	这里是日志信息......
2024-05-17 11:01:11.946982	[INFO]	event.py	响应时间:91ms	安徽省	芜湖市	这里是日志信息......
2024-05-17 11:01:11.946982	[INFO]	event.py	响应时间:682ms	山东省	济南市	这里是日志信息......
2024-05-17 11:01:11.946982	[WARN]	orders_service.py	响应时间:426ms	湖南省	长沙市	这里是日志信息......
2024-05-17 11:01:11.946982	[INFO]	barcode_service.py	响应时间:937ms	上海市	静安区	这里是日志信息......
2024-05-17 11:01:11.946982	[INFO]	shop_manager.py	响应时间:645ms	湖北省	武汉市	这里是日志信息......
2024-05-17 11:01:11.946982	[INFO]	barcode_service.py	响应时间:690ms	浙江省	金华市	这里是日志信息......
2024-05-17 11:01:11.946982	[ERROR]	shop_manager.py	响应时间:233ms	天津市	和平区	这里是日志信息......
2024-05-17 11:01:11.946982	[INFO]	user_manager.py	响应时间:490ms	安徽省	六安市	这里是日志信息......
2024-05-17 11:01:11.946982	[INFO]	base_network.py	响应时间:963ms	山东省	济南市	这里是日志信息......
2024-05-17 11:01:11.946982	[INFO]	orders_service.py	响应时间:9ms	湖南省	长沙市	这里是日志信息......
2024-05-17 11:01:11.946982	[INFO]	goods_manager.py	响应时间:317ms	山东省	济南市	这里是日志信息......
2024-05-17 11:01:11.946982	[INFO]	orders_service.py	响应时间:152ms	湖北省	武汉市	这里是日志信息......
2024-05-17 11:01:11.946982	[INFO]	shop_manager.py	响应时间:998ms	浙江省	湖州市	这里是日志信息......
2024-05-17 11:01:11.946982	[INFO]	user_manager.py	响应时间:111ms	广东省	广州市	这里是日志信息......
2024-05-17 11:01:11.946982	[INFO]	barcode_service.py	响应时间:443ms	江苏省	无锡市	这里是日志信息......
2024-05-17 11:01:11.946982	[WARN]	goods_manager.py	响应时间:5736ms	重庆市	万州区	这里是日志信息......
2024-05-17 11:01:11.946982	[INFO]	orders_service.py	响应时间:997ms	上海市	静安区	这里是日志信息......
2024-05-17 11:01:11.946982	[INFO]	goods_manager.py	响应时间:674ms	北京市	海淀区	这里是日志信息......
2024-05-17 11:01:11.946982	[INFO]	user_manager.py	响应时间:634ms	浙江省	舟山市	这里是日志信息......
2024-05-17 11:01:11.946982	[INFO]	event.py	响应时间:486ms	重庆市	万州区	这里是日志信息......
2024-05-17 11:01:11.946982	[INFO]	user_manager.py	响应时间:939ms	江苏省	苏州市	这里是日志信息......
2024-05-17 11:01:11.946982	[INFO]	barcode_service.py	响应时间:550ms	北京市	朝阳区	这里是日志信息......
2024-05-17 11:01:11.946982	[ERROR]	user_manager.py	响应时间:2145ms	重庆市	沙坪坝区	这里是日志信息......
2024-05-17 11:01:11.946982	[INFO]	orders_service.py	响应时间:688ms	浙江省	嘉兴市	这里是日志信息......
2024-05-17 11:01:11.946982	[INFO]	orders_service.py	响应时间:698ms	安徽省	合肥市	这里是日志信息......
2024-05-17 11:01:11.946982	[INFO]	goods_manager.py	响应时间:282ms	广东省	珠海市	这里是日志信息......
2024-05-17 11:01:11.946982	[INFO]	orders_service.py	响应时间:414ms	湖南省	益阳市	这里是日志信息......
2024-05-17 11:01:11.946982	[INFO]	base_network.py	响应时间:142ms	北京市	海淀区	这里是日志信息......
2024-05-17 11:01:11.946982	[INFO]	goods_manager.py	响应时间:134ms	广东省	深圳市	这里是日志信息......
2024-05-17 11:01:11.946982	[INFO]	orders_service.py	响应时间:6386ms	安徽省	合肥市	这里是日志信息......
2024-05-17 11:01:11.946982	[INFO]	event.py	响应时间:727ms	北京市	海淀区	这里是日志信息......
2024-05-17 11:01:11.946982	[INFO]	orders_service.py	响应时间:339ms	江苏省	南京市	这里是日志信息......
2024-05-17 11:01:11.946982	[INFO]	base_network.py	响应时间:676ms	江苏省	南京市	这里是日志信息......
2024-05-17 11:01:11.946982	[INFO]	event.py	响应时间:167ms	湖南省	株洲市	这里是日志信息......
2024-05-17 11:01:11.946982	[ERROR]	shop_manager.py	响应时间:121ms	山东省	青岛市	这里是日志信息......
2024-05-17 11:01:11.946982	[INFO]	barcode_service.py	响应时间:213ms	重庆市	万州区	这里是日志信息......
2024-05-17 11:01:11.946982	[INFO]	barcode_service.py	响应时间:162ms	山东省	济南市	这里是日志信息......
2024-05-17 11:01:11.946982	[INFO]	orders_service.py	响应时间:790ms	浙江省	绍兴市	这里是日志信息......
2024-05-17 11:01:11.946982	[INFO]	user_manager.py	响应时间:571ms	上海市	杨浦区	这里是日志信息......
2024-05-17 11:01:11.946982	[INFO]	event.py	响应时间:354ms	湖北省	恩施土家族苗族自治州	这里是日志信息......
2024-05-17 11:01:11.946982	[WARN]	goods_manager.py	响应时间:215ms	重庆市	渝中区	这里是日志信息......
2024-05-17 11:01:11.946982	[INFO]	event.py	响应时间:625ms	北京市	大兴区	这里是日志信息......
2024-05-17 11:01:11.946982	[INFO]	goods_manager.py	响应时间:277ms	重庆市	沙坪坝区	这里是日志信息......
2024-05-17 11:01:11.946982	[INFO]	event.py	响应时间:16ms	湖北省	武汉市	这里是日志信息......
2024-05-17 11:01:11.946982	[INFO]	user_manager.py	响应时间:877ms	浙江省	丽水市	这里是日志信息......
2024-05-17 11:01:11.946982	[INFO]	orders_service.py	响应时间:6657ms	浙江省	舟山市	这里是日志信息......
2024-05-17 11:01:11.946982	[INFO]	orders_service.py	响应时间:779ms	湖北省	十堰市	这里是日志信息......
2024-05-17 11:01:11.946982	[INFO]	event.py	响应时间:48ms	北京市	大兴区	这里是日志信息......
2024-05-17 11:01:11.946982	[INFO]	event.py	响应时间:222ms	湖南省	长沙市	这里是日志信息......
2024-05-17 11:01:11.946982	[INFO]	orders_service.py	响应时间:4614ms	广东省	广州市	这里是日志信息......
2024-05-17 11:01:11.946982	[INFO]	event.py	响应时间:796ms	安徽省	池州市	这里是日志信息......
2024-05-17 11:01:11.946982	[INFO]	event.py	响应时间:210ms	山东省	菏泽市	这里是日志信息......
2024-05-17 11:01:11.946982	[INFO]	event.py	响应时间:412ms	山东省	青岛市	这里是日志信息......
2024-05-17 11:01:11.946982	[INFO]	event.py	响应时间:194ms	山东省	青岛市	这里是日志信息......
2024-05-17 11:01:11.946982	[INFO]	orders_service.py	响应时间:799ms	天津市	宝坻区	这里是日志信息......
2024-05-17 11:01:11.946982	[INFO]	base_network.py	响应时间:934ms	安徽省	芜湖市	这里是日志信息......
2024-05-17 11:01:11.946982	[INFO]	shop_manager.py	响应时间:310ms	上海市	普陀区	这里是日志信息......
2024-05-17 11:01:11.946982	[INFO]	barcode_service.py	响应时间:787ms	湖北省	十堰市	这里是日志信息......
2024-05-17 11:01:11.946982	[INFO]	orders_service.py	响应时间:4954ms	北京市	怀柔区	这里是日志信息......
2024-05-17 11:01:11.946982	[INFO]	goods_manager.py	响应时间:514ms	山东省	青岛市	这里是日志信息......
2024-05-17 11:01:11.946982	[INFO]	barcode_service.py	响应时间:290ms	重庆市	南岸区	这里是日志信息......
2024-05-17 11:01:11.946982	[INFO]	event.py	响应时间:305ms	北京市	朝阳区	这里是日志信息......
2024-05-17 11:01:11.946982	[INFO]	goods_manager.py	响应时间:57ms	湖北省	恩施土家族苗族自治州	这里是日志信息......
2024-05-17 11:01:11.946982	[INFO]	orders_service.py	响应时间:100ms	上海市	浦东新区	这里是日志信息......
2024-05-17 11:01:11.946982	[INFO]	orders_service.py	响应时间:179ms	浙江省	丽水市	这里是日志信息......
2024-05-17 11:01:11.946982	[INFO]	orders_service.py	响应时间:945ms	浙江省	杭州市	这里是日志信息......
2024-05-17 11:01:11.946982	[WARN]	event.py	响应时间:750ms	湖南省	株洲市	这里是日志信息......
2024-05-17 11:01:11.947982	[INFO]	event.py	响应时间:803ms	上海市	宝山区	这里是日志信息......
2024-05-17 11:01:11.947982	[INFO]	event.py	响应时间:985ms	浙江省	嘉兴市	这里是日志信息......
2024-05-17 11:01:11.947982	[INFO]	goods_manager.py	响应时间:301ms	江苏省	南京市	这里是日志信息......
2024-05-17 11:01:11.947982	[INFO]	event.py	响应时间:333ms	浙江省	绍兴市	这里是日志信息......
2024-05-17 11:01:11.947982	[ERROR]	base_network.py	响应时间:264ms	湖北省	武汉市	这里是日志信息......
2024-05-17 11:01:11.947982	[INFO]	shop_manager.py	响应时间:530ms	广东省	广州市	这里是日志信息......
2024-05-17 11:01:11.947982	[INFO]	goods_manager.py	响应时间:518ms	江苏省	苏州市	这里是日志信息......
2024-05-17 11:01:11.947982	[INFO]	event.py	响应时间:375ms	重庆市	沙坪坝区	这里是日志信息......
2024-05-17 11:01:11.947982	[INFO]	goods_manager.py	响应时间:343ms	广东省	广州市	这里是日志信息......
2024-05-17 11:01:11.947982	[INFO]	event.py	响应时间:123ms	湖南省	常德市	这里是日志信息......
2024-05-17 11:01:11.947982	[INFO]	orders_service.py	响应时间:423ms	浙江省	丽水市	这里是日志信息......
2024-05-17 11:01:11.947982	[WARN]	event.py	响应时间:528ms	天津市	武清区	这里是日志信息......
2024-05-17 11:01:11.947982	[WARN]	base_network.py	响应时间:395ms	重庆市	沙坪坝区	这里是日志信息......
2024-05-17 11:01:11.947982	[INFO]	event.py	响应时间:327ms	湖南省	常德市	这里是日志信息......
2024-05-17 11:01:11.947982	[INFO]	goods_manager.py	响应时间:577ms	安徽省	铜陵市	这里是日志信息......
2024-05-17 11:01:11.947982	[ERROR]	event.py	响应时间:27ms	湖南省	常德市	这里是日志信息......
2024-05-17 11:01:11.947982	[INFO]	goods_manager.py	响应时间:2841ms	北京市	海淀区	这里是日志信息......
2024-05-17 11:01:11.947982	[INFO]	goods_manager.py	响应时间:877ms	天津市	武清区	这里是日志信息......
2024-05-17 11:01:11.947982	[INFO]	barcode_service.py	响应时间:394ms	湖北省	十堰市	这里是日志信息......
2024-05-17 11:01:11.947982	[WARN]	orders_service.py	响应时间:256ms	重庆市	万州区	这里是日志信息......
2024-05-17 11:01:11.947982	[INFO]	event.py	响应时间:8999ms	湖南省	长沙市	这里是日志信息......
2024-05-17 11:01:11.947982	[INFO]	goods_manager.py	响应时间:6435ms	湖南省	长沙市	这里是日志信息......
2024-05-17 11:01:11.947982	[INFO]	goods_manager.py	响应时间:250ms	安徽省	合肥市	这里是日志信息......
2024-05-17 11:01:11.947982	[INFO]	user_manager.py	响应时间:977ms	江苏省	南京市	这里是日志信息......
2024-05-17 11:01:11.947982	[INFO]	event.py	响应时间:295ms	重庆市	沙坪坝区	这里是日志信息......
2024-05-17 11:01:11.947982	[INFO]	user_manager.py	响应时间:276ms	江苏省	宿迁市	这里是日志信息......
2024-05-17 11:01:11.947982	[INFO]	base_network.py	响应时间:8580ms	上海市	浦东新区	这里是日志信息......
2024-05-17 11:01:11.947982	[INFO]	orders_service.py	响应时间:516ms	广东省	深圳市	这里是日志信息......
2024-05-17 11:01:11.947982	[INFO]	goods_manager.py	响应时间:189ms	湖南省	株洲市	这里是日志信息......
2024-05-17 11:01:11.947982	[INFO]	barcode_service.py	响应时间:780ms	山东省	济南市	这里是日志信息......
2024-05-17 11:01:11.947982	[INFO]	shop_manager.py	响应时间:250ms	浙江省	嘉兴市	这里是日志信息......
2024-05-17 11:01:11.947982	[INFO]	barcode_service.py	响应时间:558ms	广东省	深圳市	这里是日志信息......
2024-05-17 11:01:11.947982	[INFO]	base_network.py	响应时间:102ms	广东省	深圳市	这里是日志信息......
2024-05-17 11:01:11.947982	[INFO]	event.py	响应时间:446ms	江苏省	南京市	这里是日志信息......
2024-05-17 11:01:11.947982	[INFO]	goods_manager.py	响应时间:266ms	北京市	丰台区	这里是日志信息......
2024-05-17 11:01:11.947982	[WARN]	barcode_service.py	响应时间:602ms	上海市	黄浦区	这里是日志信息......
2024-05-17 11:01:11.947982	[INFO]	orders_service.py	响应时间:521ms	北京市	海淀区	这里是日志信息......
2024-05-17 11:01:11.947982	[INFO]	event.py	响应时间:157ms	北京市	大兴区	这里是日志信息......
2024-05-17 11:01:11.947982	[INFO]	event.py	响应时间:3809ms	天津市	武清区	这里是日志信息......
2024-05-17 11:01:11.947982	[INFO]	orders_service.py	响应时间:652ms	上海市	浦东新区	这里是日志信息......
2024-05-17 11:01:11.947982	[INFO]	goods_manager.py	响应时间:619ms	浙江省	杭州市	这里是日志信息......
2024-05-17 11:01:11.947982	[INFO]	goods_manager.py	响应时间:341ms	浙江省	金华市	这里是日志信息......
2024-05-17 11:01:11.947982	[INFO]	event.py	响应时间:736ms	浙江省	绍兴市	这里是日志信息......
2024-05-17 11:01:11.947982	[INFO]	orders_service.py	响应时间:570ms	广东省	深圳市	这里是日志信息......
2024-05-17 11:01:11.947982	[INFO]	goods_manager.py	响应时间:699ms	浙江省	嘉兴市	这里是日志信息......
2024-05-17 11:01:11.947982	[INFO]	shop_manager.py	响应时间:980ms	湖南省	长沙市	这里是日志信息......
2024-05-17 11:01:11.947982	[INFO]	event.py	响应时间:100ms	山东省	青岛市	这里是日志信息......
2024-05-17 11:01:11.947982	[INFO]	event.py	响应时间:508ms	天津市	宝坻区	这里是日志信息......
2024-05-17 11:01:11.947982	[INFO]	orders_service.py	响应时间:951ms	湖北省	武汉市	这里是日志信息......
2024-05-17 11:01:11.947982	[WARN]	goods_manager.py	响应时间:240ms	安徽省	芜湖市	这里是日志信息......
2024-05-17 11:01:11.947982	[INFO]	orders_service.py	响应时间:158ms	湖北省	武汉市	这里是日志信息......
2024-05-17 11:01:11.947982	[INFO]	shop_manager.py	响应时间:23ms	重庆市	涪陵区	这里是日志信息......
2024-05-17 11:01:11.947982	[INFO]	base_network.py	响应时间:221ms	湖北省	武汉市	这里是日志信息......
2024-05-17 11:01:11.947982	[INFO]	orders_service.py	响应时间:785ms	安徽省	铜陵市	这里是日志信息......
2024-05-17 11:01:11.947982	[INFO]	orders_service.py	响应时间:813ms	安徽省	铜陵市	这里是日志信息......
2024-05-17 11:01:11.947982	[INFO]	orders_service.py	响应时间:514ms	上海市	静安区	这里是日志信息......
2024-05-17 11:01:11.947982	[WARN]	event.py	响应时间:833ms	广东省	深圳市	这里是日志信息......
2024-05-17 11:01:11.947982	[WARN]	orders_service.py	响应时间:209ms	重庆市	南岸区	这里是日志信息......
2024-05-17 11:01:11.947982	[INFO]	event.py	响应时间:596ms	重庆市	涪陵区	这里是日志信息......
2024-05-17 11:01:11.947982	[INFO]	orders_service.py	响应时间:767ms	湖北省	武汉市	这里是日志信息......
2024-05-17 11:01:11.947982	[INFO]	goods_manager.py	响应时间:548ms	浙江省	湖州市	这里是日志信息......
2024-05-17 11:01:11.947982	[INFO]	user_manager.py	响应时间:553ms	广东省	深圳市	这里是日志信息......
2024-05-17 11:01:11.947982	[INFO]	user_manager.py	响应时间:403ms	山东省	菏泽市	这里是日志信息......
2024-05-17 11:01:11.947982	[INFO]	orders_service.py	响应时间:861ms	湖北省	武汉市	这里是日志信息......
2024-05-17 11:01:11.947982	[WARN]	user_manager.py	响应时间:19ms	湖南省	常德市	这里是日志信息......
2024-05-17 11:01:11.947982	[INFO]	orders_service.py	响应时间:987ms	江苏省	常州市	这里是日志信息......
2024-05-17 11:01:11.947982	[INFO]	orders_service.py	响应时间:542ms	安徽省	合肥市	这里是日志信息......
2024-05-17 11:01:11.947982	[INFO]	shop_manager.py	响应时间:519ms	天津市	河东区	这里是日志信息......
2024-05-17 11:01:11.947982	[INFO]	event.py	响应时间:983ms	重庆市	南岸区	这里是日志信息......
2024-05-17 11:01:11.947982	[WARN]	user_manager.py	响应时间:461ms	江苏省	南京市	这里是日志信息......
2024-05-17 11:01:11.947982	[WARN]	event.py	响应时间:760ms	湖北省	武汉市	这里是日志信息......
2024-05-17 11:01:11.947982	[INFO]	event.py	响应时间:40ms	湖北省	武汉市	这里是日志信息......
2024-05-17 11:01:11.947982	[INFO]	orders_service.py	响应时间:957ms	北京市	海淀区	这里是日志信息......
2024-05-17 11:01:11.947982	[INFO]	user_manager.py	响应时间:294ms	北京市	丰台区	这里是日志信息......
2024-05-17 11:01:11.947982	[INFO]	orders_service.py	响应时间:506ms	天津市	武清区	这里是日志信息......
2024-05-17 11:01:11.947982	[INFO]	event.py	响应时间:665ms	湖南省	长沙市	这里是日志信息......
2024-05-17 11:01:11.947982	[INFO]	goods_manager.py	响应时间:794ms	湖南省	长沙市	这里是日志信息......
2024-05-17 11:01:11.947982	[INFO]	goods_manager.py	响应时间:416ms	江苏省	无锡市	这里是日志信息......
2024-05-17 11:01:11.947982	[INFO]	shop_manager.py	响应时间:1052ms	安徽省	池州市	这里是日志信息......
2024-05-17 11:01:11.947982	[INFO]	goods_manager.py	响应时间:422ms	湖北省	武汉市	这里是日志信息......
2024-05-17 11:01:11.947982	[WARN]	goods_manager.py	响应时间:13ms	湖北省	荆州市	这里是日志信息......
2024-05-17 11:01:11.947982	[ERROR]	goods_manager.py	响应时间:263ms	北京市	昌平区	这里是日志信息......
2024-05-17 11:01:11.947982	[INFO]	event.py	响应时间:745ms	北京市	昌平区	这里是日志信息......
2024-05-17 11:01:11.947982	[WARN]	goods_manager.py	响应时间:509ms	上海市	宝山区	这里是日志信息......
2024-05-17 11:01:11.947982	[INFO]	orders_service.py	响应时间:25ms	浙江省	舟山市	这里是日志信息......
2024-05-17 11:01:11.947982	[INFO]	user_manager.py	响应时间:8805ms	湖南省	长沙市	这里是日志信息......
2024-05-17 11:01:11.947982	[INFO]	shop_manager.py	响应时间:858ms	安徽省	合肥市	这里是日志信息......
2024-05-17 11:01:11.947982	[WARN]	user_manager.py	响应时间:81ms	湖南省	株洲市	这里是日志信息......
2024-05-17 11:01:11.947982	[INFO]	user_manager.py	响应时间:19ms	江苏省	苏州市	这里是日志信息......
2024-05-17 11:01:11.947982	[INFO]	user_manager.py	响应时间:964ms	山东省	菏泽市	这里是日志信息......
2024-05-17 11:01:11.947982	[INFO]	user_manager.py	响应时间:820ms	浙江省	杭州市	这里是日志信息......
2024-05-17 11:01:11.947982	[INFO]	user_manager.py	响应时间:871ms	天津市	武清区	这里是日志信息......
2024-05-17 11:01:11.947982	[INFO]	event.py	响应时间:689ms	山东省	菏泽市	这里是日志信息......
2024-05-17 11:01:11.947982	[INFO]	event.py	响应时间:963ms	浙江省	丽水市	这里是日志信息......
2024-05-17 11:01:11.947982	[INFO]	event.py	响应时间:135ms	北京市	海淀区	这里是日志信息......
2024-05-17 11:01:11.947982	[INFO]	shop_manager.py	响应时间:182ms	浙江省	丽水市	这里是日志信息......
2024-05-17 11:01:11.947982	[INFO]	goods_manager.py	响应时间:316ms	江苏省	南京市	这里是日志信息......
2024-05-17 11:01:11.947982	[INFO]	event.py	响应时间:444ms	广东省	珠海市	这里是日志信息......
2024-05-17 11:01:11.948982	[INFO]	shop_manager.py	响应时间:590ms	湖北省	武汉市	这里是日志信息......
2024-05-17 11:01:11.948982	[ERROR]	orders_service.py	响应时间:854ms	浙江省	嘉兴市	这里是日志信息......
2024-05-17 11:01:11.948982	[INFO]	goods_manager.py	响应时间:155ms	广东省	珠海市	这里是日志信息......
2024-05-17 11:01:11.948982	[INFO]	event.py	响应时间:171ms	江苏省	南京市	这里是日志信息......
2024-05-17 11:01:11.948982	[INFO]	event.py	响应时间:51ms	山东省	青岛市	这里是日志信息......
2024-05-17 11:01:11.948982	[WARN]	goods_manager.py	响应时间:607ms	上海市	普陀区	这里是日志信息......
2024-05-17 11:01:11.948982	[INFO]	event.py	响应时间:236ms	北京市	海淀区	这里是日志信息......
2024-05-17 11:01:11.948982	[INFO]	event.py	响应时间:257ms	江苏省	苏州市	这里是日志信息......
2024-05-17 11:01:11.948982	[INFO]	orders_service.py	响应时间:653ms	北京市	大兴区	这里是日志信息......
2024-05-17 11:01:11.948982	[INFO]	user_manager.py	响应时间:250ms	江苏省	苏州市	这里是日志信息......
2024-05-17 11:01:11.948982	[INFO]	goods_manager.py	响应时间:243ms	上海市	浦东新区	这里是日志信息......
2024-05-17 11:01:11.948982	[INFO]	goods_manager.py	响应时间:3ms	重庆市	南岸区	这里是日志信息......
2024-05-17 11:01:11.948982	[WARN]	goods_manager.py	响应时间:142ms	浙江省	金华市	这里是日志信息......
2024-05-17 11:01:11.948982	[INFO]	goods_manager.py	响应时间:201ms	湖北省	武汉市	这里是日志信息......
2024-05-17 11:01:11.948982	[INFO]	event.py	响应时间:863ms	山东省	青岛市	这里是日志信息......
2024-05-17 11:01:11.948982	[WARN]	user_manager.py	响应时间:228ms	安徽省	六安市	这里是日志信息......
2024-05-17 11:01:11.948982	[INFO]	shop_manager.py	响应时间:301ms	湖北省	武汉市	这里是日志信息......
2024-05-17 11:01:11.948982	[INFO]	event.py	响应时间:857ms	重庆市	万州区	这里是日志信息......
2024-05-17 11:01:11.948982	[WARN]	base_network.py	响应时间:134ms	江苏省	常州市	这里是日志信息......
2024-05-17 11:01:11.948982	[INFO]	orders_service.py	响应时间:625ms	山东省	济南市	这里是日志信息......
2024-05-17 11:01:11.948982	[INFO]	orders_service.py	响应时间:475ms	山东省	菏泽市	这里是日志信息......
2024-05-17 11:01:11.948982	[ERROR]	event.py	响应时间:2110ms	山东省	菏泽市	这里是日志信息......
2024-05-17 11:01:11.948982	[INFO]	barcode_service.py	响应时间:629ms	安徽省	合肥市	这里是日志信息......
2024-05-17 11:01:11.948982	[INFO]	shop_manager.py	响应时间:984ms	北京市	海淀区	这里是日志信息......
2024-05-17 11:01:11.948982	[INFO]	orders_service.py	响应时间:248ms	浙江省	绍兴市	这里是日志信息......
2024-05-17 11:01:11.948982	[WARN]	event.py	响应时间:760ms	湖南省	长沙市	这里是日志信息......
2024-05-17 11:01:11.948982	[INFO]	barcode_service.py	响应时间:930ms	北京市	朝阳区	这里是日志信息......
2024-05-17 11:01:11.948982	[INFO]	barcode_service.py	响应时间:582ms	浙江省	嘉兴市	这里是日志信息......
2024-05-17 11:01:11.948982	[INFO]	goods_manager.py	响应时间:878ms	天津市	和平区	这里是日志信息......
2024-05-17 11:01:11.948982	[INFO]	base_network.py	响应时间:7148ms	北京市	怀柔区	这里是日志信息......
2024-05-17 11:01:11.948982	[INFO]	orders_service.py	响应时间:28ms	山东省	菏泽市	这里是日志信息......
2024-05-17 11:01:11.948982	[INFO]	event.py	响应时间:695ms	北京市	朝阳区	这里是日志信息......
2024-05-17 11:01:11.948982	[INFO]	orders_service.py	响应时间:533ms	湖北省	十堰市	这里是日志信息......
2024-05-17 11:01:11.948982	[INFO]	shop_manager.py	响应时间:406ms	山东省	青岛市	这里是日志信息......
2024-05-17 11:01:11.948982	[INFO]	goods_manager.py	响应时间:868ms	安徽省	阜阳市	这里是日志信息......
2024-05-17 11:01:11.948982	[INFO]	event.py	响应时间:347ms	上海市	浦东新区	这里是日志信息......
2024-05-17 11:01:11.948982	[ERROR]	orders_service.py	响应时间:593ms	湖北省	武汉市	这里是日志信息......
2024-05-17 11:01:11.948982	[INFO]	shop_manager.py	响应时间:586ms	北京市	丰台区	这里是日志信息......
2024-05-17 11:01:11.948982	[INFO]	event.py	响应时间:504ms	安徽省	阜阳市	这里是日志信息......
2024-05-17 11:01:11.948982	[INFO]	goods_manager.py	响应时间:583ms	湖北省	武汉市	这里是日志信息......
2024-05-17 11:01:11.948982	[INFO]	base_network.py	响应时间:451ms	山东省	青岛市	这里是日志信息......
2024-05-17 11:01:11.948982	[INFO]	orders_service.py	响应时间:891ms	天津市	武清区	这里是日志信息......
2024-05-17 11:01:11.948982	[INFO]	event.py	响应时间:332ms	山东省	济南市	这里是日志信息......
2024-05-17 11:01:11.948982	[INFO]	orders_service.py	响应时间:477ms	北京市	丰台区	这里是日志信息......
2024-05-17 11:01:11.948982	[INFO]	user_manager.py	响应时间:44ms	浙江省	湖州市	这里是日志信息......
2024-05-17 11:01:11.948982	[INFO]	barcode_service.py	响应时间:764ms	上海市	普陀区	这里是日志信息......
2024-05-17 11:01:11.948982	[INFO]	barcode_service.py	响应时间:185ms	山东省	济南市	这里是日志信息......
2024-05-17 11:01:11.948982	[INFO]	user_manager.py	响应时间:110ms	湖北省	武汉市	这里是日志信息......
2024-05-17 11:01:11.948982	[WARN]	goods_manager.py	响应时间:225ms	北京市	怀柔区	这里是日志信息......
2024-05-17 11:01:11.948982	[WARN]	orders_service.py	响应时间:981ms	山东省	青岛市	这里是日志信息......
2024-05-17 11:01:11.948982	[INFO]	event.py	响应时间:403ms	湖北省	武汉市	这里是日志信息......
2024-05-17 11:01:11.948982	[INFO]	goods_manager.py	响应时间:106ms	江苏省	南京市	这里是日志信息......
2024-05-17 11:01:11.948982	[INFO]	orders_service.py	响应时间:798ms	湖南省	长沙市	这里是日志信息......
2024-05-17 11:01:11.948982	[INFO]	event.py	响应时间:722ms	北京市	朝阳区	这里是日志信息......
2024-05-17 11:01:11.948982	[INFO]	event.py	响应时间:136ms	天津市	和平区	这里是日志信息......
2024-05-17 11:01:11.948982	[INFO]	orders_service.py	响应时间:640ms	广东省	广州市	这里是日志信息......
2024-05-17 11:01:11.948982	[INFO]	base_network.py	响应时间:885ms	山东省	青岛市	这里是日志信息......
2024-05-17 11:01:11.948982	[WARN]	goods_manager.py	响应时间:35ms	重庆市	九龙坡区	这里是日志信息......
2024-05-17 11:01:11.948982	[WARN]	goods_manager.py	响应时间:482ms	广东省	深圳市	这里是日志信息......
2024-05-17 11:01:11.948982	[ERROR]	user_manager.py	响应时间:396ms	江苏省	苏州市	这里是日志信息......
2024-05-17 11:01:11.948982	[INFO]	orders_service.py	响应时间:565ms	安徽省	铜陵市	这里是日志信息......
2024-05-17 11:01:11.948982	[INFO]	event.py	响应时间:285ms	山东省	青岛市	这里是日志信息......
2024-05-17 11:01:11.948982	[WARN]	user_manager.py	响应时间:933ms	上海市	浦东新区	这里是日志信息......
2024-05-17 11:01:11.948982	[INFO]	event.py	响应时间:853ms	天津市	河东区	这里是日志信息......
2024-05-17 11:01:11.948982	[INFO]	goods_manager.py	响应时间:96ms	天津市	河西区	这里是日志信息......
2024-05-17 11:01:11.948982	[INFO]	orders_service.py	响应时间:435ms	安徽省	阜阳市	这里是日志信息......
2024-05-17 11:01:11.948982	[INFO]	shop_manager.py	响应时间:947ms	广东省	广州市	这里是日志信息......
2024-05-17 11:01:11.948982	[INFO]	orders_service.py	响应时间:87ms	安徽省	阜阳市	这里是日志信息......
2024-05-17 11:01:11.948982	[ERROR]	user_manager.py	响应时间:1976ms	北京市	昌平区	这里是日志信息......
2024-05-17 11:01:11.948982	[INFO]	event.py	响应时间:106ms	湖北省	武汉市	这里是日志信息......
2024-05-17 11:01:11.948982	[INFO]	goods_manager.py	响应时间:17ms	湖南省	长沙市	这里是日志信息......
2024-05-17 11:01:11.948982	[INFO]	orders_service.py	响应时间:339ms	江苏省	苏州市	这里是日志信息......
2024-05-17 11:01:11.948982	[INFO]	event.py	响应时间:842ms	重庆市	渝中区	这里是日志信息......
2024-05-17 11:01:11.948982	[INFO]	barcode_service.py	响应时间:144ms	重庆市	南岸区	这里是日志信息......
2024-05-17 11:01:11.948982	[INFO]	event.py	响应时间:361ms	天津市	河东区	这里是日志信息......
2024-05-17 11:01:11.948982	[INFO]	shop_manager.py	响应时间:631ms	江苏省	南京市	这里是日志信息......
2024-05-17 11:01:11.948982	[INFO]	user_manager.py	响应时间:155ms	江苏省	南京市	这里是日志信息......
2024-05-17 11:01:11.948982	[INFO]	orders_service.py	响应时间:751ms	广东省	深圳市	这里是日志信息......
2024-05-17 11:01:11.948982	[ERROR]	orders_service.py	响应时间:864ms	湖北省	武汉市	这里是日志信息......
2024-05-17 11:01:11.948982	[INFO]	event.py	响应时间:71ms	安徽省	铜陵市	这里是日志信息......
2024-05-17 11:01:11.948982	[INFO]	orders_service.py	响应时间:74ms	湖北省	恩施土家族苗族自治州	这里是日志信息......
2024-05-17 11:01:11.948982	[ERROR]	base_network.py	响应时间:7044ms	安徽省	阜阳市	这里是日志信息......
2024-05-17 11:01:11.948982	[INFO]	orders_service.py	响应时间:628ms	江苏省	张家港市	这里是日志信息......
2024-05-17 11:01:11.948982	[INFO]	event.py	响应时间:504ms	安徽省	铜陵市	这里是日志信息......
2024-05-17 11:01:11.948982	[INFO]	user_manager.py	响应时间:349ms	上海市	杨浦区	这里是日志信息......
2024-05-17 11:01:11.948982	[INFO]	base_network.py	响应时间:363ms	重庆市	涪陵区	这里是日志信息......
2024-05-17 11:01:11.948982	[INFO]	event.py	响应时间:23ms	广东省	广州市	这里是日志信息......
2024-05-17 11:01:11.948982	[INFO]	goods_manager.py	响应时间:474ms	广东省	广州市	这里是日志信息......
2024-05-17 11:01:11.948982	[INFO]	orders_service.py	响应时间:15ms	广东省	深圳市	这里是日志信息......
2024-05-17 11:01:11.948982	[INFO]	goods_manager.py	响应时间:244ms	广东省	珠海市	这里是日志信息......
2024-05-17 11:01:11.948982	[INFO]	goods_manager.py	响应时间:258ms	安徽省	铜陵市	这里是日志信息......
2024-05-17 11:01:11.948982	[WARN]	goods_manager.py	响应时间:227ms	天津市	和平区	这里是日志信息......
2024-05-17 11:01:11.948982	[INFO]	event.py	响应时间:831ms	山东省	济南市	这里是日志信息......
2024-05-17 11:01:11.948982	[INFO]	event.py	响应时间:443ms	江苏省	南京市	这里是日志信息......
2024-05-17 11:01:11.948982	[INFO]	goods_manager.py	响应时间:772ms	浙江省	金华市	这里是日志信息......
2024-05-17 11:01:11.948982	[INFO]	event.py	响应时间:526ms	湖北省	武汉市	这里是日志信息......
2024-05-17 11:01:11.948982	[INFO]	user_manager.py	响应时间:1844ms	湖南省	长沙市	这里是日志信息......
2024-05-17 11:01:11.948982	[INFO]	goods_manager.py	响应时间:36ms	北京市	大兴区	这里是日志信息......
2024-05-17 11:01:11.948982	[INFO]	barcode_service.py	响应时间:395ms	湖北省	武汉市	这里是日志信息......
2024-05-17 11:01:11.949982	[INFO]	barcode_service.py	响应时间:300ms	安徽省	合肥市	这里是日志信息......
2024-05-17 11:01:11.949982	[WARN]	shop_manager.py	响应时间:251ms	安徽省	池州市	这里是日志信息......
2024-05-17 11:01:11.949982	[INFO]	barcode_service.py	响应时间:4007ms	重庆市	万州区	这里是日志信息......
2024-05-17 11:01:11.949982	[INFO]	user_manager.py	响应时间:550ms	天津市	宝坻区	这里是日志信息......
2024-05-17 11:01:11.949982	[INFO]	event.py	响应时间:234ms	湖南省	长沙市	这里是日志信息......
2024-05-17 11:01:11.949982	[INFO]	base_network.py	响应时间:17ms	江苏省	张家港市	这里是日志信息......
2024-05-17 11:01:11.949982	[INFO]	event.py	响应时间:233ms	广东省	深圳市	这里是日志信息......
2024-05-17 11:01:11.949982	[INFO]	barcode_service.py	响应时间:637ms	湖北省	荆州市	这里是日志信息......
2024-05-17 11:01:11.949982	[INFO]	user_manager.py	响应时间:431ms	重庆市	南岸区	这里是日志信息......
2024-05-17 11:01:11.949982	[INFO]	goods_manager.py	响应时间:718ms	北京市	朝阳区	这里是日志信息......
2024-05-17 11:01:11.949982	[INFO]	goods_manager.py	响应时间:263ms	安徽省	合肥市	这里是日志信息......
2024-05-17 11:01:11.949982	[INFO]	orders_service.py	响应时间:288ms	北京市	朝阳区	这里是日志信息......
2024-05-17 11:01:11.949982	[INFO]	barcode_service.py	响应时间:680ms	北京市	大兴区	这里是日志信息......
2024-05-17 11:01:11.949982	[INFO]	user_manager.py	响应时间:65ms	安徽省	六安市	这里是日志信息......
2024-05-17 11:01:11.949982	[INFO]	goods_manager.py	响应时间:451ms	湖南省	长沙市	这里是日志信息......
2024-05-17 11:01:11.949982	[INFO]	event.py	响应时间:699ms	浙江省	湖州市	这里是日志信息......
2024-05-17 11:01:11.949982	[INFO]	event.py	响应时间:342ms	北京市	丰台区	这里是日志信息......
2024-05-17 11:01:11.949982	[INFO]	orders_service.py	响应时间:708ms	浙江省	舟山市	这里是日志信息......
2024-05-17 11:01:11.949982	[INFO]	event.py	响应时间:896ms	广东省	广州市	这里是日志信息......
2024-05-17 11:01:11.949982	[INFO]	orders_service.py	响应时间:459ms	江苏省	常州市	这里是日志信息......
2024-05-17 11:01:11.949982	[INFO]	base_network.py	响应时间:977ms	安徽省	池州市	这里是日志信息......
2024-05-17 11:01:11.949982	[INFO]	goods_manager.py	响应时间:280ms	天津市	武清区	这里是日志信息......
2024-05-17 11:01:11.949982	[WARN]	barcode_service.py	响应时间:547ms	山东省	济南市	这里是日志信息......
2024-05-17 11:01:11.949982	[INFO]	goods_manager.py	响应时间:281ms	天津市	河西区	这里是日志信息......
2024-05-17 11:01:11.949982	[INFO]	event.py	响应时间:773ms	北京市	怀柔区	这里是日志信息......
2024-05-17 11:01:11.949982	[INFO]	event.py	响应时间:154ms	安徽省	阜阳市	这里是日志信息......
2024-05-17 11:01:11.949982	[INFO]	orders_service.py	响应时间:419ms	湖南省	长沙市	这里是日志信息......
2024-05-17 11:01:11.949982	[WARN]	user_manager.py	响应时间:886ms	湖南省	益阳市	这里是日志信息......
2024-05-17 11:01:11.949982	[ERROR]	event.py	响应时间:883ms	浙江省	嘉兴市	这里是日志信息......
2024-05-17 11:01:11.949982	[INFO]	orders_service.py	响应时间:850ms	广东省	广州市	这里是日志信息......
2024-05-17 11:01:11.949982	[INFO]	event.py	响应时间:963ms	广东省	广州市	这里是日志信息......
2024-05-17 11:01:11.949982	[ERROR]	event.py	响应时间:241ms	上海市	浦东新区	这里是日志信息......
2024-05-17 11:01:11.949982	[INFO]	base_network.py	响应时间:588ms	北京市	怀柔区	这里是日志信息......
2024-05-17 11:01:11.949982	[INFO]	event.py	响应时间:541ms	湖北省	武汉市	这里是日志信息......
2024-05-17 11:01:11.949982	[INFO]	orders_service.py	响应时间:96ms	北京市	大兴区	这里是日志信息......
2024-05-17 11:01:11.949982	[INFO]	user_manager.py	响应时间:974ms	上海市	浦东新区	这里是日志信息......
2024-05-17 11:01:11.949982	[INFO]	base_network.py	响应时间:515ms	江苏省	南京市	这里是日志信息......
2024-05-17 11:01:11.949982	[INFO]	base_network.py	响应时间:422ms	广东省	深圳市	这里是日志信息......
2024-05-17 11:01:11.949982	[INFO]	orders_service.py	响应时间:701ms	山东省	青岛市	这里是日志信息......
2024-05-17 11:01:11.949982	[INFO]	orders_service.py	响应时间:781ms	安徽省	六安市	这里是日志信息......
2024-05-17 11:01:11.949982	[INFO]	shop_manager.py	响应时间:891ms	重庆市	涪陵区	这里是日志信息......
2024-05-17 11:01:11.949982	[INFO]	orders_service.py	响应时间:938ms	湖南省	长沙市	这里是日志信息......
2024-05-17 11:01:11.949982	[INFO]	user_manager.py	响应时间:325ms	湖北省	恩施土家族苗族自治州	这里是日志信息......
2024-05-17 11:01:11.949982	[INFO]	event.py	响应时间:984ms	上海市	宝山区	这里是日志信息......
2024-05-17 11:01:11.949982	[INFO]	user_manager.py	响应时间:244ms	山东省	青岛市	这里是日志信息......
2024-05-17 11:01:11.949982	[INFO]	base_network.py	响应时间:162ms	天津市	和平区	这里是日志信息......
2024-05-17 11:01:11.949982	[INFO]	goods_manager.py	响应时间:474ms	浙江省	绍兴市	这里是日志信息......
2024-05-17 11:01:11.949982	[INFO]	orders_service.py	响应时间:642ms	天津市	河东区	这里是日志信息......
2024-05-17 11:01:11.949982	[WARN]	goods_manager.py	响应时间:518ms	北京市	丰台区	这里是日志信息......
2024-05-17 11:01:11.949982	[INFO]	goods_manager.py	响应时间:308ms	湖南省	长沙市	这里是日志信息......
2024-05-17 11:01:11.949982	[INFO]	orders_service.py	响应时间:353ms	广东省	广州市	这里是日志信息......
2024-05-17 11:01:11.949982	[INFO]	event.py	响应时间:518ms	上海市	静安区	这里是日志信息......
2024-05-17 11:01:11.949982	[INFO]	base_network.py	响应时间:5486ms	上海市	浦东新区	这里是日志信息......
2024-05-17 11:01:11.949982	[INFO]	user_manager.py	响应时间:51ms	天津市	武清区	这里是日志信息......
2024-05-17 11:01:11.949982	[INFO]	orders_service.py	响应时间:483ms	江苏省	南京市	这里是日志信息......
2024-05-17 11:01:11.949982	[INFO]	shop_manager.py	响应时间:510ms	安徽省	合肥市	这里是日志信息......
2024-05-17 11:01:11.949982	[INFO]	base_network.py	响应时间:961ms	山东省	青岛市	这里是日志信息......
2024-05-17 11:01:11.949982	[INFO]	barcode_service.py	响应时间:101ms	天津市	和平区	这里是日志信息......
2024-05-17 11:01:11.949982	[INFO]	event.py	响应时间:915ms	上海市	杨浦区	这里是日志信息......
2024-05-17 11:01:11.949982	[INFO]	event.py	响应时间:178ms	山东省	青岛市	这里是日志信息......
2024-05-17 11:01:11.949982	[WARN]	user_manager.py	响应时间:887ms	江苏省	常州市	这里是日志信息......
2024-05-17 11:01:11.949982	[INFO]	base_network.py	响应时间:494ms	浙江省	金华市	这里是日志信息......
2024-05-17 11:01:11.949982	[INFO]	orders_service.py	响应时间:67ms	江苏省	南京市	这里是日志信息......
2024-05-17 11:01:11.949982	[INFO]	event.py	响应时间:662ms	上海市	黄浦区	这里是日志信息......
2024-05-17 11:01:11.949982	[ERROR]	user_manager.py	响应时间:746ms	天津市	河西区	这里是日志信息......
2024-05-17 11:01:11.949982	[INFO]	event.py	响应时间:988ms	湖南省	长沙市	这里是日志信息......
2024-05-17 11:01:11.949982	[WARN]	barcode_service.py	响应时间:237ms	广东省	广州市	这里是日志信息......
2024-05-17 11:01:11.949982	[INFO]	goods_manager.py	响应时间:189ms	浙江省	湖州市	这里是日志信息......
2024-05-17 11:01:11.949982	[INFO]	base_network.py	响应时间:823ms	北京市	丰台区	这里是日志信息......
2024-05-17 11:01:11.949982	[WARN]	goods_manager.py	响应时间:195ms	江苏省	南京市	这里是日志信息......
2024-05-17 11:01:11.949982	[INFO]	goods_manager.py	响应时间:981ms	安徽省	合肥市	这里是日志信息......
2024-05-17 11:01:11.949982	[INFO]	orders_service.py	响应时间:61ms	重庆市	九龙坡区	这里是日志信息......
2024-05-17 11:01:11.949982	[INFO]	shop_manager.py	响应时间:287ms	安徽省	芜湖市	这里是日志信息......
2024-05-17 11:01:11.949982	[INFO]	event.py	响应时间:742ms	湖北省	武汉市	这里是日志信息......
2024-05-17 11:01:11.949982	[INFO]	user_manager.py	响应时间:632ms	安徽省	合肥市	这里是日志信息......
2024-05-17 11:01:11.949982	[INFO]	event.py	响应时间:390ms	北京市	丰台区	这里是日志信息......
2024-05-17 11:01:11.949982	[INFO]	shop_manager.py	响应时间:738ms	浙江省	绍兴市	这里是日志信息......
2024-05-17 11:01:11.949982	[INFO]	base_network.py	响应时间:957ms	天津市	河西区	这里是日志信息......
2024-05-17 11:01:11.949982	[INFO]	shop_manager.py	响应时间:160ms	江苏省	宿迁市	这里是日志信息......
2024-05-17 11:01:11.949982	[INFO]	goods_manager.py	响应时间:922ms	重庆市	涪陵区	这里是日志信息......
2024-05-17 11:01:11.949982	[INFO]	event.py	响应时间:746ms	广东省	珠海市	这里是日志信息......
2024-05-17 11:01:11.949982	[INFO]	orders_service.py	响应时间:385ms	湖北省	武汉市	这里是日志信息......
2024-05-17 11:01:11.949982	[INFO]	orders_service.py	响应时间:682ms	浙江省	杭州市	这里是日志信息......
2024-05-17 11:01:11.949982	[INFO]	orders_service.py	响应时间:556ms	江苏省	南京市	这里是日志信息......
2024-05-17 11:01:11.949982	[INFO]	goods_manager.py	响应时间:170ms	浙江省	杭州市	这里是日志信息......
2024-05-17 11:01:11.949982	[INFO]	user_manager.py	响应时间:366ms	天津市	武清区	这里是日志信息......
2024-05-17 11:01:11.949982	[WARN]	event.py	响应时间:669ms	上海市	普陀区	这里是日志信息......
2024-05-17 11:01:11.949982	[INFO]	barcode_service.py	响应时间:667ms	天津市	武清区	这里是日志信息......
2024-05-17 11:01:11.949982	[INFO]	base_network.py	响应时间:969ms	天津市	宝坻区	这里是日志信息......
2024-05-17 11:01:11.949982	[INFO]	user_manager.py	响应时间:125ms	江苏省	南京市	这里是日志信息......
2024-05-17 11:01:11.949982	[INFO]	barcode_service.py	响应时间:574ms	安徽省	阜阳市	这里是日志信息......
2024-05-17 11:01:11.949982	[INFO]	orders_service.py	响应时间:891ms	湖北省	武汉市	这里是日志信息......
2024-05-17 11:01:11.949982	[INFO]	barcode_service.py	响应时间:515ms	上海市	普陀区	这里是日志信息......
2024-05-17 11:01:11.949982	[INFO]	barcode_service.py	响应时间:496ms	湖南省	长沙市	这里是日志信息......
2024-05-17 11:01:11.949982	[INFO]	barcode_service.py	响应时间:123ms	重庆市	涪陵区	这里是日志信息......
2024-05-17 11:01:11.949982	[INFO]	barcode_service.py	响应时间:661ms	安徽省	铜陵市	这里是日志信息......
2024-05-17 11:01:11.950982	[INFO]	goods_manager.py	响应时间:771ms	江苏省	无锡市	这里是日志信息......
2024-05-17 11:01:11.950982	[WARN]	orders_service.py	响应时间:392ms	重庆市	渝中区	这里是日志信息......
2024-05-17 11:01:11.950982	[INFO]	shop_manager.py	响应时间:538ms	天津市	武清区	这里是日志信息......
2024-05-17 11:01:11.950982	[ERROR]	goods_manager.py	响应时间:719ms	浙江省	嘉兴市	这里是日志信息......
2024-05-17 11:01:11.950982	[INFO]	goods_manager.py	响应时间:566ms	山东省	青岛市	这里是日志信息......
2024-05-17 11:01:11.950982	[INFO]	user_manager.py	响应时间:808ms	江苏省	苏州市	这里是日志信息......
2024-05-17 11:01:11.950982	[INFO]	shop_manager.py	响应时间:845ms	天津市	和平区	这里是日志信息......
2024-05-17 11:01:11.950982	[INFO]	orders_service.py	响应时间:610ms	湖南省	株洲市	这里是日志信息......
2024-05-17 11:01:11.950982	[INFO]	barcode_service.py	响应时间:286ms	湖南省	长沙市	这里是日志信息......
2024-05-17 11:01:11.950982	[INFO]	goods_manager.py	响应时间:402ms	上海市	浦东新区	这里是日志信息......
2024-05-17 11:01:11.950982	[WARN]	user_manager.py	响应时间:112ms	上海市	宝山区	这里是日志信息......
2024-05-17 11:01:11.950982	[INFO]	base_network.py	响应时间:374ms	山东省	济南市	这里是日志信息......
2024-05-17 11:01:11.950982	[INFO]	orders_service.py	响应时间:72ms	广东省	深圳市	这里是日志信息......
2024-05-17 11:01:11.950982	[WARN]	event.py	响应时间:679ms	上海市	宝山区	这里是日志信息......
2024-05-17 11:01:11.950982	[INFO]	orders_service.py	响应时间:126ms	浙江省	湖州市	这里是日志信息......
2024-05-17 11:01:11.950982	[INFO]	user_manager.py	响应时间:938ms	浙江省	金华市	这里是日志信息......
2024-05-17 11:01:11.950982	[WARN]	orders_service.py	响应时间:710ms	山东省	菏泽市	这里是日志信息......
2024-05-17 11:01:11.950982	[INFO]	user_manager.py	响应时间:296ms	山东省	青岛市	这里是日志信息......
2024-05-17 11:01:11.950982	[INFO]	orders_service.py	响应时间:79ms	浙江省	丽水市	这里是日志信息......
2024-05-17 11:01:11.950982	[INFO]	goods_manager.py	响应时间:641ms	湖北省	武汉市	这里是日志信息......
2024-05-17 11:01:11.950982	[WARN]	barcode_service.py	响应时间:626ms	上海市	浦东新区	这里是日志信息......
2024-05-17 11:01:11.950982	[INFO]	event.py	响应时间:867ms	山东省	青岛市	这里是日志信息......
2024-05-17 11:01:11.950982	[INFO]	goods_manager.py	响应时间:319ms	广东省	深圳市	这里是日志信息......
2024-05-17 11:01:11.950982	[INFO]	shop_manager.py	响应时间:944ms	重庆市	九龙坡区	这里是日志信息......
2024-05-17 11:01:11.950982	[WARN]	event.py	响应时间:312ms	山东省	菏泽市	这里是日志信息......
2024-05-17 11:01:11.950982	[INFO]	goods_manager.py	响应时间:511ms	北京市	昌平区	这里是日志信息......
2024-05-17 11:01:11.950982	[ERROR]	base_network.py	响应时间:553ms	浙江省	绍兴市	这里是日志信息......
2024-05-17 11:01:11.950982	[INFO]	orders_service.py	响应时间:881ms	天津市	宝坻区	这里是日志信息......
2024-05-17 11:01:11.950982	[INFO]	orders_service.py	响应时间:41ms	北京市	海淀区	这里是日志信息......
2024-05-17 11:01:11.950982	[INFO]	event.py	响应时间:875ms	湖南省	长沙市	这里是日志信息......
2024-05-17 11:01:11.950982	[INFO]	goods_manager.py	响应时间:547ms	重庆市	渝中区	这里是日志信息......
2024-05-17 11:01:11.950982	[INFO]	barcode_service.py	响应时间:951ms	湖南省	常德市	这里是日志信息......
2024-05-17 11:01:11.950982	[INFO]	event.py	响应时间:337ms	山东省	青岛市	这里是日志信息......
2024-05-17 11:01:11.950982	[INFO]	orders_service.py	响应时间:381ms	北京市	海淀区	这里是日志信息......
2024-05-17 11:01:11.950982	[WARN]	event.py	响应时间:632ms	湖北省	武汉市	这里是日志信息......
2024-05-17 11:01:11.950982	[WARN]	goods_manager.py	响应时间:489ms	江苏省	南京市	这里是日志信息......
2024-05-17 11:01:11.950982	[INFO]	barcode_service.py	响应时间:751ms	广东省	深圳市	这里是日志信息......
2024-05-17 11:01:11.950982	[WARN]	event.py	响应时间:640ms	天津市	河东区	这里是日志信息......
2024-05-17 11:01:11.950982	[INFO]	event.py	响应时间:929ms	北京市	海淀区	这里是日志信息......
2024-05-17 11:01:11.950982	[WARN]	goods_manager.py	响应时间:97ms	北京市	海淀区	这里是日志信息......
2024-05-17 11:01:11.950982	[WARN]	orders_service.py	响应时间:561ms	上海市	浦东新区	这里是日志信息......
2024-05-17 11:01:11.950982	[INFO]	event.py	响应时间:308ms	北京市	海淀区	这里是日志信息......
2024-05-17 11:01:11.950982	[INFO]	goods_manager.py	响应时间:167ms	山东省	青岛市	这里是日志信息......
2024-05-17 11:01:11.950982	[INFO]	shop_manager.py	响应时间:573ms	重庆市	万州区	这里是日志信息......
2024-05-17 11:01:11.950982	[INFO]	event.py	响应时间:873ms	北京市	大兴区	这里是日志信息......
2024-05-17 11:01:11.950982	[INFO]	orders_service.py	响应时间:419ms	安徽省	合肥市	这里是日志信息......
2024-05-17 11:01:11.950982	[INFO]	goods_manager.py	响应时间:902ms	北京市	朝阳区	这里是日志信息......
2024-05-17 11:01:11.950982	[INFO]	event.py	响应时间:222ms	安徽省	六安市	这里是日志信息......
2024-05-17 11:01:11.950982	[INFO]	barcode_service.py	响应时间:846ms	湖北省	恩施土家族苗族自治州	这里是日志信息......
2024-05-17 11:01:11.950982	[INFO]	orders_service.py	响应时间:575ms	天津市	和平区	这里是日志信息......
2024-05-17 11:01:11.950982	[INFO]	goods_manager.py	响应时间:333ms	安徽省	芜湖市	这里是日志信息......
2024-05-17 11:01:11.950982	[INFO]	goods_manager.py	响应时间:18ms	江苏省	苏州市	这里是日志信息......
2024-05-17 11:01:11.950982	[WARN]	shop_manager.py	响应时间:979ms	安徽省	阜阳市	这里是日志信息......
2024-05-17 11:01:11.950982	[INFO]	goods_manager.py	响应时间:601ms	湖北省	武汉市	这里是日志信息......
2024-05-17 11:01:11.950982	[INFO]	orders_service.py	响应时间:482ms	重庆市	万州区	这里是日志信息......
2024-05-17 11:01:11.950982	[INFO]	barcode_service.py	响应时间:790ms	广东省	深圳市	这里是日志信息......
2024-05-17 11:01:11.950982	[INFO]	orders_service.py	响应时间:318ms	广东省	广州市	这里是日志信息......
2024-05-17 11:01:11.950982	[INFO]	orders_service.py	响应时间:307ms	上海市	浦东新区	这里是日志信息......
2024-05-17 11:01:11.950982	[INFO]	event.py	响应时间:751ms	湖南省	益阳市	这里是日志信息......
2024-05-17 11:01:11.950982	[INFO]	goods_manager.py	响应时间:450ms	浙江省	丽水市	这里是日志信息......
2024-05-17 11:01:11.950982	[INFO]	user_manager.py	响应时间:553ms	山东省	青岛市	这里是日志信息......
2024-05-17 11:01:11.950982	[INFO]	base_network.py	响应时间:493ms	天津市	武清区	这里是日志信息......
2024-05-17 11:01:11.950982	[ERROR]	event.py	响应时间:590ms	上海市	普陀区	这里是日志信息......
2024-05-17 11:01:11.950982	[INFO]	orders_service.py	响应时间:802ms	山东省	济南市	这里是日志信息......
2024-05-17 11:01:11.950982	[INFO]	event.py	响应时间:57ms	天津市	武清区	这里是日志信息......
2024-05-17 11:01:11.950982	[INFO]	orders_service.py	响应时间:852ms	浙江省	杭州市	这里是日志信息......
2024-05-17 11:01:11.950982	[INFO]	user_manager.py	响应时间:606ms	重庆市	涪陵区	这里是日志信息......
2024-05-17 11:01:11.950982	[INFO]	event.py	响应时间:423ms	重庆市	万州区	这里是日志信息......
2024-05-17 11:01:11.950982	[WARN]	shop_manager.py	响应时间:424ms	天津市	宝坻区	这里是日志信息......
2024-05-17 11:01:11.950982	[INFO]	user_manager.py	响应时间:62ms	天津市	河东区	这里是日志信息......
2024-05-17 11:01:11.950982	[INFO]	base_network.py	响应时间:532ms	重庆市	万州区	这里是日志信息......
2024-05-17 11:01:11.950982	[INFO]	orders_service.py	响应时间:899ms	江苏省	苏州市	这里是日志信息......
2024-05-17 11:01:11.950982	[WARN]	event.py	响应时间:911ms	北京市	昌平区	这里是日志信息......
2024-05-17 11:01:11.950982	[WARN]	orders_service.py	响应时间:596ms	浙江省	金华市	这里是日志信息......
2024-05-17 11:01:11.950982	[INFO]	base_network.py	响应时间:87ms	湖北省	武汉市	这里是日志信息......
2024-05-17 11:01:11.950982	[INFO]	orders_service.py	响应时间:240ms	安徽省	六安市	这里是日志信息......
2024-05-17 11:01:11.950982	[INFO]	event.py	响应时间:495ms	湖南省	常德市	这里是日志信息......
2024-05-17 11:01:11.950982	[INFO]	shop_manager.py	响应时间:770ms	湖南省	长沙市	这里是日志信息......
2024-05-17 11:01:11.950982	[ERROR]	event.py	响应时间:132ms	山东省	济南市	这里是日志信息......
2024-05-17 11:01:11.950982	[INFO]	orders_service.py	响应时间:294ms	天津市	河东区	这里是日志信息......
2024-05-17 11:01:11.950982	[INFO]	event.py	响应时间:304ms	天津市	宝坻区	这里是日志信息......
2024-05-17 11:01:11.950982	[INFO]	orders_service.py	响应时间:619ms	天津市	河东区	这里是日志信息......
2024-05-17 11:01:11.950982	[INFO]	user_manager.py	响应时间:488ms	湖南省	长沙市	这里是日志信息......
2024-05-17 11:01:11.950982	[INFO]	user_manager.py	响应时间:716ms	天津市	河西区	这里是日志信息......
2024-05-17 11:01:11.950982	[ERROR]	orders_service.py	响应时间:620ms	山东省	济南市	这里是日志信息......
2024-05-17 11:01:11.950982	[INFO]	goods_manager.py	响应时间:819ms	湖北省	武汉市	这里是日志信息......
2024-05-17 11:01:11.950982	[WARN]	base_network.py	响应时间:178ms	天津市	武清区	这里是日志信息......
2024-05-17 11:01:11.950982	[WARN]	event.py	响应时间:392ms	北京市	怀柔区	这里是日志信息......
2024-05-17 11:01:11.950982	[INFO]	barcode_service.py	响应时间:320ms	安徽省	铜陵市	这里是日志信息......
2024-05-17 11:01:11.950982	[INFO]	event.py	响应时间:13ms	湖南省	长沙市	这里是日志信息......
2024-05-17 11:01:11.950982	[WARN]	user_manager.py	响应时间:937ms	上海市	黄浦区	这里是日志信息......
2024-05-17 11:01:11.950982	[INFO]	user_manager.py	响应时间:662ms	安徽省	池州市	这里是日志信息......
2024-05-17 11:01:11.950982	[INFO]	user_manager.py	响应时间:871ms	重庆市	万州区	这里是日志信息......
2024-05-17 11:01:11.950982	[WARN]	user_manager.py	响应时间:758ms	天津市	河东区	这里是日志信息......
2024-05-17 11:01:11.950982	[INFO]	event.py	响应时间:169ms	广东省	珠海市	这里是日志信息......
2024-05-17 11:01:11.950982	[INFO]	user_manager.py	响应时间:707ms	北京市	丰台区	这里是日志信息......
2024-05-17 11:01:11.950982	[INFO]	orders_service.py	响应时间:119ms	江苏省	南京市	这里是日志信息......
2024-05-17 11:01:11.951982	[INFO]	orders_service.py	响应时间:343ms	江苏省	南京市	这里是日志信息......
2024-05-17 11:01:11.951982	[INFO]	shop_manager.py	响应时间:973ms	广东省	深圳市	这里是日志信息......
2024-05-17 11:01:11.951982	[INFO]	user_manager.py	响应时间:465ms	上海市	静安区	这里是日志信息......
2024-05-17 11:01:11.951982	[INFO]	base_network.py	响应时间:747ms	上海市	黄浦区	这里是日志信息......
2024-05-17 11:01:11.951982	[INFO]	barcode_service.py	响应时间:844ms	湖南省	长沙市	这里是日志信息......
