2024-05-17 11:01:10.913176	[INFO]	orders_service.py	响应时间:860ms	江苏省	无锡市	这里是日志信息......
2024-05-17 11:01:10.913176	[INFO]	shop_manager.py	响应时间:616ms	北京市	海淀区	这里是日志信息......
2024-05-17 11:01:10.913176	[INFO]	barcode_service.py	响应时间:717ms	湖南省	长沙市	这里是日志信息......
2024-05-17 11:01:10.913176	[INFO]	barcode_service.py	响应时间:378ms	上海市	静安区	这里是日志信息......
2024-05-17 11:01:10.913176	[INFO]	event.py	响应时间:913ms	山东省	济南市	这里是日志信息......
2024-05-17 11:01:10.913176	[WARN]	user_manager.py	响应时间:751ms	浙江省	湖州市	这里是日志信息......
2024-05-17 11:01:10.913176	[INFO]	goods_manager.py	响应时间:646ms	山东省	青岛市	这里是日志信息......
2024-05-17 11:01:10.913176	[INFO]	shop_manager.py	响应时间:317ms	北京市	海淀区	这里是日志信息......
2024-05-17 11:01:10.913176	[INFO]	shop_manager.py	响应时间:234ms	天津市	宝坻区	这里是日志信息......
2024-05-17 11:01:10.913176	[WARN]	event.py	响应时间:636ms	湖南省	株洲市	这里是日志信息......
2024-05-17 11:01:10.913176	[INFO]	orders_service.py	响应时间:461ms	湖南省	长沙市	这里是日志信息......
2024-05-17 11:01:10.913176	[ERROR]	user_manager.py	响应时间:782ms	湖北省	武汉市	这里是日志信息......
2024-05-17 11:01:10.913176	[INFO]	goods_manager.py	响应时间:317ms	江苏省	南京市	这里是日志信息......
2024-05-17 11:01:10.913176	[INFO]	goods_manager.py	响应时间:132ms	湖北省	武汉市	这里是日志信息......
2024-05-17 11:01:10.913176	[INFO]	shop_manager.py	响应时间:974ms	上海市	浦东新区	这里是日志信息......
2024-05-17 11:01:10.913176	[WARN]	orders_service.py	响应时间:932ms	北京市	海淀区	这里是日志信息......
2024-05-17 11:01:10.913176	[INFO]	barcode_service.py	响应时间:865ms	山东省	济南市	这里是日志信息......
2024-05-17 11:01:10.913176	[INFO]	barcode_service.py	响应时间:797ms	湖北省	荆州市	这里是日志信息......
2024-05-17 11:01:10.913176	[INFO]	base_network.py	响应时间:646ms	天津市	河东区	这里是日志信息......
2024-05-17 11:01:10.913176	[INFO]	orders_service.py	响应时间:2104ms	上海市	黄浦区	这里是日志信息......
2024-05-17 11:01:10.913176	[INFO]	user_manager.py	响应时间:390ms	江苏省	宿迁市	这里是日志信息......
2024-05-17 11:01:10.913176	[INFO]	user_manager.py	响应时间:4612ms	江苏省	苏州市	这里是日志信息......
2024-05-17 11:01:10.913176	[INFO]	goods_manager.py	响应时间:382ms	湖北省	十堰市	这里是日志信息......
2024-05-17 11:01:10.913176	[INFO]	event.py	响应时间:646ms	重庆市	涪陵区	这里是日志信息......
2024-05-17 11:01:10.913176	[WARN]	event.py	响应时间:929ms	江苏省	无锡市	这里是日志信息......
2024-05-17 11:01:10.913176	[INFO]	orders_service.py	响应时间:157ms	北京市	海淀区	这里是日志信息......
2024-05-17 11:01:10.913176	[INFO]	base_network.py	响应时间:802ms	北京市	昌平区	这里是日志信息......
2024-05-17 11:01:10.913176	[INFO]	user_manager.py	响应时间:883ms	山东省	菏泽市	这里是日志信息......
2024-05-17 11:01:10.913176	[INFO]	event.py	响应时间:65ms	山东省	青岛市	这里是日志信息......
2024-05-17 11:01:10.913176	[WARN]	goods_manager.py	响应时间:117ms	天津市	武清区	这里是日志信息......
2024-05-17 11:01:10.913176	[INFO]	shop_manager.py	响应时间:774ms	安徽省	阜阳市	这里是日志信息......
2024-05-17 11:01:10.913176	[INFO]	event.py	响应时间:881ms	湖北省	武汉市	这里是日志信息......
2024-05-17 11:01:10.913176	[INFO]	user_manager.py	响应时间:127ms	北京市	朝阳区	这里是日志信息......
2024-05-17 11:01:10.913176	[INFO]	orders_service.py	响应时间:503ms	湖南省	长沙市	这里是日志信息......
2024-05-17 11:01:10.913176	[ERROR]	barcode_service.py	响应时间:715ms	广东省	广州市	这里是日志信息......
2024-05-17 11:01:10.913176	[INFO]	goods_manager.py	响应时间:446ms	浙江省	杭州市	这里是日志信息......
2024-05-17 11:01:10.914198	[INFO]	orders_service.py	响应时间:421ms	山东省	青岛市	这里是日志信息......
2024-05-17 11:01:10.914198	[INFO]	goods_manager.py	响应时间:630ms	山东省	菏泽市	这里是日志信息......
2024-05-17 11:01:10.914198	[INFO]	event.py	响应时间:155ms	重庆市	万州区	这里是日志信息......
2024-05-17 11:01:10.914198	[INFO]	barcode_service.py	响应时间:27ms	上海市	浦东新区	这里是日志信息......
2024-05-17 11:01:10.914198	[INFO]	event.py	响应时间:101ms	山东省	青岛市	这里是日志信息......
2024-05-17 11:01:10.914198	[INFO]	shop_manager.py	响应时间:250ms	浙江省	嘉兴市	这里是日志信息......
2024-05-17 11:01:10.914198	[INFO]	user_manager.py	响应时间:810ms	广东省	广州市	这里是日志信息......
2024-05-17 11:01:10.914198	[INFO]	orders_service.py	响应时间:900ms	安徽省	合肥市	这里是日志信息......
2024-05-17 11:01:10.914198	[INFO]	orders_service.py	响应时间:877ms	湖北省	武汉市	这里是日志信息......
2024-05-17 11:01:10.914198	[INFO]	barcode_service.py	响应时间:719ms	湖北省	十堰市	这里是日志信息......
2024-05-17 11:01:10.914198	[INFO]	event.py	响应时间:992ms	上海市	黄浦区	这里是日志信息......
2024-05-17 11:01:10.914198	[INFO]	orders_service.py	响应时间:142ms	广东省	广州市	这里是日志信息......
2024-05-17 11:01:10.914198	[WARN]	barcode_service.py	响应时间:57ms	广东省	深圳市	这里是日志信息......
2024-05-17 11:01:10.914198	[INFO]	event.py	响应时间:705ms	重庆市	渝中区	这里是日志信息......
2024-05-17 11:01:10.914198	[INFO]	user_manager.py	响应时间:893ms	安徽省	铜陵市	这里是日志信息......
2024-05-17 11:01:10.914198	[INFO]	goods_manager.py	响应时间:335ms	重庆市	万州区	这里是日志信息......
2024-05-17 11:01:10.914198	[INFO]	barcode_service.py	响应时间:661ms	重庆市	沙坪坝区	这里是日志信息......
2024-05-17 11:01:10.914198	[INFO]	event.py	响应时间:651ms	浙江省	杭州市	这里是日志信息......
2024-05-17 11:01:10.914198	[INFO]	event.py	响应时间:385ms	天津市	和平区	这里是日志信息......
2024-05-17 11:01:10.914198	[INFO]	goods_manager.py	响应时间:872ms	重庆市	沙坪坝区	这里是日志信息......
2024-05-17 11:01:10.914198	[WARN]	goods_manager.py	响应时间:47ms	浙江省	嘉兴市	这里是日志信息......
2024-05-17 11:01:10.914198	[INFO]	user_manager.py	响应时间:386ms	湖北省	恩施土家族苗族自治州	这里是日志信息......
2024-05-17 11:01:10.914198	[ERROR]	shop_manager.py	响应时间:127ms	安徽省	合肥市	这里是日志信息......
2024-05-17 11:01:10.914198	[WARN]	goods_manager.py	响应时间:955ms	江苏省	宿迁市	这里是日志信息......
2024-05-17 11:01:10.914198	[INFO]	orders_service.py	响应时间:422ms	重庆市	万州区	这里是日志信息......
2024-05-17 11:01:10.914198	[INFO]	goods_manager.py	响应时间:874ms	浙江省	杭州市	这里是日志信息......
2024-05-17 11:01:10.914198	[INFO]	barcode_service.py	响应时间:739ms	山东省	菏泽市	这里是日志信息......
2024-05-17 11:01:10.914198	[ERROR]	goods_manager.py	响应时间:267ms	江苏省	张家港市	这里是日志信息......
2024-05-17 11:01:10.914198	[INFO]	shop_manager.py	响应时间:619ms	浙江省	舟山市	这里是日志信息......
2024-05-17 11:01:10.914198	[INFO]	barcode_service.py	响应时间:784ms	湖南省	长沙市	这里是日志信息......
2024-05-17 11:01:10.914198	[INFO]	goods_manager.py	响应时间:701ms	广东省	深圳市	这里是日志信息......
2024-05-17 11:01:10.914198	[INFO]	event.py	响应时间:626ms	江苏省	无锡市	这里是日志信息......
2024-05-17 11:01:10.914198	[INFO]	goods_manager.py	响应时间:884ms	广东省	广州市	这里是日志信息......
2024-05-17 11:01:10.914198	[INFO]	orders_service.py	响应时间:293ms	湖北省	武汉市	这里是日志信息......
2024-05-17 11:01:10.914198	[INFO]	barcode_service.py	响应时间:479ms	上海市	静安区	这里是日志信息......
2024-05-17 11:01:10.914198	[INFO]	shop_manager.py	响应时间:588ms	浙江省	嘉兴市	这里是日志信息......
2024-05-17 11:01:10.914198	[INFO]	orders_service.py	响应时间:796ms	湖南省	张家界市	这里是日志信息......
2024-05-17 11:01:10.914198	[INFO]	event.py	响应时间:581ms	安徽省	合肥市	这里是日志信息......
2024-05-17 11:01:10.914198	[INFO]	goods_manager.py	响应时间:148ms	广东省	广州市	这里是日志信息......
2024-05-17 11:01:10.914198	[INFO]	event.py	响应时间:543ms	湖北省	荆州市	这里是日志信息......
2024-05-17 11:01:10.914198	[INFO]	shop_manager.py	响应时间:455ms	安徽省	阜阳市	这里是日志信息......
2024-05-17 11:01:10.915171	[WARN]	goods_manager.py	响应时间:480ms	山东省	济南市	这里是日志信息......
2024-05-17 11:01:10.915171	[INFO]	goods_manager.py	响应时间:518ms	上海市	杨浦区	这里是日志信息......
2024-05-17 11:01:10.915171	[WARN]	event.py	响应时间:762ms	湖南省	长沙市	这里是日志信息......
2024-05-17 11:01:10.915171	[WARN]	orders_service.py	响应时间:14ms	安徽省	阜阳市	这里是日志信息......
2024-05-17 11:01:10.915171	[WARN]	base_network.py	响应时间:163ms	广东省	广州市	这里是日志信息......
2024-05-17 11:01:10.915171	[INFO]	orders_service.py	响应时间:893ms	重庆市	万州区	这里是日志信息......
2024-05-17 11:01:10.915171	[INFO]	user_manager.py	响应时间:504ms	上海市	徐汇区	这里是日志信息......
2024-05-17 11:01:10.915171	[INFO]	goods_manager.py	响应时间:117ms	湖北省	十堰市	这里是日志信息......
2024-05-17 11:01:10.915171	[INFO]	goods_manager.py	响应时间:145ms	山东省	菏泽市	这里是日志信息......
2024-05-17 11:01:10.915171	[INFO]	user_manager.py	响应时间:711ms	北京市	怀柔区	这里是日志信息......
2024-05-17 11:01:10.915171	[INFO]	goods_manager.py	响应时间:333ms	湖北省	武汉市	这里是日志信息......
2024-05-17 11:01:10.915171	[INFO]	orders_service.py	响应时间:72ms	天津市	和平区	这里是日志信息......
2024-05-17 11:01:10.915171	[INFO]	barcode_service.py	响应时间:740ms	湖南省	益阳市	这里是日志信息......
2024-05-17 11:01:10.915171	[INFO]	user_manager.py	响应时间:972ms	天津市	宝坻区	这里是日志信息......
2024-05-17 11:01:10.915171	[INFO]	goods_manager.py	响应时间:110ms	浙江省	嘉兴市	这里是日志信息......
2024-05-17 11:01:10.915171	[WARN]	orders_service.py	响应时间:863ms	上海市	浦东新区	这里是日志信息......
2024-05-17 11:01:10.915171	[INFO]	barcode_service.py	响应时间:523ms	湖南省	株洲市	这里是日志信息......
2024-05-17 11:01:10.915171	[INFO]	goods_manager.py	响应时间:867ms	上海市	普陀区	这里是日志信息......
2024-05-17 11:01:10.915171	[INFO]	event.py	响应时间:743ms	北京市	昌平区	这里是日志信息......
2024-05-17 11:01:10.915171	[INFO]	shop_manager.py	响应时间:938ms	北京市	海淀区	这里是日志信息......
2024-05-17 11:01:10.915171	[INFO]	goods_manager.py	响应时间:110ms	山东省	青岛市	这里是日志信息......
2024-05-17 11:01:10.915171	[INFO]	shop_manager.py	响应时间:38ms	北京市	怀柔区	这里是日志信息......
2024-05-17 11:01:10.915171	[INFO]	shop_manager.py	响应时间:239ms	重庆市	万州区	这里是日志信息......
2024-05-17 11:01:10.915171	[INFO]	goods_manager.py	响应时间:551ms	重庆市	南岸区	这里是日志信息......
2024-05-17 11:01:10.915171	[INFO]	base_network.py	响应时间:836ms	上海市	杨浦区	这里是日志信息......
2024-05-17 11:01:10.915171	[WARN]	event.py	响应时间:716ms	江苏省	苏州市	这里是日志信息......
2024-05-17 11:01:10.915171	[INFO]	barcode_service.py	响应时间:329ms	重庆市	万州区	这里是日志信息......
2024-05-17 11:01:10.915171	[INFO]	user_manager.py	响应时间:766ms	安徽省	六安市	这里是日志信息......
2024-05-17 11:01:10.915171	[ERROR]	event.py	响应时间:797ms	广东省	广州市	这里是日志信息......
2024-05-17 11:01:10.915171	[INFO]	barcode_service.py	响应时间:390ms	安徽省	合肥市	这里是日志信息......
2024-05-17 11:01:10.915171	[INFO]	user_manager.py	响应时间:642ms	湖北省	武汉市	这里是日志信息......
2024-05-17 11:01:10.915171	[INFO]	barcode_service.py	响应时间:385ms	广东省	深圳市	这里是日志信息......
2024-05-17 11:01:10.915171	[INFO]	goods_manager.py	响应时间:710ms	安徽省	芜湖市	这里是日志信息......
2024-05-17 11:01:10.915171	[INFO]	shop_manager.py	响应时间:813ms	湖北省	恩施土家族苗族自治州	这里是日志信息......
2024-05-17 11:01:10.915171	[WARN]	user_manager.py	响应时间:407ms	山东省	济南市	这里是日志信息......
2024-05-17 11:01:10.915171	[ERROR]	event.py	响应时间:796ms	广东省	广州市	这里是日志信息......
2024-05-17 11:01:10.915171	[INFO]	user_manager.py	响应时间:722ms	江苏省	宿迁市	这里是日志信息......
2024-05-17 11:01:10.915171	[INFO]	barcode_service.py	响应时间:652ms	浙江省	嘉兴市	这里是日志信息......
2024-05-17 11:01:10.915171	[INFO]	barcode_service.py	响应时间:35ms	重庆市	九龙坡区	这里是日志信息......
2024-05-17 11:01:10.915171	[INFO]	shop_manager.py	响应时间:80ms	重庆市	涪陵区	这里是日志信息......
2024-05-17 11:01:10.915171	[INFO]	event.py	响应时间:850ms	重庆市	南岸区	这里是日志信息......
2024-05-17 11:01:10.915171	[INFO]	orders_service.py	响应时间:321ms	天津市	和平区	这里是日志信息......
2024-05-17 11:01:10.915171	[WARN]	orders_service.py	响应时间:525ms	天津市	和平区	这里是日志信息......
2024-05-17 11:01:10.915171	[INFO]	orders_service.py	响应时间:621ms	浙江省	金华市	这里是日志信息......
2024-05-17 11:01:10.915171	[INFO]	orders_service.py	响应时间:668ms	重庆市	渝中区	这里是日志信息......
2024-05-17 11:01:10.915171	[INFO]	barcode_service.py	响应时间:570ms	山东省	济南市	这里是日志信息......
2024-05-17 11:01:10.915171	[INFO]	orders_service.py	响应时间:650ms	湖南省	长沙市	这里是日志信息......
2024-05-17 11:01:10.915171	[ERROR]	orders_service.py	响应时间:611ms	湖北省	恩施土家族苗族自治州	这里是日志信息......
2024-05-17 11:01:10.915171	[INFO]	goods_manager.py	响应时间:3795ms	山东省	菏泽市	这里是日志信息......
2024-05-17 11:01:10.915171	[INFO]	goods_manager.py	响应时间:405ms	重庆市	万州区	这里是日志信息......
2024-05-17 11:01:10.915171	[INFO]	goods_manager.py	响应时间:13ms	广东省	深圳市	这里是日志信息......
2024-05-17 11:01:10.916170	[INFO]	goods_manager.py	响应时间:868ms	江苏省	宿迁市	这里是日志信息......
2024-05-17 11:01:10.916170	[INFO]	shop_manager.py	响应时间:421ms	安徽省	芜湖市	这里是日志信息......
2024-05-17 11:01:10.916170	[INFO]	goods_manager.py	响应时间:318ms	湖南省	长沙市	这里是日志信息......
2024-05-17 11:01:10.916170	[INFO]	event.py	响应时间:236ms	浙江省	舟山市	这里是日志信息......
2024-05-17 11:01:10.916170	[INFO]	base_network.py	响应时间:713ms	安徽省	铜陵市	这里是日志信息......
2024-05-17 11:01:10.916170	[INFO]	barcode_service.py	响应时间:645ms	重庆市	万州区	这里是日志信息......
2024-05-17 11:01:10.916170	[INFO]	event.py	响应时间:87ms	安徽省	六安市	这里是日志信息......
2024-05-17 11:01:10.916170	[INFO]	user_manager.py	响应时间:26ms	湖南省	益阳市	这里是日志信息......
2024-05-17 11:01:10.916170	[INFO]	goods_manager.py	响应时间:438ms	重庆市	涪陵区	这里是日志信息......
2024-05-17 11:01:10.916170	[INFO]	barcode_service.py	响应时间:97ms	江苏省	苏州市	这里是日志信息......
2024-05-17 11:01:10.916170	[INFO]	shop_manager.py	响应时间:468ms	浙江省	舟山市	这里是日志信息......
2024-05-17 11:01:10.916170	[WARN]	user_manager.py	响应时间:494ms	湖北省	十堰市	这里是日志信息......
2024-05-17 11:01:10.916170	[INFO]	event.py	响应时间:438ms	重庆市	渝中区	这里是日志信息......
2024-05-17 11:01:10.916170	[ERROR]	orders_service.py	响应时间:212ms	安徽省	合肥市	这里是日志信息......
2024-05-17 11:01:10.916170	[INFO]	goods_manager.py	响应时间:232ms	天津市	武清区	这里是日志信息......
2024-05-17 11:01:10.916170	[INFO]	goods_manager.py	响应时间:377ms	安徽省	铜陵市	这里是日志信息......
2024-05-17 11:01:10.916170	[INFO]	goods_manager.py	响应时间:844ms	湖南省	长沙市	这里是日志信息......
2024-05-17 11:01:10.916170	[INFO]	barcode_service.py	响应时间:351ms	北京市	昌平区	这里是日志信息......
2024-05-17 11:01:10.916170	[WARN]	goods_manager.py	响应时间:403ms	湖南省	株洲市	这里是日志信息......
2024-05-17 11:01:10.916170	[INFO]	orders_service.py	响应时间:701ms	浙江省	杭州市	这里是日志信息......
2024-05-17 11:01:10.916170	[INFO]	user_manager.py	响应时间:362ms	北京市	朝阳区	这里是日志信息......
2024-05-17 11:01:10.916170	[ERROR]	event.py	响应时间:71ms	浙江省	绍兴市	这里是日志信息......
2024-05-17 11:01:10.916170	[INFO]	event.py	响应时间:290ms	天津市	河西区	这里是日志信息......
2024-05-17 11:01:10.916170	[INFO]	shop_manager.py	响应时间:192ms	重庆市	涪陵区	这里是日志信息......
2024-05-17 11:01:10.916170	[WARN]	user_manager.py	响应时间:2923ms	湖北省	荆州市	这里是日志信息......
2024-05-17 11:01:10.916170	[WARN]	user_manager.py	响应时间:443ms	江苏省	常州市	这里是日志信息......
2024-05-17 11:01:10.916170	[INFO]	orders_service.py	响应时间:7774ms	浙江省	杭州市	这里是日志信息......
2024-05-17 11:01:10.916170	[WARN]	orders_service.py	响应时间:82ms	天津市	武清区	这里是日志信息......
2024-05-17 11:01:10.916170	[WARN]	event.py	响应时间:440ms	广东省	深圳市	这里是日志信息......
2024-05-17 11:01:10.916170	[INFO]	event.py	响应时间:767ms	北京市	朝阳区	这里是日志信息......
2024-05-17 11:01:10.916170	[WARN]	shop_manager.py	响应时间:673ms	山东省	济南市	这里是日志信息......
2024-05-17 11:01:10.916170	[INFO]	barcode_service.py	响应时间:642ms	北京市	丰台区	这里是日志信息......
2024-05-17 11:01:10.916170	[INFO]	orders_service.py	响应时间:709ms	上海市	杨浦区	这里是日志信息......
2024-05-17 11:01:10.916170	[INFO]	barcode_service.py	响应时间:1461ms	湖南省	长沙市	这里是日志信息......
2024-05-17 11:01:10.916170	[INFO]	base_network.py	响应时间:722ms	上海市	宝山区	这里是日志信息......
2024-05-17 11:01:10.916170	[INFO]	orders_service.py	响应时间:424ms	天津市	和平区	这里是日志信息......
2024-05-17 11:01:10.916170	[ERROR]	orders_service.py	响应时间:778ms	天津市	武清区	这里是日志信息......
2024-05-17 11:01:10.916170	[INFO]	barcode_service.py	响应时间:909ms	安徽省	合肥市	这里是日志信息......
2024-05-17 11:01:10.916170	[INFO]	orders_service.py	响应时间:212ms	广东省	深圳市	这里是日志信息......
2024-05-17 11:01:10.916170	[WARN]	user_manager.py	响应时间:410ms	广东省	广州市	这里是日志信息......
2024-05-17 11:01:10.916170	[ERROR]	user_manager.py	响应时间:430ms	湖南省	长沙市	这里是日志信息......
2024-05-17 11:01:10.916170	[INFO]	goods_manager.py	响应时间:8798ms	北京市	怀柔区	这里是日志信息......
2024-05-17 11:01:10.916170	[WARN]	event.py	响应时间:235ms	江苏省	南京市	这里是日志信息......
2024-05-17 11:01:10.916170	[INFO]	goods_manager.py	响应时间:729ms	重庆市	万州区	这里是日志信息......
2024-05-17 11:01:10.916170	[INFO]	event.py	响应时间:726ms	湖南省	长沙市	这里是日志信息......
2024-05-17 11:01:10.916170	[INFO]	barcode_service.py	响应时间:2143ms	天津市	河东区	这里是日志信息......
2024-05-17 11:01:10.916170	[INFO]	orders_service.py	响应时间:125ms	山东省	青岛市	这里是日志信息......
2024-05-17 11:01:10.916170	[INFO]	event.py	响应时间:401ms	天津市	河西区	这里是日志信息......
2024-05-17 11:01:10.916170	[INFO]	event.py	响应时间:819ms	广东省	珠海市	这里是日志信息......
2024-05-17 11:01:10.916170	[INFO]	orders_service.py	响应时间:920ms	天津市	武清区	这里是日志信息......
2024-05-17 11:01:10.916170	[INFO]	shop_manager.py	响应时间:888ms	湖北省	十堰市	这里是日志信息......
2024-05-17 11:01:10.916170	[INFO]	base_network.py	响应时间:358ms	广东省	深圳市	这里是日志信息......
2024-05-17 11:01:10.916170	[INFO]	user_manager.py	响应时间:443ms	天津市	河东区	这里是日志信息......
2024-05-17 11:01:10.916170	[INFO]	goods_manager.py	响应时间:819ms	安徽省	阜阳市	这里是日志信息......
2024-05-17 11:01:10.916170	[INFO]	goods_manager.py	响应时间:6219ms	浙江省	金华市	这里是日志信息......
2024-05-17 11:01:10.916170	[INFO]	goods_manager.py	响应时间:2791ms	广东省	广州市	这里是日志信息......
2024-05-17 11:01:10.916170	[INFO]	base_network.py	响应时间:459ms	江苏省	南京市	这里是日志信息......
2024-05-17 11:01:10.917171	[INFO]	orders_service.py	响应时间:657ms	湖南省	株洲市	这里是日志信息......
2024-05-17 11:01:10.917171	[INFO]	event.py	响应时间:372ms	湖北省	武汉市	这里是日志信息......
2024-05-17 11:01:10.917171	[INFO]	event.py	响应时间:652ms	湖北省	荆州市	这里是日志信息......
2024-05-17 11:01:10.917171	[INFO]	event.py	响应时间:579ms	重庆市	万州区	这里是日志信息......
2024-05-17 11:01:10.917171	[INFO]	goods_manager.py	响应时间:341ms	北京市	海淀区	这里是日志信息......
2024-05-17 11:01:10.917171	[INFO]	event.py	响应时间:835ms	安徽省	六安市	这里是日志信息......
2024-05-17 11:01:10.917171	[INFO]	barcode_service.py	响应时间:794ms	重庆市	涪陵区	这里是日志信息......
2024-05-17 11:01:10.917171	[INFO]	orders_service.py	响应时间:129ms	江苏省	无锡市	这里是日志信息......
2024-05-17 11:01:10.917171	[INFO]	orders_service.py	响应时间:143ms	山东省	济南市	这里是日志信息......
2024-05-17 11:01:10.917171	[WARN]	goods_manager.py	响应时间:665ms	安徽省	阜阳市	这里是日志信息......
2024-05-17 11:01:10.917171	[INFO]	barcode_service.py	响应时间:403ms	江苏省	苏州市	这里是日志信息......
2024-05-17 11:01:10.917171	[INFO]	user_manager.py	响应时间:557ms	安徽省	合肥市	这里是日志信息......
2024-05-17 11:01:10.917171	[INFO]	user_manager.py	响应时间:984ms	天津市	河东区	这里是日志信息......
2024-05-17 11:01:10.917171	[INFO]	base_network.py	响应时间:712ms	湖南省	长沙市	这里是日志信息......
2024-05-17 11:01:10.917171	[WARN]	barcode_service.py	响应时间:495ms	浙江省	嘉兴市	这里是日志信息......
2024-05-17 11:01:10.917171	[INFO]	goods_manager.py	响应时间:512ms	重庆市	万州区	这里是日志信息......
2024-05-17 11:01:10.917171	[INFO]	event.py	响应时间:316ms	重庆市	南岸区	这里是日志信息......
2024-05-17 11:01:10.917171	[INFO]	goods_manager.py	响应时间:631ms	安徽省	池州市	这里是日志信息......
2024-05-17 11:01:10.917171	[ERROR]	orders_service.py	响应时间:9987ms	安徽省	池州市	这里是日志信息......
2024-05-17 11:01:10.917171	[INFO]	goods_manager.py	响应时间:1000ms	山东省	菏泽市	这里是日志信息......
2024-05-17 11:01:10.917171	[INFO]	shop_manager.py	响应时间:641ms	湖南省	长沙市	这里是日志信息......
2024-05-17 11:01:10.917171	[INFO]	event.py	响应时间:755ms	广东省	广州市	这里是日志信息......
2024-05-17 11:01:10.917171	[INFO]	orders_service.py	响应时间:4ms	山东省	菏泽市	这里是日志信息......
2024-05-17 11:01:10.917171	[INFO]	user_manager.py	响应时间:900ms	天津市	河西区	这里是日志信息......
2024-05-17 11:01:10.917171	[INFO]	orders_service.py	响应时间:607ms	北京市	朝阳区	这里是日志信息......
2024-05-17 11:01:10.917171	[INFO]	event.py	响应时间:670ms	上海市	宝山区	这里是日志信息......
2024-05-17 11:01:10.917171	[INFO]	barcode_service.py	响应时间:593ms	江苏省	无锡市	这里是日志信息......
2024-05-17 11:01:10.917171	[INFO]	barcode_service.py	响应时间:326ms	安徽省	合肥市	这里是日志信息......
2024-05-17 11:01:10.917171	[INFO]	event.py	响应时间:871ms	浙江省	丽水市	这里是日志信息......
2024-05-17 11:01:10.917171	[WARN]	shop_manager.py	响应时间:287ms	浙江省	嘉兴市	这里是日志信息......
2024-05-17 11:01:10.917171	[INFO]	event.py	响应时间:524ms	北京市	丰台区	这里是日志信息......
2024-05-17 11:01:10.917171	[INFO]	user_manager.py	响应时间:542ms	湖北省	武汉市	这里是日志信息......
2024-05-17 11:01:10.917171	[INFO]	user_manager.py	响应时间:570ms	湖北省	武汉市	这里是日志信息......
2024-05-17 11:01:10.917171	[INFO]	barcode_service.py	响应时间:857ms	重庆市	沙坪坝区	这里是日志信息......
2024-05-17 11:01:10.917171	[INFO]	orders_service.py	响应时间:769ms	重庆市	九龙坡区	这里是日志信息......
2024-05-17 11:01:10.917171	[INFO]	base_network.py	响应时间:331ms	安徽省	合肥市	这里是日志信息......
2024-05-17 11:01:10.917171	[INFO]	barcode_service.py	响应时间:530ms	安徽省	六安市	这里是日志信息......
2024-05-17 11:01:10.917171	[INFO]	event.py	响应时间:797ms	重庆市	沙坪坝区	这里是日志信息......
2024-05-17 11:01:10.917171	[INFO]	user_manager.py	响应时间:970ms	湖北省	武汉市	这里是日志信息......
2024-05-17 11:01:10.917171	[INFO]	goods_manager.py	响应时间:706ms	天津市	和平区	这里是日志信息......
2024-05-17 11:01:10.917171	[INFO]	orders_service.py	响应时间:373ms	安徽省	铜陵市	这里是日志信息......
2024-05-17 11:01:10.917171	[INFO]	event.py	响应时间:496ms	江苏省	宿迁市	这里是日志信息......
2024-05-17 11:01:10.917171	[INFO]	base_network.py	响应时间:20ms	上海市	浦东新区	这里是日志信息......
2024-05-17 11:01:10.917171	[INFO]	event.py	响应时间:686ms	安徽省	芜湖市	这里是日志信息......
2024-05-17 11:01:10.917171	[WARN]	base_network.py	响应时间:915ms	天津市	河东区	这里是日志信息......
2024-05-17 11:01:10.917171	[INFO]	goods_manager.py	响应时间:706ms	重庆市	渝中区	这里是日志信息......
2024-05-17 11:01:10.917171	[INFO]	event.py	响应时间:681ms	广东省	深圳市	这里是日志信息......
2024-05-17 11:01:10.917171	[INFO]	goods_manager.py	响应时间:135ms	北京市	大兴区	这里是日志信息......
2024-05-17 11:01:10.917171	[WARN]	base_network.py	响应时间:964ms	山东省	济南市	这里是日志信息......
2024-05-17 11:01:10.918187	[INFO]	event.py	响应时间:289ms	湖南省	长沙市	这里是日志信息......
2024-05-17 11:01:10.918187	[WARN]	barcode_service.py	响应时间:586ms	安徽省	六安市	这里是日志信息......
2024-05-17 11:01:10.918187	[INFO]	barcode_service.py	响应时间:734ms	天津市	河西区	这里是日志信息......
2024-05-17 11:01:10.918187	[INFO]	user_manager.py	响应时间:584ms	山东省	青岛市	这里是日志信息......
2024-05-17 11:01:10.918187	[INFO]	orders_service.py	响应时间:16ms	重庆市	九龙坡区	这里是日志信息......
2024-05-17 11:01:10.918187	[INFO]	shop_manager.py	响应时间:210ms	江苏省	南京市	这里是日志信息......
2024-05-17 11:01:10.918187	[INFO]	event.py	响应时间:81ms	浙江省	湖州市	这里是日志信息......
2024-05-17 11:01:10.918187	[INFO]	event.py	响应时间:368ms	湖北省	武汉市	这里是日志信息......
2024-05-17 11:01:10.918187	[INFO]	event.py	响应时间:9ms	湖北省	荆州市	这里是日志信息......
2024-05-17 11:01:10.918187	[INFO]	event.py	响应时间:613ms	上海市	杨浦区	这里是日志信息......
2024-05-17 11:01:10.918187	[INFO]	user_manager.py	响应时间:9379ms	重庆市	南岸区	这里是日志信息......
2024-05-17 11:01:10.918187	[INFO]	event.py	响应时间:454ms	浙江省	金华市	这里是日志信息......
2024-05-17 11:01:10.918187	[INFO]	barcode_service.py	响应时间:912ms	江苏省	南京市	这里是日志信息......
2024-05-17 11:01:10.918187	[ERROR]	event.py	响应时间:676ms	江苏省	苏州市	这里是日志信息......
2024-05-17 11:01:10.918187	[INFO]	barcode_service.py	响应时间:354ms	浙江省	嘉兴市	这里是日志信息......
2024-05-17 11:01:10.918187	[INFO]	orders_service.py	响应时间:402ms	重庆市	涪陵区	这里是日志信息......
2024-05-17 11:01:10.918187	[INFO]	base_network.py	响应时间:488ms	安徽省	芜湖市	这里是日志信息......
2024-05-17 11:01:10.918187	[INFO]	orders_service.py	响应时间:832ms	浙江省	杭州市	这里是日志信息......
2024-05-17 11:01:10.918187	[INFO]	orders_service.py	响应时间:44ms	广东省	深圳市	这里是日志信息......
2024-05-17 11:01:10.918187	[INFO]	orders_service.py	响应时间:307ms	山东省	济南市	这里是日志信息......
2024-05-17 11:01:10.918187	[INFO]	goods_manager.py	响应时间:273ms	江苏省	南京市	这里是日志信息......
2024-05-17 11:01:10.918187	[INFO]	event.py	响应时间:135ms	湖南省	长沙市	这里是日志信息......
2024-05-17 11:01:10.918187	[INFO]	event.py	响应时间:754ms	安徽省	合肥市	这里是日志信息......
2024-05-17 11:01:10.918187	[INFO]	orders_service.py	响应时间:496ms	北京市	朝阳区	这里是日志信息......
2024-05-17 11:01:10.918187	[WARN]	orders_service.py	响应时间:856ms	湖北省	武汉市	这里是日志信息......
2024-05-17 11:01:10.918187	[INFO]	user_manager.py	响应时间:377ms	山东省	青岛市	这里是日志信息......
2024-05-17 11:01:10.918187	[INFO]	barcode_service.py	响应时间:708ms	北京市	朝阳区	这里是日志信息......
2024-05-17 11:01:10.918187	[INFO]	orders_service.py	响应时间:749ms	安徽省	阜阳市	这里是日志信息......
2024-05-17 11:01:10.918187	[WARN]	user_manager.py	响应时间:101ms	北京市	海淀区	这里是日志信息......
2024-05-17 11:01:10.918187	[INFO]	shop_manager.py	响应时间:713ms	上海市	徐汇区	这里是日志信息......
2024-05-17 11:01:10.918187	[INFO]	orders_service.py	响应时间:783ms	上海市	普陀区	这里是日志信息......
2024-05-17 11:01:10.918187	[INFO]	user_manager.py	响应时间:597ms	山东省	青岛市	这里是日志信息......
2024-05-17 11:01:10.918187	[INFO]	barcode_service.py	响应时间:328ms	天津市	武清区	这里是日志信息......
2024-05-17 11:01:10.918187	[WARN]	orders_service.py	响应时间:378ms	山东省	青岛市	这里是日志信息......
2024-05-17 11:01:10.918187	[INFO]	orders_service.py	响应时间:412ms	山东省	济南市	这里是日志信息......
2024-05-17 11:01:10.918187	[INFO]	user_manager.py	响应时间:463ms	湖南省	长沙市	这里是日志信息......
2024-05-17 11:01:10.918187	[WARN]	goods_manager.py	响应时间:456ms	北京市	大兴区	这里是日志信息......
2024-05-17 11:01:10.918187	[INFO]	event.py	响应时间:245ms	湖北省	恩施土家族苗族自治州	这里是日志信息......
2024-05-17 11:01:10.918187	[INFO]	event.py	响应时间:328ms	重庆市	涪陵区	这里是日志信息......
2024-05-17 11:01:10.918187	[INFO]	shop_manager.py	响应时间:414ms	湖南省	长沙市	这里是日志信息......
2024-05-17 11:01:10.918187	[INFO]	event.py	响应时间:590ms	安徽省	合肥市	这里是日志信息......
2024-05-17 11:01:10.918187	[INFO]	barcode_service.py	响应时间:193ms	北京市	大兴区	这里是日志信息......
2024-05-17 11:01:10.918187	[INFO]	event.py	响应时间:539ms	广东省	深圳市	这里是日志信息......
2024-05-17 11:01:10.918187	[INFO]	orders_service.py	响应时间:143ms	重庆市	渝中区	这里是日志信息......
2024-05-17 11:01:10.918187	[INFO]	user_manager.py	响应时间:396ms	安徽省	合肥市	这里是日志信息......
2024-05-17 11:01:10.918187	[INFO]	goods_manager.py	响应时间:147ms	安徽省	合肥市	这里是日志信息......
2024-05-17 11:01:10.918187	[INFO]	user_manager.py	响应时间:898ms	湖北省	武汉市	这里是日志信息......
2024-05-17 11:01:10.918187	[INFO]	barcode_service.py	响应时间:248ms	北京市	昌平区	这里是日志信息......
2024-05-17 11:01:10.918187	[WARN]	event.py	响应时间:515ms	天津市	河西区	这里是日志信息......
2024-05-17 11:01:10.918187	[ERROR]	orders_service.py	响应时间:106ms	浙江省	金华市	这里是日志信息......
2024-05-17 11:01:10.919184	[INFO]	event.py	响应时间:518ms	上海市	宝山区	这里是日志信息......
2024-05-17 11:01:10.919184	[INFO]	barcode_service.py	响应时间:91ms	湖北省	恩施土家族苗族自治州	这里是日志信息......
2024-05-17 11:01:10.919184	[INFO]	event.py	响应时间:1000ms	湖南省	长沙市	这里是日志信息......
2024-05-17 11:01:10.919184	[INFO]	barcode_service.py	响应时间:494ms	重庆市	万州区	这里是日志信息......
2024-05-17 11:01:10.919184	[ERROR]	event.py	响应时间:335ms	山东省	济南市	这里是日志信息......
2024-05-17 11:01:10.919184	[WARN]	event.py	响应时间:518ms	山东省	济南市	这里是日志信息......
2024-05-17 11:01:10.919184	[INFO]	user_manager.py	响应时间:163ms	北京市	丰台区	这里是日志信息......
2024-05-17 11:01:10.919184	[INFO]	base_network.py	响应时间:480ms	浙江省	绍兴市	这里是日志信息......
2024-05-17 11:01:10.919184	[INFO]	orders_service.py	响应时间:513ms	山东省	菏泽市	这里是日志信息......
2024-05-17 11:01:10.919184	[INFO]	event.py	响应时间:10ms	广东省	深圳市	这里是日志信息......
2024-05-17 11:01:10.919184	[INFO]	orders_service.py	响应时间:997ms	湖北省	恩施土家族苗族自治州	这里是日志信息......
2024-05-17 11:01:10.919184	[INFO]	event.py	响应时间:519ms	湖北省	荆州市	这里是日志信息......
2024-05-17 11:01:10.919184	[INFO]	event.py	响应时间:283ms	山东省	青岛市	这里是日志信息......
2024-05-17 11:01:10.919184	[INFO]	user_manager.py	响应时间:136ms	湖北省	武汉市	这里是日志信息......
2024-05-17 11:01:10.919184	[INFO]	base_network.py	响应时间:978ms	安徽省	合肥市	这里是日志信息......
2024-05-17 11:01:10.919184	[INFO]	event.py	响应时间:910ms	上海市	浦东新区	这里是日志信息......
2024-05-17 11:01:10.919184	[INFO]	base_network.py	响应时间:803ms	天津市	宝坻区	这里是日志信息......
2024-05-17 11:01:10.919184	[INFO]	goods_manager.py	响应时间:196ms	江苏省	南京市	这里是日志信息......
2024-05-17 11:01:10.919184	[INFO]	user_manager.py	响应时间:175ms	江苏省	苏州市	这里是日志信息......
2024-05-17 11:01:10.919184	[INFO]	goods_manager.py	响应时间:868ms	湖南省	株洲市	这里是日志信息......
2024-05-17 11:01:10.919184	[INFO]	base_network.py	响应时间:954ms	安徽省	阜阳市	这里是日志信息......
2024-05-17 11:01:10.919184	[INFO]	orders_service.py	响应时间:355ms	山东省	菏泽市	这里是日志信息......
2024-05-17 11:01:10.919184	[INFO]	orders_service.py	响应时间:787ms	湖南省	长沙市	这里是日志信息......
2024-05-17 11:01:10.919184	[INFO]	barcode_service.py	响应时间:248ms	江苏省	南京市	这里是日志信息......
2024-05-17 11:01:10.919184	[WARN]	base_network.py	响应时间:499ms	上海市	浦东新区	这里是日志信息......
2024-05-17 11:01:10.919184	[INFO]	barcode_service.py	响应时间:9ms	重庆市	万州区	这里是日志信息......
2024-05-17 11:01:10.919184	[INFO]	orders_service.py	响应时间:79ms	天津市	武清区	这里是日志信息......
2024-05-17 11:01:10.919184	[WARN]	orders_service.py	响应时间:801ms	湖南省	长沙市	这里是日志信息......
2024-05-17 11:01:10.919184	[INFO]	goods_manager.py	响应时间:894ms	重庆市	南岸区	这里是日志信息......
2024-05-17 11:01:10.919184	[INFO]	barcode_service.py	响应时间:853ms	湖北省	恩施土家族苗族自治州	这里是日志信息......
2024-05-17 11:01:10.919184	[INFO]	event.py	响应时间:89ms	江苏省	无锡市	这里是日志信息......
2024-05-17 11:01:10.919184	[WARN]	event.py	响应时间:567ms	湖南省	长沙市	这里是日志信息......
2024-05-17 11:01:10.919184	[INFO]	orders_service.py	响应时间:939ms	浙江省	嘉兴市	这里是日志信息......
2024-05-17 11:01:10.919184	[INFO]	barcode_service.py	响应时间:506ms	山东省	济南市	这里是日志信息......
2024-05-17 11:01:10.919184	[ERROR]	user_manager.py	响应时间:622ms	上海市	黄浦区	这里是日志信息......
2024-05-17 11:01:10.919184	[INFO]	goods_manager.py	响应时间:477ms	安徽省	池州市	这里是日志信息......
2024-05-17 11:01:10.919184	[INFO]	goods_manager.py	响应时间:932ms	湖南省	长沙市	这里是日志信息......
2024-05-17 11:01:10.919184	[WARN]	user_manager.py	响应时间:319ms	浙江省	杭州市	这里是日志信息......
2024-05-17 11:01:10.919184	[INFO]	orders_service.py	响应时间:884ms	天津市	河东区	这里是日志信息......
2024-05-17 11:01:10.919184	[WARN]	orders_service.py	响应时间:252ms	湖南省	长沙市	这里是日志信息......
2024-05-17 11:01:10.919184	[INFO]	barcode_service.py	响应时间:239ms	上海市	普陀区	这里是日志信息......
2024-05-17 11:01:10.919184	[INFO]	base_network.py	响应时间:976ms	湖北省	武汉市	这里是日志信息......
2024-05-17 11:01:10.919184	[INFO]	user_manager.py	响应时间:520ms	山东省	济南市	这里是日志信息......
2024-05-17 11:01:10.919184	[WARN]	orders_service.py	响应时间:263ms	浙江省	嘉兴市	这里是日志信息......
2024-05-17 11:01:10.919184	[INFO]	base_network.py	响应时间:418ms	山东省	青岛市	这里是日志信息......
2024-05-17 11:01:10.919184	[INFO]	barcode_service.py	响应时间:525ms	江苏省	南京市	这里是日志信息......
2024-05-17 11:01:10.919184	[INFO]	user_manager.py	响应时间:41ms	广东省	广州市	这里是日志信息......
2024-05-17 11:01:10.919184	[INFO]	event.py	响应时间:671ms	江苏省	南京市	这里是日志信息......
2024-05-17 11:01:10.919184	[INFO]	event.py	响应时间:415ms	北京市	大兴区	这里是日志信息......
2024-05-17 11:01:10.919184	[INFO]	orders_service.py	响应时间:696ms	浙江省	舟山市	这里是日志信息......
2024-05-17 11:01:10.919184	[INFO]	event.py	响应时间:382ms	湖北省	荆州市	这里是日志信息......
2024-05-17 11:01:10.919184	[INFO]	event.py	响应时间:692ms	安徽省	池州市	这里是日志信息......
2024-05-17 11:01:10.919184	[INFO]	goods_manager.py	响应时间:246ms	广东省	广州市	这里是日志信息......
2024-05-17 11:01:10.919184	[INFO]	orders_service.py	响应时间:780ms	天津市	河西区	这里是日志信息......
2024-05-17 11:01:10.919184	[INFO]	goods_manager.py	响应时间:718ms	湖北省	十堰市	这里是日志信息......
2024-05-17 11:01:10.919184	[WARN]	event.py	响应时间:573ms	安徽省	阜阳市	这里是日志信息......
2024-05-17 11:01:10.919184	[WARN]	orders_service.py	响应时间:195ms	江苏省	宿迁市	这里是日志信息......
2024-05-17 11:01:10.919184	[INFO]	user_manager.py	响应时间:624ms	山东省	青岛市	这里是日志信息......
2024-05-17 11:01:10.919184	[ERROR]	goods_manager.py	响应时间:838ms	山东省	济南市	这里是日志信息......
2024-05-17 11:01:10.919184	[INFO]	orders_service.py	响应时间:197ms	重庆市	万州区	这里是日志信息......
2024-05-17 11:01:10.919184	[INFO]	goods_manager.py	响应时间:633ms	北京市	海淀区	这里是日志信息......
2024-05-17 11:01:10.920180	[INFO]	user_manager.py	响应时间:851ms	安徽省	铜陵市	这里是日志信息......
2024-05-17 11:01:10.920180	[INFO]	event.py	响应时间:624ms	浙江省	绍兴市	这里是日志信息......
2024-05-17 11:01:10.920180	[INFO]	goods_manager.py	响应时间:842ms	上海市	杨浦区	这里是日志信息......
2024-05-17 11:01:10.920180	[INFO]	barcode_service.py	响应时间:766ms	湖南省	长沙市	这里是日志信息......
2024-05-17 11:01:10.920180	[INFO]	goods_manager.py	响应时间:957ms	江苏省	南京市	这里是日志信息......
2024-05-17 11:01:10.920180	[INFO]	orders_service.py	响应时间:665ms	天津市	河西区	这里是日志信息......
2024-05-17 11:01:10.920180	[INFO]	event.py	响应时间:106ms	广东省	广州市	这里是日志信息......
2024-05-17 11:01:10.920180	[ERROR]	goods_manager.py	响应时间:290ms	重庆市	涪陵区	这里是日志信息......
2024-05-17 11:01:10.920180	[INFO]	shop_manager.py	响应时间:301ms	广东省	深圳市	这里是日志信息......
2024-05-17 11:01:10.920180	[INFO]	orders_service.py	响应时间:585ms	重庆市	九龙坡区	这里是日志信息......
2024-05-17 11:01:10.920180	[INFO]	orders_service.py	响应时间:260ms	江苏省	南京市	这里是日志信息......
2024-05-17 11:01:10.920180	[INFO]	event.py	响应时间:900ms	安徽省	合肥市	这里是日志信息......
2024-05-17 11:01:10.920180	[WARN]	event.py	响应时间:135ms	安徽省	阜阳市	这里是日志信息......
2024-05-17 11:01:10.920180	[INFO]	goods_manager.py	响应时间:711ms	北京市	朝阳区	这里是日志信息......
2024-05-17 11:01:10.920180	[INFO]	orders_service.py	响应时间:397ms	江苏省	南京市	这里是日志信息......
2024-05-17 11:01:10.920180	[INFO]	orders_service.py	响应时间:113ms	湖南省	张家界市	这里是日志信息......
2024-05-17 11:01:10.920180	[INFO]	barcode_service.py	响应时间:447ms	上海市	黄浦区	这里是日志信息......
2024-05-17 11:01:10.920180	[WARN]	goods_manager.py	响应时间:952ms	湖南省	长沙市	这里是日志信息......
2024-05-17 11:01:10.920180	[INFO]	event.py	响应时间:164ms	江苏省	苏州市	这里是日志信息......
2024-05-17 11:01:10.920180	[INFO]	user_manager.py	响应时间:106ms	重庆市	万州区	这里是日志信息......
2024-05-17 11:01:10.920180	[INFO]	user_manager.py	响应时间:867ms	广东省	深圳市	这里是日志信息......
2024-05-17 11:01:10.920180	[WARN]	event.py	响应时间:591ms	重庆市	万州区	这里是日志信息......
2024-05-17 11:01:10.920180	[INFO]	user_manager.py	响应时间:12ms	上海市	浦东新区	这里是日志信息......
2024-05-17 11:01:10.920180	[INFO]	shop_manager.py	响应时间:308ms	湖北省	恩施土家族苗族自治州	这里是日志信息......
2024-05-17 11:01:10.920180	[INFO]	event.py	响应时间:574ms	安徽省	合肥市	这里是日志信息......
2024-05-17 11:01:10.920180	[INFO]	event.py	响应时间:210ms	山东省	青岛市	这里是日志信息......
2024-05-17 11:01:10.920180	[INFO]	orders_service.py	响应时间:3702ms	浙江省	嘉兴市	这里是日志信息......
2024-05-17 11:01:10.920180	[INFO]	barcode_service.py	响应时间:427ms	江苏省	南京市	这里是日志信息......
2024-05-17 11:01:10.920180	[INFO]	goods_manager.py	响应时间:464ms	北京市	朝阳区	这里是日志信息......
2024-05-17 11:01:10.920180	[INFO]	goods_manager.py	响应时间:416ms	安徽省	合肥市	这里是日志信息......
2024-05-17 11:01:10.920180	[INFO]	user_manager.py	响应时间:461ms	江苏省	南京市	这里是日志信息......
2024-05-17 11:01:10.920180	[WARN]	base_network.py	响应时间:282ms	上海市	普陀区	这里是日志信息......
2024-05-17 11:01:10.920180	[INFO]	orders_service.py	响应时间:54ms	天津市	宝坻区	这里是日志信息......
2024-05-17 11:01:10.920180	[INFO]	shop_manager.py	响应时间:560ms	山东省	青岛市	这里是日志信息......
2024-05-17 11:01:10.920180	[INFO]	orders_service.py	响应时间:831ms	重庆市	涪陵区	这里是日志信息......
2024-05-17 11:01:10.920180	[INFO]	event.py	响应时间:44ms	安徽省	合肥市	这里是日志信息......
2024-05-17 11:01:10.920180	[INFO]	goods_manager.py	响应时间:985ms	山东省	济南市	这里是日志信息......
2024-05-17 11:01:10.920180	[WARN]	goods_manager.py	响应时间:548ms	重庆市	涪陵区	这里是日志信息......
2024-05-17 11:01:10.920180	[INFO]	event.py	响应时间:732ms	北京市	怀柔区	这里是日志信息......
2024-05-17 11:01:10.920180	[INFO]	base_network.py	响应时间:153ms	江苏省	苏州市	这里是日志信息......
2024-05-17 11:01:10.920180	[INFO]	barcode_service.py	响应时间:758ms	天津市	河东区	这里是日志信息......
2024-05-17 11:01:10.920180	[INFO]	user_manager.py	响应时间:423ms	湖北省	武汉市	这里是日志信息......
2024-05-17 11:01:10.920180	[INFO]	goods_manager.py	响应时间:734ms	广东省	广州市	这里是日志信息......
2024-05-17 11:01:10.920180	[INFO]	user_manager.py	响应时间:148ms	湖南省	长沙市	这里是日志信息......
2024-05-17 11:01:10.920180	[INFO]	goods_manager.py	响应时间:34ms	安徽省	合肥市	这里是日志信息......
2024-05-17 11:01:10.920180	[INFO]	goods_manager.py	响应时间:500ms	湖南省	长沙市	这里是日志信息......
2024-05-17 11:01:10.920180	[INFO]	user_manager.py	响应时间:924ms	湖北省	武汉市	这里是日志信息......
2024-05-17 11:01:10.920180	[ERROR]	event.py	响应时间:473ms	湖北省	武汉市	这里是日志信息......
2024-05-17 11:01:10.920180	[INFO]	goods_manager.py	响应时间:855ms	安徽省	合肥市	这里是日志信息......
2024-05-17 11:01:10.920180	[INFO]	barcode_service.py	响应时间:768ms	北京市	朝阳区	这里是日志信息......
2024-05-17 11:01:10.920180	[INFO]	orders_service.py	响应时间:411ms	湖南省	益阳市	这里是日志信息......
2024-05-17 11:01:10.920180	[INFO]	goods_manager.py	响应时间:70ms	天津市	宝坻区	这里是日志信息......
2024-05-17 11:01:10.920180	[INFO]	base_network.py	响应时间:293ms	浙江省	杭州市	这里是日志信息......
2024-05-17 11:01:10.920180	[INFO]	goods_manager.py	响应时间:847ms	重庆市	渝中区	这里是日志信息......
2024-05-17 11:01:10.920180	[INFO]	user_manager.py	响应时间:5190ms	天津市	和平区	这里是日志信息......
2024-05-17 11:01:10.920180	[WARN]	goods_manager.py	响应时间:395ms	山东省	济南市	这里是日志信息......
2024-05-17 11:01:10.920180	[INFO]	event.py	响应时间:786ms	安徽省	阜阳市	这里是日志信息......
2024-05-17 11:01:10.920180	[INFO]	barcode_service.py	响应时间:487ms	广东省	广州市	这里是日志信息......
2024-05-17 11:01:10.921188	[INFO]	goods_manager.py	响应时间:26ms	湖北省	武汉市	这里是日志信息......
2024-05-17 11:01:10.921188	[INFO]	orders_service.py	响应时间:946ms	山东省	菏泽市	这里是日志信息......
2024-05-17 11:01:10.921188	[INFO]	goods_manager.py	响应时间:483ms	广东省	广州市	这里是日志信息......
2024-05-17 11:01:10.921188	[INFO]	barcode_service.py	响应时间:567ms	安徽省	六安市	这里是日志信息......
2024-05-17 11:01:10.921188	[INFO]	orders_service.py	响应时间:192ms	天津市	武清区	这里是日志信息......
2024-05-17 11:01:10.921188	[INFO]	orders_service.py	响应时间:819ms	北京市	怀柔区	这里是日志信息......
2024-05-17 11:01:10.921188	[INFO]	event.py	响应时间:99ms	上海市	徐汇区	这里是日志信息......
2024-05-17 11:01:10.921188	[INFO]	event.py	响应时间:101ms	天津市	和平区	这里是日志信息......
2024-05-17 11:01:10.921188	[INFO]	user_manager.py	响应时间:400ms	山东省	菏泽市	这里是日志信息......
2024-05-17 11:01:10.921188	[INFO]	shop_manager.py	响应时间:790ms	北京市	大兴区	这里是日志信息......
2024-05-17 11:01:10.921188	[WARN]	base_network.py	响应时间:265ms	天津市	河西区	这里是日志信息......
2024-05-17 11:01:10.921188	[INFO]	orders_service.py	响应时间:391ms	江苏省	南京市	这里是日志信息......
2024-05-17 11:01:10.921188	[INFO]	orders_service.py	响应时间:969ms	湖南省	常德市	这里是日志信息......
2024-05-17 11:01:10.921188	[INFO]	user_manager.py	响应时间:750ms	浙江省	杭州市	这里是日志信息......
2024-05-17 11:01:10.921188	[INFO]	orders_service.py	响应时间:402ms	浙江省	绍兴市	这里是日志信息......
2024-05-17 11:01:10.921188	[WARN]	orders_service.py	响应时间:287ms	湖北省	武汉市	这里是日志信息......
2024-05-17 11:01:10.921188	[INFO]	barcode_service.py	响应时间:168ms	山东省	青岛市	这里是日志信息......
2024-05-17 11:01:10.921188	[INFO]	orders_service.py	响应时间:842ms	安徽省	阜阳市	这里是日志信息......
2024-05-17 11:01:10.921188	[INFO]	event.py	响应时间:135ms	天津市	宝坻区	这里是日志信息......
2024-05-17 11:01:10.921188	[INFO]	event.py	响应时间:461ms	江苏省	南京市	这里是日志信息......
2024-05-17 11:01:10.921188	[INFO]	goods_manager.py	响应时间:129ms	浙江省	绍兴市	这里是日志信息......
2024-05-17 11:01:10.921188	[INFO]	orders_service.py	响应时间:258ms	上海市	普陀区	这里是日志信息......
2024-05-17 11:01:10.921188	[INFO]	barcode_service.py	响应时间:981ms	浙江省	杭州市	这里是日志信息......
2024-05-17 11:01:10.921188	[INFO]	base_network.py	响应时间:571ms	广东省	深圳市	这里是日志信息......
2024-05-17 11:01:10.921188	[INFO]	shop_manager.py	响应时间:339ms	湖北省	武汉市	这里是日志信息......
2024-05-17 11:01:10.921188	[WARN]	orders_service.py	响应时间:669ms	重庆市	万州区	这里是日志信息......
2024-05-17 11:01:10.921188	[INFO]	barcode_service.py	响应时间:366ms	重庆市	万州区	这里是日志信息......
2024-05-17 11:01:10.921188	[INFO]	barcode_service.py	响应时间:612ms	湖北省	十堰市	这里是日志信息......
2024-05-17 11:01:10.921188	[INFO]	user_manager.py	响应时间:592ms	山东省	菏泽市	这里是日志信息......
2024-05-17 11:01:10.921188	[INFO]	goods_manager.py	响应时间:111ms	浙江省	杭州市	这里是日志信息......
2024-05-17 11:01:10.921188	[WARN]	event.py	响应时间:346ms	北京市	朝阳区	这里是日志信息......
2024-05-17 11:01:10.921188	[INFO]	user_manager.py	响应时间:753ms	江苏省	无锡市	这里是日志信息......
2024-05-17 11:01:10.921188	[INFO]	goods_manager.py	响应时间:227ms	湖南省	长沙市	这里是日志信息......
2024-05-17 11:01:10.921188	[ERROR]	user_manager.py	响应时间:918ms	北京市	怀柔区	这里是日志信息......
2024-05-17 11:01:10.921188	[INFO]	event.py	响应时间:490ms	湖北省	武汉市	这里是日志信息......
2024-05-17 11:01:10.921188	[INFO]	event.py	响应时间:182ms	重庆市	涪陵区	这里是日志信息......
2024-05-17 11:01:10.921188	[ERROR]	user_manager.py	响应时间:976ms	北京市	朝阳区	这里是日志信息......
2024-05-17 11:01:10.921188	[INFO]	user_manager.py	响应时间:528ms	浙江省	杭州市	这里是日志信息......
2024-05-17 11:01:10.921188	[INFO]	base_network.py	响应时间:273ms	广东省	广州市	这里是日志信息......
2024-05-17 11:01:10.921188	[INFO]	goods_manager.py	响应时间:396ms	浙江省	绍兴市	这里是日志信息......
2024-05-17 11:01:10.921188	[INFO]	event.py	响应时间:104ms	重庆市	南岸区	这里是日志信息......
2024-05-17 11:01:10.921188	[INFO]	orders_service.py	响应时间:637ms	湖北省	武汉市	这里是日志信息......
2024-05-17 11:01:10.921188	[INFO]	base_network.py	响应时间:189ms	北京市	海淀区	这里是日志信息......
2024-05-17 11:01:10.921188	[WARN]	user_manager.py	响应时间:227ms	北京市	朝阳区	这里是日志信息......
2024-05-17 11:01:10.921188	[INFO]	orders_service.py	响应时间:77ms	江苏省	苏州市	这里是日志信息......
2024-05-17 11:01:10.921188	[INFO]	goods_manager.py	响应时间:680ms	天津市	宝坻区	这里是日志信息......
2024-05-17 11:01:10.921188	[INFO]	goods_manager.py	响应时间:952ms	重庆市	万州区	这里是日志信息......
2024-05-17 11:01:10.921188	[WARN]	shop_manager.py	响应时间:7827ms	天津市	宝坻区	这里是日志信息......
2024-05-17 11:01:10.921188	[INFO]	event.py	响应时间:918ms	江苏省	南京市	这里是日志信息......
2024-05-17 11:01:10.921188	[WARN]	goods_manager.py	响应时间:544ms	湖南省	常德市	这里是日志信息......
2024-05-17 11:01:10.921188	[INFO]	goods_manager.py	响应时间:8ms	上海市	普陀区	这里是日志信息......
2024-05-17 11:01:10.921188	[INFO]	goods_manager.py	响应时间:529ms	广东省	广州市	这里是日志信息......
2024-05-17 11:01:10.921188	[WARN]	barcode_service.py	响应时间:607ms	江苏省	常州市	这里是日志信息......
2024-05-17 11:01:10.921188	[INFO]	goods_manager.py	响应时间:77ms	广东省	深圳市	这里是日志信息......
2024-05-17 11:01:10.921188	[INFO]	barcode_service.py	响应时间:690ms	重庆市	万州区	这里是日志信息......
2024-05-17 11:01:10.921188	[INFO]	barcode_service.py	响应时间:462ms	重庆市	万州区	这里是日志信息......
2024-05-17 11:01:10.921188	[INFO]	orders_service.py	响应时间:717ms	上海市	杨浦区	这里是日志信息......
2024-05-17 11:01:10.921188	[INFO]	shop_manager.py	响应时间:881ms	广东省	深圳市	这里是日志信息......
2024-05-17 11:01:10.921188	[INFO]	user_manager.py	响应时间:425ms	安徽省	阜阳市	这里是日志信息......
2024-05-17 11:01:10.921188	[INFO]	base_network.py	响应时间:555ms	江苏省	常州市	这里是日志信息......
2024-05-17 11:01:10.922189	[INFO]	barcode_service.py	响应时间:998ms	湖北省	武汉市	这里是日志信息......
2024-05-17 11:01:10.922189	[INFO]	event.py	响应时间:630ms	山东省	济南市	这里是日志信息......
2024-05-17 11:01:10.922189	[INFO]	user_manager.py	响应时间:267ms	浙江省	杭州市	这里是日志信息......
2024-05-17 11:01:10.922189	[INFO]	orders_service.py	响应时间:855ms	江苏省	南京市	这里是日志信息......
2024-05-17 11:01:10.922189	[INFO]	barcode_service.py	响应时间:859ms	湖北省	武汉市	这里是日志信息......
2024-05-17 11:01:10.922189	[INFO]	user_manager.py	响应时间:27ms	重庆市	九龙坡区	这里是日志信息......
2024-05-17 11:01:10.922189	[ERROR]	event.py	响应时间:186ms	湖北省	武汉市	这里是日志信息......
2024-05-17 11:01:10.922189	[INFO]	event.py	响应时间:54ms	山东省	青岛市	这里是日志信息......
2024-05-17 11:01:10.922189	[INFO]	orders_service.py	响应时间:715ms	浙江省	丽水市	这里是日志信息......
2024-05-17 11:01:10.922189	[INFO]	orders_service.py	响应时间:636ms	湖北省	武汉市	这里是日志信息......
2024-05-17 11:01:10.922189	[INFO]	barcode_service.py	响应时间:392ms	浙江省	杭州市	这里是日志信息......
2024-05-17 11:01:10.922189	[INFO]	event.py	响应时间:695ms	天津市	宝坻区	这里是日志信息......
2024-05-17 11:01:10.922189	[INFO]	event.py	响应时间:681ms	天津市	河西区	这里是日志信息......
2024-05-17 11:01:10.922189	[INFO]	orders_service.py	响应时间:247ms	湖南省	益阳市	这里是日志信息......
2024-05-17 11:01:10.922189	[INFO]	user_manager.py	响应时间:498ms	山东省	菏泽市	这里是日志信息......
2024-05-17 11:01:10.922189	[INFO]	event.py	响应时间:885ms	北京市	怀柔区	这里是日志信息......
2024-05-17 11:01:10.922189	[INFO]	base_network.py	响应时间:450ms	上海市	杨浦区	这里是日志信息......
2024-05-17 11:01:10.922189	[INFO]	base_network.py	响应时间:760ms	北京市	昌平区	这里是日志信息......
2024-05-17 11:01:10.922189	[INFO]	goods_manager.py	响应时间:38ms	江苏省	宿迁市	这里是日志信息......
2024-05-17 11:01:10.922189	[INFO]	orders_service.py	响应时间:115ms	江苏省	南京市	这里是日志信息......
2024-05-17 11:01:10.922189	[INFO]	event.py	响应时间:807ms	江苏省	宿迁市	这里是日志信息......
2024-05-17 11:01:10.922189	[INFO]	event.py	响应时间:691ms	天津市	河西区	这里是日志信息......
2024-05-17 11:01:10.922189	[INFO]	orders_service.py	响应时间:4ms	天津市	河东区	这里是日志信息......
2024-05-17 11:01:10.922189	[INFO]	goods_manager.py	响应时间:82ms	上海市	静安区	这里是日志信息......
2024-05-17 11:01:10.922189	[INFO]	barcode_service.py	响应时间:398ms	江苏省	张家港市	这里是日志信息......
2024-05-17 11:01:10.922189	[WARN]	shop_manager.py	响应时间:558ms	安徽省	芜湖市	这里是日志信息......
2024-05-17 11:01:10.922189	[INFO]	user_manager.py	响应时间:538ms	山东省	青岛市	这里是日志信息......
2024-05-17 11:01:10.922189	[WARN]	base_network.py	响应时间:425ms	湖北省	武汉市	这里是日志信息......
2024-05-17 11:01:10.922189	[INFO]	event.py	响应时间:97ms	湖北省	武汉市	这里是日志信息......
2024-05-17 11:01:10.922189	[INFO]	orders_service.py	响应时间:621ms	浙江省	绍兴市	这里是日志信息......
2024-05-17 11:01:10.922189	[INFO]	goods_manager.py	响应时间:346ms	重庆市	九龙坡区	这里是日志信息......
2024-05-17 11:01:10.922189	[INFO]	base_network.py	响应时间:699ms	广东省	深圳市	这里是日志信息......
2024-05-17 11:01:10.922189	[INFO]	orders_service.py	响应时间:573ms	广东省	广州市	这里是日志信息......
2024-05-17 11:01:10.922189	[INFO]	orders_service.py	响应时间:656ms	湖南省	长沙市	这里是日志信息......
2024-05-17 11:01:10.922189	[INFO]	event.py	响应时间:339ms	天津市	和平区	这里是日志信息......
2024-05-17 11:01:10.922189	[INFO]	base_network.py	响应时间:556ms	山东省	济南市	这里是日志信息......
2024-05-17 11:01:10.922189	[INFO]	event.py	响应时间:526ms	安徽省	铜陵市	这里是日志信息......
2024-05-17 11:01:10.922189	[INFO]	user_manager.py	响应时间:661ms	浙江省	杭州市	这里是日志信息......
2024-05-17 11:01:10.922189	[INFO]	goods_manager.py	响应时间:161ms	北京市	大兴区	这里是日志信息......
2024-05-17 11:01:10.922189	[WARN]	event.py	响应时间:50ms	上海市	浦东新区	这里是日志信息......
2024-05-17 11:01:10.922189	[ERROR]	shop_manager.py	响应时间:32ms	江苏省	苏州市	这里是日志信息......
2024-05-17 11:01:10.922189	[WARN]	event.py	响应时间:610ms	浙江省	绍兴市	这里是日志信息......
2024-05-17 11:01:10.922189	[INFO]	goods_manager.py	响应时间:237ms	天津市	河西区	这里是日志信息......
2024-05-17 11:01:10.922189	[WARN]	orders_service.py	响应时间:96ms	上海市	普陀区	这里是日志信息......
2024-05-17 11:01:10.922189	[INFO]	event.py	响应时间:342ms	山东省	青岛市	这里是日志信息......
2024-05-17 11:01:10.922189	[INFO]	goods_manager.py	响应时间:841ms	江苏省	张家港市	这里是日志信息......
2024-05-17 11:01:10.922189	[INFO]	event.py	响应时间:198ms	安徽省	阜阳市	这里是日志信息......
2024-05-17 11:01:10.922189	[INFO]	event.py	响应时间:522ms	江苏省	宿迁市	这里是日志信息......
2024-05-17 11:01:10.922189	[INFO]	event.py	响应时间:226ms	重庆市	万州区	这里是日志信息......
2024-05-17 11:01:10.922189	[INFO]	goods_manager.py	响应时间:764ms	天津市	河西区	这里是日志信息......
2024-05-17 11:01:10.922189	[INFO]	base_network.py	响应时间:53ms	浙江省	绍兴市	这里是日志信息......
2024-05-17 11:01:10.923188	[INFO]	user_manager.py	响应时间:115ms	上海市	杨浦区	这里是日志信息......
2024-05-17 11:01:10.923188	[INFO]	user_manager.py	响应时间:206ms	江苏省	南京市	这里是日志信息......
2024-05-17 11:01:10.923188	[WARN]	event.py	响应时间:632ms	重庆市	九龙坡区	这里是日志信息......
2024-05-17 11:01:10.923188	[ERROR]	event.py	响应时间:650ms	湖北省	荆州市	这里是日志信息......
2024-05-17 11:01:10.923188	[WARN]	barcode_service.py	响应时间:779ms	江苏省	宿迁市	这里是日志信息......
2024-05-17 11:01:10.923188	[INFO]	event.py	响应时间:424ms	湖北省	武汉市	这里是日志信息......
2024-05-17 11:01:10.923188	[INFO]	user_manager.py	响应时间:571ms	江苏省	南京市	这里是日志信息......
2024-05-17 11:01:10.923188	[INFO]	goods_manager.py	响应时间:370ms	广东省	深圳市	这里是日志信息......
2024-05-17 11:01:10.923188	[INFO]	orders_service.py	响应时间:194ms	重庆市	万州区	这里是日志信息......
2024-05-17 11:01:10.923188	[INFO]	user_manager.py	响应时间:438ms	湖南省	长沙市	这里是日志信息......
2024-05-17 11:01:10.923188	[INFO]	event.py	响应时间:181ms	山东省	菏泽市	这里是日志信息......
2024-05-17 11:01:10.923188	[WARN]	shop_manager.py	响应时间:152ms	广东省	深圳市	这里是日志信息......
2024-05-17 11:01:10.923188	[INFO]	goods_manager.py	响应时间:449ms	北京市	朝阳区	这里是日志信息......
2024-05-17 11:01:10.923188	[ERROR]	shop_manager.py	响应时间:780ms	浙江省	金华市	这里是日志信息......
2024-05-17 11:01:10.923188	[WARN]	barcode_service.py	响应时间:800ms	北京市	大兴区	这里是日志信息......
2024-05-17 11:01:10.923188	[INFO]	base_network.py	响应时间:846ms	江苏省	宿迁市	这里是日志信息......
2024-05-17 11:01:10.923188	[INFO]	event.py	响应时间:824ms	湖北省	荆州市	这里是日志信息......
2024-05-17 11:01:10.923188	[INFO]	user_manager.py	响应时间:920ms	安徽省	阜阳市	这里是日志信息......
2024-05-17 11:01:10.923188	[ERROR]	shop_manager.py	响应时间:316ms	湖北省	十堰市	这里是日志信息......
2024-05-17 11:01:10.923188	[INFO]	event.py	响应时间:499ms	广东省	深圳市	这里是日志信息......
2024-05-17 11:01:10.923188	[INFO]	goods_manager.py	响应时间:793ms	广东省	深圳市	这里是日志信息......
2024-05-17 11:01:10.923188	[INFO]	orders_service.py	响应时间:54ms	安徽省	阜阳市	这里是日志信息......
2024-05-17 11:01:10.923188	[INFO]	shop_manager.py	响应时间:271ms	湖南省	长沙市	这里是日志信息......
2024-05-17 11:01:10.923188	[INFO]	shop_manager.py	响应时间:225ms	广东省	珠海市	这里是日志信息......
2024-05-17 11:01:10.923188	[INFO]	orders_service.py	响应时间:138ms	广东省	深圳市	这里是日志信息......
2024-05-17 11:01:10.923188	[INFO]	goods_manager.py	响应时间:506ms	湖南省	常德市	这里是日志信息......
2024-05-17 11:01:10.923188	[INFO]	event.py	响应时间:738ms	重庆市	南岸区	这里是日志信息......
2024-05-17 11:01:10.923188	[ERROR]	orders_service.py	响应时间:329ms	湖北省	荆州市	这里是日志信息......
2024-05-17 11:01:10.923188	[INFO]	orders_service.py	响应时间:453ms	湖南省	长沙市	这里是日志信息......
2024-05-17 11:01:10.923188	[INFO]	goods_manager.py	响应时间:473ms	北京市	海淀区	这里是日志信息......
2024-05-17 11:01:10.923188	[INFO]	barcode_service.py	响应时间:706ms	重庆市	渝中区	这里是日志信息......
2024-05-17 11:01:10.923188	[INFO]	event.py	响应时间:633ms	上海市	静安区	这里是日志信息......
2024-05-17 11:01:10.923188	[INFO]	orders_service.py	响应时间:958ms	山东省	济南市	这里是日志信息......
2024-05-17 11:01:10.923188	[INFO]	event.py	响应时间:295ms	上海市	静安区	这里是日志信息......
2024-05-17 11:01:10.923188	[INFO]	shop_manager.py	响应时间:956ms	湖南省	长沙市	这里是日志信息......
2024-05-17 11:01:10.923188	[INFO]	goods_manager.py	响应时间:516ms	北京市	朝阳区	这里是日志信息......
2024-05-17 11:01:10.923188	[INFO]	orders_service.py	响应时间:743ms	安徽省	合肥市	这里是日志信息......
2024-05-17 11:01:10.923188	[INFO]	shop_manager.py	响应时间:47ms	重庆市	涪陵区	这里是日志信息......
2024-05-17 11:01:10.923188	[INFO]	event.py	响应时间:963ms	广东省	广州市	这里是日志信息......
2024-05-17 11:01:10.923188	[INFO]	user_manager.py	响应时间:92ms	重庆市	万州区	这里是日志信息......
2024-05-17 11:01:10.923188	[INFO]	barcode_service.py	响应时间:280ms	重庆市	南岸区	这里是日志信息......
2024-05-17 11:01:10.923188	[INFO]	event.py	响应时间:88ms	重庆市	沙坪坝区	这里是日志信息......
2024-05-17 11:01:10.923188	[INFO]	shop_manager.py	响应时间:771ms	湖北省	恩施土家族苗族自治州	这里是日志信息......
2024-05-17 11:01:10.923188	[INFO]	event.py	响应时间:157ms	山东省	济南市	这里是日志信息......
2024-05-17 11:01:10.923188	[INFO]	orders_service.py	响应时间:702ms	湖南省	张家界市	这里是日志信息......
2024-05-17 11:01:10.923188	[INFO]	event.py	响应时间:670ms	安徽省	合肥市	这里是日志信息......
2024-05-17 11:01:10.923188	[INFO]	goods_manager.py	响应时间:309ms	浙江省	杭州市	这里是日志信息......
2024-05-17 11:01:10.924187	[INFO]	shop_manager.py	响应时间:333ms	重庆市	涪陵区	这里是日志信息......
2024-05-17 11:01:10.924187	[WARN]	shop_manager.py	响应时间:256ms	安徽省	六安市	这里是日志信息......
2024-05-17 11:01:10.924187	[ERROR]	goods_manager.py	响应时间:997ms	上海市	黄浦区	这里是日志信息......
2024-05-17 11:01:10.924187	[INFO]	orders_service.py	响应时间:11ms	湖南省	张家界市	这里是日志信息......
2024-05-17 11:01:10.924187	[INFO]	orders_service.py	响应时间:411ms	天津市	和平区	这里是日志信息......
2024-05-17 11:01:10.924187	[INFO]	event.py	响应时间:477ms	湖南省	株洲市	这里是日志信息......
2024-05-17 11:01:10.924187	[INFO]	event.py	响应时间:966ms	天津市	宝坻区	这里是日志信息......
2024-05-17 11:01:10.924187	[INFO]	barcode_service.py	响应时间:806ms	江苏省	苏州市	这里是日志信息......
2024-05-17 11:01:10.924187	[INFO]	event.py	响应时间:672ms	山东省	菏泽市	这里是日志信息......
2024-05-17 11:01:10.924187	[INFO]	orders_service.py	响应时间:240ms	湖北省	十堰市	这里是日志信息......
2024-05-17 11:01:10.924187	[WARN]	barcode_service.py	响应时间:60ms	安徽省	六安市	这里是日志信息......
2024-05-17 11:01:10.924187	[INFO]	base_network.py	响应时间:542ms	浙江省	杭州市	这里是日志信息......
2024-05-17 11:01:10.924187	[WARN]	user_manager.py	响应时间:320ms	湖南省	益阳市	这里是日志信息......
2024-05-17 11:01:10.924187	[INFO]	barcode_service.py	响应时间:158ms	湖南省	长沙市	这里是日志信息......
2024-05-17 11:01:10.924187	[INFO]	event.py	响应时间:403ms	重庆市	南岸区	这里是日志信息......
2024-05-17 11:01:10.924187	[WARN]	shop_manager.py	响应时间:694ms	重庆市	涪陵区	这里是日志信息......
2024-05-17 11:01:10.924187	[INFO]	base_network.py	响应时间:215ms	上海市	浦东新区	这里是日志信息......
2024-05-17 11:01:10.924187	[INFO]	shop_manager.py	响应时间:459ms	上海市	浦东新区	这里是日志信息......
2024-05-17 11:01:10.924187	[INFO]	orders_service.py	响应时间:344ms	天津市	武清区	这里是日志信息......
2024-05-17 11:01:10.924187	[INFO]	orders_service.py	响应时间:212ms	浙江省	嘉兴市	这里是日志信息......
2024-05-17 11:01:10.924187	[INFO]	event.py	响应时间:35ms	上海市	浦东新区	这里是日志信息......
2024-05-17 11:01:10.924187	[INFO]	event.py	响应时间:908ms	浙江省	金华市	这里是日志信息......
2024-05-17 11:01:10.924187	[INFO]	orders_service.py	响应时间:125ms	天津市	河西区	这里是日志信息......
2024-05-17 11:01:10.924187	[INFO]	barcode_service.py	响应时间:315ms	浙江省	绍兴市	这里是日志信息......
2024-05-17 11:01:10.924187	[INFO]	shop_manager.py	响应时间:213ms	安徽省	六安市	这里是日志信息......
2024-05-17 11:01:10.924187	[INFO]	orders_service.py	响应时间:656ms	湖北省	恩施土家族苗族自治州	这里是日志信息......
2024-05-17 11:01:10.924187	[INFO]	event.py	响应时间:934ms	湖南省	长沙市	这里是日志信息......
2024-05-17 11:01:10.924187	[ERROR]	event.py	响应时间:1ms	安徽省	芜湖市	这里是日志信息......
2024-05-17 11:01:10.924187	[INFO]	orders_service.py	响应时间:626ms	重庆市	九龙坡区	这里是日志信息......
2024-05-17 11:01:10.924187	[INFO]	orders_service.py	响应时间:1995ms	浙江省	舟山市	这里是日志信息......
2024-05-17 11:01:10.924187	[INFO]	orders_service.py	响应时间:729ms	重庆市	沙坪坝区	这里是日志信息......
2024-05-17 11:01:10.924187	[INFO]	event.py	响应时间:294ms	湖北省	武汉市	这里是日志信息......
2024-05-17 11:01:10.924187	[INFO]	orders_service.py	响应时间:178ms	上海市	浦东新区	这里是日志信息......
2024-05-17 11:01:10.924187	[ERROR]	user_manager.py	响应时间:45ms	广东省	广州市	这里是日志信息......
2024-05-17 11:01:10.924187	[INFO]	barcode_service.py	响应时间:568ms	浙江省	湖州市	这里是日志信息......
2024-05-17 11:01:10.924187	[INFO]	user_manager.py	响应时间:519ms	重庆市	九龙坡区	这里是日志信息......
2024-05-17 11:01:10.924187	[INFO]	orders_service.py	响应时间:324ms	广东省	广州市	这里是日志信息......
2024-05-17 11:01:10.924187	[INFO]	barcode_service.py	响应时间:538ms	北京市	丰台区	这里是日志信息......
2024-05-17 11:01:10.924187	[INFO]	orders_service.py	响应时间:848ms	重庆市	万州区	这里是日志信息......
2024-05-17 11:01:10.924187	[INFO]	base_network.py	响应时间:43ms	湖北省	荆州市	这里是日志信息......
2024-05-17 11:01:10.924187	[INFO]	orders_service.py	响应时间:422ms	重庆市	沙坪坝区	这里是日志信息......
2024-05-17 11:01:10.924187	[INFO]	event.py	响应时间:59ms	浙江省	湖州市	这里是日志信息......
2024-05-17 11:01:10.924187	[ERROR]	barcode_service.py	响应时间:889ms	山东省	青岛市	这里是日志信息......
2024-05-17 11:01:10.924187	[INFO]	orders_service.py	响应时间:9627ms	山东省	菏泽市	这里是日志信息......
2024-05-17 11:01:10.924187	[INFO]	event.py	响应时间:40ms	湖北省	恩施土家族苗族自治州	这里是日志信息......
2024-05-17 11:01:10.924187	[INFO]	base_network.py	响应时间:408ms	上海市	静安区	这里是日志信息......
2024-05-17 11:01:10.924187	[WARN]	shop_manager.py	响应时间:114ms	天津市	河东区	这里是日志信息......
2024-05-17 11:01:10.924187	[INFO]	orders_service.py	响应时间:8ms	上海市	黄浦区	这里是日志信息......
2024-05-17 11:01:10.924187	[INFO]	event.py	响应时间:651ms	广东省	广州市	这里是日志信息......
2024-05-17 11:01:10.924187	[ERROR]	event.py	响应时间:99ms	天津市	河西区	这里是日志信息......
2024-05-17 11:01:10.924187	[WARN]	event.py	响应时间:499ms	安徽省	合肥市	这里是日志信息......
2024-05-17 11:01:10.924187	[INFO]	event.py	响应时间:140ms	江苏省	常州市	这里是日志信息......
2024-05-17 11:01:10.924187	[INFO]	goods_manager.py	响应时间:921ms	广东省	深圳市	这里是日志信息......
2024-05-17 11:01:10.925188	[INFO]	event.py	响应时间:119ms	天津市	河东区	这里是日志信息......
2024-05-17 11:01:10.925188	[WARN]	event.py	响应时间:31ms	广东省	广州市	这里是日志信息......
2024-05-17 11:01:10.925188	[INFO]	orders_service.py	响应时间:273ms	浙江省	舟山市	这里是日志信息......
2024-05-17 11:01:10.925188	[INFO]	event.py	响应时间:692ms	重庆市	渝中区	这里是日志信息......
2024-05-17 11:01:10.925188	[INFO]	orders_service.py	响应时间:599ms	安徽省	铜陵市	这里是日志信息......
2024-05-17 11:01:10.925188	[INFO]	event.py	响应时间:428ms	天津市	河东区	这里是日志信息......
2024-05-17 11:01:10.925188	[INFO]	orders_service.py	响应时间:109ms	上海市	杨浦区	这里是日志信息......
2024-05-17 11:01:10.925188	[INFO]	goods_manager.py	响应时间:982ms	天津市	宝坻区	这里是日志信息......
2024-05-17 11:01:10.925188	[INFO]	barcode_service.py	响应时间:214ms	上海市	黄浦区	这里是日志信息......
2024-05-17 11:01:10.925188	[INFO]	goods_manager.py	响应时间:713ms	天津市	武清区	这里是日志信息......
2024-05-17 11:01:10.925188	[INFO]	barcode_service.py	响应时间:875ms	广东省	深圳市	这里是日志信息......
2024-05-17 11:01:10.925188	[INFO]	shop_manager.py	响应时间:852ms	天津市	和平区	这里是日志信息......
2024-05-17 11:01:10.925188	[INFO]	base_network.py	响应时间:139ms	天津市	河西区	这里是日志信息......
2024-05-17 11:01:10.925188	[INFO]	goods_manager.py	响应时间:598ms	湖北省	武汉市	这里是日志信息......
2024-05-17 11:01:10.925188	[INFO]	event.py	响应时间:208ms	重庆市	万州区	这里是日志信息......
2024-05-17 11:01:10.925188	[INFO]	base_network.py	响应时间:592ms	天津市	和平区	这里是日志信息......
2024-05-17 11:01:10.925188	[INFO]	orders_service.py	响应时间:59ms	上海市	杨浦区	这里是日志信息......
2024-05-17 11:01:10.925188	[INFO]	shop_manager.py	响应时间:471ms	山东省	济南市	这里是日志信息......
2024-05-17 11:01:10.925188	[INFO]	goods_manager.py	响应时间:151ms	北京市	海淀区	这里是日志信息......
2024-05-17 11:01:10.925188	[INFO]	base_network.py	响应时间:5ms	广东省	深圳市	这里是日志信息......
2024-05-17 11:01:10.925188	[INFO]	orders_service.py	响应时间:87ms	湖南省	长沙市	这里是日志信息......
2024-05-17 11:01:10.925188	[INFO]	goods_manager.py	响应时间:4ms	广东省	珠海市	这里是日志信息......
2024-05-17 11:01:10.925188	[INFO]	base_network.py	响应时间:430ms	广东省	珠海市	这里是日志信息......
2024-05-17 11:01:10.925188	[INFO]	event.py	响应时间:298ms	重庆市	万州区	这里是日志信息......
2024-05-17 11:01:10.925188	[INFO]	user_manager.py	响应时间:259ms	湖南省	长沙市	这里是日志信息......
2024-05-17 11:01:10.925188	[INFO]	user_manager.py	响应时间:920ms	重庆市	万州区	这里是日志信息......
2024-05-17 11:01:10.925188	[INFO]	goods_manager.py	响应时间:749ms	北京市	海淀区	这里是日志信息......
2024-05-17 11:01:10.925188	[INFO]	goods_manager.py	响应时间:569ms	安徽省	阜阳市	这里是日志信息......
2024-05-17 11:01:10.925188	[INFO]	shop_manager.py	响应时间:434ms	上海市	宝山区	这里是日志信息......
2024-05-17 11:01:10.925188	[INFO]	orders_service.py	响应时间:964ms	湖北省	荆州市	这里是日志信息......
2024-05-17 11:01:10.925188	[WARN]	shop_manager.py	响应时间:608ms	北京市	朝阳区	这里是日志信息......
2024-05-17 11:01:10.925188	[WARN]	orders_service.py	响应时间:678ms	重庆市	南岸区	这里是日志信息......
2024-05-17 11:01:10.925188	[INFO]	event.py	响应时间:510ms	上海市	徐汇区	这里是日志信息......
2024-05-17 11:01:10.925188	[WARN]	barcode_service.py	响应时间:738ms	湖南省	张家界市	这里是日志信息......
2024-05-17 11:01:10.925188	[WARN]	orders_service.py	响应时间:640ms	重庆市	万州区	这里是日志信息......
2024-05-17 11:01:10.925188	[INFO]	base_network.py	响应时间:116ms	天津市	河西区	这里是日志信息......
2024-05-17 11:01:10.925188	[WARN]	event.py	响应时间:417ms	安徽省	阜阳市	这里是日志信息......
2024-05-17 11:01:10.925188	[INFO]	orders_service.py	响应时间:313ms	上海市	静安区	这里是日志信息......
2024-05-17 11:01:10.925188	[INFO]	orders_service.py	响应时间:72ms	安徽省	芜湖市	这里是日志信息......
2024-05-17 11:01:10.925188	[WARN]	barcode_service.py	响应时间:404ms	北京市	朝阳区	这里是日志信息......
2024-05-17 11:01:10.925188	[WARN]	goods_manager.py	响应时间:602ms	湖北省	荆州市	这里是日志信息......
2024-05-17 11:01:10.925188	[INFO]	user_manager.py	响应时间:7523ms	江苏省	常州市	这里是日志信息......
2024-05-17 11:01:10.925188	[INFO]	orders_service.py	响应时间:87ms	浙江省	丽水市	这里是日志信息......
2024-05-17 11:01:10.925188	[INFO]	user_manager.py	响应时间:435ms	浙江省	杭州市	这里是日志信息......
2024-05-17 11:01:10.925188	[INFO]	barcode_service.py	响应时间:36ms	江苏省	苏州市	这里是日志信息......
2024-05-17 11:01:10.925188	[INFO]	orders_service.py	响应时间:597ms	浙江省	杭州市	这里是日志信息......
2024-05-17 11:01:10.925188	[WARN]	event.py	响应时间:752ms	天津市	和平区	这里是日志信息......
2024-05-17 11:01:10.925188	[INFO]	base_network.py	响应时间:476ms	上海市	浦东新区	这里是日志信息......
2024-05-17 11:01:10.925188	[INFO]	user_manager.py	响应时间:98ms	天津市	河西区	这里是日志信息......
2024-05-17 11:01:10.925188	[WARN]	base_network.py	响应时间:689ms	上海市	宝山区	这里是日志信息......
2024-05-17 11:01:10.925188	[INFO]	event.py	响应时间:615ms	山东省	菏泽市	这里是日志信息......
2024-05-17 11:01:10.925188	[INFO]	user_manager.py	响应时间:547ms	上海市	宝山区	这里是日志信息......
2024-05-17 11:01:10.925188	[INFO]	goods_manager.py	响应时间:494ms	北京市	海淀区	这里是日志信息......
2024-05-17 11:01:10.925188	[WARN]	event.py	响应时间:178ms	湖北省	荆州市	这里是日志信息......
2024-05-17 11:01:10.925188	[WARN]	event.py	响应时间:717ms	重庆市	涪陵区	这里是日志信息......
2024-05-17 11:01:10.925188	[INFO]	event.py	响应时间:271ms	重庆市	万州区	这里是日志信息......
2024-05-17 11:01:10.925188	[INFO]	user_manager.py	响应时间:734ms	重庆市	涪陵区	这里是日志信息......
2024-05-17 11:01:10.925188	[INFO]	event.py	响应时间:692ms	湖南省	长沙市	这里是日志信息......
2024-05-17 11:01:10.925188	[INFO]	user_manager.py	响应时间:658ms	江苏省	南京市	这里是日志信息......
2024-05-17 11:01:10.925188	[INFO]	user_manager.py	响应时间:363ms	天津市	和平区	这里是日志信息......
2024-05-17 11:01:10.925188	[INFO]	goods_manager.py	响应时间:902ms	重庆市	涪陵区	这里是日志信息......
2024-05-17 11:01:10.925188	[INFO]	orders_service.py	响应时间:839ms	浙江省	湖州市	这里是日志信息......
2024-05-17 11:01:10.925188	[INFO]	orders_service.py	响应时间:149ms	湖南省	长沙市	这里是日志信息......
2024-05-17 11:01:10.925188	[INFO]	shop_manager.py	响应时间:86ms	江苏省	南京市	这里是日志信息......
2024-05-17 11:01:10.925188	[INFO]	barcode_service.py	响应时间:929ms	重庆市	万州区	这里是日志信息......
2024-05-17 11:01:10.925188	[INFO]	event.py	响应时间:525ms	安徽省	阜阳市	这里是日志信息......
2024-05-17 11:01:10.925188	[WARN]	goods_manager.py	响应时间:293ms	浙江省	金华市	这里是日志信息......
2024-05-17 11:01:10.925188	[INFO]	barcode_service.py	响应时间:103ms	北京市	朝阳区	这里是日志信息......
2024-05-17 11:01:10.925188	[WARN]	goods_manager.py	响应时间:237ms	上海市	静安区	这里是日志信息......
2024-05-17 11:01:10.925188	[INFO]	goods_manager.py	响应时间:222ms	上海市	浦东新区	这里是日志信息......
2024-05-17 11:01:10.925188	[INFO]	event.py	响应时间:250ms	广东省	广州市	这里是日志信息......
2024-05-17 11:01:10.925188	[INFO]	orders_service.py	响应时间:45ms	天津市	河西区	这里是日志信息......
2024-05-17 11:01:10.925188	[ERROR]	orders_service.py	响应时间:791ms	上海市	浦东新区	这里是日志信息......
2024-05-17 11:01:10.925188	[INFO]	event.py	响应时间:342ms	重庆市	涪陵区	这里是日志信息......
2024-05-17 11:01:10.925188	[INFO]	goods_manager.py	响应时间:975ms	上海市	普陀区	这里是日志信息......
2024-05-17 11:01:10.925188	[INFO]	event.py	响应时间:992ms	湖北省	荆州市	这里是日志信息......
2024-05-17 11:01:10.925188	[INFO]	goods_manager.py	响应时间:339ms	重庆市	南岸区	这里是日志信息......
2024-05-17 11:01:10.925188	[WARN]	shop_manager.py	响应时间:58ms	湖北省	武汉市	这里是日志信息......
2024-05-17 11:01:10.925188	[INFO]	orders_service.py	响应时间:609ms	湖南省	长沙市	这里是日志信息......
2024-05-17 11:01:10.925188	[INFO]	event.py	响应时间:158ms	天津市	河东区	这里是日志信息......
2024-05-17 11:01:10.925188	[INFO]	orders_service.py	响应时间:140ms	广东省	深圳市	这里是日志信息......
2024-05-17 11:01:10.925188	[INFO]	barcode_service.py	响应时间:271ms	湖南省	长沙市	这里是日志信息......
2024-05-17 11:01:10.925188	[INFO]	user_manager.py	响应时间:240ms	北京市	朝阳区	这里是日志信息......
2024-05-17 11:01:10.925188	[INFO]	barcode_service.py	响应时间:170ms	天津市	河西区	这里是日志信息......
2024-05-17 11:01:10.925188	[INFO]	event.py	响应时间:76ms	安徽省	六安市	这里是日志信息......
2024-05-17 11:01:10.925188	[WARN]	goods_manager.py	响应时间:267ms	北京市	大兴区	这里是日志信息......
2024-05-17 11:01:10.925188	[ERROR]	orders_service.py	响应时间:139ms	上海市	浦东新区	这里是日志信息......
2024-05-17 11:01:10.925188	[INFO]	orders_service.py	响应时间:238ms	湖南省	长沙市	这里是日志信息......
2024-05-17 11:01:10.925188	[INFO]	user_manager.py	响应时间:282ms	广东省	珠海市	这里是日志信息......
2024-05-17 11:01:10.925188	[INFO]	user_manager.py	响应时间:810ms	湖北省	武汉市	这里是日志信息......
2024-05-17 11:01:10.925188	[INFO]	orders_service.py	响应时间:99ms	广东省	深圳市	这里是日志信息......
2024-05-17 11:01:10.925188	[INFO]	goods_manager.py	响应时间:973ms	江苏省	苏州市	这里是日志信息......
2024-05-17 11:01:10.925188	[INFO]	user_manager.py	响应时间:360ms	重庆市	渝中区	这里是日志信息......
2024-05-17 11:01:10.925188	[INFO]	event.py	响应时间:422ms	山东省	济南市	这里是日志信息......
2024-05-17 11:01:10.925188	[INFO]	goods_manager.py	响应时间:134ms	湖北省	恩施土家族苗族自治州	这里是日志信息......
2024-05-17 11:01:10.925188	[INFO]	goods_manager.py	响应时间:286ms	浙江省	杭州市	这里是日志信息......
2024-05-17 11:01:10.925188	[INFO]	barcode_service.py	响应时间:180ms	山东省	济南市	这里是日志信息......
2024-05-17 11:01:10.925188	[WARN]	event.py	响应时间:805ms	重庆市	渝中区	这里是日志信息......
2024-05-17 11:01:10.925188	[WARN]	base_network.py	响应时间:805ms	天津市	和平区	这里是日志信息......
2024-05-17 11:01:10.926253	[INFO]	event.py	响应时间:216ms	湖南省	常德市	这里是日志信息......
2024-05-17 11:01:10.926253	[INFO]	goods_manager.py	响应时间:426ms	上海市	徐汇区	这里是日志信息......
2024-05-17 11:01:10.926253	[INFO]	event.py	响应时间:472ms	北京市	昌平区	这里是日志信息......
2024-05-17 11:01:10.926253	[INFO]	user_manager.py	响应时间:695ms	上海市	宝山区	这里是日志信息......
2024-05-17 11:01:10.926253	[INFO]	event.py	响应时间:96ms	江苏省	南京市	这里是日志信息......
2024-05-17 11:01:10.926253	[WARN]	event.py	响应时间:756ms	上海市	浦东新区	这里是日志信息......
2024-05-17 11:01:10.926253	[WARN]	base_network.py	响应时间:604ms	山东省	青岛市	这里是日志信息......
2024-05-17 11:01:10.926253	[INFO]	shop_manager.py	响应时间:353ms	天津市	宝坻区	这里是日志信息......
2024-05-17 11:01:10.926253	[INFO]	orders_service.py	响应时间:569ms	山东省	菏泽市	这里是日志信息......
2024-05-17 11:01:10.926253	[WARN]	event.py	响应时间:925ms	浙江省	绍兴市	这里是日志信息......
2024-05-17 11:01:10.926253	[INFO]	event.py	响应时间:498ms	湖南省	长沙市	这里是日志信息......
2024-05-17 11:01:10.926253	[INFO]	goods_manager.py	响应时间:4092ms	湖北省	武汉市	这里是日志信息......
2024-05-17 11:01:10.926253	[INFO]	orders_service.py	响应时间:529ms	湖南省	益阳市	这里是日志信息......
2024-05-17 11:01:10.926253	[INFO]	orders_service.py	响应时间:660ms	北京市	海淀区	这里是日志信息......
2024-05-17 11:01:10.926253	[INFO]	event.py	响应时间:465ms	北京市	丰台区	这里是日志信息......
2024-05-17 11:01:10.926253	[ERROR]	orders_service.py	响应时间:577ms	湖北省	武汉市	这里是日志信息......
2024-05-17 11:01:10.926253	[INFO]	shop_manager.py	响应时间:928ms	浙江省	杭州市	这里是日志信息......
2024-05-17 11:01:10.926253	[WARN]	goods_manager.py	响应时间:59ms	安徽省	六安市	这里是日志信息......
2024-05-17 11:01:10.926253	[INFO]	event.py	响应时间:368ms	湖北省	恩施土家族苗族自治州	这里是日志信息......
2024-05-17 11:01:10.926253	[INFO]	barcode_service.py	响应时间:875ms	安徽省	阜阳市	这里是日志信息......
2024-05-17 11:01:10.926253	[INFO]	goods_manager.py	响应时间:115ms	广东省	深圳市	这里是日志信息......
2024-05-17 11:01:10.926253	[INFO]	event.py	响应时间:852ms	上海市	静安区	这里是日志信息......
2024-05-17 11:01:10.926253	[INFO]	orders_service.py	响应时间:325ms	湖北省	武汉市	这里是日志信息......
2024-05-17 11:01:10.926253	[INFO]	user_manager.py	响应时间:203ms	广东省	广州市	这里是日志信息......
2024-05-17 11:01:10.926253	[INFO]	user_manager.py	响应时间:43ms	天津市	河东区	这里是日志信息......
2024-05-17 11:01:10.926253	[INFO]	goods_manager.py	响应时间:685ms	重庆市	万州区	这里是日志信息......
2024-05-17 11:01:10.926253	[INFO]	user_manager.py	响应时间:699ms	北京市	大兴区	这里是日志信息......
2024-05-17 11:01:10.926253	[INFO]	event.py	响应时间:587ms	上海市	宝山区	这里是日志信息......
2024-05-17 11:01:10.926253	[INFO]	barcode_service.py	响应时间:689ms	重庆市	九龙坡区	这里是日志信息......
2024-05-17 11:01:10.926253	[INFO]	goods_manager.py	响应时间:88ms	上海市	普陀区	这里是日志信息......
2024-05-17 11:01:10.926253	[INFO]	goods_manager.py	响应时间:532ms	江苏省	南京市	这里是日志信息......
2024-05-17 11:01:10.926253	[WARN]	event.py	响应时间:977ms	湖南省	长沙市	这里是日志信息......
2024-05-17 11:01:10.926253	[WARN]	event.py	响应时间:863ms	北京市	海淀区	这里是日志信息......
2024-05-17 11:01:10.926253	[INFO]	goods_manager.py	响应时间:193ms	江苏省	南京市	这里是日志信息......
2024-05-17 11:01:10.926253	[INFO]	shop_manager.py	响应时间:664ms	广东省	深圳市	这里是日志信息......
2024-05-17 11:01:10.926253	[INFO]	base_network.py	响应时间:226ms	广东省	广州市	这里是日志信息......
2024-05-17 11:01:10.926253	[INFO]	orders_service.py	响应时间:472ms	广东省	广州市	这里是日志信息......
2024-05-17 11:01:10.926253	[INFO]	goods_manager.py	响应时间:713ms	上海市	浦东新区	这里是日志信息......
2024-05-17 11:01:10.926253	[WARN]	event.py	响应时间:677ms	江苏省	苏州市	这里是日志信息......
2024-05-17 11:01:10.926253	[INFO]	event.py	响应时间:303ms	湖北省	武汉市	这里是日志信息......
2024-05-17 11:01:10.926253	[INFO]	base_network.py	响应时间:579ms	山东省	青岛市	这里是日志信息......
2024-05-17 11:01:10.926253	[INFO]	event.py	响应时间:14ms	安徽省	芜湖市	这里是日志信息......
2024-05-17 11:01:10.926253	[INFO]	event.py	响应时间:263ms	江苏省	张家港市	这里是日志信息......
2024-05-17 11:01:10.926253	[INFO]	event.py	响应时间:160ms	浙江省	杭州市	这里是日志信息......
2024-05-17 11:01:10.926253	[INFO]	goods_manager.py	响应时间:832ms	山东省	青岛市	这里是日志信息......
2024-05-17 11:01:10.926253	[INFO]	event.py	响应时间:399ms	上海市	浦东新区	这里是日志信息......
2024-05-17 11:01:10.926253	[INFO]	goods_manager.py	响应时间:461ms	重庆市	万州区	这里是日志信息......
2024-05-17 11:01:10.926253	[INFO]	shop_manager.py	响应时间:732ms	湖北省	武汉市	这里是日志信息......
2024-05-17 11:01:10.926253	[INFO]	orders_service.py	响应时间:115ms	北京市	大兴区	这里是日志信息......
2024-05-17 11:01:10.926253	[INFO]	event.py	响应时间:549ms	安徽省	六安市	这里是日志信息......
2024-05-17 11:01:10.926253	[INFO]	user_manager.py	响应时间:278ms	江苏省	无锡市	这里是日志信息......
2024-05-17 11:01:10.926253	[INFO]	user_manager.py	响应时间:290ms	北京市	海淀区	这里是日志信息......
2024-05-17 11:01:10.926253	[INFO]	event.py	响应时间:640ms	重庆市	万州区	这里是日志信息......
2024-05-17 11:01:10.926253	[INFO]	shop_manager.py	响应时间:787ms	天津市	宝坻区	这里是日志信息......
2024-05-17 11:01:10.926253	[INFO]	barcode_service.py	响应时间:799ms	山东省	青岛市	这里是日志信息......
2024-05-17 11:01:10.926253	[INFO]	barcode_service.py	响应时间:795ms	浙江省	丽水市	这里是日志信息......
2024-05-17 11:01:10.926253	[INFO]	goods_manager.py	响应时间:180ms	北京市	海淀区	这里是日志信息......
2024-05-17 11:01:10.926253	[INFO]	event.py	响应时间:837ms	重庆市	九龙坡区	这里是日志信息......
2024-05-17 11:01:10.926253	[INFO]	goods_manager.py	响应时间:27ms	上海市	宝山区	这里是日志信息......
2024-05-17 11:01:10.926253	[INFO]	orders_service.py	响应时间:361ms	北京市	怀柔区	这里是日志信息......
2024-05-17 11:01:10.926253	[INFO]	goods_manager.py	响应时间:792ms	江苏省	无锡市	这里是日志信息......
2024-05-17 11:01:10.926253	[INFO]	barcode_service.py	响应时间:505ms	重庆市	南岸区	这里是日志信息......
2024-05-17 11:01:10.926253	[INFO]	orders_service.py	响应时间:895ms	湖南省	长沙市	这里是日志信息......
2024-05-17 11:01:10.926253	[INFO]	orders_service.py	响应时间:569ms	重庆市	九龙坡区	这里是日志信息......
2024-05-17 11:01:10.926253	[WARN]	orders_service.py	响应时间:577ms	广东省	广州市	这里是日志信息......
2024-05-17 11:01:10.926253	[INFO]	goods_manager.py	响应时间:118ms	北京市	朝阳区	这里是日志信息......
2024-05-17 11:01:10.926253	[INFO]	shop_manager.py	响应时间:148ms	天津市	河东区	这里是日志信息......
2024-05-17 11:01:10.926253	[INFO]	goods_manager.py	响应时间:111ms	北京市	怀柔区	这里是日志信息......
2024-05-17 11:01:10.926253	[WARN]	shop_manager.py	响应时间:6956ms	广东省	深圳市	这里是日志信息......
2024-05-17 11:01:10.926253	[INFO]	orders_service.py	响应时间:334ms	湖南省	长沙市	这里是日志信息......
2024-05-17 11:01:10.926253	[WARN]	orders_service.py	响应时间:810ms	湖北省	荆州市	这里是日志信息......
2024-05-17 11:01:10.926253	[INFO]	event.py	响应时间:845ms	北京市	海淀区	这里是日志信息......
2024-05-17 11:01:10.926253	[INFO]	barcode_service.py	响应时间:829ms	北京市	朝阳区	这里是日志信息......
2024-05-17 11:01:10.926253	[INFO]	event.py	响应时间:455ms	上海市	静安区	这里是日志信息......
2024-05-17 11:01:10.926253	[INFO]	base_network.py	响应时间:659ms	北京市	海淀区	这里是日志信息......
2024-05-17 11:01:10.926253	[WARN]	event.py	响应时间:571ms	湖南省	长沙市	这里是日志信息......
2024-05-17 11:01:10.926253	[INFO]	event.py	响应时间:199ms	上海市	普陀区	这里是日志信息......
2024-05-17 11:01:10.926253	[INFO]	barcode_service.py	响应时间:664ms	浙江省	杭州市	这里是日志信息......
2024-05-17 11:01:10.926253	[INFO]	orders_service.py	响应时间:8ms	湖南省	长沙市	这里是日志信息......
2024-05-17 11:01:10.926253	[INFO]	orders_service.py	响应时间:715ms	江苏省	张家港市	这里是日志信息......
2024-05-17 11:01:10.926253	[ERROR]	orders_service.py	响应时间:4004ms	山东省	济南市	这里是日志信息......
2024-05-17 11:01:10.926253	[INFO]	goods_manager.py	响应时间:470ms	江苏省	南京市	这里是日志信息......
2024-05-17 11:01:10.926253	[INFO]	event.py	响应时间:740ms	上海市	浦东新区	这里是日志信息......
2024-05-17 11:01:10.926253	[INFO]	barcode_service.py	响应时间:839ms	湖南省	长沙市	这里是日志信息......
2024-05-17 11:01:10.926253	[WARN]	goods_manager.py	响应时间:247ms	浙江省	杭州市	这里是日志信息......
2024-05-17 11:01:10.926253	[INFO]	barcode_service.py	响应时间:581ms	上海市	宝山区	这里是日志信息......
2024-05-17 11:01:10.926253	[WARN]	user_manager.py	响应时间:487ms	江苏省	常州市	这里是日志信息......
2024-05-17 11:01:10.926253	[INFO]	barcode_service.py	响应时间:290ms	湖南省	长沙市	这里是日志信息......
2024-05-17 11:01:10.926253	[INFO]	goods_manager.py	响应时间:587ms	湖北省	武汉市	这里是日志信息......
2024-05-17 11:01:10.926253	[INFO]	barcode_service.py	响应时间:48ms	湖南省	益阳市	这里是日志信息......
2024-05-17 11:01:10.926253	[WARN]	goods_manager.py	响应时间:30ms	江苏省	张家港市	这里是日志信息......
2024-05-17 11:01:10.926253	[WARN]	goods_manager.py	响应时间:858ms	浙江省	舟山市	这里是日志信息......
2024-05-17 11:01:10.926253	[WARN]	event.py	响应时间:352ms	上海市	静安区	这里是日志信息......
2024-05-17 11:01:10.926253	[WARN]	event.py	响应时间:468ms	湖南省	长沙市	这里是日志信息......
2024-05-17 11:01:10.927246	[INFO]	base_network.py	响应时间:896ms	湖北省	十堰市	这里是日志信息......
2024-05-17 11:01:10.927246	[INFO]	orders_service.py	响应时间:439ms	湖南省	长沙市	这里是日志信息......
2024-05-17 11:01:10.927246	[WARN]	orders_service.py	响应时间:723ms	安徽省	芜湖市	这里是日志信息......
2024-05-17 11:01:10.927246	[INFO]	base_network.py	响应时间:4053ms	重庆市	九龙坡区	这里是日志信息......
2024-05-17 11:01:10.927246	[WARN]	orders_service.py	响应时间:270ms	天津市	河东区	这里是日志信息......
2024-05-17 11:01:10.927246	[INFO]	orders_service.py	响应时间:794ms	湖北省	恩施土家族苗族自治州	这里是日志信息......
2024-05-17 11:01:10.927246	[INFO]	user_manager.py	响应时间:50ms	北京市	海淀区	这里是日志信息......
2024-05-17 11:01:10.927246	[INFO]	event.py	响应时间:214ms	重庆市	万州区	这里是日志信息......
2024-05-17 11:01:10.927246	[INFO]	barcode_service.py	响应时间:751ms	上海市	静安区	这里是日志信息......
2024-05-17 11:01:10.927246	[INFO]	event.py	响应时间:693ms	湖南省	长沙市	这里是日志信息......
2024-05-17 11:01:10.927246	[INFO]	barcode_service.py	响应时间:8ms	上海市	浦东新区	这里是日志信息......
2024-05-17 11:01:10.927246	[INFO]	base_network.py	响应时间:979ms	山东省	菏泽市	这里是日志信息......
2024-05-17 11:01:10.927246	[INFO]	event.py	响应时间:65ms	湖北省	武汉市	这里是日志信息......
2024-05-17 11:01:10.927246	[INFO]	goods_manager.py	响应时间:256ms	湖南省	长沙市	这里是日志信息......
2024-05-17 11:01:10.927246	[INFO]	goods_manager.py	响应时间:222ms	浙江省	绍兴市	这里是日志信息......
2024-05-17 11:01:10.927246	[ERROR]	goods_manager.py	响应时间:419ms	北京市	朝阳区	这里是日志信息......
2024-05-17 11:01:10.927246	[INFO]	event.py	响应时间:199ms	北京市	大兴区	这里是日志信息......
2024-05-17 11:01:10.927246	[INFO]	goods_manager.py	响应时间:815ms	安徽省	阜阳市	这里是日志信息......
2024-05-17 11:01:10.927246	[INFO]	event.py	响应时间:701ms	山东省	青岛市	这里是日志信息......
2024-05-17 11:01:10.927246	[INFO]	event.py	响应时间:222ms	山东省	济南市	这里是日志信息......
2024-05-17 11:01:10.927246	[INFO]	event.py	响应时间:283ms	天津市	武清区	这里是日志信息......
2024-05-17 11:01:10.927246	[ERROR]	event.py	响应时间:993ms	广东省	深圳市	这里是日志信息......
2024-05-17 11:01:10.927246	[INFO]	goods_manager.py	响应时间:801ms	湖北省	武汉市	这里是日志信息......
2024-05-17 11:01:10.927246	[INFO]	event.py	响应时间:187ms	北京市	昌平区	这里是日志信息......
2024-05-17 11:01:10.927246	[WARN]	user_manager.py	响应时间:349ms	天津市	武清区	这里是日志信息......
2024-05-17 11:01:10.927246	[WARN]	event.py	响应时间:622ms	浙江省	舟山市	这里是日志信息......
2024-05-17 11:01:10.927246	[INFO]	event.py	响应时间:347ms	湖南省	长沙市	这里是日志信息......
2024-05-17 11:01:10.927246	[WARN]	orders_service.py	响应时间:3ms	重庆市	万州区	这里是日志信息......
2024-05-17 11:01:10.927246	[INFO]	user_manager.py	响应时间:600ms	湖南省	益阳市	这里是日志信息......
2024-05-17 11:01:10.927246	[WARN]	event.py	响应时间:44ms	北京市	怀柔区	这里是日志信息......
2024-05-17 11:01:10.927246	[INFO]	event.py	响应时间:549ms	广东省	广州市	这里是日志信息......
2024-05-17 11:01:10.927246	[INFO]	goods_manager.py	响应时间:54ms	湖南省	长沙市	这里是日志信息......
2024-05-17 11:01:10.927246	[INFO]	barcode_service.py	响应时间:231ms	湖北省	荆州市	这里是日志信息......
2024-05-17 11:01:10.927246	[INFO]	barcode_service.py	响应时间:933ms	上海市	浦东新区	这里是日志信息......
2024-05-17 11:01:10.927246	[INFO]	event.py	响应时间:690ms	浙江省	丽水市	这里是日志信息......
2024-05-17 11:01:10.927246	[INFO]	barcode_service.py	响应时间:605ms	浙江省	丽水市	这里是日志信息......
2024-05-17 11:01:10.927246	[INFO]	orders_service.py	响应时间:766ms	北京市	丰台区	这里是日志信息......
2024-05-17 11:01:10.927246	[INFO]	goods_manager.py	响应时间:152ms	天津市	河东区	这里是日志信息......
2024-05-17 11:01:10.927246	[INFO]	base_network.py	响应时间:283ms	山东省	青岛市	这里是日志信息......
2024-05-17 11:01:10.927246	[INFO]	goods_manager.py	响应时间:909ms	山东省	济南市	这里是日志信息......
2024-05-17 11:01:10.927246	[WARN]	shop_manager.py	响应时间:353ms	山东省	青岛市	这里是日志信息......
2024-05-17 11:01:10.927246	[INFO]	goods_manager.py	响应时间:892ms	上海市	静安区	这里是日志信息......
2024-05-17 11:01:10.927246	[INFO]	event.py	响应时间:178ms	广东省	深圳市	这里是日志信息......
2024-05-17 11:01:10.927246	[INFO]	barcode_service.py	响应时间:7950ms	浙江省	湖州市	这里是日志信息......
2024-05-17 11:01:10.927246	[INFO]	goods_manager.py	响应时间:666ms	安徽省	六安市	这里是日志信息......
2024-05-17 11:01:10.927246	[INFO]	goods_manager.py	响应时间:983ms	上海市	静安区	这里是日志信息......
2024-05-17 11:01:10.927246	[INFO]	user_manager.py	响应时间:22ms	天津市	河东区	这里是日志信息......
2024-05-17 11:01:10.927246	[WARN]	shop_manager.py	响应时间:422ms	湖南省	长沙市	这里是日志信息......
2024-05-17 11:01:10.927246	[WARN]	user_manager.py	响应时间:126ms	湖北省	荆州市	这里是日志信息......
2024-05-17 11:01:10.927246	[INFO]	orders_service.py	响应时间:631ms	重庆市	沙坪坝区	这里是日志信息......
2024-05-17 11:01:10.927246	[INFO]	shop_manager.py	响应时间:670ms	湖北省	武汉市	这里是日志信息......
2024-05-17 11:01:10.927246	[INFO]	orders_service.py	响应时间:887ms	湖南省	长沙市	这里是日志信息......
2024-05-17 11:01:10.927246	[INFO]	goods_manager.py	响应时间:95ms	江苏省	南京市	这里是日志信息......
2024-05-17 11:01:10.927246	[INFO]	base_network.py	响应时间:40ms	重庆市	沙坪坝区	这里是日志信息......
2024-05-17 11:01:10.927246	[INFO]	event.py	响应时间:212ms	江苏省	南京市	这里是日志信息......
2024-05-17 11:01:10.927246	[INFO]	goods_manager.py	响应时间:275ms	安徽省	铜陵市	这里是日志信息......
2024-05-17 11:01:10.927246	[WARN]	event.py	响应时间:42ms	广东省	深圳市	这里是日志信息......
2024-05-17 11:01:10.927246	[INFO]	user_manager.py	响应时间:597ms	山东省	济南市	这里是日志信息......
2024-05-17 11:01:10.927246	[INFO]	event.py	响应时间:0ms	广东省	广州市	这里是日志信息......
2024-05-17 11:01:10.927246	[INFO]	goods_manager.py	响应时间:32ms	浙江省	湖州市	这里是日志信息......
2024-05-17 11:01:10.927246	[INFO]	orders_service.py	响应时间:647ms	上海市	浦东新区	这里是日志信息......
2024-05-17 11:01:10.927246	[INFO]	orders_service.py	响应时间:113ms	湖南省	株洲市	这里是日志信息......
2024-05-17 11:01:10.927246	[INFO]	event.py	响应时间:183ms	江苏省	南京市	这里是日志信息......
2024-05-17 11:01:10.927246	[INFO]	user_manager.py	响应时间:874ms	湖北省	武汉市	这里是日志信息......
2024-05-17 11:01:10.927246	[INFO]	goods_manager.py	响应时间:936ms	天津市	河东区	这里是日志信息......
2024-05-17 11:01:10.928172	[INFO]	barcode_service.py	响应时间:541ms	安徽省	六安市	这里是日志信息......
2024-05-17 11:01:10.928172	[ERROR]	user_manager.py	响应时间:996ms	重庆市	渝中区	这里是日志信息......
2024-05-17 11:01:10.928172	[INFO]	shop_manager.py	响应时间:911ms	天津市	河东区	这里是日志信息......
2024-05-17 11:01:10.928172	[INFO]	orders_service.py	响应时间:695ms	北京市	昌平区	这里是日志信息......
2024-05-17 11:01:10.928172	[INFO]	user_manager.py	响应时间:992ms	湖南省	株洲市	这里是日志信息......
2024-05-17 11:01:10.928172	[INFO]	orders_service.py	响应时间:709ms	北京市	海淀区	这里是日志信息......
2024-05-17 11:01:10.928172	[INFO]	user_manager.py	响应时间:331ms	北京市	朝阳区	这里是日志信息......
2024-05-17 11:01:10.928172	[INFO]	base_network.py	响应时间:514ms	天津市	河东区	这里是日志信息......
2024-05-17 11:01:10.928172	[INFO]	orders_service.py	响应时间:179ms	山东省	济南市	这里是日志信息......
2024-05-17 11:01:10.928172	[INFO]	base_network.py	响应时间:351ms	重庆市	沙坪坝区	这里是日志信息......
2024-05-17 11:01:10.928172	[INFO]	barcode_service.py	响应时间:275ms	上海市	宝山区	这里是日志信息......
2024-05-17 11:01:10.928172	[INFO]	goods_manager.py	响应时间:452ms	安徽省	铜陵市	这里是日志信息......
2024-05-17 11:01:10.928172	[INFO]	barcode_service.py	响应时间:624ms	重庆市	万州区	这里是日志信息......
2024-05-17 11:01:10.928172	[INFO]	base_network.py	响应时间:86ms	重庆市	万州区	这里是日志信息......
2024-05-17 11:01:10.928172	[INFO]	shop_manager.py	响应时间:153ms	北京市	昌平区	这里是日志信息......
2024-05-17 11:01:10.928172	[INFO]	event.py	响应时间:355ms	广东省	广州市	这里是日志信息......
2024-05-17 11:01:10.928172	[INFO]	barcode_service.py	响应时间:992ms	山东省	青岛市	这里是日志信息......
2024-05-17 11:01:10.928172	[INFO]	user_manager.py	响应时间:399ms	上海市	宝山区	这里是日志信息......
2024-05-17 11:01:10.928172	[ERROR]	barcode_service.py	响应时间:894ms	重庆市	九龙坡区	这里是日志信息......
2024-05-17 11:01:10.928172	[INFO]	goods_manager.py	响应时间:330ms	湖北省	恩施土家族苗族自治州	这里是日志信息......
2024-05-17 11:01:10.928172	[WARN]	goods_manager.py	响应时间:50ms	江苏省	常州市	这里是日志信息......
2024-05-17 11:01:10.928172	[ERROR]	event.py	响应时间:940ms	安徽省	阜阳市	这里是日志信息......
2024-05-17 11:01:10.928172	[INFO]	barcode_service.py	响应时间:340ms	湖北省	武汉市	这里是日志信息......
2024-05-17 11:01:10.928172	[INFO]	barcode_service.py	响应时间:417ms	天津市	和平区	这里是日志信息......
2024-05-17 11:01:10.928172	[INFO]	shop_manager.py	响应时间:213ms	北京市	怀柔区	这里是日志信息......
2024-05-17 11:01:10.928172	[INFO]	orders_service.py	响应时间:621ms	重庆市	万州区	这里是日志信息......
2024-05-17 11:01:10.928172	[INFO]	goods_manager.py	响应时间:137ms	山东省	济南市	这里是日志信息......
2024-05-17 11:01:10.928172	[INFO]	user_manager.py	响应时间:272ms	北京市	大兴区	这里是日志信息......
2024-05-17 11:01:10.928172	[INFO]	orders_service.py	响应时间:863ms	上海市	浦东新区	这里是日志信息......
2024-05-17 11:01:10.928172	[INFO]	goods_manager.py	响应时间:48ms	重庆市	涪陵区	这里是日志信息......
2024-05-17 11:01:10.928172	[INFO]	event.py	响应时间:238ms	湖北省	恩施土家族苗族自治州	这里是日志信息......
2024-05-17 11:01:10.928172	[INFO]	shop_manager.py	响应时间:324ms	重庆市	沙坪坝区	这里是日志信息......
2024-05-17 11:01:10.928172	[INFO]	goods_manager.py	响应时间:264ms	山东省	青岛市	这里是日志信息......
2024-05-17 11:01:10.928172	[INFO]	goods_manager.py	响应时间:550ms	上海市	宝山区	这里是日志信息......
2024-05-17 11:01:10.928172	[INFO]	orders_service.py	响应时间:242ms	天津市	宝坻区	这里是日志信息......
2024-05-17 11:01:10.928172	[INFO]	base_network.py	响应时间:408ms	湖南省	常德市	这里是日志信息......
2024-05-17 11:01:10.928172	[INFO]	event.py	响应时间:324ms	江苏省	无锡市	这里是日志信息......
2024-05-17 11:01:10.928172	[WARN]	orders_service.py	响应时间:547ms	安徽省	池州市	这里是日志信息......
2024-05-17 11:01:10.928172	[INFO]	shop_manager.py	响应时间:562ms	湖北省	武汉市	这里是日志信息......
2024-05-17 11:01:10.928172	[INFO]	user_manager.py	响应时间:570ms	湖北省	恩施土家族苗族自治州	这里是日志信息......
2024-05-17 11:01:10.928172	[ERROR]	user_manager.py	响应时间:345ms	天津市	宝坻区	这里是日志信息......
2024-05-17 11:01:10.928172	[INFO]	user_manager.py	响应时间:656ms	重庆市	九龙坡区	这里是日志信息......
2024-05-17 11:01:10.928172	[INFO]	goods_manager.py	响应时间:220ms	广东省	深圳市	这里是日志信息......
2024-05-17 11:01:10.928172	[ERROR]	goods_manager.py	响应时间:46ms	重庆市	沙坪坝区	这里是日志信息......
2024-05-17 11:01:10.928172	[INFO]	event.py	响应时间:362ms	浙江省	绍兴市	这里是日志信息......
2024-05-17 11:01:10.928172	[INFO]	base_network.py	响应时间:533ms	广东省	广州市	这里是日志信息......
2024-05-17 11:01:10.928172	[INFO]	goods_manager.py	响应时间:876ms	湖北省	武汉市	这里是日志信息......
2024-05-17 11:01:10.928172	[INFO]	event.py	响应时间:575ms	湖南省	长沙市	这里是日志信息......
2024-05-17 11:01:10.928172	[INFO]	orders_service.py	响应时间:325ms	江苏省	张家港市	这里是日志信息......
2024-05-17 11:01:10.928172	[INFO]	event.py	响应时间:907ms	重庆市	九龙坡区	这里是日志信息......
2024-05-17 11:01:10.928172	[INFO]	barcode_service.py	响应时间:8655ms	上海市	杨浦区	这里是日志信息......
2024-05-17 11:01:10.928172	[INFO]	shop_manager.py	响应时间:754ms	江苏省	苏州市	这里是日志信息......
2024-05-17 11:01:10.928172	[INFO]	shop_manager.py	响应时间:618ms	安徽省	六安市	这里是日志信息......
2024-05-17 11:01:10.928172	[INFO]	shop_manager.py	响应时间:7622ms	上海市	宝山区	这里是日志信息......
2024-05-17 11:01:10.928172	[WARN]	goods_manager.py	响应时间:113ms	上海市	静安区	这里是日志信息......
2024-05-17 11:01:10.928172	[INFO]	goods_manager.py	响应时间:953ms	山东省	青岛市	这里是日志信息......
2024-05-17 11:01:10.928172	[INFO]	orders_service.py	响应时间:353ms	江苏省	苏州市	这里是日志信息......
2024-05-17 11:01:10.928172	[INFO]	orders_service.py	响应时间:211ms	北京市	丰台区	这里是日志信息......
2024-05-17 11:01:10.928172	[WARN]	base_network.py	响应时间:426ms	江苏省	宿迁市	这里是日志信息......
2024-05-17 11:01:10.928172	[WARN]	orders_service.py	响应时间:869ms	安徽省	池州市	这里是日志信息......
2024-05-17 11:01:10.928172	[INFO]	user_manager.py	响应时间:629ms	广东省	广州市	这里是日志信息......
2024-05-17 11:01:10.928172	[INFO]	goods_manager.py	响应时间:218ms	江苏省	无锡市	这里是日志信息......
2024-05-17 11:01:10.928172	[WARN]	orders_service.py	响应时间:645ms	湖北省	武汉市	这里是日志信息......
2024-05-17 11:01:10.928172	[ERROR]	event.py	响应时间:164ms	上海市	静安区	这里是日志信息......
2024-05-17 11:01:10.928172	[INFO]	goods_manager.py	响应时间:6889ms	浙江省	杭州市	这里是日志信息......
2024-05-17 11:01:10.928172	[INFO]	orders_service.py	响应时间:296ms	天津市	河西区	这里是日志信息......
2024-05-17 11:01:10.928172	[INFO]	orders_service.py	响应时间:838ms	江苏省	南京市	这里是日志信息......
2024-05-17 11:01:10.928172	[INFO]	goods_manager.py	响应时间:90ms	湖北省	武汉市	这里是日志信息......
2024-05-17 11:01:10.928172	[INFO]	user_manager.py	响应时间:877ms	安徽省	合肥市	这里是日志信息......
2024-05-17 11:01:10.928172	[INFO]	event.py	响应时间:155ms	湖北省	恩施土家族苗族自治州	这里是日志信息......
2024-05-17 11:01:10.928172	[INFO]	event.py	响应时间:908ms	湖南省	长沙市	这里是日志信息......
2024-05-17 11:01:10.928172	[WARN]	goods_manager.py	响应时间:848ms	安徽省	阜阳市	这里是日志信息......
2024-05-17 11:01:10.928172	[INFO]	user_manager.py	响应时间:945ms	湖南省	株洲市	这里是日志信息......
2024-05-17 11:01:10.928172	[INFO]	base_network.py	响应时间:883ms	广东省	深圳市	这里是日志信息......
2024-05-17 11:01:10.928172	[INFO]	orders_service.py	响应时间:917ms	重庆市	万州区	这里是日志信息......
2024-05-17 11:01:10.928172	[INFO]	orders_service.py	响应时间:857ms	湖南省	张家界市	这里是日志信息......
2024-05-17 11:01:10.928172	[INFO]	goods_manager.py	响应时间:862ms	广东省	深圳市	这里是日志信息......
2024-05-17 11:01:10.928172	[INFO]	goods_manager.py	响应时间:390ms	湖南省	长沙市	这里是日志信息......
2024-05-17 11:01:10.928172	[INFO]	event.py	响应时间:320ms	重庆市	万州区	这里是日志信息......
2024-05-17 11:01:10.928172	[INFO]	shop_manager.py	响应时间:14ms	重庆市	九龙坡区	这里是日志信息......
2024-05-17 11:01:10.928172	[WARN]	event.py	响应时间:280ms	江苏省	南京市	这里是日志信息......
2024-05-17 11:01:10.928172	[INFO]	shop_manager.py	响应时间:738ms	江苏省	苏州市	这里是日志信息......
2024-05-17 11:01:10.928172	[WARN]	goods_manager.py	响应时间:409ms	浙江省	嘉兴市	这里是日志信息......
2024-05-17 11:01:10.928172	[INFO]	orders_service.py	响应时间:159ms	天津市	和平区	这里是日志信息......
2024-05-17 11:01:10.929170	[INFO]	event.py	响应时间:643ms	北京市	怀柔区	这里是日志信息......
2024-05-17 11:01:10.929170	[INFO]	barcode_service.py	响应时间:555ms	重庆市	涪陵区	这里是日志信息......
2024-05-17 11:01:10.929170	[ERROR]	goods_manager.py	响应时间:920ms	北京市	海淀区	这里是日志信息......
2024-05-17 11:01:10.929170	[INFO]	orders_service.py	响应时间:737ms	广东省	深圳市	这里是日志信息......
2024-05-17 11:01:10.929170	[INFO]	event.py	响应时间:502ms	山东省	青岛市	这里是日志信息......
2024-05-17 11:01:10.929170	[INFO]	goods_manager.py	响应时间:373ms	上海市	普陀区	这里是日志信息......
2024-05-17 11:01:10.929170	[INFO]	shop_manager.py	响应时间:262ms	广东省	深圳市	这里是日志信息......
2024-05-17 11:01:10.929170	[INFO]	barcode_service.py	响应时间:511ms	山东省	济南市	这里是日志信息......
2024-05-17 11:01:10.929170	[INFO]	barcode_service.py	响应时间:177ms	天津市	宝坻区	这里是日志信息......
2024-05-17 11:01:10.929170	[WARN]	user_manager.py	响应时间:673ms	浙江省	舟山市	这里是日志信息......
2024-05-17 11:01:10.929170	[INFO]	shop_manager.py	响应时间:839ms	湖北省	武汉市	这里是日志信息......
2024-05-17 11:01:10.929170	[ERROR]	event.py	响应时间:809ms	山东省	济南市	这里是日志信息......
2024-05-17 11:01:10.929170	[INFO]	orders_service.py	响应时间:98ms	安徽省	合肥市	这里是日志信息......
2024-05-17 11:01:10.929170	[WARN]	user_manager.py	响应时间:472ms	重庆市	九龙坡区	这里是日志信息......
2024-05-17 11:01:10.929170	[INFO]	orders_service.py	响应时间:816ms	重庆市	万州区	这里是日志信息......
2024-05-17 11:01:10.929170	[ERROR]	user_manager.py	响应时间:76ms	湖北省	恩施土家族苗族自治州	这里是日志信息......
2024-05-17 11:01:10.929170	[INFO]	event.py	响应时间:72ms	安徽省	阜阳市	这里是日志信息......
2024-05-17 11:01:10.929170	[INFO]	goods_manager.py	响应时间:344ms	北京市	大兴区	这里是日志信息......
2024-05-17 11:01:10.929170	[INFO]	goods_manager.py	响应时间:563ms	湖南省	长沙市	这里是日志信息......
2024-05-17 11:01:10.929170	[INFO]	orders_service.py	响应时间:924ms	浙江省	杭州市	这里是日志信息......
2024-05-17 11:01:10.929170	[INFO]	event.py	响应时间:595ms	重庆市	渝中区	这里是日志信息......
2024-05-17 11:01:10.929170	[INFO]	event.py	响应时间:180ms	江苏省	宿迁市	这里是日志信息......
2024-05-17 11:01:10.929170	[WARN]	base_network.py	响应时间:832ms	山东省	青岛市	这里是日志信息......
2024-05-17 11:01:10.929170	[INFO]	orders_service.py	响应时间:173ms	安徽省	阜阳市	这里是日志信息......
2024-05-17 11:01:10.929170	[INFO]	base_network.py	响应时间:7237ms	浙江省	杭州市	这里是日志信息......
2024-05-17 11:01:10.929170	[INFO]	event.py	响应时间:303ms	湖南省	长沙市	这里是日志信息......
2024-05-17 11:01:10.929170	[WARN]	orders_service.py	响应时间:547ms	湖北省	武汉市	这里是日志信息......
2024-05-17 11:01:10.929170	[INFO]	user_manager.py	响应时间:208ms	安徽省	六安市	这里是日志信息......
2024-05-17 11:01:10.929170	[INFO]	orders_service.py	响应时间:579ms	湖南省	株洲市	这里是日志信息......
2024-05-17 11:01:10.929170	[INFO]	base_network.py	响应时间:63ms	天津市	河西区	这里是日志信息......
2024-05-17 11:01:10.929170	[WARN]	user_manager.py	响应时间:537ms	安徽省	阜阳市	这里是日志信息......
2024-05-17 11:01:10.929170	[INFO]	event.py	响应时间:902ms	北京市	朝阳区	这里是日志信息......
2024-05-17 11:01:10.929170	[INFO]	orders_service.py	响应时间:966ms	重庆市	万州区	这里是日志信息......
2024-05-17 11:01:10.929170	[INFO]	goods_manager.py	响应时间:714ms	天津市	宝坻区	这里是日志信息......
2024-05-17 11:01:10.929170	[INFO]	goods_manager.py	响应时间:440ms	重庆市	南岸区	这里是日志信息......
2024-05-17 11:01:10.929170	[INFO]	orders_service.py	响应时间:807ms	重庆市	渝中区	这里是日志信息......
2024-05-17 11:01:10.929170	[INFO]	event.py	响应时间:678ms	浙江省	杭州市	这里是日志信息......
2024-05-17 11:01:10.929170	[INFO]	event.py	响应时间:55ms	天津市	河东区	这里是日志信息......
2024-05-17 11:01:10.929170	[INFO]	barcode_service.py	响应时间:50ms	安徽省	铜陵市	这里是日志信息......
2024-05-17 11:01:10.929170	[WARN]	barcode_service.py	响应时间:275ms	江苏省	宿迁市	这里是日志信息......
2024-05-17 11:01:10.929170	[INFO]	event.py	响应时间:134ms	江苏省	张家港市	这里是日志信息......
2024-05-17 11:01:10.929170	[INFO]	event.py	响应时间:322ms	山东省	青岛市	这里是日志信息......
2024-05-17 11:01:10.929170	[INFO]	event.py	响应时间:345ms	江苏省	无锡市	这里是日志信息......
2024-05-17 11:01:10.929170	[INFO]	orders_service.py	响应时间:567ms	广东省	深圳市	这里是日志信息......
2024-05-17 11:01:10.929170	[INFO]	user_manager.py	响应时间:505ms	天津市	河西区	这里是日志信息......
2024-05-17 11:01:10.929170	[INFO]	event.py	响应时间:484ms	湖北省	武汉市	这里是日志信息......
2024-05-17 11:01:10.929170	[INFO]	orders_service.py	响应时间:969ms	湖南省	张家界市	这里是日志信息......
2024-05-17 11:01:10.929170	[INFO]	event.py	响应时间:932ms	湖北省	恩施土家族苗族自治州	这里是日志信息......
2024-05-17 11:01:10.929170	[INFO]	orders_service.py	响应时间:742ms	山东省	青岛市	这里是日志信息......
2024-05-17 11:01:10.929170	[INFO]	barcode_service.py	响应时间:302ms	安徽省	池州市	这里是日志信息......
2024-05-17 11:01:10.929170	[INFO]	user_manager.py	响应时间:873ms	山东省	青岛市	这里是日志信息......
2024-05-17 11:01:10.929170	[INFO]	event.py	响应时间:505ms	北京市	丰台区	这里是日志信息......
2024-05-17 11:01:10.929170	[INFO]	goods_manager.py	响应时间:84ms	广东省	深圳市	这里是日志信息......
2024-05-17 11:01:10.929170	[INFO]	orders_service.py	响应时间:481ms	安徽省	合肥市	这里是日志信息......
2024-05-17 11:01:10.929170	[INFO]	barcode_service.py	响应时间:586ms	湖南省	长沙市	这里是日志信息......
2024-05-17 11:01:10.929170	[INFO]	event.py	响应时间:330ms	重庆市	渝中区	这里是日志信息......
2024-05-17 11:01:10.929170	[WARN]	event.py	响应时间:266ms	北京市	昌平区	这里是日志信息......
2024-05-17 11:01:10.929170	[INFO]	goods_manager.py	响应时间:279ms	上海市	宝山区	这里是日志信息......
2024-05-17 11:01:10.929170	[INFO]	barcode_service.py	响应时间:592ms	天津市	武清区	这里是日志信息......
2024-05-17 11:01:10.929170	[INFO]	orders_service.py	响应时间:763ms	江苏省	宿迁市	这里是日志信息......
2024-05-17 11:01:10.929170	[INFO]	barcode_service.py	响应时间:928ms	北京市	昌平区	这里是日志信息......
2024-05-17 11:01:10.929170	[INFO]	orders_service.py	响应时间:973ms	广东省	广州市	这里是日志信息......
2024-05-17 11:01:10.929170	[INFO]	user_manager.py	响应时间:145ms	北京市	大兴区	这里是日志信息......
2024-05-17 11:01:10.929170	[INFO]	user_manager.py	响应时间:7ms	浙江省	绍兴市	这里是日志信息......
2024-05-17 11:01:10.929170	[WARN]	orders_service.py	响应时间:262ms	浙江省	舟山市	这里是日志信息......
2024-05-17 11:01:10.929170	[INFO]	barcode_service.py	响应时间:245ms	北京市	怀柔区	这里是日志信息......
2024-05-17 11:01:10.929170	[INFO]	event.py	响应时间:195ms	上海市	徐汇区	这里是日志信息......
2024-05-17 11:01:10.929170	[INFO]	user_manager.py	响应时间:403ms	浙江省	湖州市	这里是日志信息......
