2024-05-17 11:01:09.897152	[INFO]	event.py	响应时间:420ms	重庆市	万州区	这里是日志信息......
2024-05-17 11:01:09.897152	[INFO]	goods_manager.py	响应时间:2710ms	重庆市	渝中区	这里是日志信息......
2024-05-17 11:01:09.897152	[INFO]	shop_manager.py	响应时间:228ms	山东省	济南市	这里是日志信息......
2024-05-17 11:01:09.897152	[INFO]	goods_manager.py	响应时间:815ms	上海市	杨浦区	这里是日志信息......
2024-05-17 11:01:09.897152	[ERROR]	event.py	响应时间:917ms	江苏省	南京市	这里是日志信息......
2024-05-17 11:01:09.897152	[WARN]	orders_service.py	响应时间:458ms	安徽省	六安市	这里是日志信息......
2024-05-17 11:01:09.897152	[ERROR]	shop_manager.py	响应时间:548ms	重庆市	涪陵区	这里是日志信息......
2024-05-17 11:01:09.897152	[INFO]	event.py	响应时间:977ms	浙江省	丽水市	这里是日志信息......
2024-05-17 11:01:09.897152	[INFO]	event.py	响应时间:540ms	广东省	广州市	这里是日志信息......
2024-05-17 11:01:09.897152	[INFO]	event.py	响应时间:825ms	天津市	河西区	这里是日志信息......
2024-05-17 11:01:09.897152	[ERROR]	user_manager.py	响应时间:56ms	天津市	宝坻区	这里是日志信息......
2024-05-17 11:01:09.897152	[INFO]	event.py	响应时间:440ms	湖南省	长沙市	这里是日志信息......
2024-05-17 11:01:09.897152	[INFO]	orders_service.py	响应时间:805ms	北京市	丰台区	这里是日志信息......
2024-05-17 11:01:09.897152	[INFO]	event.py	响应时间:452ms	重庆市	南岸区	这里是日志信息......
2024-05-17 11:01:09.897152	[INFO]	event.py	响应时间:975ms	湖南省	益阳市	这里是日志信息......
2024-05-17 11:01:09.897152	[INFO]	goods_manager.py	响应时间:195ms	浙江省	杭州市	这里是日志信息......
2024-05-17 11:01:09.897152	[INFO]	event.py	响应时间:322ms	天津市	河东区	这里是日志信息......
2024-05-17 11:01:09.897152	[INFO]	barcode_service.py	响应时间:6ms	湖北省	武汉市	这里是日志信息......
2024-05-17 11:01:09.897152	[INFO]	base_network.py	响应时间:4149ms	湖南省	益阳市	这里是日志信息......
2024-05-17 11:01:09.897152	[INFO]	goods_manager.py	响应时间:329ms	安徽省	合肥市	这里是日志信息......
2024-05-17 11:01:09.897152	[INFO]	goods_manager.py	响应时间:30ms	广东省	珠海市	这里是日志信息......
2024-05-17 11:01:09.897152	[INFO]	orders_service.py	响应时间:361ms	浙江省	杭州市	这里是日志信息......
2024-05-17 11:01:09.897152	[INFO]	base_network.py	响应时间:751ms	北京市	海淀区	这里是日志信息......
2024-05-17 11:01:09.897152	[INFO]	event.py	响应时间:731ms	安徽省	合肥市	这里是日志信息......
2024-05-17 11:01:09.897152	[INFO]	shop_manager.py	响应时间:903ms	湖北省	十堰市	这里是日志信息......
2024-05-17 11:01:09.897152	[INFO]	user_manager.py	响应时间:811ms	江苏省	苏州市	这里是日志信息......
2024-05-17 11:01:09.897152	[INFO]	barcode_service.py	响应时间:777ms	上海市	浦东新区	这里是日志信息......
2024-05-17 11:01:09.897152	[INFO]	event.py	响应时间:517ms	湖北省	十堰市	这里是日志信息......
2024-05-17 11:01:09.897152	[INFO]	orders_service.py	响应时间:843ms	重庆市	南岸区	这里是日志信息......
2024-05-17 11:01:09.897152	[INFO]	orders_service.py	响应时间:16ms	天津市	宝坻区	这里是日志信息......
2024-05-17 11:01:09.897152	[INFO]	event.py	响应时间:4111ms	浙江省	杭州市	这里是日志信息......
2024-05-17 11:01:09.897152	[INFO]	goods_manager.py	响应时间:272ms	广东省	珠海市	这里是日志信息......
2024-05-17 11:01:09.897152	[INFO]	goods_manager.py	响应时间:973ms	广东省	深圳市	这里是日志信息......
2024-05-17 11:01:09.897152	[INFO]	orders_service.py	响应时间:393ms	上海市	普陀区	这里是日志信息......
2024-05-17 11:01:09.897152	[INFO]	orders_service.py	响应时间:778ms	上海市	黄浦区	这里是日志信息......
2024-05-17 11:01:09.897152	[INFO]	barcode_service.py	响应时间:604ms	上海市	普陀区	这里是日志信息......
2024-05-17 11:01:09.897152	[INFO]	orders_service.py	响应时间:350ms	山东省	青岛市	这里是日志信息......
2024-05-17 11:01:09.897152	[INFO]	event.py	响应时间:863ms	湖北省	武汉市	这里是日志信息......
2024-05-17 11:01:09.897152	[INFO]	orders_service.py	响应时间:155ms	广东省	深圳市	这里是日志信息......
2024-05-17 11:01:09.897152	[INFO]	goods_manager.py	响应时间:47ms	北京市	丰台区	这里是日志信息......
2024-05-17 11:01:09.897152	[INFO]	user_manager.py	响应时间:698ms	山东省	青岛市	这里是日志信息......
2024-05-17 11:01:09.897152	[INFO]	event.py	响应时间:254ms	浙江省	绍兴市	这里是日志信息......
2024-05-17 11:01:09.897152	[INFO]	barcode_service.py	响应时间:419ms	湖北省	武汉市	这里是日志信息......
2024-05-17 11:01:09.898152	[INFO]	event.py	响应时间:715ms	北京市	丰台区	这里是日志信息......
2024-05-17 11:01:09.898152	[INFO]	orders_service.py	响应时间:147ms	广东省	深圳市	这里是日志信息......
2024-05-17 11:01:09.898152	[INFO]	goods_manager.py	响应时间:364ms	山东省	青岛市	这里是日志信息......
2024-05-17 11:01:09.898152	[INFO]	base_network.py	响应时间:847ms	湖南省	常德市	这里是日志信息......
2024-05-17 11:01:09.898152	[WARN]	orders_service.py	响应时间:954ms	安徽省	芜湖市	这里是日志信息......
2024-05-17 11:01:09.898152	[INFO]	goods_manager.py	响应时间:963ms	上海市	浦东新区	这里是日志信息......
2024-05-17 11:01:09.898152	[INFO]	goods_manager.py	响应时间:1ms	上海市	徐汇区	这里是日志信息......
2024-05-17 11:01:09.898152	[WARN]	orders_service.py	响应时间:540ms	上海市	普陀区	这里是日志信息......
2024-05-17 11:01:09.898152	[INFO]	base_network.py	响应时间:541ms	北京市	怀柔区	这里是日志信息......
2024-05-17 11:01:09.898152	[INFO]	goods_manager.py	响应时间:111ms	安徽省	合肥市	这里是日志信息......
2024-05-17 11:01:09.898152	[INFO]	goods_manager.py	响应时间:691ms	江苏省	无锡市	这里是日志信息......
2024-05-17 11:01:09.898152	[WARN]	shop_manager.py	响应时间:821ms	浙江省	湖州市	这里是日志信息......
2024-05-17 11:01:09.898152	[INFO]	orders_service.py	响应时间:33ms	上海市	浦东新区	这里是日志信息......
2024-05-17 11:01:09.898152	[INFO]	shop_manager.py	响应时间:669ms	山东省	济南市	这里是日志信息......
2024-05-17 11:01:09.898152	[INFO]	event.py	响应时间:288ms	上海市	浦东新区	这里是日志信息......
2024-05-17 11:01:09.898152	[INFO]	event.py	响应时间:382ms	湖北省	武汉市	这里是日志信息......
2024-05-17 11:01:09.898152	[ERROR]	user_manager.py	响应时间:133ms	湖南省	益阳市	这里是日志信息......
2024-05-17 11:01:09.898152	[WARN]	barcode_service.py	响应时间:848ms	浙江省	杭州市	这里是日志信息......
2024-05-17 11:01:09.898152	[INFO]	shop_manager.py	响应时间:902ms	浙江省	丽水市	这里是日志信息......
2024-05-17 11:01:09.898152	[INFO]	event.py	响应时间:975ms	湖南省	长沙市	这里是日志信息......
2024-05-17 11:01:09.898152	[INFO]	event.py	响应时间:791ms	江苏省	南京市	这里是日志信息......
2024-05-17 11:01:09.898152	[ERROR]	base_network.py	响应时间:992ms	广东省	珠海市	这里是日志信息......
2024-05-17 11:01:09.898152	[INFO]	shop_manager.py	响应时间:5081ms	广东省	广州市	这里是日志信息......
2024-05-17 11:01:09.898152	[INFO]	barcode_service.py	响应时间:393ms	广东省	广州市	这里是日志信息......
2024-05-17 11:01:09.898152	[INFO]	barcode_service.py	响应时间:871ms	湖南省	长沙市	这里是日志信息......
2024-05-17 11:01:09.898152	[ERROR]	user_manager.py	响应时间:892ms	安徽省	合肥市	这里是日志信息......
2024-05-17 11:01:09.898152	[INFO]	event.py	响应时间:563ms	江苏省	宿迁市	这里是日志信息......
2024-05-17 11:01:09.898152	[INFO]	event.py	响应时间:568ms	湖南省	长沙市	这里是日志信息......
2024-05-17 11:01:09.898152	[INFO]	event.py	响应时间:585ms	北京市	怀柔区	这里是日志信息......
2024-05-17 11:01:09.898152	[ERROR]	goods_manager.py	响应时间:374ms	安徽省	合肥市	这里是日志信息......
2024-05-17 11:01:09.898152	[WARN]	barcode_service.py	响应时间:653ms	江苏省	宿迁市	这里是日志信息......
2024-05-17 11:01:09.898152	[INFO]	event.py	响应时间:619ms	浙江省	金华市	这里是日志信息......
2024-05-17 11:01:09.898152	[INFO]	base_network.py	响应时间:765ms	安徽省	芜湖市	这里是日志信息......
2024-05-17 11:01:09.898152	[INFO]	barcode_service.py	响应时间:88ms	上海市	浦东新区	这里是日志信息......
2024-05-17 11:01:09.898152	[INFO]	orders_service.py	响应时间:73ms	湖南省	株洲市	这里是日志信息......
2024-05-17 11:01:09.898152	[INFO]	base_network.py	响应时间:3164ms	重庆市	涪陵区	这里是日志信息......
2024-05-17 11:01:09.898152	[INFO]	orders_service.py	响应时间:171ms	浙江省	杭州市	这里是日志信息......
2024-05-17 11:01:09.898152	[INFO]	base_network.py	响应时间:531ms	北京市	丰台区	这里是日志信息......
2024-05-17 11:01:09.898152	[INFO]	shop_manager.py	响应时间:584ms	湖北省	武汉市	这里是日志信息......
2024-05-17 11:01:09.898152	[WARN]	orders_service.py	响应时间:535ms	重庆市	万州区	这里是日志信息......
2024-05-17 11:01:09.898152	[INFO]	user_manager.py	响应时间:455ms	天津市	河东区	这里是日志信息......
2024-05-17 11:01:09.898152	[WARN]	goods_manager.py	响应时间:696ms	山东省	青岛市	这里是日志信息......
2024-05-17 11:01:09.898152	[INFO]	user_manager.py	响应时间:259ms	广东省	深圳市	这里是日志信息......
2024-05-17 11:01:09.898152	[INFO]	goods_manager.py	响应时间:384ms	湖南省	长沙市	这里是日志信息......
2024-05-17 11:01:09.898152	[INFO]	event.py	响应时间:133ms	北京市	海淀区	这里是日志信息......
2024-05-17 11:01:09.898152	[INFO]	event.py	响应时间:944ms	湖南省	常德市	这里是日志信息......
2024-05-17 11:01:09.898152	[WARN]	event.py	响应时间:59ms	重庆市	九龙坡区	这里是日志信息......
2024-05-17 11:01:09.898152	[INFO]	goods_manager.py	响应时间:359ms	湖北省	武汉市	这里是日志信息......
2024-05-17 11:01:09.898152	[INFO]	goods_manager.py	响应时间:528ms	广东省	广州市	这里是日志信息......
2024-05-17 11:01:09.898152	[INFO]	orders_service.py	响应时间:469ms	湖南省	长沙市	这里是日志信息......
2024-05-17 11:01:09.898152	[INFO]	base_network.py	响应时间:965ms	山东省	济南市	这里是日志信息......
2024-05-17 11:01:09.898152	[INFO]	event.py	响应时间:358ms	湖南省	长沙市	这里是日志信息......
2024-05-17 11:01:09.898152	[INFO]	base_network.py	响应时间:194ms	浙江省	绍兴市	这里是日志信息......
2024-05-17 11:01:09.898152	[INFO]	user_manager.py	响应时间:60ms	江苏省	张家港市	这里是日志信息......
2024-05-17 11:01:09.898152	[WARN]	event.py	响应时间:621ms	重庆市	万州区	这里是日志信息......
2024-05-17 11:01:09.898152	[INFO]	orders_service.py	响应时间:532ms	江苏省	苏州市	这里是日志信息......
2024-05-17 11:01:09.898152	[INFO]	orders_service.py	响应时间:453ms	湖南省	益阳市	这里是日志信息......
2024-05-17 11:01:09.898152	[INFO]	orders_service.py	响应时间:704ms	山东省	菏泽市	这里是日志信息......
2024-05-17 11:01:09.898152	[INFO]	barcode_service.py	响应时间:118ms	山东省	青岛市	这里是日志信息......
2024-05-17 11:01:09.898152	[INFO]	base_network.py	响应时间:977ms	湖北省	武汉市	这里是日志信息......
2024-05-17 11:01:09.898152	[INFO]	event.py	响应时间:328ms	重庆市	沙坪坝区	这里是日志信息......
2024-05-17 11:01:09.898152	[INFO]	orders_service.py	响应时间:285ms	浙江省	嘉兴市	这里是日志信息......
2024-05-17 11:01:09.898152	[INFO]	goods_manager.py	响应时间:170ms	天津市	宝坻区	这里是日志信息......
2024-05-17 11:01:09.898152	[INFO]	goods_manager.py	响应时间:479ms	北京市	怀柔区	这里是日志信息......
2024-05-17 11:01:09.898152	[INFO]	event.py	响应时间:813ms	湖南省	株洲市	这里是日志信息......
2024-05-17 11:01:09.898152	[INFO]	goods_manager.py	响应时间:643ms	湖南省	长沙市	这里是日志信息......
2024-05-17 11:01:09.898152	[INFO]	event.py	响应时间:1276ms	重庆市	涪陵区	这里是日志信息......
2024-05-17 11:01:09.898152	[INFO]	orders_service.py	响应时间:5316ms	湖北省	恩施土家族苗族自治州	这里是日志信息......
2024-05-17 11:01:09.898152	[INFO]	goods_manager.py	响应时间:353ms	重庆市	万州区	这里是日志信息......
2024-05-17 11:01:09.898152	[INFO]	event.py	响应时间:263ms	重庆市	万州区	这里是日志信息......
2024-05-17 11:01:09.898152	[INFO]	base_network.py	响应时间:138ms	浙江省	湖州市	这里是日志信息......
2024-05-17 11:01:09.898152	[INFO]	orders_service.py	响应时间:638ms	北京市	海淀区	这里是日志信息......
2024-05-17 11:01:09.898152	[INFO]	event.py	响应时间:107ms	湖北省	武汉市	这里是日志信息......
2024-05-17 11:01:09.898152	[INFO]	goods_manager.py	响应时间:929ms	北京市	怀柔区	这里是日志信息......
2024-05-17 11:01:09.898152	[INFO]	user_manager.py	响应时间:34ms	湖北省	武汉市	这里是日志信息......
2024-05-17 11:01:09.898152	[ERROR]	orders_service.py	响应时间:786ms	山东省	青岛市	这里是日志信息......
2024-05-17 11:01:09.898152	[INFO]	orders_service.py	响应时间:9481ms	安徽省	阜阳市	这里是日志信息......
2024-05-17 11:01:09.898152	[INFO]	goods_manager.py	响应时间:493ms	山东省	青岛市	这里是日志信息......
2024-05-17 11:01:09.899151	[INFO]	orders_service.py	响应时间:169ms	湖南省	长沙市	这里是日志信息......
2024-05-17 11:01:09.899151	[INFO]	orders_service.py	响应时间:401ms	广东省	广州市	这里是日志信息......
2024-05-17 11:01:09.899151	[INFO]	goods_manager.py	响应时间:620ms	北京市	海淀区	这里是日志信息......
2024-05-17 11:01:09.899151	[INFO]	orders_service.py	响应时间:150ms	山东省	青岛市	这里是日志信息......
2024-05-17 11:01:09.899151	[INFO]	event.py	响应时间:322ms	山东省	青岛市	这里是日志信息......
2024-05-17 11:01:09.899151	[INFO]	base_network.py	响应时间:850ms	湖南省	株洲市	这里是日志信息......
2024-05-17 11:01:09.899151	[ERROR]	event.py	响应时间:234ms	浙江省	嘉兴市	这里是日志信息......
2024-05-17 11:01:09.899151	[INFO]	orders_service.py	响应时间:561ms	北京市	海淀区	这里是日志信息......
2024-05-17 11:01:09.899151	[INFO]	goods_manager.py	响应时间:395ms	上海市	浦东新区	这里是日志信息......
2024-05-17 11:01:09.899151	[INFO]	event.py	响应时间:469ms	浙江省	嘉兴市	这里是日志信息......
2024-05-17 11:01:09.899151	[INFO]	goods_manager.py	响应时间:224ms	北京市	怀柔区	这里是日志信息......
2024-05-17 11:01:09.899151	[INFO]	goods_manager.py	响应时间:303ms	浙江省	嘉兴市	这里是日志信息......
2024-05-17 11:01:09.899151	[INFO]	event.py	响应时间:172ms	山东省	济南市	这里是日志信息......
2024-05-17 11:01:09.899151	[INFO]	barcode_service.py	响应时间:485ms	山东省	青岛市	这里是日志信息......
2024-05-17 11:01:09.899151	[WARN]	orders_service.py	响应时间:175ms	江苏省	南京市	这里是日志信息......
2024-05-17 11:01:09.899151	[INFO]	goods_manager.py	响应时间:986ms	天津市	宝坻区	这里是日志信息......
2024-05-17 11:01:09.899151	[INFO]	barcode_service.py	响应时间:189ms	北京市	昌平区	这里是日志信息......
2024-05-17 11:01:09.899151	[WARN]	barcode_service.py	响应时间:542ms	浙江省	舟山市	这里是日志信息......
2024-05-17 11:01:09.899151	[INFO]	user_manager.py	响应时间:375ms	湖北省	武汉市	这里是日志信息......
2024-05-17 11:01:09.899151	[INFO]	event.py	响应时间:7970ms	浙江省	杭州市	这里是日志信息......
2024-05-17 11:01:09.899151	[INFO]	barcode_service.py	响应时间:835ms	湖南省	长沙市	这里是日志信息......
2024-05-17 11:01:09.899151	[INFO]	base_network.py	响应时间:476ms	安徽省	池州市	这里是日志信息......
2024-05-17 11:01:09.899151	[INFO]	goods_manager.py	响应时间:504ms	天津市	河西区	这里是日志信息......
2024-05-17 11:01:09.899151	[INFO]	barcode_service.py	响应时间:345ms	湖北省	武汉市	这里是日志信息......
2024-05-17 11:01:09.899151	[INFO]	event.py	响应时间:460ms	山东省	菏泽市	这里是日志信息......
2024-05-17 11:01:09.899151	[INFO]	shop_manager.py	响应时间:704ms	湖南省	张家界市	这里是日志信息......
2024-05-17 11:01:09.899151	[INFO]	event.py	响应时间:337ms	广东省	深圳市	这里是日志信息......
2024-05-17 11:01:09.899151	[INFO]	goods_manager.py	响应时间:583ms	湖南省	长沙市	这里是日志信息......
2024-05-17 11:01:09.899151	[INFO]	orders_service.py	响应时间:591ms	湖南省	张家界市	这里是日志信息......
2024-05-17 11:01:09.899151	[INFO]	barcode_service.py	响应时间:381ms	广东省	广州市	这里是日志信息......
2024-05-17 11:01:09.899151	[INFO]	orders_service.py	响应时间:458ms	湖北省	武汉市	这里是日志信息......
2024-05-17 11:01:09.899151	[INFO]	goods_manager.py	响应时间:375ms	浙江省	湖州市	这里是日志信息......
2024-05-17 11:01:09.899151	[ERROR]	goods_manager.py	响应时间:414ms	湖南省	株洲市	这里是日志信息......
2024-05-17 11:01:09.899151	[INFO]	goods_manager.py	响应时间:775ms	上海市	杨浦区	这里是日志信息......
2024-05-17 11:01:09.899151	[WARN]	orders_service.py	响应时间:415ms	湖南省	长沙市	这里是日志信息......
2024-05-17 11:01:09.899151	[INFO]	event.py	响应时间:648ms	上海市	普陀区	这里是日志信息......
2024-05-17 11:01:09.899151	[INFO]	goods_manager.py	响应时间:181ms	浙江省	杭州市	这里是日志信息......
2024-05-17 11:01:09.899151	[INFO]	event.py	响应时间:100ms	浙江省	丽水市	这里是日志信息......
2024-05-17 11:01:09.899151	[INFO]	user_manager.py	响应时间:751ms	山东省	青岛市	这里是日志信息......
2024-05-17 11:01:09.899151	[INFO]	event.py	响应时间:877ms	北京市	海淀区	这里是日志信息......
2024-05-17 11:01:09.899151	[ERROR]	event.py	响应时间:56ms	安徽省	合肥市	这里是日志信息......
2024-05-17 11:01:09.899151	[INFO]	barcode_service.py	响应时间:672ms	重庆市	九龙坡区	这里是日志信息......
2024-05-17 11:01:09.899151	[WARN]	shop_manager.py	响应时间:413ms	山东省	青岛市	这里是日志信息......
2024-05-17 11:01:09.899151	[INFO]	base_network.py	响应时间:349ms	湖北省	武汉市	这里是日志信息......
2024-05-17 11:01:09.899151	[INFO]	orders_service.py	响应时间:123ms	浙江省	丽水市	这里是日志信息......
2024-05-17 11:01:09.899151	[INFO]	orders_service.py	响应时间:944ms	山东省	济南市	这里是日志信息......
2024-05-17 11:01:09.899151	[INFO]	orders_service.py	响应时间:900ms	北京市	大兴区	这里是日志信息......
2024-05-17 11:01:09.899151	[INFO]	base_network.py	响应时间:26ms	湖北省	恩施土家族苗族自治州	这里是日志信息......
2024-05-17 11:01:09.899151	[INFO]	event.py	响应时间:648ms	湖南省	长沙市	这里是日志信息......
2024-05-17 11:01:09.899151	[WARN]	base_network.py	响应时间:706ms	江苏省	无锡市	这里是日志信息......
2024-05-17 11:01:09.899151	[INFO]	event.py	响应时间:239ms	天津市	河东区	这里是日志信息......
2024-05-17 11:01:09.899151	[WARN]	user_manager.py	响应时间:738ms	湖北省	恩施土家族苗族自治州	这里是日志信息......
2024-05-17 11:01:09.899151	[INFO]	barcode_service.py	响应时间:930ms	重庆市	万州区	这里是日志信息......
2024-05-17 11:01:09.899151	[INFO]	orders_service.py	响应时间:257ms	北京市	海淀区	这里是日志信息......
2024-05-17 11:01:09.899151	[INFO]	shop_manager.py	响应时间:568ms	安徽省	铜陵市	这里是日志信息......
2024-05-17 11:01:09.899151	[WARN]	event.py	响应时间:900ms	浙江省	丽水市	这里是日志信息......
2024-05-17 11:01:09.899151	[WARN]	goods_manager.py	响应时间:62ms	山东省	青岛市	这里是日志信息......
2024-05-17 11:01:09.899151	[INFO]	barcode_service.py	响应时间:70ms	天津市	河东区	这里是日志信息......
2024-05-17 11:01:09.899151	[WARN]	event.py	响应时间:363ms	广东省	广州市	这里是日志信息......
2024-05-17 11:01:09.899151	[ERROR]	event.py	响应时间:559ms	天津市	武清区	这里是日志信息......
2024-05-17 11:01:09.899151	[INFO]	event.py	响应时间:456ms	上海市	普陀区	这里是日志信息......
2024-05-17 11:01:09.899151	[INFO]	event.py	响应时间:10ms	重庆市	南岸区	这里是日志信息......
2024-05-17 11:01:09.900155	[INFO]	shop_manager.py	响应时间:711ms	江苏省	南京市	这里是日志信息......
2024-05-17 11:01:09.900155	[INFO]	goods_manager.py	响应时间:28ms	广东省	广州市	这里是日志信息......
2024-05-17 11:01:09.900155	[INFO]	goods_manager.py	响应时间:945ms	浙江省	舟山市	这里是日志信息......
2024-05-17 11:01:09.900155	[INFO]	event.py	响应时间:752ms	江苏省	宿迁市	这里是日志信息......
2024-05-17 11:01:09.900155	[INFO]	user_manager.py	响应时间:44ms	天津市	河西区	这里是日志信息......
2024-05-17 11:01:09.900155	[INFO]	orders_service.py	响应时间:233ms	江苏省	宿迁市	这里是日志信息......
2024-05-17 11:01:09.900155	[INFO]	orders_service.py	响应时间:712ms	广东省	深圳市	这里是日志信息......
2024-05-17 11:01:09.900155	[INFO]	shop_manager.py	响应时间:4896ms	北京市	怀柔区	这里是日志信息......
2024-05-17 11:01:09.900155	[INFO]	orders_service.py	响应时间:881ms	湖北省	荆州市	这里是日志信息......
2024-05-17 11:01:09.900155	[INFO]	goods_manager.py	响应时间:44ms	广东省	深圳市	这里是日志信息......
2024-05-17 11:01:09.900155	[INFO]	shop_manager.py	响应时间:8469ms	江苏省	南京市	这里是日志信息......
2024-05-17 11:01:09.900155	[INFO]	event.py	响应时间:264ms	山东省	青岛市	这里是日志信息......
2024-05-17 11:01:09.900155	[INFO]	barcode_service.py	响应时间:763ms	湖北省	武汉市	这里是日志信息......
2024-05-17 11:01:09.900155	[INFO]	goods_manager.py	响应时间:818ms	广东省	深圳市	这里是日志信息......
2024-05-17 11:01:09.900155	[WARN]	shop_manager.py	响应时间:784ms	浙江省	绍兴市	这里是日志信息......
2024-05-17 11:01:09.900155	[WARN]	shop_manager.py	响应时间:533ms	广东省	深圳市	这里是日志信息......
2024-05-17 11:01:09.900155	[INFO]	goods_manager.py	响应时间:164ms	江苏省	苏州市	这里是日志信息......
2024-05-17 11:01:09.900155	[INFO]	goods_manager.py	响应时间:277ms	安徽省	池州市	这里是日志信息......
2024-05-17 11:01:09.900155	[WARN]	barcode_service.py	响应时间:4ms	山东省	菏泽市	这里是日志信息......
2024-05-17 11:01:09.900155	[INFO]	event.py	响应时间:77ms	重庆市	九龙坡区	这里是日志信息......
2024-05-17 11:01:09.900155	[INFO]	goods_manager.py	响应时间:51ms	天津市	和平区	这里是日志信息......
2024-05-17 11:01:09.900155	[INFO]	barcode_service.py	响应时间:408ms	浙江省	嘉兴市	这里是日志信息......
2024-05-17 11:01:09.900155	[INFO]	shop_manager.py	响应时间:8964ms	江苏省	宿迁市	这里是日志信息......
2024-05-17 11:01:09.900155	[INFO]	event.py	响应时间:723ms	天津市	宝坻区	这里是日志信息......
2024-05-17 11:01:09.900155	[INFO]	orders_service.py	响应时间:686ms	江苏省	南京市	这里是日志信息......
2024-05-17 11:01:09.900155	[INFO]	goods_manager.py	响应时间:124ms	天津市	河东区	这里是日志信息......
2024-05-17 11:01:09.900155	[INFO]	goods_manager.py	响应时间:473ms	江苏省	张家港市	这里是日志信息......
2024-05-17 11:01:09.900155	[WARN]	orders_service.py	响应时间:810ms	江苏省	南京市	这里是日志信息......
2024-05-17 11:01:09.900155	[INFO]	shop_manager.py	响应时间:972ms	安徽省	池州市	这里是日志信息......
2024-05-17 11:01:09.900155	[INFO]	orders_service.py	响应时间:519ms	北京市	丰台区	这里是日志信息......
2024-05-17 11:01:09.900155	[INFO]	user_manager.py	响应时间:616ms	广东省	珠海市	这里是日志信息......
2024-05-17 11:01:09.900155	[INFO]	event.py	响应时间:286ms	安徽省	阜阳市	这里是日志信息......
2024-05-17 11:01:09.900155	[WARN]	orders_service.py	响应时间:75ms	浙江省	嘉兴市	这里是日志信息......
2024-05-17 11:01:09.900155	[INFO]	orders_service.py	响应时间:457ms	北京市	昌平区	这里是日志信息......
2024-05-17 11:01:09.900155	[INFO]	goods_manager.py	响应时间:7198ms	江苏省	南京市	这里是日志信息......
2024-05-17 11:01:09.900155	[INFO]	event.py	响应时间:9106ms	北京市	丰台区	这里是日志信息......
2024-05-17 11:01:09.900155	[INFO]	barcode_service.py	响应时间:9980ms	天津市	宝坻区	这里是日志信息......
2024-05-17 11:01:09.900155	[INFO]	base_network.py	响应时间:4ms	天津市	武清区	这里是日志信息......
2024-05-17 11:01:09.900155	[INFO]	user_manager.py	响应时间:822ms	天津市	和平区	这里是日志信息......
2024-05-17 11:01:09.900155	[WARN]	event.py	响应时间:683ms	安徽省	合肥市	这里是日志信息......
2024-05-17 11:01:09.900155	[INFO]	barcode_service.py	响应时间:919ms	广东省	广州市	这里是日志信息......
2024-05-17 11:01:09.900155	[INFO]	barcode_service.py	响应时间:218ms	重庆市	渝中区	这里是日志信息......
2024-05-17 11:01:09.900155	[INFO]	orders_service.py	响应时间:839ms	上海市	杨浦区	这里是日志信息......
2024-05-17 11:01:09.900155	[INFO]	orders_service.py	响应时间:92ms	江苏省	张家港市	这里是日志信息......
2024-05-17 11:01:09.900155	[INFO]	orders_service.py	响应时间:52ms	北京市	海淀区	这里是日志信息......
2024-05-17 11:01:09.900155	[WARN]	event.py	响应时间:879ms	重庆市	涪陵区	这里是日志信息......
2024-05-17 11:01:09.900155	[INFO]	shop_manager.py	响应时间:932ms	山东省	青岛市	这里是日志信息......
2024-05-17 11:01:09.900155	[INFO]	barcode_service.py	响应时间:735ms	浙江省	舟山市	这里是日志信息......
2024-05-17 11:01:09.900155	[INFO]	orders_service.py	响应时间:289ms	江苏省	南京市	这里是日志信息......
2024-05-17 11:01:09.900155	[INFO]	goods_manager.py	响应时间:785ms	浙江省	金华市	这里是日志信息......
2024-05-17 11:01:09.900155	[INFO]	event.py	响应时间:366ms	安徽省	六安市	这里是日志信息......
2024-05-17 11:01:09.900155	[INFO]	goods_manager.py	响应时间:668ms	天津市	武清区	这里是日志信息......
2024-05-17 11:01:09.900155	[INFO]	user_manager.py	响应时间:744ms	湖南省	长沙市	这里是日志信息......
2024-05-17 11:01:09.900155	[INFO]	shop_manager.py	响应时间:624ms	北京市	丰台区	这里是日志信息......
2024-05-17 11:01:09.900155	[INFO]	barcode_service.py	响应时间:648ms	天津市	河东区	这里是日志信息......
2024-05-17 11:01:09.900155	[INFO]	goods_manager.py	响应时间:326ms	浙江省	杭州市	这里是日志信息......
2024-05-17 11:01:09.900155	[INFO]	event.py	响应时间:744ms	浙江省	丽水市	这里是日志信息......
2024-05-17 11:01:09.900155	[INFO]	goods_manager.py	响应时间:115ms	上海市	普陀区	这里是日志信息......
2024-05-17 11:01:09.900155	[WARN]	event.py	响应时间:482ms	湖南省	长沙市	这里是日志信息......
2024-05-17 11:01:09.900155	[INFO]	orders_service.py	响应时间:783ms	天津市	河西区	这里是日志信息......
2024-05-17 11:01:09.900155	[WARN]	barcode_service.py	响应时间:130ms	北京市	怀柔区	这里是日志信息......
2024-05-17 11:01:09.900155	[INFO]	goods_manager.py	响应时间:58ms	山东省	青岛市	这里是日志信息......
2024-05-17 11:01:09.900155	[INFO]	user_manager.py	响应时间:715ms	重庆市	沙坪坝区	这里是日志信息......
2024-05-17 11:01:09.900155	[INFO]	event.py	响应时间:910ms	湖北省	恩施土家族苗族自治州	这里是日志信息......
2024-05-17 11:01:09.900155	[INFO]	barcode_service.py	响应时间:822ms	湖北省	恩施土家族苗族自治州	这里是日志信息......
2024-05-17 11:01:09.900155	[INFO]	shop_manager.py	响应时间:949ms	广东省	广州市	这里是日志信息......
2024-05-17 11:01:09.900155	[INFO]	goods_manager.py	响应时间:360ms	安徽省	阜阳市	这里是日志信息......
2024-05-17 11:01:09.900155	[INFO]	event.py	响应时间:258ms	天津市	宝坻区	这里是日志信息......
2024-05-17 11:01:09.900155	[WARN]	orders_service.py	响应时间:319ms	上海市	黄浦区	这里是日志信息......
2024-05-17 11:01:09.900155	[INFO]	shop_manager.py	响应时间:10ms	北京市	昌平区	这里是日志信息......
2024-05-17 11:01:09.900155	[INFO]	goods_manager.py	响应时间:796ms	广东省	珠海市	这里是日志信息......
2024-05-17 11:01:09.900155	[INFO]	user_manager.py	响应时间:55ms	江苏省	苏州市	这里是日志信息......
2024-05-17 11:01:09.900155	[INFO]	event.py	响应时间:455ms	上海市	黄浦区	这里是日志信息......
2024-05-17 11:01:09.900155	[ERROR]	event.py	响应时间:874ms	上海市	黄浦区	这里是日志信息......
2024-05-17 11:01:09.900155	[INFO]	goods_manager.py	响应时间:278ms	江苏省	张家港市	这里是日志信息......
2024-05-17 11:01:09.900155	[INFO]	event.py	响应时间:169ms	湖北省	武汉市	这里是日志信息......
2024-05-17 11:01:09.900155	[INFO]	event.py	响应时间:269ms	重庆市	渝中区	这里是日志信息......
2024-05-17 11:01:09.900155	[INFO]	user_manager.py	响应时间:949ms	重庆市	九龙坡区	这里是日志信息......
2024-05-17 11:01:09.900155	[INFO]	user_manager.py	响应时间:67ms	山东省	菏泽市	这里是日志信息......
2024-05-17 11:01:09.900155	[INFO]	barcode_service.py	响应时间:434ms	湖南省	株洲市	这里是日志信息......
2024-05-17 11:01:09.900155	[INFO]	orders_service.py	响应时间:31ms	湖北省	恩施土家族苗族自治州	这里是日志信息......
2024-05-17 11:01:09.900155	[WARN]	goods_manager.py	响应时间:611ms	北京市	丰台区	这里是日志信息......
2024-05-17 11:01:09.900155	[INFO]	goods_manager.py	响应时间:894ms	江苏省	南京市	这里是日志信息......
2024-05-17 11:01:09.900155	[INFO]	event.py	响应时间:234ms	湖南省	长沙市	这里是日志信息......
2024-05-17 11:01:09.900155	[INFO]	event.py	响应时间:115ms	江苏省	无锡市	这里是日志信息......
2024-05-17 11:01:09.900155	[INFO]	event.py	响应时间:705ms	上海市	普陀区	这里是日志信息......
2024-05-17 11:01:09.900155	[INFO]	event.py	响应时间:398ms	广东省	广州市	这里是日志信息......
2024-05-17 11:01:09.900155	[INFO]	goods_manager.py	响应时间:931ms	山东省	青岛市	这里是日志信息......
2024-05-17 11:01:09.901232	[WARN]	event.py	响应时间:906ms	广东省	珠海市	这里是日志信息......
2024-05-17 11:01:09.901232	[INFO]	base_network.py	响应时间:380ms	浙江省	丽水市	这里是日志信息......
2024-05-17 11:01:09.901232	[INFO]	user_manager.py	响应时间:706ms	湖南省	益阳市	这里是日志信息......
2024-05-17 11:01:09.901232	[INFO]	shop_manager.py	响应时间:346ms	安徽省	六安市	这里是日志信息......
2024-05-17 11:01:09.901232	[INFO]	user_manager.py	响应时间:461ms	湖南省	株洲市	这里是日志信息......
2024-05-17 11:01:09.901232	[INFO]	base_network.py	响应时间:658ms	安徽省	阜阳市	这里是日志信息......
2024-05-17 11:01:09.901232	[INFO]	base_network.py	响应时间:3848ms	北京市	大兴区	这里是日志信息......
2024-05-17 11:01:09.901232	[INFO]	barcode_service.py	响应时间:629ms	湖南省	长沙市	这里是日志信息......
2024-05-17 11:01:09.901232	[WARN]	goods_manager.py	响应时间:144ms	山东省	青岛市	这里是日志信息......
2024-05-17 11:01:09.901232	[INFO]	shop_manager.py	响应时间:259ms	江苏省	苏州市	这里是日志信息......
2024-05-17 11:01:09.901232	[INFO]	orders_service.py	响应时间:207ms	安徽省	合肥市	这里是日志信息......
2024-05-17 11:01:09.901232	[INFO]	goods_manager.py	响应时间:885ms	广东省	深圳市	这里是日志信息......
2024-05-17 11:01:09.901232	[INFO]	event.py	响应时间:393ms	重庆市	沙坪坝区	这里是日志信息......
2024-05-17 11:01:09.901232	[INFO]	barcode_service.py	响应时间:919ms	浙江省	杭州市	这里是日志信息......
2024-05-17 11:01:09.901232	[WARN]	event.py	响应时间:364ms	安徽省	六安市	这里是日志信息......
2024-05-17 11:01:09.901232	[INFO]	event.py	响应时间:949ms	重庆市	九龙坡区	这里是日志信息......
2024-05-17 11:01:09.901232	[WARN]	base_network.py	响应时间:827ms	上海市	杨浦区	这里是日志信息......
2024-05-17 11:01:09.901232	[INFO]	base_network.py	响应时间:281ms	上海市	徐汇区	这里是日志信息......
2024-05-17 11:01:09.901232	[INFO]	event.py	响应时间:213ms	浙江省	杭州市	这里是日志信息......
2024-05-17 11:01:09.901232	[INFO]	shop_manager.py	响应时间:553ms	浙江省	嘉兴市	这里是日志信息......
2024-05-17 11:01:09.901232	[ERROR]	event.py	响应时间:79ms	湖北省	武汉市	这里是日志信息......
2024-05-17 11:01:09.901232	[WARN]	event.py	响应时间:598ms	湖南省	长沙市	这里是日志信息......
2024-05-17 11:01:09.901232	[INFO]	orders_service.py	响应时间:938ms	安徽省	合肥市	这里是日志信息......
2024-05-17 11:01:09.901232	[INFO]	user_manager.py	响应时间:791ms	湖南省	株洲市	这里是日志信息......
2024-05-17 11:01:09.901232	[INFO]	orders_service.py	响应时间:288ms	山东省	济南市	这里是日志信息......
2024-05-17 11:01:09.901232	[INFO]	orders_service.py	响应时间:287ms	北京市	丰台区	这里是日志信息......
2024-05-17 11:01:09.901232	[INFO]	event.py	响应时间:826ms	上海市	黄浦区	这里是日志信息......
2024-05-17 11:01:09.901232	[INFO]	orders_service.py	响应时间:878ms	浙江省	金华市	这里是日志信息......
2024-05-17 11:01:09.901232	[INFO]	user_manager.py	响应时间:129ms	北京市	昌平区	这里是日志信息......
2024-05-17 11:01:09.901232	[INFO]	base_network.py	响应时间:303ms	湖南省	株洲市	这里是日志信息......
2024-05-17 11:01:09.901232	[INFO]	event.py	响应时间:311ms	江苏省	宿迁市	这里是日志信息......
2024-05-17 11:01:09.901232	[INFO]	shop_manager.py	响应时间:274ms	江苏省	苏州市	这里是日志信息......
2024-05-17 11:01:09.901232	[INFO]	user_manager.py	响应时间:427ms	北京市	丰台区	这里是日志信息......
2024-05-17 11:01:09.901232	[INFO]	goods_manager.py	响应时间:668ms	广东省	珠海市	这里是日志信息......
2024-05-17 11:01:09.901232	[INFO]	event.py	响应时间:121ms	重庆市	九龙坡区	这里是日志信息......
2024-05-17 11:01:09.901232	[WARN]	user_manager.py	响应时间:283ms	广东省	珠海市	这里是日志信息......
2024-05-17 11:01:09.901232	[INFO]	shop_manager.py	响应时间:321ms	上海市	徐汇区	这里是日志信息......
2024-05-17 11:01:09.901232	[INFO]	orders_service.py	响应时间:9087ms	山东省	青岛市	这里是日志信息......
2024-05-17 11:01:09.901232	[INFO]	user_manager.py	响应时间:275ms	天津市	武清区	这里是日志信息......
2024-05-17 11:01:09.901232	[INFO]	goods_manager.py	响应时间:229ms	重庆市	九龙坡区	这里是日志信息......
2024-05-17 11:01:09.901232	[WARN]	shop_manager.py	响应时间:50ms	浙江省	嘉兴市	这里是日志信息......
2024-05-17 11:01:09.901232	[INFO]	orders_service.py	响应时间:264ms	山东省	青岛市	这里是日志信息......
2024-05-17 11:01:09.901232	[INFO]	event.py	响应时间:63ms	重庆市	沙坪坝区	这里是日志信息......
2024-05-17 11:01:09.901232	[INFO]	event.py	响应时间:850ms	上海市	浦东新区	这里是日志信息......
2024-05-17 11:01:09.901232	[INFO]	barcode_service.py	响应时间:840ms	重庆市	万州区	这里是日志信息......
2024-05-17 11:01:09.901232	[INFO]	event.py	响应时间:898ms	广东省	深圳市	这里是日志信息......
2024-05-17 11:01:09.901232	[ERROR]	event.py	响应时间:730ms	广东省	广州市	这里是日志信息......
2024-05-17 11:01:09.901232	[INFO]	shop_manager.py	响应时间:520ms	重庆市	沙坪坝区	这里是日志信息......
2024-05-17 11:01:09.901232	[INFO]	user_manager.py	响应时间:4247ms	湖南省	长沙市	这里是日志信息......
2024-05-17 11:01:09.901232	[WARN]	orders_service.py	响应时间:686ms	天津市	武清区	这里是日志信息......
2024-05-17 11:01:09.901232	[INFO]	orders_service.py	响应时间:368ms	天津市	河西区	这里是日志信息......
2024-05-17 11:01:09.901232	[INFO]	base_network.py	响应时间:949ms	湖南省	益阳市	这里是日志信息......
2024-05-17 11:01:09.901232	[INFO]	orders_service.py	响应时间:512ms	安徽省	六安市	这里是日志信息......
2024-05-17 11:01:09.901232	[INFO]	goods_manager.py	响应时间:742ms	安徽省	阜阳市	这里是日志信息......
2024-05-17 11:01:09.901232	[INFO]	base_network.py	响应时间:937ms	广东省	珠海市	这里是日志信息......
2024-05-17 11:01:09.901232	[INFO]	user_manager.py	响应时间:246ms	浙江省	湖州市	这里是日志信息......
2024-05-17 11:01:09.901232	[INFO]	base_network.py	响应时间:776ms	湖南省	株洲市	这里是日志信息......
2024-05-17 11:01:09.901232	[INFO]	orders_service.py	响应时间:364ms	湖南省	长沙市	这里是日志信息......
2024-05-17 11:01:09.901232	[INFO]	barcode_service.py	响应时间:853ms	湖南省	长沙市	这里是日志信息......
2024-05-17 11:01:09.901232	[INFO]	event.py	响应时间:184ms	重庆市	万州区	这里是日志信息......
2024-05-17 11:01:09.901232	[INFO]	barcode_service.py	响应时间:762ms	上海市	普陀区	这里是日志信息......
2024-05-17 11:01:09.901232	[WARN]	goods_manager.py	响应时间:165ms	天津市	河东区	这里是日志信息......
2024-05-17 11:01:09.901232	[INFO]	orders_service.py	响应时间:499ms	浙江省	舟山市	这里是日志信息......
2024-05-17 11:01:09.901232	[INFO]	event.py	响应时间:733ms	安徽省	铜陵市	这里是日志信息......
2024-05-17 11:01:09.901232	[INFO]	event.py	响应时间:910ms	广东省	深圳市	这里是日志信息......
2024-05-17 11:01:09.901232	[INFO]	event.py	响应时间:625ms	重庆市	涪陵区	这里是日志信息......
2024-05-17 11:01:09.901232	[INFO]	event.py	响应时间:583ms	重庆市	万州区	这里是日志信息......
2024-05-17 11:01:09.901232	[INFO]	orders_service.py	响应时间:731ms	北京市	朝阳区	这里是日志信息......
2024-05-17 11:01:09.901232	[INFO]	goods_manager.py	响应时间:279ms	北京市	怀柔区	这里是日志信息......
2024-05-17 11:01:09.901232	[INFO]	event.py	响应时间:580ms	广东省	珠海市	这里是日志信息......
2024-05-17 11:01:09.901232	[INFO]	base_network.py	响应时间:390ms	天津市	河西区	这里是日志信息......
2024-05-17 11:01:09.901232	[INFO]	event.py	响应时间:147ms	天津市	河西区	这里是日志信息......
2024-05-17 11:01:09.901232	[INFO]	event.py	响应时间:88ms	江苏省	南京市	这里是日志信息......
2024-05-17 11:01:09.901232	[INFO]	goods_manager.py	响应时间:862ms	广东省	深圳市	这里是日志信息......
2024-05-17 11:01:09.901232	[WARN]	user_manager.py	响应时间:890ms	湖南省	长沙市	这里是日志信息......
2024-05-17 11:01:09.902204	[INFO]	event.py	响应时间:815ms	上海市	宝山区	这里是日志信息......
2024-05-17 11:01:09.902204	[INFO]	barcode_service.py	响应时间:446ms	江苏省	宿迁市	这里是日志信息......
2024-05-17 11:01:09.902204	[INFO]	event.py	响应时间:87ms	江苏省	南京市	这里是日志信息......
2024-05-17 11:01:09.902204	[INFO]	event.py	响应时间:650ms	江苏省	南京市	这里是日志信息......
2024-05-17 11:01:09.902204	[INFO]	shop_manager.py	响应时间:161ms	江苏省	苏州市	这里是日志信息......
2024-05-17 11:01:09.902204	[INFO]	goods_manager.py	响应时间:132ms	湖南省	长沙市	这里是日志信息......
2024-05-17 11:01:09.902204	[INFO]	event.py	响应时间:498ms	山东省	菏泽市	这里是日志信息......
2024-05-17 11:01:09.902204	[INFO]	user_manager.py	响应时间:944ms	天津市	武清区	这里是日志信息......
2024-05-17 11:01:09.902204	[INFO]	shop_manager.py	响应时间:322ms	湖南省	长沙市	这里是日志信息......
2024-05-17 11:01:09.902204	[ERROR]	orders_service.py	响应时间:161ms	天津市	河东区	这里是日志信息......
2024-05-17 11:01:09.902204	[WARN]	goods_manager.py	响应时间:385ms	浙江省	杭州市	这里是日志信息......
2024-05-17 11:01:09.902204	[INFO]	goods_manager.py	响应时间:468ms	广东省	深圳市	这里是日志信息......
2024-05-17 11:01:09.902204	[INFO]	barcode_service.py	响应时间:37ms	湖南省	长沙市	这里是日志信息......
2024-05-17 11:01:09.902204	[INFO]	goods_manager.py	响应时间:108ms	江苏省	常州市	这里是日志信息......
2024-05-17 11:01:09.902204	[INFO]	event.py	响应时间:668ms	山东省	济南市	这里是日志信息......
2024-05-17 11:01:09.902204	[INFO]	goods_manager.py	响应时间:800ms	北京市	大兴区	这里是日志信息......
2024-05-17 11:01:09.902204	[INFO]	event.py	响应时间:779ms	山东省	青岛市	这里是日志信息......
2024-05-17 11:01:09.902204	[INFO]	goods_manager.py	响应时间:847ms	广东省	深圳市	这里是日志信息......
2024-05-17 11:01:09.902204	[ERROR]	base_network.py	响应时间:1ms	天津市	河西区	这里是日志信息......
2024-05-17 11:01:09.902204	[INFO]	orders_service.py	响应时间:128ms	安徽省	合肥市	这里是日志信息......
2024-05-17 11:01:09.902204	[INFO]	event.py	响应时间:993ms	浙江省	金华市	这里是日志信息......
2024-05-17 11:01:09.902204	[INFO]	orders_service.py	响应时间:137ms	安徽省	六安市	这里是日志信息......
2024-05-17 11:01:09.902204	[INFO]	goods_manager.py	响应时间:264ms	安徽省	芜湖市	这里是日志信息......
2024-05-17 11:01:09.902204	[WARN]	event.py	响应时间:394ms	安徽省	池州市	这里是日志信息......
2024-05-17 11:01:09.902204	[INFO]	base_network.py	响应时间:283ms	安徽省	阜阳市	这里是日志信息......
2024-05-17 11:01:09.902204	[INFO]	shop_manager.py	响应时间:741ms	北京市	朝阳区	这里是日志信息......
2024-05-17 11:01:09.902204	[INFO]	barcode_service.py	响应时间:854ms	上海市	静安区	这里是日志信息......
2024-05-17 11:01:09.902204	[INFO]	goods_manager.py	响应时间:815ms	北京市	海淀区	这里是日志信息......
2024-05-17 11:01:09.902204	[INFO]	base_network.py	响应时间:748ms	安徽省	铜陵市	这里是日志信息......
2024-05-17 11:01:09.902204	[INFO]	event.py	响应时间:481ms	天津市	和平区	这里是日志信息......
2024-05-17 11:01:09.902204	[INFO]	goods_manager.py	响应时间:749ms	浙江省	杭州市	这里是日志信息......
2024-05-17 11:01:09.902204	[INFO]	barcode_service.py	响应时间:398ms	重庆市	沙坪坝区	这里是日志信息......
2024-05-17 11:01:09.902204	[INFO]	event.py	响应时间:59ms	山东省	济南市	这里是日志信息......
2024-05-17 11:01:09.902204	[INFO]	goods_manager.py	响应时间:200ms	浙江省	湖州市	这里是日志信息......
2024-05-17 11:01:09.902204	[INFO]	shop_manager.py	响应时间:754ms	江苏省	无锡市	这里是日志信息......
2024-05-17 11:01:09.902204	[ERROR]	user_manager.py	响应时间:669ms	广东省	深圳市	这里是日志信息......
2024-05-17 11:01:09.902204	[INFO]	base_network.py	响应时间:62ms	上海市	浦东新区	这里是日志信息......
2024-05-17 11:01:09.902204	[INFO]	orders_service.py	响应时间:939ms	北京市	朝阳区	这里是日志信息......
2024-05-17 11:01:09.902204	[INFO]	goods_manager.py	响应时间:176ms	湖北省	荆州市	这里是日志信息......
2024-05-17 11:01:09.902204	[INFO]	orders_service.py	响应时间:736ms	江苏省	南京市	这里是日志信息......
2024-05-17 11:01:09.902204	[INFO]	event.py	响应时间:849ms	湖北省	荆州市	这里是日志信息......
2024-05-17 11:01:09.902204	[INFO]	shop_manager.py	响应时间:44ms	重庆市	南岸区	这里是日志信息......
2024-05-17 11:01:09.902204	[INFO]	user_manager.py	响应时间:128ms	广东省	珠海市	这里是日志信息......
2024-05-17 11:01:09.902204	[INFO]	orders_service.py	响应时间:124ms	湖北省	恩施土家族苗族自治州	这里是日志信息......
2024-05-17 11:01:09.902204	[WARN]	goods_manager.py	响应时间:517ms	安徽省	合肥市	这里是日志信息......
2024-05-17 11:01:09.902204	[INFO]	shop_manager.py	响应时间:767ms	北京市	大兴区	这里是日志信息......
2024-05-17 11:01:09.902204	[INFO]	event.py	响应时间:768ms	安徽省	合肥市	这里是日志信息......
2024-05-17 11:01:09.902204	[INFO]	barcode_service.py	响应时间:275ms	江苏省	南京市	这里是日志信息......
2024-05-17 11:01:09.902204	[INFO]	barcode_service.py	响应时间:313ms	重庆市	万州区	这里是日志信息......
2024-05-17 11:01:09.902204	[INFO]	event.py	响应时间:271ms	安徽省	六安市	这里是日志信息......
2024-05-17 11:01:09.902204	[WARN]	goods_manager.py	响应时间:598ms	山东省	青岛市	这里是日志信息......
2024-05-17 11:01:09.902204	[INFO]	event.py	响应时间:774ms	重庆市	涪陵区	这里是日志信息......
2024-05-17 11:01:09.902204	[INFO]	orders_service.py	响应时间:934ms	上海市	浦东新区	这里是日志信息......
2024-05-17 11:01:09.902204	[INFO]	orders_service.py	响应时间:240ms	浙江省	舟山市	这里是日志信息......
2024-05-17 11:01:09.902204	[WARN]	shop_manager.py	响应时间:451ms	安徽省	阜阳市	这里是日志信息......
2024-05-17 11:01:09.902204	[INFO]	user_manager.py	响应时间:522ms	浙江省	杭州市	这里是日志信息......
2024-05-17 11:01:09.902204	[WARN]	shop_manager.py	响应时间:648ms	浙江省	杭州市	这里是日志信息......
2024-05-17 11:01:09.902204	[WARN]	orders_service.py	响应时间:751ms	安徽省	阜阳市	这里是日志信息......
2024-05-17 11:01:09.902204	[INFO]	event.py	响应时间:469ms	广东省	广州市	这里是日志信息......
2024-05-17 11:01:09.902204	[INFO]	user_manager.py	响应时间:41ms	安徽省	阜阳市	这里是日志信息......
2024-05-17 11:01:09.902204	[INFO]	goods_manager.py	响应时间:3896ms	北京市	海淀区	这里是日志信息......
2024-05-17 11:01:09.902204	[INFO]	event.py	响应时间:528ms	北京市	大兴区	这里是日志信息......
2024-05-17 11:01:09.902204	[WARN]	user_manager.py	响应时间:154ms	广东省	广州市	这里是日志信息......
2024-05-17 11:01:09.902204	[INFO]	barcode_service.py	响应时间:217ms	湖北省	武汉市	这里是日志信息......
2024-05-17 11:01:09.902204	[INFO]	goods_manager.py	响应时间:553ms	天津市	河东区	这里是日志信息......
2024-05-17 11:01:09.902204	[INFO]	user_manager.py	响应时间:978ms	天津市	河东区	这里是日志信息......
2024-05-17 11:01:09.902204	[INFO]	goods_manager.py	响应时间:254ms	安徽省	阜阳市	这里是日志信息......
2024-05-17 11:01:09.902204	[INFO]	orders_service.py	响应时间:492ms	重庆市	万州区	这里是日志信息......
2024-05-17 11:01:09.902204	[INFO]	event.py	响应时间:2ms	江苏省	张家港市	这里是日志信息......
2024-05-17 11:01:09.902204	[INFO]	barcode_service.py	响应时间:445ms	浙江省	丽水市	这里是日志信息......
2024-05-17 11:01:09.902204	[INFO]	orders_service.py	响应时间:396ms	天津市	和平区	这里是日志信息......
2024-05-17 11:01:09.902204	[INFO]	goods_manager.py	响应时间:229ms	湖南省	长沙市	这里是日志信息......
2024-05-17 11:01:09.902204	[INFO]	goods_manager.py	响应时间:571ms	广东省	广州市	这里是日志信息......
2024-05-17 11:01:09.902204	[INFO]	orders_service.py	响应时间:177ms	安徽省	芜湖市	这里是日志信息......
2024-05-17 11:01:09.902204	[INFO]	goods_manager.py	响应时间:104ms	山东省	青岛市	这里是日志信息......
2024-05-17 11:01:09.902204	[INFO]	event.py	响应时间:357ms	天津市	河东区	这里是日志信息......
2024-05-17 11:01:09.902204	[INFO]	goods_manager.py	响应时间:300ms	广东省	广州市	这里是日志信息......
2024-05-17 11:01:09.902204	[INFO]	base_network.py	响应时间:446ms	湖南省	长沙市	这里是日志信息......
2024-05-17 11:01:09.902204	[INFO]	shop_manager.py	响应时间:906ms	重庆市	渝中区	这里是日志信息......
2024-05-17 11:01:09.902204	[INFO]	user_manager.py	响应时间:567ms	上海市	浦东新区	这里是日志信息......
2024-05-17 11:01:09.902204	[INFO]	orders_service.py	响应时间:374ms	上海市	普陀区	这里是日志信息......
2024-05-17 11:01:09.902204	[WARN]	orders_service.py	响应时间:314ms	湖北省	恩施土家族苗族自治州	这里是日志信息......
2024-05-17 11:01:09.902204	[WARN]	orders_service.py	响应时间:437ms	安徽省	池州市	这里是日志信息......
2024-05-17 11:01:09.902204	[INFO]	barcode_service.py	响应时间:697ms	广东省	广州市	这里是日志信息......
2024-05-17 11:01:09.902204	[INFO]	event.py	响应时间:919ms	浙江省	嘉兴市	这里是日志信息......
2024-05-17 11:01:09.902204	[INFO]	shop_manager.py	响应时间:273ms	湖北省	武汉市	这里是日志信息......
2024-05-17 11:01:09.902204	[INFO]	orders_service.py	响应时间:577ms	江苏省	宿迁市	这里是日志信息......
2024-05-17 11:01:09.903259	[INFO]	user_manager.py	响应时间:209ms	江苏省	南京市	这里是日志信息......
2024-05-17 11:01:09.903259	[INFO]	base_network.py	响应时间:174ms	浙江省	湖州市	这里是日志信息......
2024-05-17 11:01:09.903259	[INFO]	event.py	响应时间:337ms	湖南省	长沙市	这里是日志信息......
2024-05-17 11:01:09.903259	[INFO]	shop_manager.py	响应时间:16ms	湖北省	武汉市	这里是日志信息......
2024-05-17 11:01:09.903259	[ERROR]	barcode_service.py	响应时间:700ms	天津市	宝坻区	这里是日志信息......
2024-05-17 11:01:09.903259	[INFO]	orders_service.py	响应时间:682ms	湖北省	武汉市	这里是日志信息......
2024-05-17 11:01:09.903259	[INFO]	user_manager.py	响应时间:291ms	重庆市	渝中区	这里是日志信息......
2024-05-17 11:01:09.903259	[WARN]	user_manager.py	响应时间:691ms	浙江省	湖州市	这里是日志信息......
2024-05-17 11:01:09.903259	[INFO]	orders_service.py	响应时间:548ms	湖南省	长沙市	这里是日志信息......
2024-05-17 11:01:09.903259	[ERROR]	orders_service.py	响应时间:78ms	浙江省	杭州市	这里是日志信息......
2024-05-17 11:01:09.903259	[INFO]	barcode_service.py	响应时间:6ms	山东省	济南市	这里是日志信息......
2024-05-17 11:01:09.903259	[INFO]	event.py	响应时间:328ms	上海市	静安区	这里是日志信息......
2024-05-17 11:01:09.903259	[INFO]	event.py	响应时间:513ms	江苏省	南京市	这里是日志信息......
2024-05-17 11:01:09.903259	[INFO]	barcode_service.py	响应时间:447ms	浙江省	丽水市	这里是日志信息......
2024-05-17 11:01:09.903259	[INFO]	user_manager.py	响应时间:303ms	湖北省	荆州市	这里是日志信息......
2024-05-17 11:01:09.903259	[INFO]	goods_manager.py	响应时间:317ms	天津市	武清区	这里是日志信息......
2024-05-17 11:01:09.903259	[INFO]	user_manager.py	响应时间:698ms	山东省	济南市	这里是日志信息......
2024-05-17 11:01:09.903259	[INFO]	orders_service.py	响应时间:227ms	浙江省	丽水市	这里是日志信息......
2024-05-17 11:01:09.903259	[WARN]	base_network.py	响应时间:878ms	广东省	深圳市	这里是日志信息......
2024-05-17 11:01:09.903259	[WARN]	goods_manager.py	响应时间:240ms	上海市	徐汇区	这里是日志信息......
2024-05-17 11:01:09.903259	[INFO]	goods_manager.py	响应时间:988ms	湖南省	株洲市	这里是日志信息......
2024-05-17 11:01:09.903259	[WARN]	orders_service.py	响应时间:106ms	湖北省	十堰市	这里是日志信息......
2024-05-17 11:01:09.903259	[INFO]	event.py	响应时间:838ms	江苏省	张家港市	这里是日志信息......
2024-05-17 11:01:09.903259	[INFO]	event.py	响应时间:598ms	重庆市	万州区	这里是日志信息......
2024-05-17 11:01:09.903259	[INFO]	event.py	响应时间:329ms	广东省	深圳市	这里是日志信息......
2024-05-17 11:01:09.903259	[INFO]	base_network.py	响应时间:185ms	湖南省	长沙市	这里是日志信息......
2024-05-17 11:01:09.903259	[INFO]	orders_service.py	响应时间:283ms	湖北省	恩施土家族苗族自治州	这里是日志信息......
2024-05-17 11:01:09.903259	[INFO]	user_manager.py	响应时间:369ms	广东省	广州市	这里是日志信息......
2024-05-17 11:01:09.903259	[INFO]	event.py	响应时间:303ms	重庆市	涪陵区	这里是日志信息......
2024-05-17 11:01:09.903259	[INFO]	event.py	响应时间:442ms	重庆市	涪陵区	这里是日志信息......
2024-05-17 11:01:09.903259	[INFO]	base_network.py	响应时间:563ms	天津市	河西区	这里是日志信息......
2024-05-17 11:01:09.903259	[INFO]	user_manager.py	响应时间:831ms	重庆市	南岸区	这里是日志信息......
2024-05-17 11:01:09.903259	[WARN]	shop_manager.py	响应时间:845ms	安徽省	阜阳市	这里是日志信息......
2024-05-17 11:01:09.903259	[WARN]	orders_service.py	响应时间:469ms	湖南省	张家界市	这里是日志信息......
2024-05-17 11:01:09.903259	[INFO]	event.py	响应时间:615ms	广东省	深圳市	这里是日志信息......
2024-05-17 11:01:09.903259	[INFO]	goods_manager.py	响应时间:206ms	浙江省	杭州市	这里是日志信息......
2024-05-17 11:01:09.903259	[INFO]	orders_service.py	响应时间:407ms	山东省	青岛市	这里是日志信息......
2024-05-17 11:01:09.903259	[INFO]	orders_service.py	响应时间:219ms	上海市	杨浦区	这里是日志信息......
2024-05-17 11:01:09.903259	[INFO]	user_manager.py	响应时间:88ms	北京市	海淀区	这里是日志信息......
2024-05-17 11:01:09.903259	[INFO]	orders_service.py	响应时间:974ms	重庆市	万州区	这里是日志信息......
2024-05-17 11:01:09.903259	[WARN]	event.py	响应时间:674ms	安徽省	铜陵市	这里是日志信息......
2024-05-17 11:01:09.903259	[INFO]	goods_manager.py	响应时间:517ms	上海市	黄浦区	这里是日志信息......
2024-05-17 11:01:09.903259	[INFO]	shop_manager.py	响应时间:210ms	湖南省	张家界市	这里是日志信息......
2024-05-17 11:01:09.903259	[INFO]	barcode_service.py	响应时间:38ms	湖南省	长沙市	这里是日志信息......
2024-05-17 11:01:09.903259	[INFO]	event.py	响应时间:544ms	山东省	青岛市	这里是日志信息......
2024-05-17 11:01:09.903259	[INFO]	orders_service.py	响应时间:870ms	山东省	济南市	这里是日志信息......
2024-05-17 11:01:09.903259	[INFO]	goods_manager.py	响应时间:169ms	湖北省	荆州市	这里是日志信息......
2024-05-17 11:01:09.903259	[INFO]	barcode_service.py	响应时间:171ms	山东省	济南市	这里是日志信息......
2024-05-17 11:01:09.903259	[WARN]	goods_manager.py	响应时间:607ms	浙江省	金华市	这里是日志信息......
2024-05-17 11:01:09.903259	[INFO]	orders_service.py	响应时间:941ms	天津市	和平区	这里是日志信息......
2024-05-17 11:01:09.903259	[WARN]	barcode_service.py	响应时间:898ms	上海市	徐汇区	这里是日志信息......
2024-05-17 11:01:09.903259	[INFO]	barcode_service.py	响应时间:16ms	天津市	河东区	这里是日志信息......
2024-05-17 11:01:09.903259	[INFO]	orders_service.py	响应时间:834ms	重庆市	万州区	这里是日志信息......
2024-05-17 11:01:09.903259	[INFO]	barcode_service.py	响应时间:245ms	广东省	广州市	这里是日志信息......
2024-05-17 11:01:09.903259	[INFO]	event.py	响应时间:188ms	安徽省	阜阳市	这里是日志信息......
2024-05-17 11:01:09.903259	[INFO]	goods_manager.py	响应时间:375ms	安徽省	合肥市	这里是日志信息......
2024-05-17 11:01:09.903259	[INFO]	orders_service.py	响应时间:930ms	广东省	深圳市	这里是日志信息......
2024-05-17 11:01:09.903259	[INFO]	event.py	响应时间:756ms	重庆市	涪陵区	这里是日志信息......
2024-05-17 11:01:09.903259	[INFO]	goods_manager.py	响应时间:5498ms	浙江省	丽水市	这里是日志信息......
2024-05-17 11:01:09.903259	[INFO]	barcode_service.py	响应时间:733ms	重庆市	沙坪坝区	这里是日志信息......
2024-05-17 11:01:09.903259	[ERROR]	event.py	响应时间:235ms	湖南省	长沙市	这里是日志信息......
2024-05-17 11:01:09.903259	[WARN]	event.py	响应时间:962ms	重庆市	沙坪坝区	这里是日志信息......
2024-05-17 11:01:09.903259	[INFO]	event.py	响应时间:964ms	天津市	河东区	这里是日志信息......
2024-05-17 11:01:09.903259	[INFO]	base_network.py	响应时间:154ms	安徽省	芜湖市	这里是日志信息......
2024-05-17 11:01:09.903259	[INFO]	orders_service.py	响应时间:998ms	安徽省	阜阳市	这里是日志信息......
2024-05-17 11:01:09.903259	[INFO]	goods_manager.py	响应时间:205ms	天津市	宝坻区	这里是日志信息......
2024-05-17 11:01:09.903259	[INFO]	goods_manager.py	响应时间:431ms	北京市	海淀区	这里是日志信息......
2024-05-17 11:01:09.903259	[INFO]	user_manager.py	响应时间:688ms	北京市	海淀区	这里是日志信息......
2024-05-17 11:01:09.903259	[INFO]	goods_manager.py	响应时间:731ms	上海市	徐汇区	这里是日志信息......
2024-05-17 11:01:09.903259	[WARN]	event.py	响应时间:720ms	浙江省	绍兴市	这里是日志信息......
2024-05-17 11:01:09.903259	[INFO]	event.py	响应时间:275ms	浙江省	金华市	这里是日志信息......
2024-05-17 11:01:09.903259	[WARN]	orders_service.py	响应时间:926ms	湖北省	荆州市	这里是日志信息......
2024-05-17 11:01:09.903259	[INFO]	shop_manager.py	响应时间:470ms	北京市	海淀区	这里是日志信息......
2024-05-17 11:01:09.903259	[WARN]	event.py	响应时间:339ms	北京市	大兴区	这里是日志信息......
2024-05-17 11:01:09.903259	[INFO]	event.py	响应时间:68ms	北京市	丰台区	这里是日志信息......
2024-05-17 11:01:09.903259	[INFO]	user_manager.py	响应时间:89ms	湖南省	长沙市	这里是日志信息......
2024-05-17 11:01:09.903259	[ERROR]	event.py	响应时间:224ms	安徽省	阜阳市	这里是日志信息......
2024-05-17 11:01:09.903259	[INFO]	event.py	响应时间:233ms	安徽省	芜湖市	这里是日志信息......
2024-05-17 11:01:09.903259	[INFO]	user_manager.py	响应时间:917ms	安徽省	池州市	这里是日志信息......
2024-05-17 11:01:09.903259	[WARN]	event.py	响应时间:295ms	上海市	杨浦区	这里是日志信息......
2024-05-17 11:01:09.903259	[INFO]	goods_manager.py	响应时间:253ms	浙江省	金华市	这里是日志信息......
2024-05-17 11:01:09.903259	[INFO]	shop_manager.py	响应时间:739ms	天津市	和平区	这里是日志信息......
2024-05-17 11:01:09.903259	[INFO]	event.py	响应时间:707ms	安徽省	阜阳市	这里是日志信息......
2024-05-17 11:01:09.904235	[INFO]	goods_manager.py	响应时间:61ms	安徽省	芜湖市	这里是日志信息......
2024-05-17 11:01:09.904235	[WARN]	goods_manager.py	响应时间:608ms	山东省	济南市	这里是日志信息......
2024-05-17 11:01:09.904235	[INFO]	goods_manager.py	响应时间:147ms	北京市	怀柔区	这里是日志信息......
2024-05-17 11:01:09.904235	[INFO]	orders_service.py	响应时间:20ms	湖北省	武汉市	这里是日志信息......
2024-05-17 11:01:09.904235	[INFO]	barcode_service.py	响应时间:138ms	安徽省	芜湖市	这里是日志信息......
2024-05-17 11:01:09.904235	[INFO]	barcode_service.py	响应时间:960ms	天津市	河东区	这里是日志信息......
2024-05-17 11:01:09.904235	[INFO]	barcode_service.py	响应时间:33ms	北京市	海淀区	这里是日志信息......
2024-05-17 11:01:09.904235	[INFO]	orders_service.py	响应时间:365ms	湖南省	张家界市	这里是日志信息......
2024-05-17 11:01:09.904235	[INFO]	goods_manager.py	响应时间:982ms	湖北省	武汉市	这里是日志信息......
2024-05-17 11:01:09.904235	[INFO]	barcode_service.py	响应时间:783ms	安徽省	铜陵市	这里是日志信息......
2024-05-17 11:01:09.904235	[INFO]	user_manager.py	响应时间:769ms	湖南省	长沙市	这里是日志信息......
2024-05-17 11:01:09.904235	[INFO]	goods_manager.py	响应时间:551ms	重庆市	涪陵区	这里是日志信息......
2024-05-17 11:01:09.904235	[INFO]	orders_service.py	响应时间:141ms	山东省	青岛市	这里是日志信息......
2024-05-17 11:01:09.904235	[INFO]	orders_service.py	响应时间:962ms	湖南省	张家界市	这里是日志信息......
2024-05-17 11:01:09.904235	[ERROR]	base_network.py	响应时间:286ms	天津市	河东区	这里是日志信息......
2024-05-17 11:01:09.904235	[INFO]	goods_manager.py	响应时间:406ms	天津市	宝坻区	这里是日志信息......
2024-05-17 11:01:09.904235	[INFO]	event.py	响应时间:319ms	上海市	宝山区	这里是日志信息......
2024-05-17 11:01:09.904235	[INFO]	user_manager.py	响应时间:697ms	上海市	浦东新区	这里是日志信息......
2024-05-17 11:01:09.904235	[INFO]	barcode_service.py	响应时间:524ms	湖北省	十堰市	这里是日志信息......
2024-05-17 11:01:09.904235	[INFO]	user_manager.py	响应时间:913ms	湖北省	武汉市	这里是日志信息......
2024-05-17 11:01:09.904235	[INFO]	base_network.py	响应时间:17ms	天津市	河西区	这里是日志信息......
2024-05-17 11:01:09.904235	[ERROR]	goods_manager.py	响应时间:8893ms	安徽省	池州市	这里是日志信息......
2024-05-17 11:01:09.904235	[WARN]	orders_service.py	响应时间:292ms	湖南省	长沙市	这里是日志信息......
2024-05-17 11:01:09.904235	[INFO]	goods_manager.py	响应时间:489ms	上海市	浦东新区	这里是日志信息......
2024-05-17 11:01:09.904235	[INFO]	goods_manager.py	响应时间:479ms	浙江省	嘉兴市	这里是日志信息......
2024-05-17 11:01:09.904235	[INFO]	goods_manager.py	响应时间:412ms	广东省	广州市	这里是日志信息......
2024-05-17 11:01:09.904235	[INFO]	user_manager.py	响应时间:858ms	湖南省	长沙市	这里是日志信息......
2024-05-17 11:01:09.904235	[INFO]	event.py	响应时间:415ms	湖南省	长沙市	这里是日志信息......
2024-05-17 11:01:09.904235	[INFO]	orders_service.py	响应时间:167ms	安徽省	合肥市	这里是日志信息......
2024-05-17 11:01:09.904235	[INFO]	goods_manager.py	响应时间:37ms	重庆市	万州区	这里是日志信息......
2024-05-17 11:01:09.904235	[INFO]	goods_manager.py	响应时间:403ms	北京市	昌平区	这里是日志信息......
2024-05-17 11:01:09.904235	[ERROR]	barcode_service.py	响应时间:712ms	广东省	广州市	这里是日志信息......
2024-05-17 11:01:09.904235	[ERROR]	orders_service.py	响应时间:46ms	浙江省	湖州市	这里是日志信息......
2024-05-17 11:01:09.904235	[WARN]	orders_service.py	响应时间:463ms	广东省	广州市	这里是日志信息......
2024-05-17 11:01:09.904235	[INFO]	user_manager.py	响应时间:347ms	广东省	珠海市	这里是日志信息......
2024-05-17 11:01:09.904235	[WARN]	goods_manager.py	响应时间:421ms	湖南省	常德市	这里是日志信息......
2024-05-17 11:01:09.904235	[WARN]	orders_service.py	响应时间:2994ms	安徽省	合肥市	这里是日志信息......
2024-05-17 11:01:09.904235	[INFO]	barcode_service.py	响应时间:92ms	安徽省	池州市	这里是日志信息......
2024-05-17 11:01:09.904235	[WARN]	user_manager.py	响应时间:8474ms	山东省	济南市	这里是日志信息......
2024-05-17 11:01:09.904235	[INFO]	orders_service.py	响应时间:645ms	湖北省	武汉市	这里是日志信息......
2024-05-17 11:01:09.904235	[INFO]	orders_service.py	响应时间:749ms	山东省	青岛市	这里是日志信息......
2024-05-17 11:01:09.904235	[INFO]	orders_service.py	响应时间:991ms	北京市	海淀区	这里是日志信息......
2024-05-17 11:01:09.904235	[INFO]	event.py	响应时间:177ms	江苏省	苏州市	这里是日志信息......
2024-05-17 11:01:09.904235	[INFO]	orders_service.py	响应时间:185ms	广东省	深圳市	这里是日志信息......
2024-05-17 11:01:09.904235	[INFO]	orders_service.py	响应时间:648ms	湖南省	长沙市	这里是日志信息......
2024-05-17 11:01:09.904235	[INFO]	goods_manager.py	响应时间:687ms	浙江省	杭州市	这里是日志信息......
2024-05-17 11:01:09.904235	[INFO]	user_manager.py	响应时间:585ms	北京市	大兴区	这里是日志信息......
2024-05-17 11:01:09.904235	[INFO]	event.py	响应时间:269ms	山东省	济南市	这里是日志信息......
2024-05-17 11:01:09.904235	[INFO]	orders_service.py	响应时间:917ms	广东省	珠海市	这里是日志信息......
2024-05-17 11:01:09.904235	[INFO]	user_manager.py	响应时间:959ms	广东省	广州市	这里是日志信息......
2024-05-17 11:01:09.904235	[ERROR]	orders_service.py	响应时间:7881ms	江苏省	宿迁市	这里是日志信息......
2024-05-17 11:01:09.904235	[WARN]	event.py	响应时间:202ms	北京市	丰台区	这里是日志信息......
2024-05-17 11:01:09.904235	[WARN]	shop_manager.py	响应时间:379ms	安徽省	阜阳市	这里是日志信息......
2024-05-17 11:01:09.904235	[INFO]	orders_service.py	响应时间:433ms	江苏省	张家港市	这里是日志信息......
2024-05-17 11:01:09.904235	[WARN]	base_network.py	响应时间:324ms	江苏省	苏州市	这里是日志信息......
2024-05-17 11:01:09.904235	[INFO]	orders_service.py	响应时间:326ms	浙江省	舟山市	这里是日志信息......
2024-05-17 11:01:09.904235	[INFO]	event.py	响应时间:878ms	重庆市	万州区	这里是日志信息......
2024-05-17 11:01:09.904235	[INFO]	orders_service.py	响应时间:711ms	北京市	海淀区	这里是日志信息......
2024-05-17 11:01:09.904235	[ERROR]	barcode_service.py	响应时间:143ms	重庆市	万州区	这里是日志信息......
2024-05-17 11:01:09.904235	[INFO]	orders_service.py	响应时间:736ms	安徽省	合肥市	这里是日志信息......
2024-05-17 11:01:09.904235	[INFO]	event.py	响应时间:144ms	天津市	河西区	这里是日志信息......
2024-05-17 11:01:09.904235	[WARN]	base_network.py	响应时间:773ms	重庆市	涪陵区	这里是日志信息......
2024-05-17 11:01:09.904235	[INFO]	event.py	响应时间:716ms	上海市	静安区	这里是日志信息......
2024-05-17 11:01:09.904235	[INFO]	user_manager.py	响应时间:62ms	广东省	广州市	这里是日志信息......
2024-05-17 11:01:09.904235	[INFO]	orders_service.py	响应时间:81ms	山东省	济南市	这里是日志信息......
2024-05-17 11:01:09.904235	[INFO]	event.py	响应时间:325ms	广东省	深圳市	这里是日志信息......
2024-05-17 11:01:09.904235	[INFO]	user_manager.py	响应时间:628ms	湖南省	长沙市	这里是日志信息......
2024-05-17 11:01:09.904235	[INFO]	event.py	响应时间:259ms	广东省	珠海市	这里是日志信息......
2024-05-17 11:01:09.904235	[INFO]	event.py	响应时间:281ms	天津市	和平区	这里是日志信息......
2024-05-17 11:01:09.904235	[INFO]	base_network.py	响应时间:642ms	天津市	河东区	这里是日志信息......
2024-05-17 11:01:09.904235	[INFO]	shop_manager.py	响应时间:397ms	天津市	宝坻区	这里是日志信息......
2024-05-17 11:01:09.904235	[INFO]	goods_manager.py	响应时间:579ms	湖北省	武汉市	这里是日志信息......
2024-05-17 11:01:09.904235	[INFO]	goods_manager.py	响应时间:216ms	山东省	青岛市	这里是日志信息......
2024-05-17 11:01:09.904235	[INFO]	orders_service.py	响应时间:45ms	天津市	武清区	这里是日志信息......
2024-05-17 11:01:09.904235	[INFO]	orders_service.py	响应时间:948ms	上海市	杨浦区	这里是日志信息......
2024-05-17 11:01:09.904235	[INFO]	user_manager.py	响应时间:847ms	湖南省	常德市	这里是日志信息......
2024-05-17 11:01:09.904235	[INFO]	event.py	响应时间:46ms	天津市	武清区	这里是日志信息......
2024-05-17 11:01:09.905184	[INFO]	user_manager.py	响应时间:104ms	安徽省	铜陵市	这里是日志信息......
2024-05-17 11:01:09.905184	[INFO]	goods_manager.py	响应时间:500ms	重庆市	渝中区	这里是日志信息......
2024-05-17 11:01:09.905184	[INFO]	shop_manager.py	响应时间:835ms	重庆市	万州区	这里是日志信息......
2024-05-17 11:01:09.905184	[INFO]	user_manager.py	响应时间:434ms	广东省	珠海市	这里是日志信息......
2024-05-17 11:01:09.905184	[INFO]	base_network.py	响应时间:836ms	湖南省	长沙市	这里是日志信息......
2024-05-17 11:01:09.905184	[INFO]	barcode_service.py	响应时间:712ms	江苏省	南京市	这里是日志信息......
2024-05-17 11:01:09.905184	[INFO]	base_network.py	响应时间:710ms	湖南省	长沙市	这里是日志信息......
2024-05-17 11:01:09.905184	[INFO]	shop_manager.py	响应时间:781ms	江苏省	苏州市	这里是日志信息......
2024-05-17 11:01:09.905184	[INFO]	goods_manager.py	响应时间:332ms	山东省	济南市	这里是日志信息......
2024-05-17 11:01:09.905184	[INFO]	goods_manager.py	响应时间:835ms	广东省	珠海市	这里是日志信息......
2024-05-17 11:01:09.905184	[WARN]	event.py	响应时间:508ms	上海市	浦东新区	这里是日志信息......
2024-05-17 11:01:09.905184	[ERROR]	event.py	响应时间:608ms	湖北省	武汉市	这里是日志信息......
2024-05-17 11:01:09.905184	[WARN]	base_network.py	响应时间:508ms	山东省	菏泽市	这里是日志信息......
2024-05-17 11:01:09.905184	[WARN]	goods_manager.py	响应时间:803ms	湖南省	长沙市	这里是日志信息......
2024-05-17 11:01:09.905184	[INFO]	base_network.py	响应时间:852ms	安徽省	阜阳市	这里是日志信息......
2024-05-17 11:01:09.905184	[INFO]	event.py	响应时间:510ms	北京市	丰台区	这里是日志信息......
2024-05-17 11:01:09.905184	[INFO]	orders_service.py	响应时间:302ms	天津市	宝坻区	这里是日志信息......
2024-05-17 11:01:09.905184	[INFO]	user_manager.py	响应时间:583ms	江苏省	常州市	这里是日志信息......
2024-05-17 11:01:09.905184	[INFO]	orders_service.py	响应时间:238ms	安徽省	阜阳市	这里是日志信息......
2024-05-17 11:01:09.905184	[ERROR]	orders_service.py	响应时间:126ms	广东省	深圳市	这里是日志信息......
2024-05-17 11:01:09.905184	[INFO]	event.py	响应时间:709ms	湖北省	武汉市	这里是日志信息......
2024-05-17 11:01:09.905184	[INFO]	event.py	响应时间:94ms	山东省	青岛市	这里是日志信息......
2024-05-17 11:01:09.905184	[INFO]	event.py	响应时间:175ms	江苏省	张家港市	这里是日志信息......
2024-05-17 11:01:09.905184	[INFO]	shop_manager.py	响应时间:586ms	北京市	大兴区	这里是日志信息......
2024-05-17 11:01:09.905184	[INFO]	barcode_service.py	响应时间:996ms	上海市	徐汇区	这里是日志信息......
2024-05-17 11:01:09.905184	[ERROR]	barcode_service.py	响应时间:3626ms	安徽省	铜陵市	这里是日志信息......
2024-05-17 11:01:09.905184	[INFO]	goods_manager.py	响应时间:853ms	安徽省	铜陵市	这里是日志信息......
2024-05-17 11:01:09.905184	[INFO]	shop_manager.py	响应时间:592ms	重庆市	沙坪坝区	这里是日志信息......
2024-05-17 11:01:09.905184	[INFO]	goods_manager.py	响应时间:880ms	湖南省	益阳市	这里是日志信息......
2024-05-17 11:01:09.905184	[WARN]	orders_service.py	响应时间:238ms	重庆市	九龙坡区	这里是日志信息......
2024-05-17 11:01:09.905184	[INFO]	goods_manager.py	响应时间:885ms	浙江省	杭州市	这里是日志信息......
2024-05-17 11:01:09.905184	[WARN]	event.py	响应时间:603ms	山东省	青岛市	这里是日志信息......
2024-05-17 11:01:09.905184	[INFO]	barcode_service.py	响应时间:330ms	安徽省	铜陵市	这里是日志信息......
2024-05-17 11:01:09.905184	[INFO]	barcode_service.py	响应时间:450ms	山东省	菏泽市	这里是日志信息......
2024-05-17 11:01:09.905184	[INFO]	event.py	响应时间:712ms	安徽省	池州市	这里是日志信息......
2024-05-17 11:01:09.905184	[WARN]	goods_manager.py	响应时间:168ms	江苏省	宿迁市	这里是日志信息......
2024-05-17 11:01:09.905184	[INFO]	orders_service.py	响应时间:115ms	湖北省	武汉市	这里是日志信息......
2024-05-17 11:01:09.905184	[WARN]	shop_manager.py	响应时间:370ms	江苏省	苏州市	这里是日志信息......
2024-05-17 11:01:09.905184	[INFO]	goods_manager.py	响应时间:836ms	安徽省	芜湖市	这里是日志信息......
2024-05-17 11:01:09.905184	[INFO]	event.py	响应时间:656ms	江苏省	常州市	这里是日志信息......
2024-05-17 11:01:09.905184	[INFO]	barcode_service.py	响应时间:862ms	上海市	徐汇区	这里是日志信息......
2024-05-17 11:01:09.905184	[INFO]	event.py	响应时间:965ms	山东省	青岛市	这里是日志信息......
2024-05-17 11:01:09.905184	[INFO]	goods_manager.py	响应时间:419ms	浙江省	杭州市	这里是日志信息......
2024-05-17 11:01:09.905184	[INFO]	goods_manager.py	响应时间:170ms	浙江省	嘉兴市	这里是日志信息......
2024-05-17 11:01:09.905184	[INFO]	goods_manager.py	响应时间:588ms	湖南省	长沙市	这里是日志信息......
2024-05-17 11:01:09.905184	[INFO]	barcode_service.py	响应时间:459ms	安徽省	合肥市	这里是日志信息......
2024-05-17 11:01:09.905184	[WARN]	shop_manager.py	响应时间:320ms	北京市	昌平区	这里是日志信息......
2024-05-17 11:01:09.905184	[ERROR]	barcode_service.py	响应时间:1046ms	安徽省	六安市	这里是日志信息......
2024-05-17 11:01:09.905184	[INFO]	event.py	响应时间:929ms	湖北省	武汉市	这里是日志信息......
2024-05-17 11:01:09.905184	[INFO]	barcode_service.py	响应时间:705ms	广东省	广州市	这里是日志信息......
2024-05-17 11:01:09.905184	[INFO]	goods_manager.py	响应时间:349ms	湖北省	武汉市	这里是日志信息......
2024-05-17 11:01:09.905184	[INFO]	orders_service.py	响应时间:567ms	湖南省	长沙市	这里是日志信息......
2024-05-17 11:01:09.905184	[INFO]	barcode_service.py	响应时间:321ms	江苏省	南京市	这里是日志信息......
2024-05-17 11:01:09.905184	[INFO]	event.py	响应时间:546ms	湖北省	荆州市	这里是日志信息......
2024-05-17 11:01:09.905184	[INFO]	event.py	响应时间:204ms	上海市	黄浦区	这里是日志信息......
2024-05-17 11:01:09.905184	[INFO]	barcode_service.py	响应时间:960ms	北京市	大兴区	这里是日志信息......
2024-05-17 11:01:09.905184	[INFO]	goods_manager.py	响应时间:533ms	天津市	和平区	这里是日志信息......
2024-05-17 11:01:09.905184	[WARN]	base_network.py	响应时间:494ms	北京市	大兴区	这里是日志信息......
2024-05-17 11:01:09.905184	[INFO]	orders_service.py	响应时间:746ms	湖北省	十堰市	这里是日志信息......
2024-05-17 11:01:09.905184	[INFO]	event.py	响应时间:558ms	浙江省	湖州市	这里是日志信息......
2024-05-17 11:01:09.905184	[INFO]	orders_service.py	响应时间:99ms	浙江省	湖州市	这里是日志信息......
2024-05-17 11:01:09.905184	[INFO]	base_network.py	响应时间:3903ms	上海市	黄浦区	这里是日志信息......
2024-05-17 11:01:09.905184	[ERROR]	event.py	响应时间:503ms	江苏省	苏州市	这里是日志信息......
2024-05-17 11:01:09.905184	[WARN]	event.py	响应时间:306ms	湖南省	长沙市	这里是日志信息......
2024-05-17 11:01:09.905184	[INFO]	event.py	响应时间:201ms	山东省	济南市	这里是日志信息......
2024-05-17 11:01:09.905184	[INFO]	shop_manager.py	响应时间:755ms	江苏省	无锡市	这里是日志信息......
2024-05-17 11:01:09.905184	[INFO]	event.py	响应时间:628ms	北京市	昌平区	这里是日志信息......
2024-05-17 11:01:09.905184	[INFO]	orders_service.py	响应时间:876ms	安徽省	池州市	这里是日志信息......
2024-05-17 11:01:09.905184	[INFO]	event.py	响应时间:424ms	安徽省	合肥市	这里是日志信息......
2024-05-17 11:01:09.905184	[INFO]	user_manager.py	响应时间:943ms	山东省	青岛市	这里是日志信息......
2024-05-17 11:01:09.905184	[WARN]	goods_manager.py	响应时间:444ms	北京市	大兴区	这里是日志信息......
2024-05-17 11:01:09.905184	[ERROR]	goods_manager.py	响应时间:126ms	安徽省	阜阳市	这里是日志信息......
2024-05-17 11:01:09.905184	[INFO]	orders_service.py	响应时间:834ms	湖北省	武汉市	这里是日志信息......
2024-05-17 11:01:09.905184	[INFO]	user_manager.py	响应时间:139ms	天津市	和平区	这里是日志信息......
2024-05-17 11:01:09.905184	[INFO]	goods_manager.py	响应时间:42ms	江苏省	无锡市	这里是日志信息......
2024-05-17 11:01:09.905184	[INFO]	event.py	响应时间:318ms	广东省	广州市	这里是日志信息......
2024-05-17 11:01:09.905184	[INFO]	orders_service.py	响应时间:563ms	广东省	深圳市	这里是日志信息......
2024-05-17 11:01:09.905184	[INFO]	orders_service.py	响应时间:743ms	天津市	河西区	这里是日志信息......
2024-05-17 11:01:09.905184	[INFO]	event.py	响应时间:30ms	上海市	浦东新区	这里是日志信息......
2024-05-17 11:01:09.905184	[INFO]	shop_manager.py	响应时间:669ms	天津市	河东区	这里是日志信息......
2024-05-17 11:01:09.905184	[INFO]	goods_manager.py	响应时间:287ms	山东省	青岛市	这里是日志信息......
2024-05-17 11:01:09.905184	[ERROR]	event.py	响应时间:729ms	湖北省	荆州市	这里是日志信息......
2024-05-17 11:01:09.905184	[INFO]	barcode_service.py	响应时间:792ms	浙江省	嘉兴市	这里是日志信息......
2024-05-17 11:01:09.905184	[INFO]	goods_manager.py	响应时间:726ms	重庆市	沙坪坝区	这里是日志信息......
2024-05-17 11:01:09.905184	[INFO]	event.py	响应时间:852ms	浙江省	湖州市	这里是日志信息......
2024-05-17 11:01:09.905184	[INFO]	orders_service.py	响应时间:123ms	山东省	济南市	这里是日志信息......
2024-05-17 11:01:09.905184	[WARN]	shop_manager.py	响应时间:564ms	北京市	朝阳区	这里是日志信息......
2024-05-17 11:01:09.905184	[INFO]	user_manager.py	响应时间:266ms	安徽省	芜湖市	这里是日志信息......
2024-05-17 11:01:09.905184	[INFO]	event.py	响应时间:936ms	天津市	和平区	这里是日志信息......
2024-05-17 11:01:09.905184	[INFO]	event.py	响应时间:979ms	广东省	广州市	这里是日志信息......
2024-05-17 11:01:09.905184	[WARN]	event.py	响应时间:449ms	安徽省	阜阳市	这里是日志信息......
2024-05-17 11:01:09.905184	[INFO]	shop_manager.py	响应时间:157ms	山东省	青岛市	这里是日志信息......
2024-05-17 11:01:09.906329	[INFO]	orders_service.py	响应时间:553ms	安徽省	六安市	这里是日志信息......
2024-05-17 11:01:09.906329	[INFO]	orders_service.py	响应时间:477ms	江苏省	南京市	这里是日志信息......
2024-05-17 11:01:09.906329	[INFO]	event.py	响应时间:152ms	江苏省	张家港市	这里是日志信息......
2024-05-17 11:01:09.906329	[INFO]	event.py	响应时间:224ms	广东省	深圳市	这里是日志信息......
2024-05-17 11:01:09.906329	[INFO]	goods_manager.py	响应时间:624ms	山东省	济南市	这里是日志信息......
2024-05-17 11:01:09.906329	[INFO]	goods_manager.py	响应时间:827ms	天津市	河东区	这里是日志信息......
2024-05-17 11:01:09.906329	[WARN]	shop_manager.py	响应时间:181ms	山东省	济南市	这里是日志信息......
2024-05-17 11:01:09.906329	[INFO]	orders_service.py	响应时间:125ms	山东省	菏泽市	这里是日志信息......
2024-05-17 11:01:09.906329	[INFO]	user_manager.py	响应时间:442ms	上海市	浦东新区	这里是日志信息......
2024-05-17 11:01:09.906329	[INFO]	orders_service.py	响应时间:711ms	山东省	济南市	这里是日志信息......
2024-05-17 11:01:09.906329	[INFO]	goods_manager.py	响应时间:927ms	天津市	河西区	这里是日志信息......
2024-05-17 11:01:09.906329	[INFO]	barcode_service.py	响应时间:81ms	浙江省	湖州市	这里是日志信息......
2024-05-17 11:01:09.906329	[INFO]	orders_service.py	响应时间:999ms	湖南省	长沙市	这里是日志信息......
2024-05-17 11:01:09.906329	[INFO]	event.py	响应时间:298ms	湖北省	荆州市	这里是日志信息......
2024-05-17 11:01:09.906329	[INFO]	event.py	响应时间:8738ms	北京市	丰台区	这里是日志信息......
2024-05-17 11:01:09.906329	[INFO]	base_network.py	响应时间:199ms	天津市	河东区	这里是日志信息......
2024-05-17 11:01:09.906329	[ERROR]	orders_service.py	响应时间:297ms	重庆市	南岸区	这里是日志信息......
2024-05-17 11:01:09.906329	[INFO]	orders_service.py	响应时间:343ms	浙江省	杭州市	这里是日志信息......
2024-05-17 11:01:09.906329	[INFO]	shop_manager.py	响应时间:241ms	湖北省	恩施土家族苗族自治州	这里是日志信息......
2024-05-17 11:01:09.906329	[INFO]	user_manager.py	响应时间:1417ms	天津市	宝坻区	这里是日志信息......
2024-05-17 11:01:09.906329	[INFO]	shop_manager.py	响应时间:604ms	山东省	菏泽市	这里是日志信息......
2024-05-17 11:01:09.906329	[INFO]	orders_service.py	响应时间:978ms	浙江省	杭州市	这里是日志信息......
2024-05-17 11:01:09.906329	[INFO]	goods_manager.py	响应时间:187ms	北京市	怀柔区	这里是日志信息......
2024-05-17 11:01:09.906329	[INFO]	orders_service.py	响应时间:806ms	重庆市	涪陵区	这里是日志信息......
2024-05-17 11:01:09.906329	[INFO]	orders_service.py	响应时间:667ms	浙江省	丽水市	这里是日志信息......
2024-05-17 11:01:09.906329	[INFO]	shop_manager.py	响应时间:410ms	北京市	怀柔区	这里是日志信息......
2024-05-17 11:01:09.906329	[ERROR]	orders_service.py	响应时间:817ms	浙江省	丽水市	这里是日志信息......
2024-05-17 11:01:09.906329	[INFO]	goods_manager.py	响应时间:74ms	山东省	菏泽市	这里是日志信息......
2024-05-17 11:01:09.906329	[INFO]	event.py	响应时间:489ms	北京市	朝阳区	这里是日志信息......
2024-05-17 11:01:09.906329	[INFO]	shop_manager.py	响应时间:846ms	湖南省	长沙市	这里是日志信息......
2024-05-17 11:01:09.906329	[INFO]	goods_manager.py	响应时间:5490ms	安徽省	铜陵市	这里是日志信息......
2024-05-17 11:01:09.906329	[INFO]	goods_manager.py	响应时间:402ms	江苏省	张家港市	这里是日志信息......
2024-05-17 11:01:09.906329	[INFO]	goods_manager.py	响应时间:732ms	广东省	深圳市	这里是日志信息......
2024-05-17 11:01:09.906329	[INFO]	event.py	响应时间:249ms	山东省	济南市	这里是日志信息......
2024-05-17 11:01:09.906329	[INFO]	orders_service.py	响应时间:885ms	山东省	菏泽市	这里是日志信息......
2024-05-17 11:01:09.906329	[INFO]	goods_manager.py	响应时间:395ms	重庆市	万州区	这里是日志信息......
2024-05-17 11:01:09.906329	[ERROR]	event.py	响应时间:6580ms	湖北省	恩施土家族苗族自治州	这里是日志信息......
2024-05-17 11:01:09.906329	[INFO]	shop_manager.py	响应时间:8ms	山东省	菏泽市	这里是日志信息......
2024-05-17 11:01:09.906329	[INFO]	user_manager.py	响应时间:580ms	湖北省	武汉市	这里是日志信息......
2024-05-17 11:01:09.906329	[INFO]	orders_service.py	响应时间:980ms	湖北省	武汉市	这里是日志信息......
2024-05-17 11:01:09.906329	[INFO]	goods_manager.py	响应时间:387ms	安徽省	池州市	这里是日志信息......
2024-05-17 11:01:09.906329	[INFO]	goods_manager.py	响应时间:109ms	浙江省	舟山市	这里是日志信息......
2024-05-17 11:01:09.906329	[INFO]	user_manager.py	响应时间:722ms	北京市	朝阳区	这里是日志信息......
2024-05-17 11:01:09.906329	[INFO]	event.py	响应时间:307ms	安徽省	六安市	这里是日志信息......
2024-05-17 11:01:09.906329	[WARN]	orders_service.py	响应时间:89ms	湖南省	长沙市	这里是日志信息......
2024-05-17 11:01:09.906329	[INFO]	user_manager.py	响应时间:246ms	湖南省	长沙市	这里是日志信息......
2024-05-17 11:01:09.906329	[INFO]	event.py	响应时间:220ms	湖南省	株洲市	这里是日志信息......
2024-05-17 11:01:09.906329	[INFO]	goods_manager.py	响应时间:323ms	上海市	宝山区	这里是日志信息......
2024-05-17 11:01:09.906329	[INFO]	base_network.py	响应时间:892ms	山东省	青岛市	这里是日志信息......
2024-05-17 11:01:09.906329	[INFO]	base_network.py	响应时间:381ms	北京市	丰台区	这里是日志信息......
2024-05-17 11:01:09.906329	[INFO]	shop_manager.py	响应时间:757ms	湖北省	恩施土家族苗族自治州	这里是日志信息......
2024-05-17 11:01:09.906329	[INFO]	base_network.py	响应时间:4767ms	浙江省	嘉兴市	这里是日志信息......
2024-05-17 11:01:09.906329	[WARN]	goods_manager.py	响应时间:242ms	重庆市	涪陵区	这里是日志信息......
2024-05-17 11:01:09.906329	[INFO]	barcode_service.py	响应时间:366ms	湖南省	益阳市	这里是日志信息......
2024-05-17 11:01:09.906329	[INFO]	orders_service.py	响应时间:318ms	江苏省	苏州市	这里是日志信息......
2024-05-17 11:01:09.906329	[WARN]	user_manager.py	响应时间:871ms	江苏省	苏州市	这里是日志信息......
2024-05-17 11:01:09.906329	[ERROR]	base_network.py	响应时间:828ms	重庆市	九龙坡区	这里是日志信息......
2024-05-17 11:01:09.906329	[INFO]	barcode_service.py	响应时间:736ms	安徽省	铜陵市	这里是日志信息......
2024-05-17 11:01:09.906329	[INFO]	event.py	响应时间:820ms	广东省	广州市	这里是日志信息......
2024-05-17 11:01:09.906329	[ERROR]	shop_manager.py	响应时间:960ms	天津市	河东区	这里是日志信息......
2024-05-17 11:01:09.906329	[INFO]	event.py	响应时间:120ms	广东省	广州市	这里是日志信息......
2024-05-17 11:01:09.906329	[INFO]	goods_manager.py	响应时间:855ms	安徽省	合肥市	这里是日志信息......
2024-05-17 11:01:09.906329	[INFO]	shop_manager.py	响应时间:138ms	湖南省	益阳市	这里是日志信息......
2024-05-17 11:01:09.906329	[INFO]	goods_manager.py	响应时间:347ms	湖南省	长沙市	这里是日志信息......
2024-05-17 11:01:09.906329	[INFO]	orders_service.py	响应时间:521ms	湖北省	十堰市	这里是日志信息......
2024-05-17 11:01:09.906329	[INFO]	event.py	响应时间:522ms	湖南省	长沙市	这里是日志信息......
2024-05-17 11:01:09.906329	[INFO]	base_network.py	响应时间:778ms	上海市	杨浦区	这里是日志信息......
2024-05-17 11:01:09.906329	[INFO]	orders_service.py	响应时间:480ms	安徽省	合肥市	这里是日志信息......
2024-05-17 11:01:09.906329	[INFO]	event.py	响应时间:129ms	重庆市	南岸区	这里是日志信息......
2024-05-17 11:01:09.906329	[INFO]	event.py	响应时间:386ms	上海市	杨浦区	这里是日志信息......
2024-05-17 11:01:09.906329	[INFO]	user_manager.py	响应时间:513ms	广东省	深圳市	这里是日志信息......
2024-05-17 11:01:09.906329	[INFO]	goods_manager.py	响应时间:476ms	天津市	河东区	这里是日志信息......
2024-05-17 11:01:09.906329	[INFO]	barcode_service.py	响应时间:846ms	江苏省	张家港市	这里是日志信息......
2024-05-17 11:01:09.906329	[INFO]	goods_manager.py	响应时间:59ms	重庆市	沙坪坝区	这里是日志信息......
2024-05-17 11:01:09.906329	[INFO]	event.py	响应时间:952ms	北京市	怀柔区	这里是日志信息......
2024-05-17 11:01:09.906329	[INFO]	event.py	响应时间:285ms	浙江省	丽水市	这里是日志信息......
2024-05-17 11:01:09.906329	[INFO]	orders_service.py	响应时间:741ms	天津市	河西区	这里是日志信息......
2024-05-17 11:01:09.906329	[WARN]	event.py	响应时间:753ms	上海市	徐汇区	这里是日志信息......
2024-05-17 11:01:09.906329	[INFO]	orders_service.py	响应时间:638ms	浙江省	嘉兴市	这里是日志信息......
2024-05-17 11:01:09.906329	[INFO]	goods_manager.py	响应时间:727ms	山东省	济南市	这里是日志信息......
2024-05-17 11:01:09.906329	[INFO]	base_network.py	响应时间:400ms	天津市	河东区	这里是日志信息......
2024-05-17 11:01:09.906329	[INFO]	event.py	响应时间:986ms	浙江省	丽水市	这里是日志信息......
2024-05-17 11:01:09.906329	[INFO]	shop_manager.py	响应时间:150ms	上海市	浦东新区	这里是日志信息......
2024-05-17 11:01:09.906329	[INFO]	event.py	响应时间:548ms	湖北省	武汉市	这里是日志信息......
2024-05-17 11:01:09.907329	[WARN]	goods_manager.py	响应时间:461ms	重庆市	涪陵区	这里是日志信息......
2024-05-17 11:01:09.907329	[INFO]	event.py	响应时间:34ms	浙江省	嘉兴市	这里是日志信息......
2024-05-17 11:01:09.907329	[INFO]	event.py	响应时间:834ms	天津市	宝坻区	这里是日志信息......
2024-05-17 11:01:09.907329	[INFO]	event.py	响应时间:685ms	上海市	浦东新区	这里是日志信息......
2024-05-17 11:01:09.907329	[INFO]	event.py	响应时间:2ms	广东省	广州市	这里是日志信息......
2024-05-17 11:01:09.907329	[INFO]	base_network.py	响应时间:487ms	上海市	黄浦区	这里是日志信息......
2024-05-17 11:01:09.907329	[INFO]	event.py	响应时间:413ms	浙江省	嘉兴市	这里是日志信息......
2024-05-17 11:01:09.907329	[INFO]	orders_service.py	响应时间:848ms	湖南省	株洲市	这里是日志信息......
2024-05-17 11:01:09.907329	[INFO]	user_manager.py	响应时间:962ms	湖北省	武汉市	这里是日志信息......
2024-05-17 11:01:09.907329	[INFO]	base_network.py	响应时间:617ms	江苏省	无锡市	这里是日志信息......
2024-05-17 11:01:09.907329	[INFO]	shop_manager.py	响应时间:2ms	北京市	昌平区	这里是日志信息......
2024-05-17 11:01:09.907329	[INFO]	event.py	响应时间:559ms	北京市	丰台区	这里是日志信息......
2024-05-17 11:01:09.907329	[INFO]	user_manager.py	响应时间:565ms	上海市	徐汇区	这里是日志信息......
2024-05-17 11:01:09.907329	[INFO]	orders_service.py	响应时间:729ms	江苏省	常州市	这里是日志信息......
2024-05-17 11:01:09.907329	[WARN]	orders_service.py	响应时间:998ms	广东省	深圳市	这里是日志信息......
2024-05-17 11:01:09.907329	[INFO]	orders_service.py	响应时间:279ms	上海市	杨浦区	这里是日志信息......
2024-05-17 11:01:09.907329	[INFO]	shop_manager.py	响应时间:975ms	湖北省	恩施土家族苗族自治州	这里是日志信息......
2024-05-17 11:01:09.907329	[INFO]	event.py	响应时间:707ms	江苏省	南京市	这里是日志信息......
2024-05-17 11:01:09.907329	[INFO]	event.py	响应时间:330ms	天津市	宝坻区	这里是日志信息......
2024-05-17 11:01:09.907329	[INFO]	goods_manager.py	响应时间:591ms	天津市	河西区	这里是日志信息......
2024-05-17 11:01:09.907329	[INFO]	event.py	响应时间:257ms	湖南省	常德市	这里是日志信息......
2024-05-17 11:01:09.907329	[WARN]	orders_service.py	响应时间:967ms	湖北省	武汉市	这里是日志信息......
2024-05-17 11:01:09.907329	[INFO]	shop_manager.py	响应时间:812ms	湖南省	长沙市	这里是日志信息......
2024-05-17 11:01:09.907329	[INFO]	goods_manager.py	响应时间:687ms	浙江省	嘉兴市	这里是日志信息......
2024-05-17 11:01:09.907329	[INFO]	goods_manager.py	响应时间:380ms	北京市	大兴区	这里是日志信息......
2024-05-17 11:01:09.907329	[INFO]	event.py	响应时间:442ms	安徽省	铜陵市	这里是日志信息......
2024-05-17 11:01:09.907329	[INFO]	user_manager.py	响应时间:883ms	安徽省	阜阳市	这里是日志信息......
2024-05-17 11:01:09.907329	[WARN]	user_manager.py	响应时间:967ms	浙江省	绍兴市	这里是日志信息......
2024-05-17 11:01:09.907329	[INFO]	orders_service.py	响应时间:641ms	重庆市	沙坪坝区	这里是日志信息......
2024-05-17 11:01:09.907329	[INFO]	goods_manager.py	响应时间:18ms	山东省	济南市	这里是日志信息......
2024-05-17 11:01:09.907329	[WARN]	event.py	响应时间:267ms	湖南省	长沙市	这里是日志信息......
2024-05-17 11:01:09.907329	[INFO]	goods_manager.py	响应时间:958ms	山东省	菏泽市	这里是日志信息......
2024-05-17 11:01:09.907329	[INFO]	orders_service.py	响应时间:727ms	重庆市	沙坪坝区	这里是日志信息......
2024-05-17 11:01:09.907329	[INFO]	event.py	响应时间:134ms	北京市	丰台区	这里是日志信息......
2024-05-17 11:01:09.907329	[WARN]	orders_service.py	响应时间:921ms	天津市	宝坻区	这里是日志信息......
2024-05-17 11:01:09.907329	[INFO]	goods_manager.py	响应时间:318ms	上海市	浦东新区	这里是日志信息......
2024-05-17 11:01:09.907329	[WARN]	goods_manager.py	响应时间:927ms	湖北省	十堰市	这里是日志信息......
2024-05-17 11:01:09.907329	[WARN]	goods_manager.py	响应时间:5ms	重庆市	万州区	这里是日志信息......
2024-05-17 11:01:09.907329	[INFO]	orders_service.py	响应时间:146ms	浙江省	杭州市	这里是日志信息......
2024-05-17 11:01:09.907329	[INFO]	goods_manager.py	响应时间:22ms	北京市	大兴区	这里是日志信息......
2024-05-17 11:01:09.907329	[INFO]	goods_manager.py	响应时间:293ms	湖南省	株洲市	这里是日志信息......
2024-05-17 11:01:09.907329	[INFO]	orders_service.py	响应时间:533ms	山东省	青岛市	这里是日志信息......
2024-05-17 11:01:09.907329	[INFO]	event.py	响应时间:759ms	湖南省	常德市	这里是日志信息......
2024-05-17 11:01:09.907329	[INFO]	orders_service.py	响应时间:403ms	天津市	武清区	这里是日志信息......
2024-05-17 11:01:09.907329	[INFO]	event.py	响应时间:30ms	安徽省	合肥市	这里是日志信息......
2024-05-17 11:01:09.907329	[INFO]	goods_manager.py	响应时间:837ms	安徽省	合肥市	这里是日志信息......
2024-05-17 11:01:09.907329	[INFO]	goods_manager.py	响应时间:974ms	北京市	海淀区	这里是日志信息......
2024-05-17 11:01:09.907329	[INFO]	base_network.py	响应时间:631ms	浙江省	金华市	这里是日志信息......
2024-05-17 11:01:09.907329	[INFO]	barcode_service.py	响应时间:685ms	北京市	大兴区	这里是日志信息......
2024-05-17 11:01:09.907329	[WARN]	event.py	响应时间:567ms	天津市	和平区	这里是日志信息......
2024-05-17 11:01:09.907329	[INFO]	goods_manager.py	响应时间:950ms	天津市	和平区	这里是日志信息......
2024-05-17 11:01:09.907329	[WARN]	base_network.py	响应时间:537ms	安徽省	芜湖市	这里是日志信息......
2024-05-17 11:01:09.907329	[INFO]	event.py	响应时间:412ms	江苏省	宿迁市	这里是日志信息......
2024-05-17 11:01:09.907329	[WARN]	barcode_service.py	响应时间:773ms	湖南省	长沙市	这里是日志信息......
2024-05-17 11:01:09.907329	[INFO]	goods_manager.py	响应时间:594ms	江苏省	无锡市	这里是日志信息......
2024-05-17 11:01:09.907329	[INFO]	orders_service.py	响应时间:936ms	广东省	深圳市	这里是日志信息......
2024-05-17 11:01:09.907329	[WARN]	goods_manager.py	响应时间:908ms	重庆市	万州区	这里是日志信息......
2024-05-17 11:01:09.907329	[INFO]	base_network.py	响应时间:4349ms	江苏省	无锡市	这里是日志信息......
2024-05-17 11:01:09.907329	[WARN]	orders_service.py	响应时间:579ms	重庆市	渝中区	这里是日志信息......
2024-05-17 11:01:09.907329	[WARN]	orders_service.py	响应时间:647ms	天津市	武清区	这里是日志信息......
2024-05-17 11:01:09.907329	[INFO]	goods_manager.py	响应时间:595ms	上海市	黄浦区	这里是日志信息......
2024-05-17 11:01:09.907329	[WARN]	orders_service.py	响应时间:349ms	湖北省	武汉市	这里是日志信息......
2024-05-17 11:01:09.907329	[INFO]	event.py	响应时间:825ms	重庆市	万州区	这里是日志信息......
2024-05-17 11:01:09.907329	[INFO]	goods_manager.py	响应时间:714ms	浙江省	嘉兴市	这里是日志信息......
2024-05-17 11:01:09.907329	[INFO]	orders_service.py	响应时间:715ms	上海市	杨浦区	这里是日志信息......
2024-05-17 11:01:09.907329	[INFO]	orders_service.py	响应时间:709ms	安徽省	芜湖市	这里是日志信息......
2024-05-17 11:01:09.907329	[INFO]	shop_manager.py	响应时间:969ms	重庆市	九龙坡区	这里是日志信息......
2024-05-17 11:01:09.907329	[WARN]	orders_service.py	响应时间:994ms	安徽省	合肥市	这里是日志信息......
2024-05-17 11:01:09.907329	[WARN]	goods_manager.py	响应时间:842ms	重庆市	九龙坡区	这里是日志信息......
2024-05-17 11:01:09.907329	[INFO]	event.py	响应时间:318ms	安徽省	合肥市	这里是日志信息......
2024-05-17 11:01:09.907329	[INFO]	barcode_service.py	响应时间:369ms	北京市	朝阳区	这里是日志信息......
2024-05-17 11:01:09.907329	[INFO]	event.py	响应时间:529ms	江苏省	南京市	这里是日志信息......
2024-05-17 11:01:09.907329	[INFO]	orders_service.py	响应时间:107ms	湖南省	长沙市	这里是日志信息......
2024-05-17 11:01:09.907329	[INFO]	event.py	响应时间:581ms	浙江省	舟山市	这里是日志信息......
2024-05-17 11:01:09.907329	[WARN]	event.py	响应时间:17ms	山东省	济南市	这里是日志信息......
2024-05-17 11:01:09.907329	[INFO]	orders_service.py	响应时间:704ms	重庆市	万州区	这里是日志信息......
2024-05-17 11:01:09.907329	[INFO]	base_network.py	响应时间:800ms	山东省	菏泽市	这里是日志信息......
2024-05-17 11:01:09.907329	[INFO]	base_network.py	响应时间:555ms	浙江省	绍兴市	这里是日志信息......
2024-05-17 11:01:09.908332	[INFO]	user_manager.py	响应时间:419ms	上海市	普陀区	这里是日志信息......
2024-05-17 11:01:09.908332	[INFO]	goods_manager.py	响应时间:684ms	浙江省	舟山市	这里是日志信息......
2024-05-17 11:01:09.908332	[INFO]	goods_manager.py	响应时间:258ms	北京市	怀柔区	这里是日志信息......
2024-05-17 11:01:09.908332	[INFO]	goods_manager.py	响应时间:241ms	重庆市	万州区	这里是日志信息......
2024-05-17 11:01:09.908332	[INFO]	orders_service.py	响应时间:375ms	天津市	武清区	这里是日志信息......
2024-05-17 11:01:09.908332	[INFO]	goods_manager.py	响应时间:561ms	上海市	普陀区	这里是日志信息......
2024-05-17 11:01:09.908332	[INFO]	barcode_service.py	响应时间:624ms	山东省	济南市	这里是日志信息......
2024-05-17 11:01:09.908332	[INFO]	orders_service.py	响应时间:30ms	重庆市	沙坪坝区	这里是日志信息......
2024-05-17 11:01:09.908332	[INFO]	user_manager.py	响应时间:103ms	重庆市	万州区	这里是日志信息......
2024-05-17 11:01:09.908332	[INFO]	barcode_service.py	响应时间:889ms	浙江省	嘉兴市	这里是日志信息......
2024-05-17 11:01:09.908332	[WARN]	user_manager.py	响应时间:197ms	重庆市	万州区	这里是日志信息......
2024-05-17 11:01:09.908332	[INFO]	event.py	响应时间:883ms	天津市	河东区	这里是日志信息......
2024-05-17 11:01:09.908332	[WARN]	orders_service.py	响应时间:69ms	重庆市	沙坪坝区	这里是日志信息......
2024-05-17 11:01:09.908332	[INFO]	event.py	响应时间:142ms	重庆市	万州区	这里是日志信息......
2024-05-17 11:01:09.908332	[INFO]	base_network.py	响应时间:9158ms	天津市	河西区	这里是日志信息......
2024-05-17 11:01:09.908332	[WARN]	goods_manager.py	响应时间:456ms	浙江省	舟山市	这里是日志信息......
2024-05-17 11:01:09.908332	[INFO]	event.py	响应时间:125ms	湖北省	恩施土家族苗族自治州	这里是日志信息......
2024-05-17 11:01:09.908332	[INFO]	goods_manager.py	响应时间:870ms	重庆市	九龙坡区	这里是日志信息......
2024-05-17 11:01:09.908332	[INFO]	user_manager.py	响应时间:452ms	湖南省	长沙市	这里是日志信息......
2024-05-17 11:01:09.908332	[INFO]	goods_manager.py	响应时间:225ms	广东省	深圳市	这里是日志信息......
2024-05-17 11:01:09.908332	[INFO]	base_network.py	响应时间:4221ms	湖南省	常德市	这里是日志信息......
2024-05-17 11:01:09.908332	[INFO]	shop_manager.py	响应时间:148ms	安徽省	铜陵市	这里是日志信息......
2024-05-17 11:01:09.908332	[INFO]	event.py	响应时间:842ms	江苏省	无锡市	这里是日志信息......
2024-05-17 11:01:09.908332	[INFO]	user_manager.py	响应时间:548ms	天津市	宝坻区	这里是日志信息......
2024-05-17 11:01:09.908332	[INFO]	barcode_service.py	响应时间:918ms	重庆市	九龙坡区	这里是日志信息......
2024-05-17 11:01:09.908332	[INFO]	user_manager.py	响应时间:558ms	天津市	宝坻区	这里是日志信息......
2024-05-17 11:01:09.908332	[INFO]	event.py	响应时间:887ms	重庆市	万州区	这里是日志信息......
2024-05-17 11:01:09.908332	[INFO]	event.py	响应时间:259ms	湖南省	长沙市	这里是日志信息......
2024-05-17 11:01:09.908332	[INFO]	event.py	响应时间:240ms	江苏省	宿迁市	这里是日志信息......
2024-05-17 11:01:09.908332	[INFO]	barcode_service.py	响应时间:735ms	天津市	河东区	这里是日志信息......
2024-05-17 11:01:09.908332	[INFO]	event.py	响应时间:810ms	上海市	宝山区	这里是日志信息......
2024-05-17 11:01:09.908332	[ERROR]	base_network.py	响应时间:622ms	重庆市	南岸区	这里是日志信息......
2024-05-17 11:01:09.908332	[INFO]	event.py	响应时间:371ms	湖南省	张家界市	这里是日志信息......
2024-05-17 11:01:09.908332	[INFO]	barcode_service.py	响应时间:349ms	江苏省	宿迁市	这里是日志信息......
2024-05-17 11:01:09.908332	[INFO]	barcode_service.py	响应时间:261ms	湖北省	武汉市	这里是日志信息......
2024-05-17 11:01:09.908332	[INFO]	event.py	响应时间:535ms	广东省	广州市	这里是日志信息......
2024-05-17 11:01:09.908332	[INFO]	goods_manager.py	响应时间:16ms	上海市	杨浦区	这里是日志信息......
2024-05-17 11:01:09.908332	[INFO]	orders_service.py	响应时间:8ms	天津市	河东区	这里是日志信息......
2024-05-17 11:01:09.908332	[INFO]	orders_service.py	响应时间:511ms	广东省	深圳市	这里是日志信息......
2024-05-17 11:01:09.908332	[ERROR]	event.py	响应时间:388ms	湖南省	株洲市	这里是日志信息......
2024-05-17 11:01:09.908332	[INFO]	goods_manager.py	响应时间:311ms	广东省	广州市	这里是日志信息......
2024-05-17 11:01:09.908332	[INFO]	orders_service.py	响应时间:523ms	上海市	宝山区	这里是日志信息......
2024-05-17 11:01:09.908332	[INFO]	user_manager.py	响应时间:596ms	江苏省	宿迁市	这里是日志信息......
2024-05-17 11:01:09.908332	[INFO]	goods_manager.py	响应时间:807ms	天津市	和平区	这里是日志信息......
2024-05-17 11:01:09.908332	[INFO]	orders_service.py	响应时间:494ms	湖南省	长沙市	这里是日志信息......
2024-05-17 11:01:09.908332	[INFO]	orders_service.py	响应时间:843ms	上海市	普陀区	这里是日志信息......
2024-05-17 11:01:09.908332	[INFO]	goods_manager.py	响应时间:299ms	天津市	河西区	这里是日志信息......
2024-05-17 11:01:09.908332	[INFO]	orders_service.py	响应时间:272ms	重庆市	万州区	这里是日志信息......
2024-05-17 11:01:09.908332	[WARN]	event.py	响应时间:687ms	上海市	普陀区	这里是日志信息......
2024-05-17 11:01:09.908332	[WARN]	shop_manager.py	响应时间:270ms	北京市	怀柔区	这里是日志信息......
2024-05-17 11:01:09.908332	[INFO]	event.py	响应时间:508ms	湖北省	武汉市	这里是日志信息......
2024-05-17 11:01:09.908332	[INFO]	orders_service.py	响应时间:743ms	浙江省	杭州市	这里是日志信息......
2024-05-17 11:01:09.908332	[WARN]	orders_service.py	响应时间:898ms	湖北省	武汉市	这里是日志信息......
2024-05-17 11:01:09.908332	[INFO]	orders_service.py	响应时间:844ms	湖南省	长沙市	这里是日志信息......
2024-05-17 11:01:09.908332	[INFO]	barcode_service.py	响应时间:473ms	湖南省	长沙市	这里是日志信息......
2024-05-17 11:01:09.908332	[INFO]	event.py	响应时间:416ms	湖南省	长沙市	这里是日志信息......
2024-05-17 11:01:09.908332	[INFO]	orders_service.py	响应时间:905ms	浙江省	嘉兴市	这里是日志信息......
2024-05-17 11:01:09.908332	[INFO]	barcode_service.py	响应时间:250ms	浙江省	丽水市	这里是日志信息......
2024-05-17 11:01:09.908332	[INFO]	goods_manager.py	响应时间:229ms	天津市	宝坻区	这里是日志信息......
2024-05-17 11:01:09.908332	[INFO]	orders_service.py	响应时间:884ms	广东省	广州市	这里是日志信息......
2024-05-17 11:01:09.908332	[INFO]	goods_manager.py	响应时间:121ms	安徽省	铜陵市	这里是日志信息......
2024-05-17 11:01:09.908332	[WARN]	goods_manager.py	响应时间:185ms	安徽省	池州市	这里是日志信息......
2024-05-17 11:01:09.908332	[INFO]	orders_service.py	响应时间:778ms	湖南省	长沙市	这里是日志信息......
2024-05-17 11:01:09.908332	[INFO]	goods_manager.py	响应时间:283ms	重庆市	渝中区	这里是日志信息......
2024-05-17 11:01:09.908332	[INFO]	event.py	响应时间:702ms	山东省	青岛市	这里是日志信息......
2024-05-17 11:01:09.908332	[INFO]	event.py	响应时间:106ms	浙江省	杭州市	这里是日志信息......
2024-05-17 11:01:09.908332	[INFO]	goods_manager.py	响应时间:554ms	湖北省	荆州市	这里是日志信息......
2024-05-17 11:01:09.908332	[INFO]	base_network.py	响应时间:101ms	浙江省	丽水市	这里是日志信息......
2024-05-17 11:01:09.908332	[INFO]	base_network.py	响应时间:482ms	山东省	青岛市	这里是日志信息......
2024-05-17 11:01:09.908332	[INFO]	event.py	响应时间:126ms	江苏省	南京市	这里是日志信息......
2024-05-17 11:01:09.908332	[INFO]	orders_service.py	响应时间:149ms	湖北省	十堰市	这里是日志信息......
2024-05-17 11:01:09.908332	[INFO]	event.py	响应时间:148ms	湖南省	常德市	这里是日志信息......
2024-05-17 11:01:09.908332	[INFO]	user_manager.py	响应时间:535ms	浙江省	湖州市	这里是日志信息......
2024-05-17 11:01:09.908332	[WARN]	goods_manager.py	响应时间:473ms	天津市	和平区	这里是日志信息......
2024-05-17 11:01:09.908332	[INFO]	goods_manager.py	响应时间:807ms	江苏省	南京市	这里是日志信息......
2024-05-17 11:01:09.908332	[INFO]	orders_service.py	响应时间:409ms	北京市	昌平区	这里是日志信息......
2024-05-17 11:01:09.908332	[INFO]	user_manager.py	响应时间:56ms	重庆市	渝中区	这里是日志信息......
2024-05-17 11:01:09.908332	[WARN]	orders_service.py	响应时间:252ms	天津市	河西区	这里是日志信息......
2024-05-17 11:01:09.908332	[INFO]	user_manager.py	响应时间:828ms	天津市	河东区	这里是日志信息......
2024-05-17 11:01:09.908332	[INFO]	shop_manager.py	响应时间:645ms	北京市	丰台区	这里是日志信息......
2024-05-17 11:01:09.908332	[INFO]	event.py	响应时间:100ms	天津市	宝坻区	这里是日志信息......
2024-05-17 11:01:09.909330	[INFO]	event.py	响应时间:423ms	北京市	海淀区	这里是日志信息......
2024-05-17 11:01:09.909330	[INFO]	event.py	响应时间:256ms	安徽省	合肥市	这里是日志信息......
2024-05-17 11:01:09.909330	[INFO]	orders_service.py	响应时间:815ms	江苏省	苏州市	这里是日志信息......
2024-05-17 11:01:09.909330	[INFO]	orders_service.py	响应时间:237ms	湖南省	株洲市	这里是日志信息......
2024-05-17 11:01:09.909330	[INFO]	goods_manager.py	响应时间:275ms	广东省	广州市	这里是日志信息......
2024-05-17 11:01:09.909330	[WARN]	event.py	响应时间:3324ms	湖北省	荆州市	这里是日志信息......
2024-05-17 11:01:09.909330	[INFO]	shop_manager.py	响应时间:709ms	重庆市	万州区	这里是日志信息......
2024-05-17 11:01:09.909330	[INFO]	goods_manager.py	响应时间:199ms	江苏省	宿迁市	这里是日志信息......
2024-05-17 11:01:09.909330	[INFO]	shop_manager.py	响应时间:976ms	湖北省	武汉市	这里是日志信息......
2024-05-17 11:01:09.909330	[INFO]	goods_manager.py	响应时间:326ms	北京市	海淀区	这里是日志信息......
2024-05-17 11:01:09.909330	[INFO]	event.py	响应时间:722ms	安徽省	合肥市	这里是日志信息......
2024-05-17 11:01:09.909330	[INFO]	orders_service.py	响应时间:107ms	湖北省	武汉市	这里是日志信息......
2024-05-17 11:01:09.909330	[INFO]	barcode_service.py	响应时间:33ms	安徽省	铜陵市	这里是日志信息......
2024-05-17 11:01:09.909330	[INFO]	orders_service.py	响应时间:688ms	上海市	浦东新区	这里是日志信息......
2024-05-17 11:01:09.909330	[INFO]	user_manager.py	响应时间:387ms	重庆市	万州区	这里是日志信息......
2024-05-17 11:01:09.909330	[INFO]	orders_service.py	响应时间:54ms	湖南省	常德市	这里是日志信息......
2024-05-17 11:01:09.909330	[INFO]	goods_manager.py	响应时间:237ms	湖南省	株洲市	这里是日志信息......
2024-05-17 11:01:09.909330	[INFO]	orders_service.py	响应时间:722ms	江苏省	常州市	这里是日志信息......
2024-05-17 11:01:09.909330	[INFO]	orders_service.py	响应时间:952ms	广东省	广州市	这里是日志信息......
2024-05-17 11:01:09.909330	[INFO]	orders_service.py	响应时间:353ms	安徽省	芜湖市	这里是日志信息......
2024-05-17 11:01:09.909330	[INFO]	barcode_service.py	响应时间:462ms	北京市	大兴区	这里是日志信息......
2024-05-17 11:01:09.909330	[INFO]	event.py	响应时间:894ms	湖南省	株洲市	这里是日志信息......
2024-05-17 11:01:09.909330	[INFO]	event.py	响应时间:464ms	江苏省	南京市	这里是日志信息......
2024-05-17 11:01:09.909330	[WARN]	orders_service.py	响应时间:714ms	天津市	和平区	这里是日志信息......
2024-05-17 11:01:09.909330	[INFO]	shop_manager.py	响应时间:45ms	重庆市	渝中区	这里是日志信息......
2024-05-17 11:01:09.909330	[INFO]	goods_manager.py	响应时间:544ms	湖北省	武汉市	这里是日志信息......
2024-05-17 11:01:09.909330	[WARN]	event.py	响应时间:527ms	上海市	浦东新区	这里是日志信息......
2024-05-17 11:01:09.909330	[INFO]	event.py	响应时间:6ms	湖南省	长沙市	这里是日志信息......
2024-05-17 11:01:09.909330	[INFO]	event.py	响应时间:281ms	上海市	宝山区	这里是日志信息......
2024-05-17 11:01:09.909330	[WARN]	user_manager.py	响应时间:517ms	安徽省	芜湖市	这里是日志信息......
2024-05-17 11:01:09.909330	[INFO]	event.py	响应时间:752ms	上海市	普陀区	这里是日志信息......
2024-05-17 11:01:09.909330	[INFO]	base_network.py	响应时间:457ms	上海市	静安区	这里是日志信息......
2024-05-17 11:01:09.909330	[INFO]	orders_service.py	响应时间:794ms	江苏省	常州市	这里是日志信息......
2024-05-17 11:01:09.909330	[INFO]	shop_manager.py	响应时间:184ms	北京市	怀柔区	这里是日志信息......
2024-05-17 11:01:09.909330	[INFO]	shop_manager.py	响应时间:776ms	天津市	宝坻区	这里是日志信息......
2024-05-17 11:01:09.909330	[INFO]	user_manager.py	响应时间:875ms	安徽省	池州市	这里是日志信息......
2024-05-17 11:01:09.909330	[WARN]	base_network.py	响应时间:41ms	江苏省	宿迁市	这里是日志信息......
2024-05-17 11:01:09.909330	[INFO]	orders_service.py	响应时间:532ms	天津市	河东区	这里是日志信息......
2024-05-17 11:01:09.909330	[INFO]	event.py	响应时间:802ms	广东省	广州市	这里是日志信息......
2024-05-17 11:01:09.909330	[INFO]	goods_manager.py	响应时间:517ms	重庆市	南岸区	这里是日志信息......
2024-05-17 11:01:09.909330	[ERROR]	user_manager.py	响应时间:860ms	江苏省	苏州市	这里是日志信息......
2024-05-17 11:01:09.909330	[INFO]	event.py	响应时间:2410ms	山东省	青岛市	这里是日志信息......
2024-05-17 11:01:09.909330	[INFO]	goods_manager.py	响应时间:340ms	重庆市	涪陵区	这里是日志信息......
2024-05-17 11:01:09.909330	[INFO]	orders_service.py	响应时间:129ms	江苏省	南京市	这里是日志信息......
2024-05-17 11:01:09.909330	[INFO]	barcode_service.py	响应时间:859ms	江苏省	苏州市	这里是日志信息......
2024-05-17 11:01:09.909330	[INFO]	event.py	响应时间:817ms	山东省	青岛市	这里是日志信息......
2024-05-17 11:01:09.909330	[INFO]	goods_manager.py	响应时间:972ms	上海市	杨浦区	这里是日志信息......
2024-05-17 11:01:09.909330	[INFO]	event.py	响应时间:808ms	上海市	宝山区	这里是日志信息......
2024-05-17 11:01:09.909330	[INFO]	base_network.py	响应时间:7018ms	山东省	青岛市	这里是日志信息......
2024-05-17 11:01:09.909330	[INFO]	goods_manager.py	响应时间:926ms	天津市	河东区	这里是日志信息......
2024-05-17 11:01:09.909330	[WARN]	goods_manager.py	响应时间:447ms	广东省	珠海市	这里是日志信息......
2024-05-17 11:01:09.909330	[INFO]	event.py	响应时间:3881ms	上海市	浦东新区	这里是日志信息......
2024-05-17 11:01:09.909330	[INFO]	user_manager.py	响应时间:416ms	北京市	海淀区	这里是日志信息......
2024-05-17 11:01:09.909330	[INFO]	event.py	响应时间:483ms	湖北省	十堰市	这里是日志信息......
2024-05-17 11:01:09.909330	[INFO]	shop_manager.py	响应时间:30ms	重庆市	万州区	这里是日志信息......
2024-05-17 11:01:09.909330	[WARN]	goods_manager.py	响应时间:300ms	安徽省	阜阳市	这里是日志信息......
2024-05-17 11:01:09.909330	[INFO]	barcode_service.py	响应时间:209ms	广东省	深圳市	这里是日志信息......
2024-05-17 11:01:09.909330	[INFO]	event.py	响应时间:454ms	重庆市	涪陵区	这里是日志信息......
2024-05-17 11:01:09.909330	[INFO]	orders_service.py	响应时间:904ms	天津市	河东区	这里是日志信息......
2024-05-17 11:01:09.909330	[INFO]	barcode_service.py	响应时间:558ms	浙江省	舟山市	这里是日志信息......
2024-05-17 11:01:09.909330	[INFO]	goods_manager.py	响应时间:204ms	山东省	济南市	这里是日志信息......
2024-05-17 11:01:09.909330	[INFO]	orders_service.py	响应时间:469ms	安徽省	阜阳市	这里是日志信息......
2024-05-17 11:01:09.909330	[INFO]	event.py	响应时间:361ms	上海市	浦东新区	这里是日志信息......
2024-05-17 11:01:09.909330	[INFO]	shop_manager.py	响应时间:31ms	江苏省	南京市	这里是日志信息......
2024-05-17 11:01:09.909330	[INFO]	goods_manager.py	响应时间:448ms	江苏省	宿迁市	这里是日志信息......
2024-05-17 11:01:09.909330	[WARN]	user_manager.py	响应时间:382ms	湖北省	武汉市	这里是日志信息......
2024-05-17 11:01:09.909330	[INFO]	orders_service.py	响应时间:423ms	湖北省	恩施土家族苗族自治州	这里是日志信息......
2024-05-17 11:01:09.909330	[ERROR]	goods_manager.py	响应时间:821ms	重庆市	渝中区	这里是日志信息......
2024-05-17 11:01:09.909330	[INFO]	event.py	响应时间:244ms	湖南省	长沙市	这里是日志信息......
2024-05-17 11:01:09.909330	[INFO]	shop_manager.py	响应时间:461ms	广东省	珠海市	这里是日志信息......
2024-05-17 11:01:09.909330	[WARN]	orders_service.py	响应时间:253ms	山东省	菏泽市	这里是日志信息......
2024-05-17 11:01:09.909330	[INFO]	goods_manager.py	响应时间:581ms	湖北省	十堰市	这里是日志信息......
2024-05-17 11:01:09.909330	[INFO]	goods_manager.py	响应时间:396ms	北京市	大兴区	这里是日志信息......
2024-05-17 11:01:09.909330	[INFO]	barcode_service.py	响应时间:751ms	北京市	朝阳区	这里是日志信息......
2024-05-17 11:01:09.909330	[INFO]	event.py	响应时间:551ms	安徽省	六安市	这里是日志信息......
2024-05-17 11:01:09.909330	[INFO]	orders_service.py	响应时间:932ms	广东省	广州市	这里是日志信息......
2024-05-17 11:01:09.909330	[ERROR]	goods_manager.py	响应时间:932ms	广东省	广州市	这里是日志信息......
2024-05-17 11:01:09.909330	[INFO]	goods_manager.py	响应时间:313ms	湖南省	株洲市	这里是日志信息......
2024-05-17 11:01:09.909330	[INFO]	orders_service.py	响应时间:124ms	重庆市	沙坪坝区	这里是日志信息......
2024-05-17 11:01:09.909330	[INFO]	goods_manager.py	响应时间:343ms	天津市	河东区	这里是日志信息......
2024-05-17 11:01:09.909330	[INFO]	orders_service.py	响应时间:267ms	湖南省	株洲市	这里是日志信息......
2024-05-17 11:01:09.909330	[INFO]	barcode_service.py	响应时间:199ms	湖北省	荆州市	这里是日志信息......
2024-05-17 11:01:09.909330	[INFO]	base_network.py	响应时间:940ms	浙江省	舟山市	这里是日志信息......
2024-05-17 11:01:09.909330	[INFO]	event.py	响应时间:883ms	江苏省	苏州市	这里是日志信息......
2024-05-17 11:01:09.909330	[INFO]	user_manager.py	响应时间:144ms	浙江省	金华市	这里是日志信息......
2024-05-17 11:01:09.910331	[INFO]	orders_service.py	响应时间:738ms	山东省	青岛市	这里是日志信息......
2024-05-17 11:01:09.910331	[WARN]	barcode_service.py	响应时间:109ms	重庆市	涪陵区	这里是日志信息......
2024-05-17 11:01:09.910331	[INFO]	goods_manager.py	响应时间:672ms	安徽省	合肥市	这里是日志信息......
2024-05-17 11:01:09.910331	[INFO]	event.py	响应时间:4736ms	广东省	珠海市	这里是日志信息......
2024-05-17 11:01:09.910331	[INFO]	orders_service.py	响应时间:998ms	湖南省	长沙市	这里是日志信息......
2024-05-17 11:01:09.910331	[WARN]	barcode_service.py	响应时间:480ms	天津市	河西区	这里是日志信息......
2024-05-17 11:01:09.910331	[INFO]	goods_manager.py	响应时间:174ms	北京市	昌平区	这里是日志信息......
2024-05-17 11:01:09.910331	[WARN]	event.py	响应时间:762ms	重庆市	九龙坡区	这里是日志信息......
2024-05-17 11:01:09.910331	[INFO]	orders_service.py	响应时间:682ms	浙江省	舟山市	这里是日志信息......
2024-05-17 11:01:09.910331	[INFO]	shop_manager.py	响应时间:675ms	北京市	大兴区	这里是日志信息......
2024-05-17 11:01:09.910331	[INFO]	orders_service.py	响应时间:949ms	重庆市	万州区	这里是日志信息......
