2024-05-17 11:01:12.964442	[INFO]	event.py	响应时间:471ms	北京市	大兴区	这里是日志信息......
2024-05-17 11:01:12.964442	[INFO]	goods_manager.py	响应时间:743ms	浙江省	嘉兴市	这里是日志信息......
2024-05-17 11:01:12.964442	[INFO]	event.py	响应时间:234ms	安徽省	芜湖市	这里是日志信息......
2024-05-17 11:01:12.965315	[ERROR]	orders_service.py	响应时间:528ms	广东省	深圳市	这里是日志信息......
2024-05-17 11:01:12.965315	[INFO]	barcode_service.py	响应时间:856ms	北京市	丰台区	这里是日志信息......
2024-05-17 11:01:12.965315	[INFO]	base_network.py	响应时间:201ms	广东省	珠海市	这里是日志信息......
2024-05-17 11:01:12.965315	[INFO]	orders_service.py	响应时间:455ms	上海市	普陀区	这里是日志信息......
2024-05-17 11:01:12.965315	[INFO]	base_network.py	响应时间:27ms	上海市	宝山区	这里是日志信息......
2024-05-17 11:01:12.965315	[INFO]	goods_manager.py	响应时间:413ms	重庆市	涪陵区	这里是日志信息......
2024-05-17 11:01:12.965315	[INFO]	goods_manager.py	响应时间:432ms	广东省	广州市	这里是日志信息......
2024-05-17 11:01:12.965315	[INFO]	orders_service.py	响应时间:426ms	湖南省	长沙市	这里是日志信息......
2024-05-17 11:01:12.965315	[INFO]	event.py	响应时间:772ms	浙江省	嘉兴市	这里是日志信息......
2024-05-17 11:01:12.965315	[INFO]	orders_service.py	响应时间:424ms	北京市	怀柔区	这里是日志信息......
2024-05-17 11:01:12.965315	[WARN]	event.py	响应时间:566ms	安徽省	芜湖市	这里是日志信息......
2024-05-17 11:01:12.965315	[INFO]	goods_manager.py	响应时间:561ms	广东省	深圳市	这里是日志信息......
2024-05-17 11:01:12.965315	[INFO]	goods_manager.py	响应时间:253ms	湖北省	武汉市	这里是日志信息......
2024-05-17 11:01:12.965315	[INFO]	event.py	响应时间:932ms	湖北省	恩施土家族苗族自治州	这里是日志信息......
2024-05-17 11:01:12.965315	[WARN]	orders_service.py	响应时间:755ms	浙江省	绍兴市	这里是日志信息......
2024-05-17 11:01:12.965315	[INFO]	goods_manager.py	响应时间:510ms	安徽省	芜湖市	这里是日志信息......
2024-05-17 11:01:12.965315	[INFO]	user_manager.py	响应时间:5818ms	广东省	珠海市	这里是日志信息......
2024-05-17 11:01:12.965315	[INFO]	shop_manager.py	响应时间:445ms	江苏省	苏州市	这里是日志信息......
2024-05-17 11:01:12.965315	[INFO]	barcode_service.py	响应时间:186ms	湖南省	常德市	这里是日志信息......
2024-05-17 11:01:12.965315	[INFO]	barcode_service.py	响应时间:569ms	浙江省	金华市	这里是日志信息......
2024-05-17 11:01:12.965315	[INFO]	base_network.py	响应时间:178ms	湖南省	长沙市	这里是日志信息......
2024-05-17 11:01:12.965315	[INFO]	goods_manager.py	响应时间:532ms	天津市	河西区	这里是日志信息......
2024-05-17 11:01:12.965315	[INFO]	user_manager.py	响应时间:642ms	江苏省	宿迁市	这里是日志信息......
2024-05-17 11:01:12.965315	[INFO]	goods_manager.py	响应时间:584ms	上海市	浦东新区	这里是日志信息......
2024-05-17 11:01:12.965315	[INFO]	event.py	响应时间:851ms	上海市	普陀区	这里是日志信息......
2024-05-17 11:01:12.965315	[INFO]	goods_manager.py	响应时间:274ms	浙江省	嘉兴市	这里是日志信息......
2024-05-17 11:01:12.965315	[INFO]	event.py	响应时间:503ms	山东省	青岛市	这里是日志信息......
2024-05-17 11:01:12.965315	[INFO]	event.py	响应时间:166ms	湖北省	恩施土家族苗族自治州	这里是日志信息......
2024-05-17 11:01:12.965315	[WARN]	barcode_service.py	响应时间:389ms	上海市	宝山区	这里是日志信息......
2024-05-17 11:01:12.965315	[INFO]	event.py	响应时间:57ms	天津市	河东区	这里是日志信息......
2024-05-17 11:01:12.965315	[WARN]	goods_manager.py	响应时间:247ms	上海市	黄浦区	这里是日志信息......
2024-05-17 11:01:12.965315	[INFO]	orders_service.py	响应时间:604ms	安徽省	合肥市	这里是日志信息......
2024-05-17 11:01:12.965315	[INFO]	base_network.py	响应时间:665ms	山东省	济南市	这里是日志信息......
2024-05-17 11:01:12.965315	[WARN]	event.py	响应时间:252ms	湖南省	长沙市	这里是日志信息......
2024-05-17 11:01:12.965315	[INFO]	barcode_service.py	响应时间:2434ms	浙江省	杭州市	这里是日志信息......
2024-05-17 11:01:12.965315	[INFO]	goods_manager.py	响应时间:211ms	广东省	广州市	这里是日志信息......
2024-05-17 11:01:12.965315	[INFO]	base_network.py	响应时间:142ms	天津市	宝坻区	这里是日志信息......
2024-05-17 11:01:12.965315	[INFO]	user_manager.py	响应时间:895ms	江苏省	南京市	这里是日志信息......
2024-05-17 11:01:12.965315	[WARN]	shop_manager.py	响应时间:448ms	江苏省	张家港市	这里是日志信息......
2024-05-17 11:01:12.965315	[INFO]	orders_service.py	响应时间:696ms	江苏省	南京市	这里是日志信息......
2024-05-17 11:01:12.965315	[INFO]	orders_service.py	响应时间:5682ms	江苏省	宿迁市	这里是日志信息......
2024-05-17 11:01:12.965315	[INFO]	goods_manager.py	响应时间:621ms	安徽省	六安市	这里是日志信息......
2024-05-17 11:01:12.965315	[INFO]	orders_service.py	响应时间:527ms	浙江省	金华市	这里是日志信息......
2024-05-17 11:01:12.965315	[INFO]	orders_service.py	响应时间:375ms	重庆市	涪陵区	这里是日志信息......
2024-05-17 11:01:12.965315	[WARN]	base_network.py	响应时间:533ms	天津市	河西区	这里是日志信息......
2024-05-17 11:01:12.965315	[INFO]	user_manager.py	响应时间:301ms	广东省	深圳市	这里是日志信息......
2024-05-17 11:01:12.965315	[INFO]	base_network.py	响应时间:7023ms	湖北省	武汉市	这里是日志信息......
2024-05-17 11:01:12.965315	[INFO]	orders_service.py	响应时间:419ms	上海市	宝山区	这里是日志信息......
2024-05-17 11:01:12.965315	[INFO]	barcode_service.py	响应时间:638ms	江苏省	张家港市	这里是日志信息......
2024-05-17 11:01:12.965315	[INFO]	event.py	响应时间:809ms	湖北省	荆州市	这里是日志信息......
2024-05-17 11:01:12.965315	[INFO]	event.py	响应时间:229ms	湖南省	长沙市	这里是日志信息......
2024-05-17 11:01:12.965315	[INFO]	event.py	响应时间:787ms	上海市	徐汇区	这里是日志信息......
2024-05-17 11:01:12.965315	[INFO]	orders_service.py	响应时间:429ms	广东省	珠海市	这里是日志信息......
2024-05-17 11:01:12.965315	[INFO]	goods_manager.py	响应时间:712ms	天津市	和平区	这里是日志信息......
2024-05-17 11:01:12.965315	[INFO]	goods_manager.py	响应时间:96ms	湖北省	十堰市	这里是日志信息......
2024-05-17 11:01:12.965315	[INFO]	shop_manager.py	响应时间:380ms	湖北省	武汉市	这里是日志信息......
2024-05-17 11:01:12.965315	[INFO]	user_manager.py	响应时间:906ms	天津市	河西区	这里是日志信息......
2024-05-17 11:01:12.965315	[INFO]	goods_manager.py	响应时间:573ms	北京市	丰台区	这里是日志信息......
2024-05-17 11:01:12.965315	[INFO]	event.py	响应时间:296ms	天津市	武清区	这里是日志信息......
2024-05-17 11:01:12.965315	[INFO]	user_manager.py	响应时间:654ms	浙江省	丽水市	这里是日志信息......
2024-05-17 11:01:12.965315	[INFO]	orders_service.py	响应时间:659ms	安徽省	池州市	这里是日志信息......
2024-05-17 11:01:12.965315	[ERROR]	user_manager.py	响应时间:477ms	上海市	宝山区	这里是日志信息......
2024-05-17 11:01:12.965315	[INFO]	goods_manager.py	响应时间:375ms	上海市	浦东新区	这里是日志信息......
2024-05-17 11:01:12.965315	[INFO]	event.py	响应时间:372ms	北京市	昌平区	这里是日志信息......
2024-05-17 11:01:12.965315	[INFO]	goods_manager.py	响应时间:729ms	广东省	广州市	这里是日志信息......
2024-05-17 11:01:12.965315	[INFO]	orders_service.py	响应时间:308ms	江苏省	常州市	这里是日志信息......
2024-05-17 11:01:12.965315	[WARN]	orders_service.py	响应时间:545ms	广东省	深圳市	这里是日志信息......
2024-05-17 11:01:12.965315	[WARN]	event.py	响应时间:159ms	上海市	宝山区	这里是日志信息......
2024-05-17 11:01:12.965315	[WARN]	barcode_service.py	响应时间:454ms	湖北省	十堰市	这里是日志信息......
2024-05-17 11:01:12.965315	[INFO]	orders_service.py	响应时间:353ms	江苏省	南京市	这里是日志信息......
2024-05-17 11:01:12.965315	[INFO]	goods_manager.py	响应时间:832ms	湖南省	张家界市	这里是日志信息......
2024-05-17 11:01:12.965315	[ERROR]	orders_service.py	响应时间:316ms	江苏省	常州市	这里是日志信息......
2024-05-17 11:01:12.965315	[INFO]	event.py	响应时间:281ms	重庆市	南岸区	这里是日志信息......
2024-05-17 11:01:12.965315	[INFO]	user_manager.py	响应时间:135ms	浙江省	嘉兴市	这里是日志信息......
2024-05-17 11:01:12.965315	[INFO]	goods_manager.py	响应时间:368ms	上海市	徐汇区	这里是日志信息......
2024-05-17 11:01:12.965315	[INFO]	barcode_service.py	响应时间:467ms	江苏省	苏州市	这里是日志信息......
2024-05-17 11:01:12.965315	[INFO]	shop_manager.py	响应时间:458ms	湖南省	长沙市	这里是日志信息......
2024-05-17 11:01:12.965315	[ERROR]	goods_manager.py	响应时间:985ms	浙江省	湖州市	这里是日志信息......
2024-05-17 11:01:12.965315	[INFO]	event.py	响应时间:524ms	山东省	青岛市	这里是日志信息......
2024-05-17 11:01:12.965315	[INFO]	event.py	响应时间:246ms	江苏省	南京市	这里是日志信息......
2024-05-17 11:01:12.965315	[INFO]	user_manager.py	响应时间:616ms	上海市	徐汇区	这里是日志信息......
2024-05-17 11:01:12.965315	[INFO]	event.py	响应时间:10ms	重庆市	沙坪坝区	这里是日志信息......
2024-05-17 11:01:12.965315	[WARN]	event.py	响应时间:856ms	安徽省	六安市	这里是日志信息......
2024-05-17 11:01:12.965315	[INFO]	base_network.py	响应时间:266ms	浙江省	绍兴市	这里是日志信息......
2024-05-17 11:01:12.965315	[INFO]	event.py	响应时间:437ms	广东省	深圳市	这里是日志信息......
2024-05-17 11:01:12.965315	[INFO]	event.py	响应时间:173ms	湖南省	长沙市	这里是日志信息......
2024-05-17 11:01:12.965315	[INFO]	event.py	响应时间:916ms	天津市	河东区	这里是日志信息......
2024-05-17 11:01:12.965315	[INFO]	user_manager.py	响应时间:881ms	山东省	青岛市	这里是日志信息......
2024-05-17 11:01:12.965315	[INFO]	event.py	响应时间:196ms	重庆市	沙坪坝区	这里是日志信息......
2024-05-17 11:01:12.965315	[WARN]	orders_service.py	响应时间:923ms	重庆市	万州区	这里是日志信息......
2024-05-17 11:01:12.965315	[INFO]	user_manager.py	响应时间:322ms	浙江省	舟山市	这里是日志信息......
2024-05-17 11:01:12.965315	[INFO]	orders_service.py	响应时间:25ms	江苏省	南京市	这里是日志信息......
2024-05-17 11:01:12.965315	[INFO]	barcode_service.py	响应时间:9070ms	天津市	武清区	这里是日志信息......
2024-05-17 11:01:12.965315	[INFO]	goods_manager.py	响应时间:961ms	山东省	菏泽市	这里是日志信息......
2024-05-17 11:01:12.966396	[INFO]	barcode_service.py	响应时间:724ms	重庆市	南岸区	这里是日志信息......
2024-05-17 11:01:12.966396	[INFO]	goods_manager.py	响应时间:462ms	重庆市	沙坪坝区	这里是日志信息......
2024-05-17 11:01:12.966396	[INFO]	user_manager.py	响应时间:11ms	上海市	杨浦区	这里是日志信息......
2024-05-17 11:01:12.966396	[INFO]	shop_manager.py	响应时间:589ms	江苏省	张家港市	这里是日志信息......
2024-05-17 11:01:12.966396	[INFO]	event.py	响应时间:7166ms	北京市	怀柔区	这里是日志信息......
2024-05-17 11:01:12.966396	[INFO]	event.py	响应时间:859ms	安徽省	池州市	这里是日志信息......
2024-05-17 11:01:12.966396	[INFO]	goods_manager.py	响应时间:9329ms	江苏省	宿迁市	这里是日志信息......
2024-05-17 11:01:12.966396	[INFO]	event.py	响应时间:725ms	广东省	珠海市	这里是日志信息......
2024-05-17 11:01:12.966396	[INFO]	user_manager.py	响应时间:283ms	山东省	青岛市	这里是日志信息......
2024-05-17 11:01:12.966396	[INFO]	barcode_service.py	响应时间:823ms	北京市	朝阳区	这里是日志信息......
2024-05-17 11:01:12.966396	[INFO]	base_network.py	响应时间:454ms	安徽省	池州市	这里是日志信息......
2024-05-17 11:01:12.966396	[INFO]	shop_manager.py	响应时间:994ms	山东省	青岛市	这里是日志信息......
2024-05-17 11:01:12.966396	[WARN]	orders_service.py	响应时间:861ms	湖南省	长沙市	这里是日志信息......
2024-05-17 11:01:12.966396	[INFO]	orders_service.py	响应时间:9ms	湖南省	长沙市	这里是日志信息......
2024-05-17 11:01:12.966396	[INFO]	event.py	响应时间:621ms	山东省	青岛市	这里是日志信息......
2024-05-17 11:01:12.966396	[INFO]	event.py	响应时间:64ms	江苏省	南京市	这里是日志信息......
2024-05-17 11:01:12.966396	[INFO]	event.py	响应时间:731ms	安徽省	合肥市	这里是日志信息......
2024-05-17 11:01:12.966396	[ERROR]	event.py	响应时间:525ms	天津市	宝坻区	这里是日志信息......
2024-05-17 11:01:12.966396	[INFO]	event.py	响应时间:360ms	重庆市	渝中区	这里是日志信息......
2024-05-17 11:01:12.966396	[INFO]	shop_manager.py	响应时间:485ms	湖南省	长沙市	这里是日志信息......
2024-05-17 11:01:12.966396	[INFO]	base_network.py	响应时间:512ms	湖南省	张家界市	这里是日志信息......
2024-05-17 11:01:12.966396	[INFO]	event.py	响应时间:811ms	上海市	徐汇区	这里是日志信息......
2024-05-17 11:01:12.966396	[INFO]	barcode_service.py	响应时间:642ms	湖南省	长沙市	这里是日志信息......
2024-05-17 11:01:12.966396	[INFO]	user_manager.py	响应时间:118ms	上海市	普陀区	这里是日志信息......
2024-05-17 11:01:12.966396	[INFO]	orders_service.py	响应时间:987ms	重庆市	万州区	这里是日志信息......
2024-05-17 11:01:12.966396	[INFO]	event.py	响应时间:115ms	江苏省	南京市	这里是日志信息......
2024-05-17 11:01:12.966396	[INFO]	goods_manager.py	响应时间:470ms	浙江省	绍兴市	这里是日志信息......
2024-05-17 11:01:12.966396	[INFO]	orders_service.py	响应时间:875ms	重庆市	渝中区	这里是日志信息......
2024-05-17 11:01:12.966396	[INFO]	user_manager.py	响应时间:3151ms	天津市	河西区	这里是日志信息......
2024-05-17 11:01:12.966396	[INFO]	event.py	响应时间:823ms	广东省	深圳市	这里是日志信息......
2024-05-17 11:01:12.966396	[INFO]	orders_service.py	响应时间:608ms	广东省	深圳市	这里是日志信息......
2024-05-17 11:01:12.966396	[INFO]	event.py	响应时间:683ms	上海市	黄浦区	这里是日志信息......
2024-05-17 11:01:12.966396	[INFO]	goods_manager.py	响应时间:520ms	湖北省	武汉市	这里是日志信息......
2024-05-17 11:01:12.966396	[INFO]	event.py	响应时间:441ms	上海市	黄浦区	这里是日志信息......
2024-05-17 11:01:12.966396	[WARN]	event.py	响应时间:331ms	北京市	怀柔区	这里是日志信息......
2024-05-17 11:01:12.966396	[INFO]	goods_manager.py	响应时间:869ms	广东省	深圳市	这里是日志信息......
2024-05-17 11:01:12.966396	[INFO]	orders_service.py	响应时间:910ms	江苏省	常州市	这里是日志信息......
2024-05-17 11:01:12.966396	[INFO]	user_manager.py	响应时间:939ms	北京市	海淀区	这里是日志信息......
2024-05-17 11:01:12.966396	[WARN]	user_manager.py	响应时间:521ms	上海市	徐汇区	这里是日志信息......
2024-05-17 11:01:12.966396	[WARN]	event.py	响应时间:741ms	天津市	宝坻区	这里是日志信息......
2024-05-17 11:01:12.966396	[WARN]	goods_manager.py	响应时间:795ms	安徽省	合肥市	这里是日志信息......
2024-05-17 11:01:12.966396	[INFO]	base_network.py	响应时间:7686ms	广东省	珠海市	这里是日志信息......
2024-05-17 11:01:12.966396	[INFO]	user_manager.py	响应时间:878ms	天津市	宝坻区	这里是日志信息......
2024-05-17 11:01:12.966396	[ERROR]	user_manager.py	响应时间:2670ms	天津市	河西区	这里是日志信息......
2024-05-17 11:01:12.966396	[INFO]	event.py	响应时间:682ms	安徽省	合肥市	这里是日志信息......
2024-05-17 11:01:12.966396	[INFO]	orders_service.py	响应时间:918ms	浙江省	丽水市	这里是日志信息......
2024-05-17 11:01:12.966396	[INFO]	event.py	响应时间:759ms	湖北省	武汉市	这里是日志信息......
2024-05-17 11:01:12.966396	[ERROR]	event.py	响应时间:304ms	安徽省	六安市	这里是日志信息......
2024-05-17 11:01:12.966396	[INFO]	goods_manager.py	响应时间:6179ms	安徽省	铜陵市	这里是日志信息......
2024-05-17 11:01:12.966396	[INFO]	user_manager.py	响应时间:676ms	江苏省	常州市	这里是日志信息......
2024-05-17 11:01:12.966396	[INFO]	base_network.py	响应时间:2348ms	浙江省	湖州市	这里是日志信息......
2024-05-17 11:01:12.966396	[INFO]	orders_service.py	响应时间:4ms	北京市	大兴区	这里是日志信息......
2024-05-17 11:01:12.966396	[INFO]	event.py	响应时间:855ms	上海市	黄浦区	这里是日志信息......
2024-05-17 11:01:12.966396	[INFO]	event.py	响应时间:400ms	山东省	青岛市	这里是日志信息......
2024-05-17 11:01:12.966396	[WARN]	user_manager.py	响应时间:422ms	湖北省	武汉市	这里是日志信息......
2024-05-17 11:01:12.966396	[INFO]	goods_manager.py	响应时间:767ms	广东省	广州市	这里是日志信息......
2024-05-17 11:01:12.966396	[INFO]	goods_manager.py	响应时间:648ms	浙江省	金华市	这里是日志信息......
2024-05-17 11:01:12.966396	[WARN]	orders_service.py	响应时间:348ms	湖北省	十堰市	这里是日志信息......
2024-05-17 11:01:12.966396	[ERROR]	goods_manager.py	响应时间:537ms	江苏省	苏州市	这里是日志信息......
2024-05-17 11:01:12.966396	[ERROR]	orders_service.py	响应时间:1816ms	上海市	普陀区	这里是日志信息......
2024-05-17 11:01:12.966396	[INFO]	event.py	响应时间:508ms	重庆市	万州区	这里是日志信息......
2024-05-17 11:01:12.966396	[INFO]	event.py	响应时间:836ms	安徽省	合肥市	这里是日志信息......
2024-05-17 11:01:12.966396	[INFO]	event.py	响应时间:835ms	北京市	怀柔区	这里是日志信息......
2024-05-17 11:01:12.966396	[INFO]	event.py	响应时间:679ms	重庆市	沙坪坝区	这里是日志信息......
2024-05-17 11:01:12.966396	[INFO]	orders_service.py	响应时间:423ms	浙江省	杭州市	这里是日志信息......
2024-05-17 11:01:12.966396	[WARN]	user_manager.py	响应时间:185ms	上海市	浦东新区	这里是日志信息......
2024-05-17 11:01:12.966396	[ERROR]	goods_manager.py	响应时间:87ms	湖南省	张家界市	这里是日志信息......
2024-05-17 11:01:12.966396	[INFO]	barcode_service.py	响应时间:195ms	湖南省	长沙市	这里是日志信息......
2024-05-17 11:01:12.966396	[INFO]	event.py	响应时间:284ms	湖南省	长沙市	这里是日志信息......
2024-05-17 11:01:12.966396	[INFO]	orders_service.py	响应时间:783ms	安徽省	六安市	这里是日志信息......
2024-05-17 11:01:12.966396	[INFO]	base_network.py	响应时间:990ms	上海市	静安区	这里是日志信息......
2024-05-17 11:01:12.966396	[INFO]	orders_service.py	响应时间:269ms	上海市	徐汇区	这里是日志信息......
2024-05-17 11:01:12.966396	[INFO]	goods_manager.py	响应时间:182ms	天津市	宝坻区	这里是日志信息......
2024-05-17 11:01:12.966396	[INFO]	user_manager.py	响应时间:53ms	重庆市	渝中区	这里是日志信息......
2024-05-17 11:01:12.966396	[ERROR]	goods_manager.py	响应时间:1705ms	江苏省	张家港市	这里是日志信息......
2024-05-17 11:01:12.966396	[INFO]	barcode_service.py	响应时间:877ms	山东省	青岛市	这里是日志信息......
2024-05-17 11:01:12.966396	[WARN]	user_manager.py	响应时间:788ms	湖南省	益阳市	这里是日志信息......
2024-05-17 11:01:12.966396	[INFO]	base_network.py	响应时间:22ms	广东省	深圳市	这里是日志信息......
2024-05-17 11:01:12.966396	[INFO]	user_manager.py	响应时间:63ms	天津市	宝坻区	这里是日志信息......
2024-05-17 11:01:12.966396	[INFO]	goods_manager.py	响应时间:679ms	浙江省	湖州市	这里是日志信息......
2024-05-17 11:01:12.966396	[WARN]	orders_service.py	响应时间:519ms	江苏省	南京市	这里是日志信息......
2024-05-17 11:01:12.966396	[WARN]	base_network.py	响应时间:100ms	广东省	广州市	这里是日志信息......
2024-05-17 11:01:12.966396	[INFO]	orders_service.py	响应时间:431ms	广东省	广州市	这里是日志信息......
2024-05-17 11:01:12.966396	[INFO]	user_manager.py	响应时间:677ms	北京市	朝阳区	这里是日志信息......
2024-05-17 11:01:12.966396	[INFO]	event.py	响应时间:663ms	广东省	深圳市	这里是日志信息......
2024-05-17 11:01:12.966396	[INFO]	orders_service.py	响应时间:96ms	北京市	大兴区	这里是日志信息......
2024-05-17 11:01:12.966396	[INFO]	orders_service.py	响应时间:496ms	江苏省	无锡市	这里是日志信息......
2024-05-17 11:01:12.966396	[INFO]	event.py	响应时间:168ms	江苏省	南京市	这里是日志信息......
2024-05-17 11:01:12.966396	[INFO]	orders_service.py	响应时间:880ms	上海市	浦东新区	这里是日志信息......
2024-05-17 11:01:12.966396	[WARN]	barcode_service.py	响应时间:335ms	江苏省	苏州市	这里是日志信息......
2024-05-17 11:01:12.966396	[INFO]	goods_manager.py	响应时间:235ms	天津市	河东区	这里是日志信息......
2024-05-17 11:01:12.966396	[INFO]	barcode_service.py	响应时间:410ms	山东省	济南市	这里是日志信息......
2024-05-17 11:01:12.966396	[INFO]	goods_manager.py	响应时间:57ms	重庆市	渝中区	这里是日志信息......
2024-05-17 11:01:12.966396	[INFO]	goods_manager.py	响应时间:82ms	江苏省	常州市	这里是日志信息......
2024-05-17 11:01:12.966396	[INFO]	event.py	响应时间:150ms	山东省	菏泽市	这里是日志信息......
2024-05-17 11:01:12.967394	[ERROR]	goods_manager.py	响应时间:433ms	广东省	广州市	这里是日志信息......
2024-05-17 11:01:12.967394	[INFO]	event.py	响应时间:570ms	浙江省	绍兴市	这里是日志信息......
2024-05-17 11:01:12.967394	[INFO]	goods_manager.py	响应时间:814ms	北京市	海淀区	这里是日志信息......
2024-05-17 11:01:12.967394	[INFO]	goods_manager.py	响应时间:491ms	重庆市	万州区	这里是日志信息......
2024-05-17 11:01:12.967394	[INFO]	orders_service.py	响应时间:471ms	江苏省	张家港市	这里是日志信息......
2024-05-17 11:01:12.967394	[INFO]	goods_manager.py	响应时间:220ms	江苏省	宿迁市	这里是日志信息......
2024-05-17 11:01:12.967394	[WARN]	goods_manager.py	响应时间:206ms	北京市	海淀区	这里是日志信息......
2024-05-17 11:01:12.967394	[INFO]	orders_service.py	响应时间:161ms	安徽省	合肥市	这里是日志信息......
2024-05-17 11:01:12.967394	[INFO]	event.py	响应时间:82ms	山东省	青岛市	这里是日志信息......
2024-05-17 11:01:12.967394	[INFO]	user_manager.py	响应时间:571ms	上海市	普陀区	这里是日志信息......
2024-05-17 11:01:12.967394	[INFO]	event.py	响应时间:73ms	山东省	青岛市	这里是日志信息......
2024-05-17 11:01:12.967394	[WARN]	base_network.py	响应时间:761ms	山东省	济南市	这里是日志信息......
2024-05-17 11:01:12.967394	[WARN]	barcode_service.py	响应时间:843ms	浙江省	丽水市	这里是日志信息......
2024-05-17 11:01:12.967394	[INFO]	event.py	响应时间:945ms	天津市	宝坻区	这里是日志信息......
2024-05-17 11:01:12.967394	[INFO]	goods_manager.py	响应时间:83ms	安徽省	芜湖市	这里是日志信息......
2024-05-17 11:01:12.967394	[INFO]	event.py	响应时间:737ms	广东省	深圳市	这里是日志信息......
2024-05-17 11:01:12.967394	[INFO]	event.py	响应时间:296ms	湖南省	益阳市	这里是日志信息......
2024-05-17 11:01:12.967394	[INFO]	user_manager.py	响应时间:841ms	湖北省	荆州市	这里是日志信息......
2024-05-17 11:01:12.967394	[INFO]	event.py	响应时间:893ms	湖南省	长沙市	这里是日志信息......
2024-05-17 11:01:12.967394	[INFO]	orders_service.py	响应时间:834ms	重庆市	九龙坡区	这里是日志信息......
2024-05-17 11:01:12.967394	[INFO]	orders_service.py	响应时间:419ms	重庆市	万州区	这里是日志信息......
2024-05-17 11:01:12.967394	[INFO]	shop_manager.py	响应时间:734ms	广东省	珠海市	这里是日志信息......
2024-05-17 11:01:12.967394	[INFO]	event.py	响应时间:97ms	广东省	广州市	这里是日志信息......
2024-05-17 11:01:12.967394	[INFO]	user_manager.py	响应时间:981ms	北京市	怀柔区	这里是日志信息......
2024-05-17 11:01:12.967394	[INFO]	orders_service.py	响应时间:300ms	广东省	广州市	这里是日志信息......
2024-05-17 11:01:12.967394	[INFO]	goods_manager.py	响应时间:19ms	山东省	青岛市	这里是日志信息......
2024-05-17 11:01:12.967394	[INFO]	orders_service.py	响应时间:181ms	天津市	和平区	这里是日志信息......
2024-05-17 11:01:12.967394	[INFO]	event.py	响应时间:126ms	安徽省	合肥市	这里是日志信息......
2024-05-17 11:01:12.967394	[WARN]	event.py	响应时间:451ms	上海市	浦东新区	这里是日志信息......
2024-05-17 11:01:12.967394	[INFO]	user_manager.py	响应时间:553ms	重庆市	涪陵区	这里是日志信息......
2024-05-17 11:01:12.967394	[INFO]	event.py	响应时间:983ms	上海市	浦东新区	这里是日志信息......
2024-05-17 11:01:12.967394	[INFO]	base_network.py	响应时间:675ms	天津市	和平区	这里是日志信息......
2024-05-17 11:01:12.967394	[INFO]	goods_manager.py	响应时间:803ms	安徽省	铜陵市	这里是日志信息......
2024-05-17 11:01:12.967394	[INFO]	shop_manager.py	响应时间:685ms	安徽省	合肥市	这里是日志信息......
2024-05-17 11:01:12.967394	[INFO]	goods_manager.py	响应时间:337ms	上海市	黄浦区	这里是日志信息......
2024-05-17 11:01:12.967394	[INFO]	orders_service.py	响应时间:396ms	天津市	宝坻区	这里是日志信息......
2024-05-17 11:01:12.967394	[INFO]	goods_manager.py	响应时间:884ms	广东省	珠海市	这里是日志信息......
2024-05-17 11:01:12.967394	[INFO]	event.py	响应时间:849ms	湖北省	武汉市	这里是日志信息......
2024-05-17 11:01:12.967394	[INFO]	event.py	响应时间:147ms	北京市	丰台区	这里是日志信息......
2024-05-17 11:01:12.967394	[INFO]	orders_service.py	响应时间:956ms	天津市	河西区	这里是日志信息......
2024-05-17 11:01:12.967394	[INFO]	shop_manager.py	响应时间:85ms	天津市	河东区	这里是日志信息......
2024-05-17 11:01:12.967394	[INFO]	orders_service.py	响应时间:555ms	天津市	武清区	这里是日志信息......
2024-05-17 11:01:12.967394	[ERROR]	shop_manager.py	响应时间:653ms	安徽省	合肥市	这里是日志信息......
2024-05-17 11:01:12.967394	[INFO]	orders_service.py	响应时间:100ms	北京市	海淀区	这里是日志信息......
2024-05-17 11:01:12.967394	[INFO]	event.py	响应时间:614ms	上海市	普陀区	这里是日志信息......
2024-05-17 11:01:12.967394	[INFO]	barcode_service.py	响应时间:258ms	浙江省	舟山市	这里是日志信息......
2024-05-17 11:01:12.967394	[INFO]	event.py	响应时间:106ms	湖南省	长沙市	这里是日志信息......
2024-05-17 11:01:12.967394	[ERROR]	base_network.py	响应时间:572ms	天津市	宝坻区	这里是日志信息......
2024-05-17 11:01:12.967394	[INFO]	shop_manager.py	响应时间:722ms	湖北省	武汉市	这里是日志信息......
2024-05-17 11:01:12.967394	[INFO]	goods_manager.py	响应时间:640ms	湖南省	长沙市	这里是日志信息......
2024-05-17 11:01:12.967394	[INFO]	orders_service.py	响应时间:716ms	重庆市	万州区	这里是日志信息......
2024-05-17 11:01:12.967394	[INFO]	event.py	响应时间:959ms	天津市	宝坻区	这里是日志信息......
2024-05-17 11:01:12.967394	[INFO]	event.py	响应时间:831ms	浙江省	杭州市	这里是日志信息......
2024-05-17 11:01:12.967394	[INFO]	barcode_service.py	响应时间:139ms	北京市	朝阳区	这里是日志信息......
2024-05-17 11:01:12.967394	[INFO]	orders_service.py	响应时间:421ms	上海市	徐汇区	这里是日志信息......
2024-05-17 11:01:12.967394	[INFO]	orders_service.py	响应时间:868ms	山东省	菏泽市	这里是日志信息......
2024-05-17 11:01:12.967394	[WARN]	shop_manager.py	响应时间:145ms	上海市	宝山区	这里是日志信息......
2024-05-17 11:01:12.967394	[INFO]	shop_manager.py	响应时间:318ms	北京市	海淀区	这里是日志信息......
2024-05-17 11:01:12.967394	[INFO]	barcode_service.py	响应时间:208ms	重庆市	涪陵区	这里是日志信息......
2024-05-17 11:01:12.967394	[INFO]	user_manager.py	响应时间:421ms	湖南省	常德市	这里是日志信息......
2024-05-17 11:01:12.967394	[WARN]	goods_manager.py	响应时间:479ms	北京市	朝阳区	这里是日志信息......
2024-05-17 11:01:12.967394	[INFO]	event.py	响应时间:732ms	湖南省	常德市	这里是日志信息......
2024-05-17 11:01:12.967394	[INFO]	goods_manager.py	响应时间:922ms	湖南省	长沙市	这里是日志信息......
2024-05-17 11:01:12.967394	[WARN]	event.py	响应时间:942ms	山东省	菏泽市	这里是日志信息......
2024-05-17 11:01:12.967394	[INFO]	user_manager.py	响应时间:639ms	江苏省	苏州市	这里是日志信息......
2024-05-17 11:01:12.967394	[INFO]	shop_manager.py	响应时间:629ms	浙江省	湖州市	这里是日志信息......
2024-05-17 11:01:12.967394	[INFO]	orders_service.py	响应时间:538ms	山东省	青岛市	这里是日志信息......
2024-05-17 11:01:12.967394	[WARN]	goods_manager.py	响应时间:544ms	北京市	海淀区	这里是日志信息......
2024-05-17 11:01:12.967394	[WARN]	barcode_service.py	响应时间:40ms	天津市	河东区	这里是日志信息......
2024-05-17 11:01:12.967394	[INFO]	orders_service.py	响应时间:660ms	山东省	济南市	这里是日志信息......
2024-05-17 11:01:12.967394	[INFO]	user_manager.py	响应时间:775ms	山东省	青岛市	这里是日志信息......
2024-05-17 11:01:12.967394	[INFO]	user_manager.py	响应时间:522ms	上海市	宝山区	这里是日志信息......
2024-05-17 11:01:12.967394	[WARN]	goods_manager.py	响应时间:723ms	广东省	深圳市	这里是日志信息......
2024-05-17 11:01:12.967394	[INFO]	orders_service.py	响应时间:457ms	湖北省	十堰市	这里是日志信息......
2024-05-17 11:01:12.967394	[INFO]	barcode_service.py	响应时间:684ms	上海市	浦东新区	这里是日志信息......
2024-05-17 11:01:12.967394	[INFO]	event.py	响应时间:205ms	安徽省	铜陵市	这里是日志信息......
2024-05-17 11:01:12.967394	[INFO]	base_network.py	响应时间:683ms	江苏省	南京市	这里是日志信息......
2024-05-17 11:01:12.967394	[INFO]	user_manager.py	响应时间:236ms	浙江省	杭州市	这里是日志信息......
2024-05-17 11:01:12.967394	[INFO]	goods_manager.py	响应时间:234ms	广东省	深圳市	这里是日志信息......
2024-05-17 11:01:12.967394	[INFO]	event.py	响应时间:120ms	重庆市	沙坪坝区	这里是日志信息......
2024-05-17 11:01:12.967394	[INFO]	orders_service.py	响应时间:532ms	天津市	河西区	这里是日志信息......
2024-05-17 11:01:12.967394	[INFO]	orders_service.py	响应时间:749ms	上海市	杨浦区	这里是日志信息......
2024-05-17 11:01:12.967394	[INFO]	goods_manager.py	响应时间:838ms	广东省	广州市	这里是日志信息......
2024-05-17 11:01:12.967394	[WARN]	event.py	响应时间:633ms	北京市	丰台区	这里是日志信息......
2024-05-17 11:01:12.967394	[INFO]	orders_service.py	响应时间:671ms	江苏省	苏州市	这里是日志信息......
2024-05-17 11:01:12.967394	[INFO]	event.py	响应时间:706ms	天津市	河东区	这里是日志信息......
2024-05-17 11:01:12.967394	[INFO]	barcode_service.py	响应时间:837ms	天津市	河西区	这里是日志信息......
2024-05-17 11:01:12.967394	[INFO]	goods_manager.py	响应时间:434ms	湖南省	益阳市	这里是日志信息......
2024-05-17 11:01:12.967394	[INFO]	barcode_service.py	响应时间:596ms	湖南省	长沙市	这里是日志信息......
2024-05-17 11:01:12.967394	[INFO]	goods_manager.py	响应时间:555ms	江苏省	苏州市	这里是日志信息......
2024-05-17 11:01:12.967394	[WARN]	event.py	响应时间:899ms	浙江省	嘉兴市	这里是日志信息......
2024-05-17 11:01:12.967394	[INFO]	event.py	响应时间:501ms	北京市	海淀区	这里是日志信息......
2024-05-17 11:01:12.967394	[INFO]	event.py	响应时间:789ms	重庆市	南岸区	这里是日志信息......
2024-05-17 11:01:12.967394	[INFO]	orders_service.py	响应时间:972ms	广东省	深圳市	这里是日志信息......
2024-05-17 11:01:12.967394	[INFO]	user_manager.py	响应时间:870ms	广东省	珠海市	这里是日志信息......
2024-05-17 11:01:12.967394	[INFO]	base_network.py	响应时间:897ms	江苏省	南京市	这里是日志信息......
2024-05-17 11:01:12.968396	[INFO]	event.py	响应时间:724ms	广东省	广州市	这里是日志信息......
2024-05-17 11:01:12.968396	[WARN]	event.py	响应时间:605ms	湖北省	武汉市	这里是日志信息......
2024-05-17 11:01:12.968396	[INFO]	event.py	响应时间:523ms	山东省	青岛市	这里是日志信息......
2024-05-17 11:01:12.968396	[ERROR]	orders_service.py	响应时间:794ms	广东省	深圳市	这里是日志信息......
2024-05-17 11:01:12.968396	[INFO]	goods_manager.py	响应时间:139ms	重庆市	九龙坡区	这里是日志信息......
2024-05-17 11:01:12.968396	[INFO]	user_manager.py	响应时间:440ms	重庆市	沙坪坝区	这里是日志信息......
2024-05-17 11:01:12.968396	[WARN]	shop_manager.py	响应时间:270ms	天津市	武清区	这里是日志信息......
2024-05-17 11:01:12.968396	[INFO]	user_manager.py	响应时间:835ms	天津市	宝坻区	这里是日志信息......
2024-05-17 11:01:12.968396	[WARN]	event.py	响应时间:4950ms	安徽省	合肥市	这里是日志信息......
2024-05-17 11:01:12.968396	[INFO]	event.py	响应时间:963ms	重庆市	万州区	这里是日志信息......
2024-05-17 11:01:12.968396	[ERROR]	orders_service.py	响应时间:366ms	湖北省	武汉市	这里是日志信息......
2024-05-17 11:01:12.968396	[INFO]	event.py	响应时间:833ms	上海市	静安区	这里是日志信息......
2024-05-17 11:01:12.968396	[INFO]	orders_service.py	响应时间:638ms	湖北省	十堰市	这里是日志信息......
2024-05-17 11:01:12.968396	[INFO]	orders_service.py	响应时间:110ms	天津市	河西区	这里是日志信息......
2024-05-17 11:01:12.968396	[WARN]	event.py	响应时间:929ms	山东省	济南市	这里是日志信息......
2024-05-17 11:01:12.968396	[INFO]	event.py	响应时间:928ms	重庆市	万州区	这里是日志信息......
2024-05-17 11:01:12.968396	[WARN]	goods_manager.py	响应时间:504ms	重庆市	南岸区	这里是日志信息......
2024-05-17 11:01:12.968396	[INFO]	base_network.py	响应时间:499ms	天津市	宝坻区	这里是日志信息......
2024-05-17 11:01:12.968396	[INFO]	goods_manager.py	响应时间:3ms	安徽省	合肥市	这里是日志信息......
2024-05-17 11:01:12.968396	[INFO]	goods_manager.py	响应时间:538ms	湖北省	武汉市	这里是日志信息......
2024-05-17 11:01:12.968396	[INFO]	event.py	响应时间:866ms	天津市	河东区	这里是日志信息......
2024-05-17 11:01:12.968396	[INFO]	user_manager.py	响应时间:222ms	广东省	深圳市	这里是日志信息......
2024-05-17 11:01:12.968396	[INFO]	event.py	响应时间:245ms	湖北省	武汉市	这里是日志信息......
2024-05-17 11:01:12.968396	[INFO]	base_network.py	响应时间:413ms	湖南省	株洲市	这里是日志信息......
2024-05-17 11:01:12.968396	[INFO]	orders_service.py	响应时间:806ms	湖北省	武汉市	这里是日志信息......
2024-05-17 11:01:12.968396	[INFO]	orders_service.py	响应时间:622ms	重庆市	渝中区	这里是日志信息......
2024-05-17 11:01:12.968396	[INFO]	event.py	响应时间:224ms	天津市	河东区	这里是日志信息......
2024-05-17 11:01:12.968396	[ERROR]	event.py	响应时间:589ms	安徽省	阜阳市	这里是日志信息......
2024-05-17 11:01:12.968396	[INFO]	goods_manager.py	响应时间:280ms	安徽省	铜陵市	这里是日志信息......
2024-05-17 11:01:12.968396	[INFO]	goods_manager.py	响应时间:104ms	重庆市	南岸区	这里是日志信息......
2024-05-17 11:01:12.968396	[WARN]	goods_manager.py	响应时间:886ms	湖北省	十堰市	这里是日志信息......
2024-05-17 11:01:12.968396	[INFO]	barcode_service.py	响应时间:501ms	广东省	广州市	这里是日志信息......
2024-05-17 11:01:12.968396	[INFO]	shop_manager.py	响应时间:731ms	天津市	武清区	这里是日志信息......
2024-05-17 11:01:12.968396	[WARN]	orders_service.py	响应时间:866ms	重庆市	九龙坡区	这里是日志信息......
2024-05-17 11:01:12.968396	[INFO]	shop_manager.py	响应时间:52ms	浙江省	金华市	这里是日志信息......
2024-05-17 11:01:12.968396	[WARN]	barcode_service.py	响应时间:423ms	天津市	宝坻区	这里是日志信息......
2024-05-17 11:01:12.968396	[INFO]	orders_service.py	响应时间:107ms	上海市	普陀区	这里是日志信息......
2024-05-17 11:01:12.968396	[INFO]	goods_manager.py	响应时间:220ms	山东省	济南市	这里是日志信息......
2024-05-17 11:01:12.968396	[INFO]	base_network.py	响应时间:492ms	山东省	青岛市	这里是日志信息......
2024-05-17 11:01:12.968396	[INFO]	orders_service.py	响应时间:943ms	天津市	河东区	这里是日志信息......
2024-05-17 11:01:12.968396	[INFO]	orders_service.py	响应时间:285ms	北京市	怀柔区	这里是日志信息......
2024-05-17 11:01:12.968396	[WARN]	shop_manager.py	响应时间:582ms	安徽省	合肥市	这里是日志信息......
2024-05-17 11:01:12.968396	[INFO]	event.py	响应时间:641ms	湖北省	恩施土家族苗族自治州	这里是日志信息......
2024-05-17 11:01:12.968396	[INFO]	event.py	响应时间:307ms	北京市	丰台区	这里是日志信息......
2024-05-17 11:01:12.968396	[INFO]	goods_manager.py	响应时间:93ms	江苏省	张家港市	这里是日志信息......
2024-05-17 11:01:12.968396	[ERROR]	user_manager.py	响应时间:118ms	安徽省	铜陵市	这里是日志信息......
2024-05-17 11:01:12.968396	[INFO]	event.py	响应时间:347ms	天津市	河东区	这里是日志信息......
2024-05-17 11:01:12.968396	[INFO]	goods_manager.py	响应时间:401ms	重庆市	万州区	这里是日志信息......
2024-05-17 11:01:12.968396	[INFO]	goods_manager.py	响应时间:405ms	湖北省	武汉市	这里是日志信息......
2024-05-17 11:01:12.968396	[INFO]	barcode_service.py	响应时间:62ms	重庆市	涪陵区	这里是日志信息......
2024-05-17 11:01:12.968396	[WARN]	event.py	响应时间:396ms	重庆市	九龙坡区	这里是日志信息......
2024-05-17 11:01:12.968396	[INFO]	base_network.py	响应时间:782ms	湖南省	常德市	这里是日志信息......
2024-05-17 11:01:12.968396	[WARN]	event.py	响应时间:723ms	江苏省	张家港市	这里是日志信息......
2024-05-17 11:01:12.968396	[INFO]	event.py	响应时间:106ms	北京市	大兴区	这里是日志信息......
2024-05-17 11:01:12.968396	[INFO]	orders_service.py	响应时间:657ms	湖北省	武汉市	这里是日志信息......
2024-05-17 11:01:12.968396	[ERROR]	event.py	响应时间:396ms	安徽省	六安市	这里是日志信息......
2024-05-17 11:01:12.968396	[INFO]	event.py	响应时间:203ms	湖北省	武汉市	这里是日志信息......
2024-05-17 11:01:12.968396	[INFO]	barcode_service.py	响应时间:521ms	天津市	和平区	这里是日志信息......
2024-05-17 11:01:12.968396	[INFO]	shop_manager.py	响应时间:642ms	湖北省	恩施土家族苗族自治州	这里是日志信息......
2024-05-17 11:01:12.968396	[INFO]	goods_manager.py	响应时间:527ms	广东省	深圳市	这里是日志信息......
2024-05-17 11:01:12.968396	[INFO]	event.py	响应时间:132ms	北京市	大兴区	这里是日志信息......
2024-05-17 11:01:12.968396	[INFO]	base_network.py	响应时间:836ms	湖南省	常德市	这里是日志信息......
2024-05-17 11:01:12.968396	[INFO]	barcode_service.py	响应时间:505ms	浙江省	杭州市	这里是日志信息......
2024-05-17 11:01:12.968396	[INFO]	base_network.py	响应时间:423ms	湖北省	十堰市	这里是日志信息......
2024-05-17 11:01:12.968396	[WARN]	barcode_service.py	响应时间:211ms	上海市	浦东新区	这里是日志信息......
2024-05-17 11:01:12.968396	[INFO]	orders_service.py	响应时间:344ms	浙江省	杭州市	这里是日志信息......
2024-05-17 11:01:12.968396	[INFO]	orders_service.py	响应时间:496ms	山东省	青岛市	这里是日志信息......
2024-05-17 11:01:12.968396	[INFO]	shop_manager.py	响应时间:501ms	广东省	广州市	这里是日志信息......
2024-05-17 11:01:12.968396	[INFO]	goods_manager.py	响应时间:359ms	北京市	大兴区	这里是日志信息......
2024-05-17 11:01:12.968396	[INFO]	goods_manager.py	响应时间:678ms	北京市	海淀区	这里是日志信息......
2024-05-17 11:01:12.968396	[WARN]	orders_service.py	响应时间:33ms	湖北省	恩施土家族苗族自治州	这里是日志信息......
2024-05-17 11:01:12.968396	[INFO]	goods_manager.py	响应时间:433ms	北京市	昌平区	这里是日志信息......
2024-05-17 11:01:12.968396	[INFO]	orders_service.py	响应时间:568ms	湖南省	长沙市	这里是日志信息......
2024-05-17 11:01:12.968396	[INFO]	orders_service.py	响应时间:870ms	江苏省	张家港市	这里是日志信息......
2024-05-17 11:01:12.968396	[INFO]	orders_service.py	响应时间:563ms	北京市	大兴区	这里是日志信息......
2024-05-17 11:01:12.968396	[INFO]	event.py	响应时间:161ms	北京市	大兴区	这里是日志信息......
2024-05-17 11:01:12.968396	[INFO]	orders_service.py	响应时间:15ms	浙江省	杭州市	这里是日志信息......
2024-05-17 11:01:12.968396	[INFO]	orders_service.py	响应时间:934ms	北京市	朝阳区	这里是日志信息......
2024-05-17 11:01:12.968396	[WARN]	goods_manager.py	响应时间:666ms	浙江省	杭州市	这里是日志信息......
2024-05-17 11:01:12.968396	[INFO]	event.py	响应时间:463ms	湖南省	长沙市	这里是日志信息......
2024-05-17 11:01:12.968396	[INFO]	event.py	响应时间:403ms	湖南省	张家界市	这里是日志信息......
2024-05-17 11:01:12.968396	[WARN]	orders_service.py	响应时间:439ms	天津市	宝坻区	这里是日志信息......
2024-05-17 11:01:12.968396	[INFO]	orders_service.py	响应时间:796ms	天津市	河东区	这里是日志信息......
2024-05-17 11:01:12.968396	[INFO]	user_manager.py	响应时间:835ms	安徽省	合肥市	这里是日志信息......
2024-05-17 11:01:12.968396	[INFO]	barcode_service.py	响应时间:177ms	重庆市	渝中区	这里是日志信息......
2024-05-17 11:01:12.968396	[INFO]	shop_manager.py	响应时间:470ms	北京市	大兴区	这里是日志信息......
2024-05-17 11:01:12.968396	[INFO]	barcode_service.py	响应时间:804ms	广东省	广州市	这里是日志信息......
2024-05-17 11:01:12.968396	[INFO]	goods_manager.py	响应时间:120ms	江苏省	无锡市	这里是日志信息......
2024-05-17 11:01:12.968396	[INFO]	event.py	响应时间:290ms	北京市	大兴区	这里是日志信息......
2024-05-17 11:01:12.968396	[ERROR]	user_manager.py	响应时间:534ms	天津市	河东区	这里是日志信息......
2024-05-17 11:01:12.968396	[INFO]	event.py	响应时间:422ms	上海市	黄浦区	这里是日志信息......
2024-05-17 11:01:12.968396	[INFO]	orders_service.py	响应时间:999ms	浙江省	湖州市	这里是日志信息......
2024-05-17 11:01:12.968396	[INFO]	goods_manager.py	响应时间:146ms	湖南省	常德市	这里是日志信息......
2024-05-17 11:01:12.968396	[INFO]	barcode_service.py	响应时间:439ms	天津市	宝坻区	这里是日志信息......
2024-05-17 11:01:12.968396	[INFO]	orders_service.py	响应时间:996ms	湖南省	株洲市	这里是日志信息......
2024-05-17 11:01:12.968396	[INFO]	goods_manager.py	响应时间:919ms	北京市	海淀区	这里是日志信息......
2024-05-17 11:01:12.968396	[INFO]	event.py	响应时间:769ms	天津市	宝坻区	这里是日志信息......
2024-05-17 11:01:12.969401	[INFO]	event.py	响应时间:747ms	浙江省	舟山市	这里是日志信息......
2024-05-17 11:01:12.969401	[INFO]	barcode_service.py	响应时间:863ms	湖北省	武汉市	这里是日志信息......
2024-05-17 11:01:12.969401	[INFO]	user_manager.py	响应时间:389ms	浙江省	绍兴市	这里是日志信息......
2024-05-17 11:01:12.969401	[INFO]	barcode_service.py	响应时间:737ms	湖北省	武汉市	这里是日志信息......
2024-05-17 11:01:12.969401	[INFO]	barcode_service.py	响应时间:828ms	湖北省	荆州市	这里是日志信息......
2024-05-17 11:01:12.969401	[INFO]	shop_manager.py	响应时间:876ms	广东省	广州市	这里是日志信息......
2024-05-17 11:01:12.969401	[INFO]	goods_manager.py	响应时间:510ms	山东省	菏泽市	这里是日志信息......
2024-05-17 11:01:12.969401	[INFO]	orders_service.py	响应时间:553ms	北京市	海淀区	这里是日志信息......
2024-05-17 11:01:12.969401	[ERROR]	shop_manager.py	响应时间:605ms	北京市	怀柔区	这里是日志信息......
2024-05-17 11:01:12.969401	[WARN]	orders_service.py	响应时间:515ms	湖北省	荆州市	这里是日志信息......
2024-05-17 11:01:12.969401	[INFO]	shop_manager.py	响应时间:271ms	重庆市	渝中区	这里是日志信息......
2024-05-17 11:01:12.969401	[INFO]	goods_manager.py	响应时间:839ms	天津市	宝坻区	这里是日志信息......
2024-05-17 11:01:12.969401	[INFO]	base_network.py	响应时间:205ms	安徽省	阜阳市	这里是日志信息......
2024-05-17 11:01:12.969401	[INFO]	barcode_service.py	响应时间:264ms	浙江省	金华市	这里是日志信息......
2024-05-17 11:01:12.969401	[INFO]	base_network.py	响应时间:825ms	山东省	青岛市	这里是日志信息......
2024-05-17 11:01:12.969401	[INFO]	barcode_service.py	响应时间:784ms	天津市	武清区	这里是日志信息......
2024-05-17 11:01:12.969401	[INFO]	event.py	响应时间:474ms	重庆市	万州区	这里是日志信息......
2024-05-17 11:01:12.969401	[INFO]	goods_manager.py	响应时间:813ms	湖北省	武汉市	这里是日志信息......
2024-05-17 11:01:12.969401	[INFO]	user_manager.py	响应时间:71ms	北京市	大兴区	这里是日志信息......
2024-05-17 11:01:12.969401	[INFO]	event.py	响应时间:858ms	安徽省	阜阳市	这里是日志信息......
2024-05-17 11:01:12.969401	[INFO]	event.py	响应时间:364ms	浙江省	舟山市	这里是日志信息......
2024-05-17 11:01:12.969401	[INFO]	goods_manager.py	响应时间:276ms	山东省	青岛市	这里是日志信息......
2024-05-17 11:01:12.969401	[INFO]	orders_service.py	响应时间:209ms	湖南省	长沙市	这里是日志信息......
2024-05-17 11:01:12.969401	[WARN]	barcode_service.py	响应时间:122ms	浙江省	舟山市	这里是日志信息......
2024-05-17 11:01:12.969401	[INFO]	event.py	响应时间:384ms	安徽省	合肥市	这里是日志信息......
2024-05-17 11:01:12.969401	[WARN]	user_manager.py	响应时间:180ms	上海市	黄浦区	这里是日志信息......
2024-05-17 11:01:12.969401	[INFO]	event.py	响应时间:413ms	江苏省	常州市	这里是日志信息......
2024-05-17 11:01:12.969401	[INFO]	event.py	响应时间:39ms	北京市	海淀区	这里是日志信息......
2024-05-17 11:01:12.969401	[INFO]	goods_manager.py	响应时间:2ms	安徽省	合肥市	这里是日志信息......
2024-05-17 11:01:12.969401	[INFO]	shop_manager.py	响应时间:989ms	北京市	昌平区	这里是日志信息......
2024-05-17 11:01:12.969401	[INFO]	barcode_service.py	响应时间:509ms	山东省	菏泽市	这里是日志信息......
2024-05-17 11:01:12.969401	[INFO]	event.py	响应时间:388ms	湖南省	益阳市	这里是日志信息......
2024-05-17 11:01:12.969401	[INFO]	event.py	响应时间:124ms	北京市	昌平区	这里是日志信息......
2024-05-17 11:01:12.969401	[INFO]	shop_manager.py	响应时间:845ms	湖北省	武汉市	这里是日志信息......
2024-05-17 11:01:12.969401	[WARN]	base_network.py	响应时间:496ms	广东省	广州市	这里是日志信息......
2024-05-17 11:01:12.969401	[INFO]	orders_service.py	响应时间:74ms	上海市	徐汇区	这里是日志信息......
2024-05-17 11:01:12.969401	[INFO]	orders_service.py	响应时间:555ms	湖北省	十堰市	这里是日志信息......
2024-05-17 11:01:12.969401	[INFO]	event.py	响应时间:273ms	湖北省	武汉市	这里是日志信息......
2024-05-17 11:01:12.969401	[INFO]	orders_service.py	响应时间:70ms	北京市	海淀区	这里是日志信息......
2024-05-17 11:01:12.969401	[INFO]	base_network.py	响应时间:823ms	湖南省	常德市	这里是日志信息......
2024-05-17 11:01:12.969401	[INFO]	event.py	响应时间:73ms	重庆市	万州区	这里是日志信息......
2024-05-17 11:01:12.969401	[INFO]	orders_service.py	响应时间:516ms	湖南省	长沙市	这里是日志信息......
2024-05-17 11:01:12.969401	[INFO]	base_network.py	响应时间:743ms	湖南省	张家界市	这里是日志信息......
2024-05-17 11:01:12.969401	[INFO]	user_manager.py	响应时间:490ms	浙江省	金华市	这里是日志信息......
2024-05-17 11:01:12.969401	[INFO]	event.py	响应时间:151ms	广东省	深圳市	这里是日志信息......
2024-05-17 11:01:12.969401	[INFO]	orders_service.py	响应时间:470ms	广东省	珠海市	这里是日志信息......
2024-05-17 11:01:12.969401	[INFO]	user_manager.py	响应时间:3ms	安徽省	铜陵市	这里是日志信息......
2024-05-17 11:01:12.969401	[INFO]	user_manager.py	响应时间:953ms	安徽省	合肥市	这里是日志信息......
2024-05-17 11:01:12.969401	[INFO]	barcode_service.py	响应时间:133ms	山东省	青岛市	这里是日志信息......
2024-05-17 11:01:12.969401	[INFO]	goods_manager.py	响应时间:365ms	北京市	海淀区	这里是日志信息......
2024-05-17 11:01:12.969401	[INFO]	event.py	响应时间:348ms	安徽省	合肥市	这里是日志信息......
2024-05-17 11:01:12.969401	[INFO]	event.py	响应时间:985ms	上海市	浦东新区	这里是日志信息......
2024-05-17 11:01:12.969401	[INFO]	goods_manager.py	响应时间:703ms	天津市	武清区	这里是日志信息......
2024-05-17 11:01:12.969401	[INFO]	orders_service.py	响应时间:893ms	安徽省	池州市	这里是日志信息......
2024-05-17 11:01:12.969401	[INFO]	orders_service.py	响应时间:913ms	江苏省	南京市	这里是日志信息......
2024-05-17 11:01:12.969401	[INFO]	event.py	响应时间:890ms	湖南省	长沙市	这里是日志信息......
2024-05-17 11:01:12.969401	[INFO]	event.py	响应时间:685ms	上海市	黄浦区	这里是日志信息......
2024-05-17 11:01:12.969401	[INFO]	orders_service.py	响应时间:454ms	重庆市	涪陵区	这里是日志信息......
2024-05-17 11:01:12.969401	[INFO]	goods_manager.py	响应时间:916ms	湖北省	武汉市	这里是日志信息......
2024-05-17 11:01:12.969401	[INFO]	orders_service.py	响应时间:657ms	山东省	青岛市	这里是日志信息......
2024-05-17 11:01:12.969401	[INFO]	event.py	响应时间:254ms	浙江省	丽水市	这里是日志信息......
2024-05-17 11:01:12.969401	[WARN]	orders_service.py	响应时间:194ms	广东省	深圳市	这里是日志信息......
2024-05-17 11:01:12.969401	[INFO]	goods_manager.py	响应时间:530ms	江苏省	常州市	这里是日志信息......
2024-05-17 11:01:12.969401	[INFO]	orders_service.py	响应时间:8407ms	北京市	怀柔区	这里是日志信息......
2024-05-17 11:01:12.969401	[INFO]	barcode_service.py	响应时间:713ms	重庆市	南岸区	这里是日志信息......
2024-05-17 11:01:12.969401	[INFO]	goods_manager.py	响应时间:43ms	重庆市	沙坪坝区	这里是日志信息......
2024-05-17 11:01:12.969401	[INFO]	goods_manager.py	响应时间:967ms	湖北省	十堰市	这里是日志信息......
2024-05-17 11:01:12.969401	[INFO]	barcode_service.py	响应时间:8539ms	重庆市	九龙坡区	这里是日志信息......
2024-05-17 11:01:12.969401	[WARN]	orders_service.py	响应时间:517ms	江苏省	宿迁市	这里是日志信息......
2024-05-17 11:01:12.969401	[INFO]	goods_manager.py	响应时间:689ms	天津市	河西区	这里是日志信息......
2024-05-17 11:01:12.969401	[INFO]	base_network.py	响应时间:837ms	北京市	海淀区	这里是日志信息......
2024-05-17 11:01:12.969401	[INFO]	goods_manager.py	响应时间:943ms	天津市	和平区	这里是日志信息......
2024-05-17 11:01:12.969401	[INFO]	goods_manager.py	响应时间:4314ms	广东省	广州市	这里是日志信息......
2024-05-17 11:01:12.969401	[INFO]	goods_manager.py	响应时间:701ms	湖南省	益阳市	这里是日志信息......
2024-05-17 11:01:12.969401	[INFO]	event.py	响应时间:278ms	天津市	武清区	这里是日志信息......
2024-05-17 11:01:12.969401	[INFO]	shop_manager.py	响应时间:478ms	湖北省	武汉市	这里是日志信息......
2024-05-17 11:01:12.969401	[INFO]	barcode_service.py	响应时间:658ms	浙江省	丽水市	这里是日志信息......
2024-05-17 11:01:12.969401	[WARN]	user_manager.py	响应时间:229ms	江苏省	苏州市	这里是日志信息......
2024-05-17 11:01:12.969401	[INFO]	user_manager.py	响应时间:579ms	天津市	和平区	这里是日志信息......
2024-05-17 11:01:12.969401	[INFO]	event.py	响应时间:407ms	广东省	广州市	这里是日志信息......
2024-05-17 11:01:12.969401	[INFO]	barcode_service.py	响应时间:63ms	天津市	河西区	这里是日志信息......
2024-05-17 11:01:12.969401	[INFO]	event.py	响应时间:144ms	天津市	河东区	这里是日志信息......
2024-05-17 11:01:12.969401	[WARN]	user_manager.py	响应时间:805ms	山东省	青岛市	这里是日志信息......
2024-05-17 11:01:12.969401	[INFO]	user_manager.py	响应时间:877ms	江苏省	南京市	这里是日志信息......
2024-05-17 11:01:12.969401	[INFO]	orders_service.py	响应时间:527ms	安徽省	池州市	这里是日志信息......
2024-05-17 11:01:12.969401	[INFO]	goods_manager.py	响应时间:707ms	湖南省	长沙市	这里是日志信息......
2024-05-17 11:01:12.969401	[INFO]	goods_manager.py	响应时间:37ms	广东省	深圳市	这里是日志信息......
2024-05-17 11:01:12.969401	[INFO]	barcode_service.py	响应时间:282ms	上海市	杨浦区	这里是日志信息......
2024-05-17 11:01:12.969401	[WARN]	goods_manager.py	响应时间:588ms	北京市	昌平区	这里是日志信息......
2024-05-17 11:01:12.969401	[INFO]	barcode_service.py	响应时间:807ms	重庆市	沙坪坝区	这里是日志信息......
2024-05-17 11:01:12.969401	[INFO]	event.py	响应时间:645ms	天津市	和平区	这里是日志信息......
2024-05-17 11:01:12.969401	[INFO]	orders_service.py	响应时间:739ms	安徽省	阜阳市	这里是日志信息......
2024-05-17 11:01:12.969401	[WARN]	shop_manager.py	响应时间:394ms	安徽省	阜阳市	这里是日志信息......
2024-05-17 11:01:12.969401	[INFO]	base_network.py	响应时间:183ms	上海市	静安区	这里是日志信息......
2024-05-17 11:01:12.969401	[INFO]	orders_service.py	响应时间:930ms	江苏省	张家港市	这里是日志信息......
2024-05-17 11:01:12.969401	[INFO]	user_manager.py	响应时间:202ms	湖南省	株洲市	这里是日志信息......
2024-05-17 11:01:12.969401	[INFO]	event.py	响应时间:37ms	广东省	深圳市	这里是日志信息......
2024-05-17 11:01:12.970401	[INFO]	event.py	响应时间:920ms	湖南省	长沙市	这里是日志信息......
2024-05-17 11:01:12.970401	[ERROR]	event.py	响应时间:606ms	天津市	和平区	这里是日志信息......
2024-05-17 11:01:12.970401	[INFO]	event.py	响应时间:884ms	湖南省	长沙市	这里是日志信息......
2024-05-17 11:01:12.970401	[WARN]	goods_manager.py	响应时间:338ms	重庆市	南岸区	这里是日志信息......
2024-05-17 11:01:12.970401	[INFO]	user_manager.py	响应时间:947ms	江苏省	南京市	这里是日志信息......
2024-05-17 11:01:12.970401	[INFO]	event.py	响应时间:1420ms	北京市	丰台区	这里是日志信息......
2024-05-17 11:01:12.970401	[INFO]	goods_manager.py	响应时间:100ms	北京市	大兴区	这里是日志信息......
2024-05-17 11:01:12.970401	[INFO]	orders_service.py	响应时间:837ms	湖南省	长沙市	这里是日志信息......
2024-05-17 11:01:12.970401	[ERROR]	barcode_service.py	响应时间:7182ms	重庆市	涪陵区	这里是日志信息......
2024-05-17 11:01:12.970401	[INFO]	shop_manager.py	响应时间:321ms	天津市	和平区	这里是日志信息......
2024-05-17 11:01:12.970401	[INFO]	orders_service.py	响应时间:6432ms	湖北省	十堰市	这里是日志信息......
2024-05-17 11:01:12.970401	[INFO]	shop_manager.py	响应时间:422ms	安徽省	合肥市	这里是日志信息......
2024-05-17 11:01:12.970401	[INFO]	shop_manager.py	响应时间:340ms	天津市	和平区	这里是日志信息......
2024-05-17 11:01:12.970401	[WARN]	shop_manager.py	响应时间:523ms	浙江省	杭州市	这里是日志信息......
2024-05-17 11:01:12.970401	[INFO]	orders_service.py	响应时间:744ms	山东省	青岛市	这里是日志信息......
2024-05-17 11:01:12.970401	[INFO]	orders_service.py	响应时间:2933ms	上海市	普陀区	这里是日志信息......
2024-05-17 11:01:12.970401	[INFO]	goods_manager.py	响应时间:949ms	天津市	河东区	这里是日志信息......
2024-05-17 11:01:12.970401	[INFO]	user_manager.py	响应时间:377ms	重庆市	沙坪坝区	这里是日志信息......
2024-05-17 11:01:12.970401	[INFO]	event.py	响应时间:182ms	湖南省	张家界市	这里是日志信息......
2024-05-17 11:01:12.970401	[WARN]	orders_service.py	响应时间:490ms	湖南省	株洲市	这里是日志信息......
2024-05-17 11:01:12.970401	[INFO]	goods_manager.py	响应时间:774ms	广东省	深圳市	这里是日志信息......
2024-05-17 11:01:12.970401	[ERROR]	event.py	响应时间:260ms	北京市	海淀区	这里是日志信息......
2024-05-17 11:01:12.970401	[INFO]	orders_service.py	响应时间:162ms	天津市	宝坻区	这里是日志信息......
2024-05-17 11:01:12.970401	[INFO]	goods_manager.py	响应时间:127ms	天津市	和平区	这里是日志信息......
2024-05-17 11:01:12.970401	[WARN]	barcode_service.py	响应时间:286ms	山东省	菏泽市	这里是日志信息......
2024-05-17 11:01:12.970401	[INFO]	user_manager.py	响应时间:945ms	天津市	河东区	这里是日志信息......
2024-05-17 11:01:12.970401	[WARN]	goods_manager.py	响应时间:1994ms	上海市	静安区	这里是日志信息......
2024-05-17 11:01:12.970401	[INFO]	goods_manager.py	响应时间:886ms	山东省	菏泽市	这里是日志信息......
2024-05-17 11:01:12.970401	[WARN]	user_manager.py	响应时间:204ms	江苏省	无锡市	这里是日志信息......
2024-05-17 11:01:12.970401	[INFO]	user_manager.py	响应时间:407ms	北京市	朝阳区	这里是日志信息......
2024-05-17 11:01:12.970401	[INFO]	orders_service.py	响应时间:659ms	山东省	菏泽市	这里是日志信息......
2024-05-17 11:01:12.970401	[INFO]	orders_service.py	响应时间:404ms	北京市	丰台区	这里是日志信息......
2024-05-17 11:01:12.970401	[INFO]	goods_manager.py	响应时间:104ms	江苏省	苏州市	这里是日志信息......
2024-05-17 11:01:12.970401	[INFO]	event.py	响应时间:862ms	上海市	浦东新区	这里是日志信息......
2024-05-17 11:01:12.970401	[INFO]	goods_manager.py	响应时间:169ms	浙江省	湖州市	这里是日志信息......
2024-05-17 11:01:12.970401	[INFO]	barcode_service.py	响应时间:517ms	上海市	普陀区	这里是日志信息......
2024-05-17 11:01:12.970401	[INFO]	barcode_service.py	响应时间:810ms	广东省	广州市	这里是日志信息......
2024-05-17 11:01:12.970401	[ERROR]	base_network.py	响应时间:244ms	北京市	怀柔区	这里是日志信息......
2024-05-17 11:01:12.970401	[INFO]	barcode_service.py	响应时间:227ms	重庆市	涪陵区	这里是日志信息......
2024-05-17 11:01:12.970401	[INFO]	orders_service.py	响应时间:51ms	浙江省	杭州市	这里是日志信息......
2024-05-17 11:01:12.970401	[INFO]	event.py	响应时间:588ms	湖南省	益阳市	这里是日志信息......
2024-05-17 11:01:12.970401	[INFO]	event.py	响应时间:419ms	湖南省	株洲市	这里是日志信息......
2024-05-17 11:01:12.970401	[INFO]	barcode_service.py	响应时间:878ms	北京市	怀柔区	这里是日志信息......
2024-05-17 11:01:12.970401	[INFO]	goods_manager.py	响应时间:981ms	安徽省	阜阳市	这里是日志信息......
2024-05-17 11:01:12.970401	[WARN]	orders_service.py	响应时间:2717ms	湖北省	十堰市	这里是日志信息......
2024-05-17 11:01:12.970401	[INFO]	shop_manager.py	响应时间:467ms	山东省	菏泽市	这里是日志信息......
2024-05-17 11:01:12.970401	[INFO]	event.py	响应时间:9158ms	重庆市	涪陵区	这里是日志信息......
2024-05-17 11:01:12.970401	[INFO]	user_manager.py	响应时间:647ms	浙江省	湖州市	这里是日志信息......
2024-05-17 11:01:12.970401	[INFO]	user_manager.py	响应时间:790ms	浙江省	金华市	这里是日志信息......
2024-05-17 11:01:12.970401	[INFO]	goods_manager.py	响应时间:437ms	山东省	青岛市	这里是日志信息......
2024-05-17 11:01:12.970401	[INFO]	event.py	响应时间:456ms	天津市	宝坻区	这里是日志信息......
2024-05-17 11:01:12.970401	[INFO]	goods_manager.py	响应时间:394ms	上海市	静安区	这里是日志信息......
2024-05-17 11:01:12.970401	[INFO]	orders_service.py	响应时间:508ms	上海市	杨浦区	这里是日志信息......
2024-05-17 11:01:12.970401	[INFO]	user_manager.py	响应时间:877ms	广东省	深圳市	这里是日志信息......
2024-05-17 11:01:12.970401	[INFO]	event.py	响应时间:433ms	上海市	宝山区	这里是日志信息......
2024-05-17 11:01:12.970401	[INFO]	shop_manager.py	响应时间:63ms	重庆市	南岸区	这里是日志信息......
2024-05-17 11:01:12.970401	[INFO]	event.py	响应时间:173ms	上海市	普陀区	这里是日志信息......
2024-05-17 11:01:12.970401	[INFO]	user_manager.py	响应时间:556ms	浙江省	嘉兴市	这里是日志信息......
2024-05-17 11:01:12.970401	[INFO]	orders_service.py	响应时间:313ms	浙江省	绍兴市	这里是日志信息......
2024-05-17 11:01:12.970401	[INFO]	orders_service.py	响应时间:215ms	北京市	丰台区	这里是日志信息......
2024-05-17 11:01:12.970401	[INFO]	orders_service.py	响应时间:7ms	湖南省	长沙市	这里是日志信息......
2024-05-17 11:01:12.970401	[INFO]	shop_manager.py	响应时间:40ms	广东省	广州市	这里是日志信息......
2024-05-17 11:01:12.970401	[INFO]	shop_manager.py	响应时间:629ms	广东省	广州市	这里是日志信息......
2024-05-17 11:01:12.970401	[INFO]	orders_service.py	响应时间:129ms	广东省	广州市	这里是日志信息......
2024-05-17 11:01:12.970401	[ERROR]	barcode_service.py	响应时间:6751ms	广东省	深圳市	这里是日志信息......
2024-05-17 11:01:12.970401	[INFO]	orders_service.py	响应时间:829ms	安徽省	阜阳市	这里是日志信息......
2024-05-17 11:01:12.970401	[WARN]	event.py	响应时间:573ms	湖南省	长沙市	这里是日志信息......
2024-05-17 11:01:12.970401	[WARN]	barcode_service.py	响应时间:239ms	上海市	杨浦区	这里是日志信息......
2024-05-17 11:01:12.970401	[INFO]	orders_service.py	响应时间:359ms	湖南省	常德市	这里是日志信息......
2024-05-17 11:01:12.970401	[INFO]	goods_manager.py	响应时间:513ms	山东省	菏泽市	这里是日志信息......
2024-05-17 11:01:12.970401	[INFO]	orders_service.py	响应时间:990ms	重庆市	沙坪坝区	这里是日志信息......
2024-05-17 11:01:12.970401	[ERROR]	orders_service.py	响应时间:563ms	北京市	丰台区	这里是日志信息......
2024-05-17 11:01:12.970401	[INFO]	orders_service.py	响应时间:467ms	浙江省	舟山市	这里是日志信息......
2024-05-17 11:01:12.970401	[WARN]	orders_service.py	响应时间:977ms	安徽省	芜湖市	这里是日志信息......
2024-05-17 11:01:12.970401	[INFO]	base_network.py	响应时间:783ms	湖南省	常德市	这里是日志信息......
2024-05-17 11:01:12.970401	[INFO]	event.py	响应时间:322ms	安徽省	合肥市	这里是日志信息......
2024-05-17 11:01:12.970401	[INFO]	goods_manager.py	响应时间:267ms	浙江省	丽水市	这里是日志信息......
2024-05-17 11:01:12.970401	[INFO]	shop_manager.py	响应时间:808ms	天津市	河西区	这里是日志信息......
2024-05-17 11:01:12.970401	[ERROR]	user_manager.py	响应时间:1425ms	上海市	浦东新区	这里是日志信息......
2024-05-17 11:01:12.970401	[INFO]	event.py	响应时间:879ms	山东省	菏泽市	这里是日志信息......
2024-05-17 11:01:12.970401	[INFO]	event.py	响应时间:660ms	浙江省	杭州市	这里是日志信息......
2024-05-17 11:01:12.970401	[INFO]	user_manager.py	响应时间:510ms	湖北省	荆州市	这里是日志信息......
2024-05-17 11:01:12.970401	[INFO]	barcode_service.py	响应时间:571ms	重庆市	沙坪坝区	这里是日志信息......
2024-05-17 11:01:12.970401	[INFO]	goods_manager.py	响应时间:4516ms	浙江省	丽水市	这里是日志信息......
2024-05-17 11:01:12.970401	[INFO]	goods_manager.py	响应时间:220ms	湖北省	恩施土家族苗族自治州	这里是日志信息......
2024-05-17 11:01:12.970401	[INFO]	shop_manager.py	响应时间:179ms	广东省	深圳市	这里是日志信息......
2024-05-17 11:01:12.970401	[WARN]	goods_manager.py	响应时间:574ms	安徽省	芜湖市	这里是日志信息......
2024-05-17 11:01:12.970401	[INFO]	event.py	响应时间:212ms	湖北省	武汉市	这里是日志信息......
2024-05-17 11:01:12.971325	[INFO]	event.py	响应时间:9163ms	山东省	青岛市	这里是日志信息......
2024-05-17 11:01:12.971325	[WARN]	base_network.py	响应时间:871ms	重庆市	沙坪坝区	这里是日志信息......
2024-05-17 11:01:12.971325	[ERROR]	barcode_service.py	响应时间:967ms	上海市	浦东新区	这里是日志信息......
2024-05-17 11:01:12.971325	[INFO]	barcode_service.py	响应时间:477ms	江苏省	苏州市	这里是日志信息......
2024-05-17 11:01:12.971325	[INFO]	orders_service.py	响应时间:839ms	山东省	济南市	这里是日志信息......
2024-05-17 11:01:12.971325	[INFO]	orders_service.py	响应时间:563ms	安徽省	合肥市	这里是日志信息......
2024-05-17 11:01:12.971325	[INFO]	user_manager.py	响应时间:982ms	天津市	宝坻区	这里是日志信息......
2024-05-17 11:01:12.971325	[WARN]	event.py	响应时间:98ms	重庆市	涪陵区	这里是日志信息......
2024-05-17 11:01:12.971325	[INFO]	event.py	响应时间:696ms	湖南省	长沙市	这里是日志信息......
2024-05-17 11:01:12.971325	[INFO]	event.py	响应时间:325ms	湖北省	恩施土家族苗族自治州	这里是日志信息......
2024-05-17 11:01:12.971325	[INFO]	event.py	响应时间:218ms	山东省	济南市	这里是日志信息......
2024-05-17 11:01:12.971325	[INFO]	event.py	响应时间:495ms	广东省	深圳市	这里是日志信息......
2024-05-17 11:01:12.971325	[INFO]	goods_manager.py	响应时间:769ms	山东省	济南市	这里是日志信息......
2024-05-17 11:01:12.971325	[INFO]	goods_manager.py	响应时间:244ms	湖南省	长沙市	这里是日志信息......
2024-05-17 11:01:12.971325	[INFO]	event.py	响应时间:126ms	湖北省	武汉市	这里是日志信息......
2024-05-17 11:01:12.971325	[INFO]	user_manager.py	响应时间:690ms	上海市	黄浦区	这里是日志信息......
2024-05-17 11:01:12.971325	[INFO]	shop_manager.py	响应时间:520ms	湖北省	武汉市	这里是日志信息......
2024-05-17 11:01:12.971325	[INFO]	orders_service.py	响应时间:731ms	安徽省	阜阳市	这里是日志信息......
2024-05-17 11:01:12.971325	[INFO]	user_manager.py	响应时间:383ms	广东省	珠海市	这里是日志信息......
2024-05-17 11:01:12.971325	[INFO]	goods_manager.py	响应时间:608ms	重庆市	万州区	这里是日志信息......
2024-05-17 11:01:12.971325	[INFO]	goods_manager.py	响应时间:705ms	江苏省	南京市	这里是日志信息......
2024-05-17 11:01:12.971325	[INFO]	goods_manager.py	响应时间:794ms	安徽省	合肥市	这里是日志信息......
2024-05-17 11:01:12.971325	[INFO]	shop_manager.py	响应时间:352ms	重庆市	渝中区	这里是日志信息......
2024-05-17 11:01:12.971325	[INFO]	orders_service.py	响应时间:741ms	天津市	武清区	这里是日志信息......
2024-05-17 11:01:12.971325	[INFO]	goods_manager.py	响应时间:217ms	上海市	徐汇区	这里是日志信息......
2024-05-17 11:01:12.971325	[INFO]	event.py	响应时间:923ms	江苏省	宿迁市	这里是日志信息......
2024-05-17 11:01:12.971325	[INFO]	barcode_service.py	响应时间:808ms	湖南省	长沙市	这里是日志信息......
2024-05-17 11:01:12.971325	[INFO]	shop_manager.py	响应时间:637ms	湖北省	武汉市	这里是日志信息......
2024-05-17 11:01:12.971325	[INFO]	orders_service.py	响应时间:941ms	上海市	宝山区	这里是日志信息......
2024-05-17 11:01:12.971325	[ERROR]	user_manager.py	响应时间:397ms	北京市	丰台区	这里是日志信息......
2024-05-17 11:01:12.971325	[INFO]	goods_manager.py	响应时间:387ms	安徽省	合肥市	这里是日志信息......
2024-05-17 11:01:12.971325	[INFO]	user_manager.py	响应时间:398ms	湖南省	长沙市	这里是日志信息......
2024-05-17 11:01:12.971325	[ERROR]	event.py	响应时间:576ms	广东省	广州市	这里是日志信息......
2024-05-17 11:01:12.971325	[INFO]	orders_service.py	响应时间:632ms	山东省	青岛市	这里是日志信息......
2024-05-17 11:01:12.971325	[INFO]	orders_service.py	响应时间:998ms	浙江省	舟山市	这里是日志信息......
2024-05-17 11:01:12.971325	[INFO]	user_manager.py	响应时间:225ms	江苏省	南京市	这里是日志信息......
2024-05-17 11:01:12.971325	[INFO]	orders_service.py	响应时间:198ms	北京市	大兴区	这里是日志信息......
2024-05-17 11:01:12.971325	[INFO]	orders_service.py	响应时间:270ms	安徽省	芜湖市	这里是日志信息......
2024-05-17 11:01:12.971325	[INFO]	orders_service.py	响应时间:271ms	湖南省	长沙市	这里是日志信息......
2024-05-17 11:01:12.971325	[INFO]	goods_manager.py	响应时间:906ms	安徽省	合肥市	这里是日志信息......
2024-05-17 11:01:12.971325	[INFO]	goods_manager.py	响应时间:415ms	重庆市	涪陵区	这里是日志信息......
2024-05-17 11:01:12.971325	[INFO]	goods_manager.py	响应时间:19ms	天津市	河东区	这里是日志信息......
2024-05-17 11:01:12.971325	[INFO]	shop_manager.py	响应时间:670ms	重庆市	九龙坡区	这里是日志信息......
2024-05-17 11:01:12.971325	[WARN]	barcode_service.py	响应时间:724ms	广东省	深圳市	这里是日志信息......
2024-05-17 11:01:12.971325	[INFO]	goods_manager.py	响应时间:103ms	江苏省	苏州市	这里是日志信息......
2024-05-17 11:01:12.971325	[WARN]	orders_service.py	响应时间:822ms	安徽省	阜阳市	这里是日志信息......
2024-05-17 11:01:12.971325	[INFO]	shop_manager.py	响应时间:276ms	湖北省	武汉市	这里是日志信息......
2024-05-17 11:01:12.971325	[INFO]	goods_manager.py	响应时间:984ms	江苏省	南京市	这里是日志信息......
2024-05-17 11:01:12.971325	[INFO]	barcode_service.py	响应时间:394ms	湖南省	常德市	这里是日志信息......
2024-05-17 11:01:12.971325	[INFO]	goods_manager.py	响应时间:10ms	浙江省	湖州市	这里是日志信息......
2024-05-17 11:01:12.971325	[INFO]	event.py	响应时间:945ms	安徽省	芜湖市	这里是日志信息......
2024-05-17 11:01:12.971325	[INFO]	orders_service.py	响应时间:161ms	湖南省	长沙市	这里是日志信息......
2024-05-17 11:01:12.971325	[WARN]	orders_service.py	响应时间:936ms	重庆市	万州区	这里是日志信息......
2024-05-17 11:01:12.971325	[INFO]	orders_service.py	响应时间:334ms	重庆市	渝中区	这里是日志信息......
2024-05-17 11:01:12.971325	[INFO]	goods_manager.py	响应时间:402ms	湖南省	张家界市	这里是日志信息......
2024-05-17 11:01:12.971325	[INFO]	user_manager.py	响应时间:1069ms	广东省	广州市	这里是日志信息......
2024-05-17 11:01:12.971325	[INFO]	orders_service.py	响应时间:525ms	重庆市	渝中区	这里是日志信息......
2024-05-17 11:01:12.971325	[INFO]	orders_service.py	响应时间:772ms	山东省	济南市	这里是日志信息......
2024-05-17 11:01:12.971325	[INFO]	user_manager.py	响应时间:914ms	山东省	济南市	这里是日志信息......
2024-05-17 11:01:12.971325	[ERROR]	event.py	响应时间:250ms	安徽省	池州市	这里是日志信息......
2024-05-17 11:01:12.971325	[INFO]	orders_service.py	响应时间:375ms	上海市	静安区	这里是日志信息......
2024-05-17 11:01:12.971325	[INFO]	orders_service.py	响应时间:377ms	天津市	河西区	这里是日志信息......
2024-05-17 11:01:12.971325	[INFO]	goods_manager.py	响应时间:658ms	湖南省	长沙市	这里是日志信息......
2024-05-17 11:01:12.971325	[INFO]	base_network.py	响应时间:625ms	湖北省	恩施土家族苗族自治州	这里是日志信息......
2024-05-17 11:01:12.971325	[INFO]	orders_service.py	响应时间:218ms	重庆市	渝中区	这里是日志信息......
2024-05-17 11:01:12.971325	[INFO]	user_manager.py	响应时间:849ms	安徽省	阜阳市	这里是日志信息......
2024-05-17 11:01:12.971325	[INFO]	barcode_service.py	响应时间:352ms	湖南省	长沙市	这里是日志信息......
2024-05-17 11:01:12.971325	[INFO]	event.py	响应时间:893ms	北京市	海淀区	这里是日志信息......
2024-05-17 11:01:12.971325	[ERROR]	user_manager.py	响应时间:5437ms	江苏省	无锡市	这里是日志信息......
2024-05-17 11:01:12.971325	[INFO]	shop_manager.py	响应时间:194ms	广东省	珠海市	这里是日志信息......
2024-05-17 11:01:12.971325	[INFO]	orders_service.py	响应时间:938ms	浙江省	金华市	这里是日志信息......
2024-05-17 11:01:12.971325	[INFO]	barcode_service.py	响应时间:477ms	天津市	宝坻区	这里是日志信息......
2024-05-17 11:01:12.971325	[INFO]	goods_manager.py	响应时间:298ms	山东省	青岛市	这里是日志信息......
2024-05-17 11:01:12.971325	[INFO]	goods_manager.py	响应时间:785ms	广东省	深圳市	这里是日志信息......
2024-05-17 11:01:12.971325	[INFO]	base_network.py	响应时间:469ms	北京市	昌平区	这里是日志信息......
2024-05-17 11:01:12.971325	[INFO]	orders_service.py	响应时间:910ms	天津市	武清区	这里是日志信息......
2024-05-17 11:01:12.971325	[WARN]	user_manager.py	响应时间:298ms	广东省	广州市	这里是日志信息......
2024-05-17 11:01:12.971325	[INFO]	event.py	响应时间:834ms	湖南省	长沙市	这里是日志信息......
2024-05-17 11:01:12.971325	[INFO]	goods_manager.py	响应时间:260ms	上海市	静安区	这里是日志信息......
2024-05-17 11:01:12.971325	[INFO]	orders_service.py	响应时间:117ms	重庆市	九龙坡区	这里是日志信息......
2024-05-17 11:01:12.971325	[INFO]	user_manager.py	响应时间:740ms	天津市	武清区	这里是日志信息......
2024-05-17 11:01:12.971325	[INFO]	barcode_service.py	响应时间:212ms	浙江省	绍兴市	这里是日志信息......
2024-05-17 11:01:12.971325	[ERROR]	goods_manager.py	响应时间:265ms	浙江省	嘉兴市	这里是日志信息......
2024-05-17 11:01:12.971325	[WARN]	base_network.py	响应时间:748ms	浙江省	嘉兴市	这里是日志信息......
2024-05-17 11:01:12.971325	[INFO]	orders_service.py	响应时间:864ms	天津市	河西区	这里是日志信息......
2024-05-17 11:01:12.971325	[INFO]	shop_manager.py	响应时间:197ms	湖南省	长沙市	这里是日志信息......
2024-05-17 11:01:12.971325	[INFO]	shop_manager.py	响应时间:210ms	湖北省	武汉市	这里是日志信息......
2024-05-17 11:01:12.971325	[INFO]	user_manager.py	响应时间:209ms	山东省	青岛市	这里是日志信息......
2024-05-17 11:01:12.971325	[INFO]	goods_manager.py	响应时间:877ms	湖南省	长沙市	这里是日志信息......
2024-05-17 11:01:12.971325	[INFO]	goods_manager.py	响应时间:417ms	浙江省	湖州市	这里是日志信息......
2024-05-17 11:01:12.971325	[INFO]	goods_manager.py	响应时间:775ms	安徽省	阜阳市	这里是日志信息......
2024-05-17 11:01:12.971325	[INFO]	user_manager.py	响应时间:132ms	广东省	广州市	这里是日志信息......
2024-05-17 11:01:12.971325	[INFO]	user_manager.py	响应时间:236ms	浙江省	嘉兴市	这里是日志信息......
2024-05-17 11:01:12.971325	[INFO]	goods_manager.py	响应时间:859ms	天津市	河东区	这里是日志信息......
2024-05-17 11:01:12.971325	[INFO]	goods_manager.py	响应时间:47ms	湖北省	十堰市	这里是日志信息......
2024-05-17 11:01:12.971325	[WARN]	event.py	响应时间:415ms	湖南省	长沙市	这里是日志信息......
2024-05-17 11:01:12.971325	[INFO]	barcode_service.py	响应时间:540ms	广东省	深圳市	这里是日志信息......
2024-05-17 11:01:12.971325	[INFO]	goods_manager.py	响应时间:683ms	上海市	静安区	这里是日志信息......
2024-05-17 11:01:12.971325	[INFO]	orders_service.py	响应时间:490ms	重庆市	涪陵区	这里是日志信息......
2024-05-17 11:01:12.971325	[INFO]	goods_manager.py	响应时间:426ms	天津市	宝坻区	这里是日志信息......
2024-05-17 11:01:12.971325	[INFO]	barcode_service.py	响应时间:731ms	湖南省	长沙市	这里是日志信息......
2024-05-17 11:01:12.971325	[ERROR]	goods_manager.py	响应时间:4ms	湖南省	长沙市	这里是日志信息......
2024-05-17 11:01:12.971325	[INFO]	event.py	响应时间:522ms	北京市	海淀区	这里是日志信息......
2024-05-17 11:01:12.971325	[INFO]	goods_manager.py	响应时间:274ms	湖北省	十堰市	这里是日志信息......
2024-05-17 11:01:12.972396	[INFO]	user_manager.py	响应时间:674ms	江苏省	苏州市	这里是日志信息......
2024-05-17 11:01:12.972396	[INFO]	goods_manager.py	响应时间:999ms	浙江省	金华市	这里是日志信息......
2024-05-17 11:01:12.972396	[ERROR]	event.py	响应时间:756ms	浙江省	湖州市	这里是日志信息......
2024-05-17 11:01:12.972396	[INFO]	goods_manager.py	响应时间:212ms	湖北省	荆州市	这里是日志信息......
2024-05-17 11:01:12.972396	[INFO]	orders_service.py	响应时间:277ms	湖北省	武汉市	这里是日志信息......
2024-05-17 11:01:12.972396	[INFO]	goods_manager.py	响应时间:580ms	浙江省	杭州市	这里是日志信息......
2024-05-17 11:01:12.972396	[INFO]	goods_manager.py	响应时间:81ms	江苏省	苏州市	这里是日志信息......
2024-05-17 11:01:12.972396	[INFO]	orders_service.py	响应时间:697ms	天津市	武清区	这里是日志信息......
2024-05-17 11:01:12.972396	[INFO]	user_manager.py	响应时间:922ms	重庆市	沙坪坝区	这里是日志信息......
2024-05-17 11:01:12.972396	[INFO]	barcode_service.py	响应时间:216ms	湖北省	恩施土家族苗族自治州	这里是日志信息......
2024-05-17 11:01:12.972396	[WARN]	event.py	响应时间:316ms	北京市	丰台区	这里是日志信息......
2024-05-17 11:01:12.972396	[INFO]	base_network.py	响应时间:9060ms	安徽省	芜湖市	这里是日志信息......
2024-05-17 11:01:12.972396	[ERROR]	goods_manager.py	响应时间:237ms	重庆市	沙坪坝区	这里是日志信息......
2024-05-17 11:01:12.972396	[INFO]	barcode_service.py	响应时间:387ms	湖南省	长沙市	这里是日志信息......
2024-05-17 11:01:12.972396	[INFO]	orders_service.py	响应时间:498ms	江苏省	苏州市	这里是日志信息......
2024-05-17 11:01:12.972396	[INFO]	barcode_service.py	响应时间:60ms	北京市	丰台区	这里是日志信息......
2024-05-17 11:01:12.972396	[INFO]	base_network.py	响应时间:564ms	天津市	宝坻区	这里是日志信息......
2024-05-17 11:01:12.972396	[INFO]	goods_manager.py	响应时间:850ms	江苏省	无锡市	这里是日志信息......
2024-05-17 11:01:12.972396	[INFO]	user_manager.py	响应时间:669ms	江苏省	宿迁市	这里是日志信息......
2024-05-17 11:01:12.972396	[INFO]	orders_service.py	响应时间:934ms	湖南省	张家界市	这里是日志信息......
2024-05-17 11:01:12.972396	[INFO]	orders_service.py	响应时间:537ms	安徽省	阜阳市	这里是日志信息......
2024-05-17 11:01:12.972396	[INFO]	user_manager.py	响应时间:8725ms	广东省	深圳市	这里是日志信息......
2024-05-17 11:01:12.972396	[WARN]	event.py	响应时间:828ms	湖北省	十堰市	这里是日志信息......
2024-05-17 11:01:12.972396	[INFO]	goods_manager.py	响应时间:4307ms	浙江省	湖州市	这里是日志信息......
2024-05-17 11:01:12.972396	[INFO]	event.py	响应时间:283ms	湖北省	恩施土家族苗族自治州	这里是日志信息......
2024-05-17 11:01:12.972396	[INFO]	goods_manager.py	响应时间:9073ms	江苏省	常州市	这里是日志信息......
2024-05-17 11:01:12.972396	[ERROR]	goods_manager.py	响应时间:8651ms	安徽省	六安市	这里是日志信息......
2024-05-17 11:01:12.972396	[INFO]	goods_manager.py	响应时间:355ms	安徽省	六安市	这里是日志信息......
2024-05-17 11:01:12.972396	[INFO]	base_network.py	响应时间:178ms	湖北省	恩施土家族苗族自治州	这里是日志信息......
2024-05-17 11:01:12.972396	[INFO]	event.py	响应时间:144ms	重庆市	渝中区	这里是日志信息......
2024-05-17 11:01:12.972396	[INFO]	barcode_service.py	响应时间:218ms	浙江省	嘉兴市	这里是日志信息......
2024-05-17 11:01:12.972396	[INFO]	goods_manager.py	响应时间:9249ms	山东省	济南市	这里是日志信息......
2024-05-17 11:01:12.972396	[INFO]	event.py	响应时间:241ms	山东省	青岛市	这里是日志信息......
2024-05-17 11:01:12.972396	[WARN]	barcode_service.py	响应时间:198ms	上海市	杨浦区	这里是日志信息......
2024-05-17 11:01:12.972396	[INFO]	orders_service.py	响应时间:445ms	浙江省	嘉兴市	这里是日志信息......
2024-05-17 11:01:12.972396	[INFO]	user_manager.py	响应时间:443ms	上海市	徐汇区	这里是日志信息......
2024-05-17 11:01:12.972396	[INFO]	orders_service.py	响应时间:370ms	天津市	河东区	这里是日志信息......
2024-05-17 11:01:12.972396	[INFO]	event.py	响应时间:745ms	山东省	青岛市	这里是日志信息......
2024-05-17 11:01:12.972396	[INFO]	barcode_service.py	响应时间:564ms	重庆市	涪陵区	这里是日志信息......
2024-05-17 11:01:12.972396	[INFO]	goods_manager.py	响应时间:780ms	天津市	河东区	这里是日志信息......
2024-05-17 11:01:12.972396	[INFO]	orders_service.py	响应时间:780ms	江苏省	南京市	这里是日志信息......
2024-05-17 11:01:12.972396	[INFO]	shop_manager.py	响应时间:443ms	山东省	济南市	这里是日志信息......
2024-05-17 11:01:12.972396	[WARN]	user_manager.py	响应时间:217ms	山东省	菏泽市	这里是日志信息......
2024-05-17 11:01:12.972396	[INFO]	orders_service.py	响应时间:102ms	湖南省	长沙市	这里是日志信息......
2024-05-17 11:01:12.972396	[INFO]	orders_service.py	响应时间:920ms	重庆市	万州区	这里是日志信息......
2024-05-17 11:01:12.972396	[INFO]	event.py	响应时间:694ms	浙江省	杭州市	这里是日志信息......
2024-05-17 11:01:12.972396	[INFO]	goods_manager.py	响应时间:313ms	山东省	青岛市	这里是日志信息......
2024-05-17 11:01:12.972396	[INFO]	shop_manager.py	响应时间:207ms	湖北省	恩施土家族苗族自治州	这里是日志信息......
2024-05-17 11:01:12.972396	[INFO]	goods_manager.py	响应时间:683ms	重庆市	渝中区	这里是日志信息......
2024-05-17 11:01:12.972396	[WARN]	orders_service.py	响应时间:344ms	江苏省	苏州市	这里是日志信息......
2024-05-17 11:01:12.972396	[INFO]	event.py	响应时间:585ms	北京市	丰台区	这里是日志信息......
2024-05-17 11:01:12.972396	[INFO]	event.py	响应时间:233ms	浙江省	嘉兴市	这里是日志信息......
2024-05-17 11:01:12.972396	[INFO]	barcode_service.py	响应时间:830ms	广东省	深圳市	这里是日志信息......
2024-05-17 11:01:12.972396	[INFO]	goods_manager.py	响应时间:614ms	山东省	青岛市	这里是日志信息......
2024-05-17 11:01:12.972396	[INFO]	event.py	响应时间:312ms	北京市	丰台区	这里是日志信息......
2024-05-17 11:01:12.972396	[WARN]	goods_manager.py	响应时间:660ms	重庆市	沙坪坝区	这里是日志信息......
2024-05-17 11:01:12.972396	[INFO]	event.py	响应时间:422ms	北京市	丰台区	这里是日志信息......
2024-05-17 11:01:12.972396	[WARN]	event.py	响应时间:201ms	江苏省	宿迁市	这里是日志信息......
2024-05-17 11:01:12.972396	[INFO]	orders_service.py	响应时间:524ms	湖南省	长沙市	这里是日志信息......
2024-05-17 11:01:12.972396	[WARN]	event.py	响应时间:584ms	浙江省	舟山市	这里是日志信息......
2024-05-17 11:01:12.972396	[INFO]	shop_manager.py	响应时间:972ms	江苏省	南京市	这里是日志信息......
2024-05-17 11:01:12.972396	[ERROR]	user_manager.py	响应时间:332ms	湖北省	武汉市	这里是日志信息......
2024-05-17 11:01:12.972396	[INFO]	shop_manager.py	响应时间:444ms	广东省	深圳市	这里是日志信息......
2024-05-17 11:01:12.972396	[INFO]	shop_manager.py	响应时间:281ms	天津市	和平区	这里是日志信息......
2024-05-17 11:01:12.972396	[INFO]	event.py	响应时间:551ms	安徽省	阜阳市	这里是日志信息......
2024-05-17 11:01:12.972396	[INFO]	event.py	响应时间:708ms	天津市	武清区	这里是日志信息......
2024-05-17 11:01:12.972396	[INFO]	goods_manager.py	响应时间:213ms	安徽省	阜阳市	这里是日志信息......
2024-05-17 11:01:12.972396	[INFO]	goods_manager.py	响应时间:413ms	广东省	深圳市	这里是日志信息......
2024-05-17 11:01:12.972396	[INFO]	barcode_service.py	响应时间:279ms	浙江省	丽水市	这里是日志信息......
2024-05-17 11:01:12.972396	[INFO]	goods_manager.py	响应时间:157ms	山东省	青岛市	这里是日志信息......
2024-05-17 11:01:12.972396	[INFO]	event.py	响应时间:413ms	广东省	广州市	这里是日志信息......
2024-05-17 11:01:12.972396	[INFO]	goods_manager.py	响应时间:757ms	湖北省	武汉市	这里是日志信息......
2024-05-17 11:01:12.972396	[INFO]	goods_manager.py	响应时间:522ms	安徽省	铜陵市	这里是日志信息......
2024-05-17 11:01:12.972396	[INFO]	goods_manager.py	响应时间:45ms	重庆市	九龙坡区	这里是日志信息......
2024-05-17 11:01:12.972396	[INFO]	barcode_service.py	响应时间:833ms	上海市	浦东新区	这里是日志信息......
2024-05-17 11:01:12.972396	[INFO]	user_manager.py	响应时间:659ms	浙江省	舟山市	这里是日志信息......
2024-05-17 11:01:12.972396	[INFO]	user_manager.py	响应时间:300ms	北京市	朝阳区	这里是日志信息......
2024-05-17 11:01:12.972396	[INFO]	goods_manager.py	响应时间:556ms	山东省	青岛市	这里是日志信息......
2024-05-17 11:01:12.972396	[INFO]	barcode_service.py	响应时间:22ms	天津市	宝坻区	这里是日志信息......
2024-05-17 11:01:12.972396	[INFO]	shop_manager.py	响应时间:765ms	山东省	青岛市	这里是日志信息......
2024-05-17 11:01:12.972396	[INFO]	event.py	响应时间:4292ms	天津市	宝坻区	这里是日志信息......
2024-05-17 11:01:12.972396	[INFO]	event.py	响应时间:503ms	北京市	海淀区	这里是日志信息......
2024-05-17 11:01:12.972396	[INFO]	event.py	响应时间:171ms	广东省	深圳市	这里是日志信息......
2024-05-17 11:01:12.972396	[INFO]	goods_manager.py	响应时间:626ms	上海市	静安区	这里是日志信息......
2024-05-17 11:01:12.972396	[INFO]	event.py	响应时间:746ms	浙江省	金华市	这里是日志信息......
2024-05-17 11:01:12.972396	[WARN]	event.py	响应时间:328ms	天津市	河西区	这里是日志信息......
2024-05-17 11:01:12.972396	[INFO]	event.py	响应时间:14ms	安徽省	阜阳市	这里是日志信息......
2024-05-17 11:01:12.972396	[WARN]	user_manager.py	响应时间:112ms	湖北省	恩施土家族苗族自治州	这里是日志信息......
2024-05-17 11:01:12.972396	[INFO]	event.py	响应时间:629ms	广东省	广州市	这里是日志信息......
2024-05-17 11:01:12.972396	[INFO]	orders_service.py	响应时间:126ms	江苏省	苏州市	这里是日志信息......
2024-05-17 11:01:12.972396	[WARN]	goods_manager.py	响应时间:633ms	湖南省	长沙市	这里是日志信息......
2024-05-17 11:01:12.972396	[INFO]	event.py	响应时间:860ms	湖南省	常德市	这里是日志信息......
2024-05-17 11:01:12.972396	[INFO]	event.py	响应时间:860ms	北京市	海淀区	这里是日志信息......
2024-05-17 11:01:12.972396	[INFO]	goods_manager.py	响应时间:829ms	安徽省	芜湖市	这里是日志信息......
2024-05-17 11:01:12.972396	[INFO]	goods_manager.py	响应时间:932ms	山东省	青岛市	这里是日志信息......
2024-05-17 11:01:12.972396	[INFO]	orders_service.py	响应时间:128ms	重庆市	南岸区	这里是日志信息......
2024-05-17 11:01:12.972396	[INFO]	shop_manager.py	响应时间:238ms	上海市	浦东新区	这里是日志信息......
2024-05-17 11:01:12.972396	[ERROR]	goods_manager.py	响应时间:228ms	江苏省	无锡市	这里是日志信息......
2024-05-17 11:01:12.973393	[INFO]	orders_service.py	响应时间:160ms	湖南省	长沙市	这里是日志信息......
2024-05-17 11:01:12.973393	[INFO]	shop_manager.py	响应时间:43ms	北京市	怀柔区	这里是日志信息......
2024-05-17 11:01:12.973393	[INFO]	goods_manager.py	响应时间:291ms	山东省	济南市	这里是日志信息......
2024-05-17 11:01:12.973393	[INFO]	orders_service.py	响应时间:660ms	广东省	珠海市	这里是日志信息......
2024-05-17 11:01:12.973393	[WARN]	orders_service.py	响应时间:657ms	天津市	河东区	这里是日志信息......
2024-05-17 11:01:12.973393	[WARN]	goods_manager.py	响应时间:468ms	湖北省	武汉市	这里是日志信息......
2024-05-17 11:01:12.973393	[WARN]	event.py	响应时间:48ms	广东省	深圳市	这里是日志信息......
2024-05-17 11:01:12.973393	[WARN]	goods_manager.py	响应时间:963ms	湖北省	武汉市	这里是日志信息......
2024-05-17 11:01:12.973393	[INFO]	orders_service.py	响应时间:301ms	浙江省	湖州市	这里是日志信息......
2024-05-17 11:01:12.973393	[INFO]	user_manager.py	响应时间:39ms	山东省	青岛市	这里是日志信息......
2024-05-17 11:01:12.973393	[INFO]	barcode_service.py	响应时间:722ms	湖北省	武汉市	这里是日志信息......
2024-05-17 11:01:12.973393	[INFO]	orders_service.py	响应时间:618ms	广东省	深圳市	这里是日志信息......
2024-05-17 11:01:12.973393	[INFO]	shop_manager.py	响应时间:373ms	山东省	济南市	这里是日志信息......
2024-05-17 11:01:12.973393	[INFO]	shop_manager.py	响应时间:105ms	天津市	河东区	这里是日志信息......
2024-05-17 11:01:12.973393	[INFO]	event.py	响应时间:824ms	重庆市	九龙坡区	这里是日志信息......
2024-05-17 11:01:12.973393	[INFO]	orders_service.py	响应时间:143ms	山东省	青岛市	这里是日志信息......
2024-05-17 11:01:12.973393	[INFO]	user_manager.py	响应时间:973ms	北京市	朝阳区	这里是日志信息......
2024-05-17 11:01:12.973393	[INFO]	goods_manager.py	响应时间:903ms	广东省	珠海市	这里是日志信息......
2024-05-17 11:01:12.973393	[INFO]	goods_manager.py	响应时间:681ms	江苏省	南京市	这里是日志信息......
2024-05-17 11:01:12.973393	[INFO]	event.py	响应时间:144ms	山东省	青岛市	这里是日志信息......
2024-05-17 11:01:12.973393	[INFO]	goods_manager.py	响应时间:806ms	重庆市	沙坪坝区	这里是日志信息......
2024-05-17 11:01:12.973393	[INFO]	goods_manager.py	响应时间:708ms	广东省	深圳市	这里是日志信息......
2024-05-17 11:01:12.973393	[ERROR]	event.py	响应时间:3118ms	上海市	徐汇区	这里是日志信息......
2024-05-17 11:01:12.973393	[INFO]	event.py	响应时间:141ms	湖南省	长沙市	这里是日志信息......
2024-05-17 11:01:12.973393	[INFO]	goods_manager.py	响应时间:947ms	天津市	和平区	这里是日志信息......
2024-05-17 11:01:12.973393	[INFO]	event.py	响应时间:913ms	天津市	宝坻区	这里是日志信息......
2024-05-17 11:01:12.973393	[WARN]	barcode_service.py	响应时间:333ms	湖北省	荆州市	这里是日志信息......
2024-05-17 11:01:12.973393	[INFO]	orders_service.py	响应时间:989ms	重庆市	万州区	这里是日志信息......
2024-05-17 11:01:12.973393	[INFO]	base_network.py	响应时间:144ms	山东省	菏泽市	这里是日志信息......
2024-05-17 11:01:12.973393	[INFO]	event.py	响应时间:11ms	天津市	河西区	这里是日志信息......
2024-05-17 11:01:12.973393	[INFO]	orders_service.py	响应时间:363ms	浙江省	杭州市	这里是日志信息......
2024-05-17 11:01:12.973393	[WARN]	event.py	响应时间:893ms	北京市	海淀区	这里是日志信息......
2024-05-17 11:01:12.973393	[INFO]	goods_manager.py	响应时间:449ms	广东省	广州市	这里是日志信息......
2024-05-17 11:01:12.973393	[INFO]	goods_manager.py	响应时间:744ms	湖北省	武汉市	这里是日志信息......
2024-05-17 11:01:12.973393	[WARN]	event.py	响应时间:250ms	山东省	济南市	这里是日志信息......
2024-05-17 11:01:12.973393	[INFO]	barcode_service.py	响应时间:833ms	北京市	大兴区	这里是日志信息......
2024-05-17 11:01:12.973393	[INFO]	event.py	响应时间:799ms	山东省	青岛市	这里是日志信息......
2024-05-17 11:01:12.973393	[WARN]	goods_manager.py	响应时间:831ms	上海市	浦东新区	这里是日志信息......
2024-05-17 11:01:12.973393	[INFO]	barcode_service.py	响应时间:913ms	重庆市	九龙坡区	这里是日志信息......
2024-05-17 11:01:12.973393	[INFO]	orders_service.py	响应时间:534ms	广东省	广州市	这里是日志信息......
2024-05-17 11:01:12.973393	[ERROR]	event.py	响应时间:955ms	北京市	怀柔区	这里是日志信息......
2024-05-17 11:01:12.973393	[INFO]	goods_manager.py	响应时间:163ms	北京市	海淀区	这里是日志信息......
2024-05-17 11:01:12.973393	[INFO]	orders_service.py	响应时间:332ms	上海市	浦东新区	这里是日志信息......
2024-05-17 11:01:12.973393	[INFO]	event.py	响应时间:885ms	安徽省	合肥市	这里是日志信息......
2024-05-17 11:01:12.973393	[INFO]	goods_manager.py	响应时间:336ms	北京市	丰台区	这里是日志信息......
2024-05-17 11:01:12.973393	[INFO]	barcode_service.py	响应时间:697ms	安徽省	池州市	这里是日志信息......
2024-05-17 11:01:12.973393	[INFO]	orders_service.py	响应时间:803ms	山东省	青岛市	这里是日志信息......
2024-05-17 11:01:12.973393	[INFO]	orders_service.py	响应时间:514ms	天津市	河西区	这里是日志信息......
2024-05-17 11:01:12.973393	[INFO]	base_network.py	响应时间:225ms	湖南省	益阳市	这里是日志信息......
2024-05-17 11:01:12.973393	[INFO]	barcode_service.py	响应时间:830ms	广东省	广州市	这里是日志信息......
2024-05-17 11:01:12.973393	[WARN]	event.py	响应时间:194ms	广东省	深圳市	这里是日志信息......
2024-05-17 11:01:12.973393	[INFO]	user_manager.py	响应时间:733ms	重庆市	万州区	这里是日志信息......
2024-05-17 11:01:12.973393	[INFO]	goods_manager.py	响应时间:497ms	天津市	和平区	这里是日志信息......
2024-05-17 11:01:12.973393	[INFO]	goods_manager.py	响应时间:274ms	浙江省	杭州市	这里是日志信息......
2024-05-17 11:01:12.973393	[INFO]	event.py	响应时间:113ms	重庆市	万州区	这里是日志信息......
2024-05-17 11:01:12.973393	[INFO]	base_network.py	响应时间:527ms	浙江省	湖州市	这里是日志信息......
2024-05-17 11:01:12.973393	[INFO]	user_manager.py	响应时间:223ms	湖南省	长沙市	这里是日志信息......
2024-05-17 11:01:12.973393	[INFO]	event.py	响应时间:951ms	江苏省	苏州市	这里是日志信息......
2024-05-17 11:01:12.973393	[INFO]	base_network.py	响应时间:514ms	上海市	徐汇区	这里是日志信息......
2024-05-17 11:01:12.973393	[ERROR]	event.py	响应时间:122ms	江苏省	苏州市	这里是日志信息......
2024-05-17 11:01:12.973393	[INFO]	event.py	响应时间:456ms	湖南省	常德市	这里是日志信息......
2024-05-17 11:01:12.973393	[ERROR]	goods_manager.py	响应时间:802ms	安徽省	六安市	这里是日志信息......
2024-05-17 11:01:12.973393	[INFO]	shop_manager.py	响应时间:622ms	北京市	朝阳区	这里是日志信息......
2024-05-17 11:01:12.973393	[INFO]	orders_service.py	响应时间:691ms	湖北省	恩施土家族苗族自治州	这里是日志信息......
2024-05-17 11:01:12.973393	[INFO]	event.py	响应时间:286ms	重庆市	沙坪坝区	这里是日志信息......
2024-05-17 11:01:12.973393	[INFO]	event.py	响应时间:702ms	湖南省	长沙市	这里是日志信息......
2024-05-17 11:01:12.973393	[INFO]	goods_manager.py	响应时间:974ms	浙江省	杭州市	这里是日志信息......
2024-05-17 11:01:12.973393	[INFO]	event.py	响应时间:116ms	天津市	和平区	这里是日志信息......
2024-05-17 11:01:12.973393	[ERROR]	shop_manager.py	响应时间:389ms	湖南省	张家界市	这里是日志信息......
2024-05-17 11:01:12.973393	[INFO]	event.py	响应时间:462ms	重庆市	渝中区	这里是日志信息......
2024-05-17 11:01:12.973393	[INFO]	goods_manager.py	响应时间:305ms	上海市	杨浦区	这里是日志信息......
2024-05-17 11:01:12.973393	[ERROR]	goods_manager.py	响应时间:352ms	北京市	丰台区	这里是日志信息......
2024-05-17 11:01:12.973393	[INFO]	base_network.py	响应时间:576ms	江苏省	南京市	这里是日志信息......
2024-05-17 11:01:12.973393	[INFO]	event.py	响应时间:632ms	浙江省	嘉兴市	这里是日志信息......
2024-05-17 11:01:12.973393	[INFO]	goods_manager.py	响应时间:138ms	湖南省	长沙市	这里是日志信息......
2024-05-17 11:01:12.973393	[INFO]	goods_manager.py	响应时间:886ms	重庆市	万州区	这里是日志信息......
2024-05-17 11:01:12.973393	[INFO]	event.py	响应时间:878ms	重庆市	九龙坡区	这里是日志信息......
2024-05-17 11:01:12.973393	[WARN]	orders_service.py	响应时间:56ms	安徽省	阜阳市	这里是日志信息......
2024-05-17 11:01:12.973393	[WARN]	event.py	响应时间:623ms	浙江省	湖州市	这里是日志信息......
2024-05-17 11:01:12.973393	[ERROR]	orders_service.py	响应时间:268ms	重庆市	南岸区	这里是日志信息......
2024-05-17 11:01:12.973393	[INFO]	user_manager.py	响应时间:433ms	浙江省	嘉兴市	这里是日志信息......
2024-05-17 11:01:12.973393	[INFO]	user_manager.py	响应时间:91ms	上海市	黄浦区	这里是日志信息......
2024-05-17 11:01:12.973393	[INFO]	user_manager.py	响应时间:369ms	上海市	静安区	这里是日志信息......
2024-05-17 11:01:12.973393	[WARN]	orders_service.py	响应时间:158ms	浙江省	金华市	这里是日志信息......
2024-05-17 11:01:12.973393	[INFO]	orders_service.py	响应时间:561ms	湖南省	益阳市	这里是日志信息......
2024-05-17 11:01:12.973393	[WARN]	goods_manager.py	响应时间:438ms	北京市	怀柔区	这里是日志信息......
2024-05-17 11:01:12.973393	[INFO]	goods_manager.py	响应时间:125ms	北京市	朝阳区	这里是日志信息......
2024-05-17 11:01:12.973393	[INFO]	event.py	响应时间:402ms	山东省	菏泽市	这里是日志信息......
2024-05-17 11:01:12.973393	[WARN]	event.py	响应时间:103ms	浙江省	金华市	这里是日志信息......
2024-05-17 11:01:12.973393	[INFO]	barcode_service.py	响应时间:415ms	江苏省	张家港市	这里是日志信息......
2024-05-17 11:01:12.973393	[INFO]	orders_service.py	响应时间:577ms	湖南省	长沙市	这里是日志信息......
2024-05-17 11:01:12.973393	[INFO]	goods_manager.py	响应时间:74ms	安徽省	芜湖市	这里是日志信息......
2024-05-17 11:01:12.973393	[INFO]	shop_manager.py	响应时间:42ms	天津市	武清区	这里是日志信息......
2024-05-17 11:01:12.973393	[ERROR]	event.py	响应时间:256ms	安徽省	池州市	这里是日志信息......
2024-05-17 11:01:12.973393	[INFO]	shop_manager.py	响应时间:9ms	山东省	青岛市	这里是日志信息......
2024-05-17 11:01:12.973393	[INFO]	goods_manager.py	响应时间:241ms	重庆市	万州区	这里是日志信息......
2024-05-17 11:01:12.973393	[INFO]	event.py	响应时间:940ms	上海市	浦东新区	这里是日志信息......
2024-05-17 11:01:12.974397	[INFO]	barcode_service.py	响应时间:352ms	北京市	朝阳区	这里是日志信息......
2024-05-17 11:01:12.974397	[WARN]	goods_manager.py	响应时间:991ms	安徽省	阜阳市	这里是日志信息......
2024-05-17 11:01:12.974397	[INFO]	goods_manager.py	响应时间:843ms	北京市	大兴区	这里是日志信息......
2024-05-17 11:01:12.974397	[INFO]	user_manager.py	响应时间:844ms	北京市	丰台区	这里是日志信息......
2024-05-17 11:01:12.974397	[INFO]	goods_manager.py	响应时间:443ms	上海市	静安区	这里是日志信息......
2024-05-17 11:01:12.974397	[INFO]	goods_manager.py	响应时间:667ms	广东省	深圳市	这里是日志信息......
2024-05-17 11:01:12.974397	[INFO]	orders_service.py	响应时间:833ms	湖北省	武汉市	这里是日志信息......
2024-05-17 11:01:12.974397	[INFO]	event.py	响应时间:644ms	江苏省	苏州市	这里是日志信息......
2024-05-17 11:01:12.974397	[INFO]	goods_manager.py	响应时间:800ms	重庆市	涪陵区	这里是日志信息......
2024-05-17 11:01:12.974397	[INFO]	goods_manager.py	响应时间:164ms	北京市	海淀区	这里是日志信息......
2024-05-17 11:01:12.974397	[INFO]	base_network.py	响应时间:10ms	湖北省	恩施土家族苗族自治州	这里是日志信息......
2024-05-17 11:01:12.974397	[INFO]	orders_service.py	响应时间:719ms	浙江省	湖州市	这里是日志信息......
2024-05-17 11:01:12.974397	[INFO]	event.py	响应时间:62ms	山东省	济南市	这里是日志信息......
2024-05-17 11:01:12.974397	[INFO]	barcode_service.py	响应时间:231ms	上海市	浦东新区	这里是日志信息......
2024-05-17 11:01:12.974397	[INFO]	orders_service.py	响应时间:824ms	天津市	河东区	这里是日志信息......
2024-05-17 11:01:12.974397	[INFO]	orders_service.py	响应时间:886ms	湖北省	恩施土家族苗族自治州	这里是日志信息......
2024-05-17 11:01:12.974397	[INFO]	base_network.py	响应时间:755ms	江苏省	苏州市	这里是日志信息......
2024-05-17 11:01:12.974397	[INFO]	user_manager.py	响应时间:5767ms	安徽省	阜阳市	这里是日志信息......
2024-05-17 11:01:12.974397	[INFO]	event.py	响应时间:130ms	广东省	广州市	这里是日志信息......
2024-05-17 11:01:12.974397	[INFO]	goods_manager.py	响应时间:348ms	安徽省	合肥市	这里是日志信息......
2024-05-17 11:01:12.974397	[INFO]	event.py	响应时间:794ms	重庆市	万州区	这里是日志信息......
2024-05-17 11:01:12.974397	[INFO]	orders_service.py	响应时间:141ms	浙江省	湖州市	这里是日志信息......
2024-05-17 11:01:12.974397	[INFO]	barcode_service.py	响应时间:337ms	山东省	菏泽市	这里是日志信息......
2024-05-17 11:01:12.974397	[INFO]	shop_manager.py	响应时间:565ms	上海市	徐汇区	这里是日志信息......
2024-05-17 11:01:12.974397	[INFO]	event.py	响应时间:676ms	上海市	杨浦区	这里是日志信息......
2024-05-17 11:01:12.974397	[INFO]	event.py	响应时间:865ms	广东省	深圳市	这里是日志信息......
2024-05-17 11:01:12.974397	[INFO]	event.py	响应时间:847ms	浙江省	杭州市	这里是日志信息......
2024-05-17 11:01:12.974397	[INFO]	orders_service.py	响应时间:201ms	浙江省	杭州市	这里是日志信息......
2024-05-17 11:01:12.974397	[INFO]	base_network.py	响应时间:555ms	天津市	河东区	这里是日志信息......
2024-05-17 11:01:12.974397	[INFO]	goods_manager.py	响应时间:139ms	北京市	大兴区	这里是日志信息......
2024-05-17 11:01:12.974397	[WARN]	orders_service.py	响应时间:691ms	广东省	广州市	这里是日志信息......
2024-05-17 11:01:12.974397	[INFO]	orders_service.py	响应时间:217ms	江苏省	苏州市	这里是日志信息......
2024-05-17 11:01:12.974397	[INFO]	orders_service.py	响应时间:120ms	上海市	徐汇区	这里是日志信息......
2024-05-17 11:01:12.974397	[INFO]	event.py	响应时间:998ms	广东省	深圳市	这里是日志信息......
2024-05-17 11:01:12.974397	[INFO]	shop_manager.py	响应时间:500ms	重庆市	万州区	这里是日志信息......
2024-05-17 11:01:12.974397	[INFO]	orders_service.py	响应时间:448ms	山东省	青岛市	这里是日志信息......
2024-05-17 11:01:12.974397	[INFO]	event.py	响应时间:471ms	广东省	深圳市	这里是日志信息......
2024-05-17 11:01:12.974397	[INFO]	shop_manager.py	响应时间:741ms	湖北省	武汉市	这里是日志信息......
2024-05-17 11:01:12.974397	[INFO]	event.py	响应时间:700ms	浙江省	杭州市	这里是日志信息......
2024-05-17 11:01:12.974397	[INFO]	orders_service.py	响应时间:578ms	天津市	宝坻区	这里是日志信息......
2024-05-17 11:01:12.974397	[INFO]	orders_service.py	响应时间:835ms	广东省	广州市	这里是日志信息......
2024-05-17 11:01:12.974397	[INFO]	orders_service.py	响应时间:753ms	湖南省	益阳市	这里是日志信息......
2024-05-17 11:01:12.974397	[WARN]	shop_manager.py	响应时间:782ms	湖北省	武汉市	这里是日志信息......
2024-05-17 11:01:12.974397	[WARN]	goods_manager.py	响应时间:738ms	湖北省	武汉市	这里是日志信息......
2024-05-17 11:01:12.974397	[INFO]	orders_service.py	响应时间:477ms	湖南省	长沙市	这里是日志信息......
2024-05-17 11:01:12.974397	[WARN]	event.py	响应时间:455ms	湖南省	长沙市	这里是日志信息......
2024-05-17 11:01:12.974397	[INFO]	shop_manager.py	响应时间:459ms	湖北省	武汉市	这里是日志信息......
2024-05-17 11:01:12.974397	[WARN]	orders_service.py	响应时间:96ms	浙江省	湖州市	这里是日志信息......
2024-05-17 11:01:12.974397	[INFO]	orders_service.py	响应时间:143ms	浙江省	湖州市	这里是日志信息......
2024-05-17 11:01:12.974397	[INFO]	orders_service.py	响应时间:593ms	天津市	武清区	这里是日志信息......
2024-05-17 11:01:12.974397	[INFO]	orders_service.py	响应时间:608ms	北京市	大兴区	这里是日志信息......
2024-05-17 11:01:12.974397	[INFO]	goods_manager.py	响应时间:438ms	北京市	丰台区	这里是日志信息......
2024-05-17 11:01:12.974397	[INFO]	shop_manager.py	响应时间:806ms	广东省	珠海市	这里是日志信息......
2024-05-17 11:01:12.974397	[INFO]	orders_service.py	响应时间:594ms	安徽省	合肥市	这里是日志信息......
2024-05-17 11:01:12.974397	[INFO]	user_manager.py	响应时间:411ms	北京市	昌平区	这里是日志信息......
2024-05-17 11:01:12.974397	[INFO]	goods_manager.py	响应时间:617ms	广东省	深圳市	这里是日志信息......
2024-05-17 11:01:12.974397	[INFO]	user_manager.py	响应时间:148ms	上海市	静安区	这里是日志信息......
2024-05-17 11:01:12.974397	[INFO]	goods_manager.py	响应时间:833ms	广东省	广州市	这里是日志信息......
2024-05-17 11:01:12.974397	[INFO]	event.py	响应时间:592ms	山东省	菏泽市	这里是日志信息......
2024-05-17 11:01:12.974397	[INFO]	event.py	响应时间:991ms	重庆市	万州区	这里是日志信息......
2024-05-17 11:01:12.974397	[INFO]	event.py	响应时间:290ms	广东省	广州市	这里是日志信息......
2024-05-17 11:01:12.974397	[INFO]	base_network.py	响应时间:473ms	浙江省	绍兴市	这里是日志信息......
2024-05-17 11:01:12.974397	[INFO]	event.py	响应时间:483ms	重庆市	涪陵区	这里是日志信息......
2024-05-17 11:01:12.974397	[INFO]	event.py	响应时间:306ms	浙江省	杭州市	这里是日志信息......
2024-05-17 11:01:12.974397	[INFO]	user_manager.py	响应时间:62ms	重庆市	南岸区	这里是日志信息......
2024-05-17 11:01:12.974397	[INFO]	event.py	响应时间:39ms	上海市	普陀区	这里是日志信息......
2024-05-17 11:01:12.974397	[INFO]	goods_manager.py	响应时间:478ms	天津市	宝坻区	这里是日志信息......
2024-05-17 11:01:12.974397	[WARN]	goods_manager.py	响应时间:3982ms	上海市	浦东新区	这里是日志信息......
2024-05-17 11:01:12.974397	[INFO]	orders_service.py	响应时间:844ms	广东省	广州市	这里是日志信息......
2024-05-17 11:01:12.974397	[INFO]	event.py	响应时间:58ms	湖南省	长沙市	这里是日志信息......
2024-05-17 11:01:12.974397	[INFO]	orders_service.py	响应时间:345ms	上海市	浦东新区	这里是日志信息......
2024-05-17 11:01:12.974397	[INFO]	barcode_service.py	响应时间:393ms	湖南省	长沙市	这里是日志信息......
2024-05-17 11:01:12.974397	[WARN]	orders_service.py	响应时间:977ms	天津市	河西区	这里是日志信息......
2024-05-17 11:01:12.974397	[WARN]	goods_manager.py	响应时间:23ms	重庆市	万州区	这里是日志信息......
2024-05-17 11:01:12.974397	[INFO]	user_manager.py	响应时间:996ms	上海市	宝山区	这里是日志信息......
2024-05-17 11:01:12.974397	[INFO]	event.py	响应时间:325ms	重庆市	沙坪坝区	这里是日志信息......
2024-05-17 11:01:12.974397	[INFO]	user_manager.py	响应时间:5157ms	湖南省	常德市	这里是日志信息......
2024-05-17 11:01:12.974397	[INFO]	shop_manager.py	响应时间:235ms	湖南省	长沙市	这里是日志信息......
2024-05-17 11:01:12.974397	[WARN]	event.py	响应时间:818ms	广东省	深圳市	这里是日志信息......
2024-05-17 11:01:12.974397	[WARN]	goods_manager.py	响应时间:938ms	安徽省	阜阳市	这里是日志信息......
2024-05-17 11:01:12.974397	[INFO]	event.py	响应时间:901ms	安徽省	合肥市	这里是日志信息......
2024-05-17 11:01:12.974397	[WARN]	goods_manager.py	响应时间:930ms	湖北省	武汉市	这里是日志信息......
2024-05-17 11:01:12.974397	[ERROR]	event.py	响应时间:96ms	上海市	浦东新区	这里是日志信息......
2024-05-17 11:01:12.974397	[INFO]	orders_service.py	响应时间:47ms	广东省	广州市	这里是日志信息......
2024-05-17 11:01:12.974397	[INFO]	barcode_service.py	响应时间:897ms	浙江省	湖州市	这里是日志信息......
2024-05-17 11:01:12.975313	[INFO]	goods_manager.py	响应时间:209ms	广东省	珠海市	这里是日志信息......
2024-05-17 11:01:12.975313	[INFO]	orders_service.py	响应时间:685ms	湖南省	株洲市	这里是日志信息......
2024-05-17 11:01:12.975313	[INFO]	barcode_service.py	响应时间:498ms	山东省	济南市	这里是日志信息......
2024-05-17 11:01:12.975313	[WARN]	user_manager.py	响应时间:337ms	安徽省	铜陵市	这里是日志信息......
2024-05-17 11:01:12.975313	[INFO]	event.py	响应时间:234ms	湖北省	荆州市	这里是日志信息......
2024-05-17 11:01:12.975313	[INFO]	barcode_service.py	响应时间:734ms	山东省	菏泽市	这里是日志信息......
2024-05-17 11:01:12.975313	[WARN]	barcode_service.py	响应时间:958ms	浙江省	湖州市	这里是日志信息......
2024-05-17 11:01:12.975313	[INFO]	event.py	响应时间:661ms	安徽省	铜陵市	这里是日志信息......
2024-05-17 11:01:12.975313	[INFO]	event.py	响应时间:373ms	上海市	徐汇区	这里是日志信息......
2024-05-17 11:01:12.975313	[INFO]	goods_manager.py	响应时间:9135ms	重庆市	沙坪坝区	这里是日志信息......
2024-05-17 11:01:12.975313	[INFO]	orders_service.py	响应时间:3155ms	天津市	河东区	这里是日志信息......
2024-05-17 11:01:12.975313	[INFO]	orders_service.py	响应时间:262ms	浙江省	丽水市	这里是日志信息......
2024-05-17 11:01:12.975313	[INFO]	event.py	响应时间:994ms	广东省	深圳市	这里是日志信息......
2024-05-17 11:01:12.975313	[INFO]	barcode_service.py	响应时间:144ms	浙江省	杭州市	这里是日志信息......
2024-05-17 11:01:12.975313	[INFO]	event.py	响应时间:304ms	天津市	和平区	这里是日志信息......
2024-05-17 11:01:12.975313	[INFO]	orders_service.py	响应时间:162ms	湖南省	长沙市	这里是日志信息......
2024-05-17 11:01:12.975313	[INFO]	orders_service.py	响应时间:129ms	江苏省	南京市	这里是日志信息......
2024-05-17 11:01:12.975313	[INFO]	barcode_service.py	响应时间:148ms	北京市	昌平区	这里是日志信息......
2024-05-17 11:01:12.975313	[WARN]	shop_manager.py	响应时间:892ms	山东省	济南市	这里是日志信息......
2024-05-17 11:01:12.975313	[INFO]	orders_service.py	响应时间:772ms	江苏省	南京市	这里是日志信息......
2024-05-17 11:01:12.975313	[WARN]	goods_manager.py	响应时间:302ms	天津市	河西区	这里是日志信息......
2024-05-17 11:01:12.975313	[INFO]	event.py	响应时间:254ms	天津市	河东区	这里是日志信息......
2024-05-17 11:01:12.975313	[INFO]	event.py	响应时间:674ms	天津市	和平区	这里是日志信息......
2024-05-17 11:01:12.975313	[WARN]	goods_manager.py	响应时间:833ms	山东省	青岛市	这里是日志信息......
2024-05-17 11:01:12.975313	[INFO]	orders_service.py	响应时间:847ms	安徽省	合肥市	这里是日志信息......
2024-05-17 11:01:12.975313	[INFO]	orders_service.py	响应时间:3706ms	浙江省	绍兴市	这里是日志信息......
2024-05-17 11:01:12.975313	[INFO]	barcode_service.py	响应时间:241ms	重庆市	万州区	这里是日志信息......
2024-05-17 11:01:12.975313	[INFO]	event.py	响应时间:616ms	湖南省	长沙市	这里是日志信息......
2024-05-17 11:01:12.975313	[INFO]	goods_manager.py	响应时间:919ms	广东省	广州市	这里是日志信息......
2024-05-17 11:01:12.975313	[INFO]	event.py	响应时间:986ms	上海市	静安区	这里是日志信息......
2024-05-17 11:01:12.975313	[INFO]	shop_manager.py	响应时间:563ms	湖南省	长沙市	这里是日志信息......
2024-05-17 11:01:12.975313	[INFO]	base_network.py	响应时间:277ms	湖北省	荆州市	这里是日志信息......
2024-05-17 11:01:12.975313	[INFO]	event.py	响应时间:137ms	湖北省	武汉市	这里是日志信息......
2024-05-17 11:01:12.975313	[INFO]	event.py	响应时间:526ms	上海市	浦东新区	这里是日志信息......
2024-05-17 11:01:12.975313	[INFO]	event.py	响应时间:742ms	浙江省	杭州市	这里是日志信息......
2024-05-17 11:01:12.975313	[INFO]	barcode_service.py	响应时间:134ms	安徽省	六安市	这里是日志信息......
2024-05-17 11:01:12.975313	[INFO]	goods_manager.py	响应时间:770ms	山东省	济南市	这里是日志信息......
2024-05-17 11:01:12.975313	[INFO]	goods_manager.py	响应时间:789ms	江苏省	无锡市	这里是日志信息......
2024-05-17 11:01:12.975313	[INFO]	user_manager.py	响应时间:811ms	江苏省	南京市	这里是日志信息......
2024-05-17 11:01:12.975313	[INFO]	base_network.py	响应时间:617ms	北京市	怀柔区	这里是日志信息......
2024-05-17 11:01:12.975313	[INFO]	goods_manager.py	响应时间:971ms	安徽省	六安市	这里是日志信息......
2024-05-17 11:01:12.975313	[INFO]	barcode_service.py	响应时间:572ms	江苏省	常州市	这里是日志信息......
2024-05-17 11:01:12.975313	[INFO]	goods_manager.py	响应时间:15ms	上海市	宝山区	这里是日志信息......
2024-05-17 11:01:12.975313	[INFO]	event.py	响应时间:333ms	山东省	青岛市	这里是日志信息......
2024-05-17 11:01:12.975313	[INFO]	event.py	响应时间:625ms	上海市	杨浦区	这里是日志信息......
2024-05-17 11:01:12.975313	[INFO]	base_network.py	响应时间:942ms	安徽省	阜阳市	这里是日志信息......
2024-05-17 11:01:12.975313	[INFO]	orders_service.py	响应时间:223ms	广东省	广州市	这里是日志信息......
2024-05-17 11:01:12.975313	[INFO]	barcode_service.py	响应时间:321ms	山东省	青岛市	这里是日志信息......
2024-05-17 11:01:12.975313	[WARN]	barcode_service.py	响应时间:505ms	湖北省	武汉市	这里是日志信息......
2024-05-17 11:01:12.975313	[INFO]	user_manager.py	响应时间:423ms	江苏省	苏州市	这里是日志信息......
2024-05-17 11:01:12.975313	[ERROR]	event.py	响应时间:330ms	安徽省	铜陵市	这里是日志信息......
2024-05-17 11:01:12.975313	[INFO]	orders_service.py	响应时间:816ms	浙江省	湖州市	这里是日志信息......
2024-05-17 11:01:12.975313	[WARN]	orders_service.py	响应时间:936ms	上海市	普陀区	这里是日志信息......
2024-05-17 11:01:12.975313	[INFO]	base_network.py	响应时间:275ms	湖北省	武汉市	这里是日志信息......
2024-05-17 11:01:12.975313	[WARN]	goods_manager.py	响应时间:252ms	山东省	青岛市	这里是日志信息......
2024-05-17 11:01:12.975313	[INFO]	event.py	响应时间:163ms	湖南省	长沙市	这里是日志信息......
2024-05-17 11:01:12.975313	[INFO]	orders_service.py	响应时间:824ms	山东省	菏泽市	这里是日志信息......
2024-05-17 11:01:12.975313	[INFO]	event.py	响应时间:791ms	广东省	广州市	这里是日志信息......
2024-05-17 11:01:12.975313	[INFO]	goods_manager.py	响应时间:328ms	上海市	静安区	这里是日志信息......
2024-05-17 11:01:12.975313	[INFO]	user_manager.py	响应时间:140ms	天津市	河东区	这里是日志信息......
2024-05-17 11:01:12.975313	[INFO]	shop_manager.py	响应时间:38ms	上海市	徐汇区	这里是日志信息......
2024-05-17 11:01:12.975313	[ERROR]	user_manager.py	响应时间:443ms	湖北省	武汉市	这里是日志信息......
2024-05-17 11:01:12.975313	[INFO]	event.py	响应时间:948ms	重庆市	万州区	这里是日志信息......
2024-05-17 11:01:12.975313	[INFO]	barcode_service.py	响应时间:675ms	山东省	济南市	这里是日志信息......
2024-05-17 11:01:12.975313	[WARN]	event.py	响应时间:9796ms	江苏省	常州市	这里是日志信息......
2024-05-17 11:01:12.975313	[INFO]	event.py	响应时间:723ms	浙江省	湖州市	这里是日志信息......
2024-05-17 11:01:12.975313	[INFO]	goods_manager.py	响应时间:485ms	北京市	昌平区	这里是日志信息......
2024-05-17 11:01:12.975313	[INFO]	orders_service.py	响应时间:526ms	天津市	武清区	这里是日志信息......
2024-05-17 11:01:12.975313	[INFO]	orders_service.py	响应时间:731ms	山东省	青岛市	这里是日志信息......
2024-05-17 11:01:12.975313	[INFO]	event.py	响应时间:474ms	湖南省	长沙市	这里是日志信息......
